#
# A fatal error has been detected by the Java Runtime Environment:
#
#  SIGSEGV (0xb) at pc=0x00007f08bcd2aba0, pid=4387, tid=139675396101888
#
# JRE version: Java(TM) SE Runtime Environment (7.0_80-b15) (build 1.7.0_80-b15)
# Java VM: Java HotSpot(TM) 64-Bit Server VM (24.80-b11 mixed mode linux-amd64 compressed oops)
# Problematic frame:
# C  [libGAMS.so.6.3.0+0x37ba0]  Java_com_gams_utility_Position_jni_1getX+0x0
#
# Failed to write core dump. Core dumps have been disabled. To enable core dumping, try "ulimit -c unlimited" before starting Java again
#
# If you would like to submit a bug report, please visit:
#   http://bugreport.java.com/bugreport/crash.jsp
# The crash happened outside the Java Virtual Machine in native code.
# See problematic frame for where to report the bug.
#

---------------  T H R E A D  ---------------

Current thread (0x00007f08c8225000):  JavaThread "Thread-3" [_thread_in_native, id=4409, stack(0x00007f08b64e5000,0x00007f08b65e6000)]

siginfo:si_signo=SIGSEGV: si_errno=0, si_code=1 (SEGV_MAPERR), si_addr=0x0000000000000008

Registers:
RAX=0x00007f08bcd2aba0, RBX=0x000000077feac4d0, RCX=0x0000000000000021, RDX=0x0000000000000000
RSP=0x00007f08b65e3928, RBP=0x00007f08b65e3988, RSI=0x00007f08b65e39b8, RDI=0x00007f08c82251e8
R8 =0x00007f08c5010360, R9 =0x00007f08b65e3cc8, R10=0x00007f08c5012d6c, R11=0x00007f08cdc70940
R12=0x0000000000000000, R13=0x000000077feac4d0, R14=0x00007f08b65e39b8, R15=0x00007f08c8225000
RIP=0x00007f08bcd2aba0, EFLAGS=0x0000000000010287, CSGSFS=0x0000000000000033, ERR=0x0000000000000004
  TRAPNO=0x000000000000000e

Top of Stack: (sp=0x00007f08b65e3928)
0x00007f08b65e3928:   00007f08c5012d98 00007f08b65e3a08
0x00007f08b65e3938:   00007f08bda03f18 000000077feac260
0x00007f08b65e3948:   00007f08b65e3948 0000000000000000
0x00007f08b65e3958:   00007f08b65e39b8 000000077feaf418
0x00007f08b65e3968:   0000000000000000 000000077feac4d0
0x00007f08b65e3978:   0000000000000000 00007f08b65e39a8
0x00007f08b65e3988:   00007f08b65e3a00 00007f08c50060b7
0x00007f08b65e3998:   0000000000000000 00007f08c500ecda
0x00007f08b65e39a8:   0000000000000000 00000007d7658ce8
0x00007f08b65e39b8:   00000007d7658ce8 00007f08b65e39c0
0x00007f08b65e39c8:   000000077fead05d 00007f08b65e3a10
0x00007f08b65e39d8:   000000077feaf418 0000000000000000
0x00007f08b65e39e8:   000000077fead068 00007f08b65e39a8
0x00007f08b65e39f8:   00007f08b65e3a10 00007f08b65e3a58
0x00007f08b65e3a08:   00007f08c50060b7 00000007d7658ce8
0x00007f08b65e3a18:   00007f08b65e3a18 000000077feacd59
0x00007f08b65e3a28:   00007f08b65e3a70 000000077feaf418
0x00007f08b65e3a38:   0000000000000000 000000077feacd88
0x00007f08b65e3a48:   00007f08b65e3a10 00007f08b65e3a68
0x00007f08b65e3a58:   00007f08b65e3ab8 00007f08c5006350
0x00007f08b65e3a68:   00000007d765a648 00000007d7658ce8
0x00007f08b65e3a78:   00007f08b65e3a78 000000077fef486d
0x00007f08b65e3a88:   00007f08b65e3ae8 000000077ff5a1b8
0x00007f08b65e3a98:   0000000000000000 000000077fef4928
0x00007f08b65e3aa8:   00007f08b65e3a68 00007f08b65e3ad0
0x00007f08b65e3ab8:   00007f08b65e3b50 00007f08c50004e7
0x00007f08b65e3ac8:   0000000000000000 3fb999999999999a
0x00007f08b65e3ad8:   404437efaa012894 00000007d765a648
0x00007f08b65e3ae8:   00000007d7168ba0 00007f0800001fa0
0x00007f08b65e3af8:   00007f08b65e3e40 00007f08b65e3bd0
0x00007f08b65e3b08:   00007f08b65e3cc0 00007f08c8225000
0x00007f08b65e3b18:   00007f089000a700 00007f08b65e3b90 

Instructions: (pc=0x00007f08bcd2aba0)
0x00007f08bcd2ab80:   24 1f e8 69 fd ff ff 48 89 ef e8 31 91 ff ff 48
0x00007f08bcd2ab90:   89 c5 48 8b 1d 37 51 29 00 eb d4 0f 1f 44 00 00
0x00007f08bcd2aba0:   f2 0f 10 42 08 c3 66 2e 0f 1f 84 00 00 00 00 00
0x00007f08bcd2abb0:   f2 0f 10 42 10 c3 66 2e 0f 1f 84 00 00 00 00 00 

Register to memory mapping:

RAX=0x00007f08bcd2aba0: Java_com_gams_utility_Position_jni_1getX+0 in /home/jazen/gams/libGAMS.so.6.3.0 at 0x00007f08bccf3000
RBX=0x000000077feac4d0 is an oop
{method} 
 - klass: {other class}
RCX=0x0000000000000021 is an unknown value
RDX=0x0000000000000000 is an unknown value
RSP=0x00007f08b65e3928 is pointing into the stack for thread: 0x00007f08c8225000
RBP=0x00007f08b65e3988 is pointing into the stack for thread: 0x00007f08c8225000
RSI=0x00007f08b65e39b8 is pointing into the stack for thread: 0x00007f08c8225000
RDI=0x00007f08c82251e8 is an unknown value
R8 =0x00007f08c5010360 is at code_begin+0 in an Interpreter codelet
method entry point (kind = zerolocals)  [0x00007f08c5010360, 0x00007f08c50106a0]  832 bytes
R9 =0x00007f08b65e3cc8 is pointing into the stack for thread: 0x00007f08c8225000
R10=0x00007f08c5012d6c is at code_begin+620 in an Interpreter codelet
method entry point (kind = native)  [0x00007f08c5012b00, 0x00007f08c5013360]  2144 bytes
R11=0x00007f08cdc70940: <offset 0x8b5940> in /usr/lib/jvm/java-7-oracle/jre/lib/amd64/server/libjvm.so at 0x00007f08cd3bb000
R12=0x0000000000000000 is an unknown value
R13=0x000000077feac4d0 is an oop
{method} 
 - klass: {other class}
R14=0x00007f08b65e39b8 is pointing into the stack for thread: 0x00007f08c8225000
R15=0x00007f08c8225000 is a thread


Stack: [0x00007f08b64e5000,0x00007f08b65e6000],  sp=0x00007f08b65e3928,  free space=1018k
Native frames: (J=compiled Java code, j=interpreted, Vv=VM code, C=native code)
C  [libGAMS.so.6.3.0+0x37ba0]  Java_com_gams_utility_Position_jni_1getX+0x0
j  com.gams.utility.Position.getX()D+5
j  com.gams.utility.Position.equals(Lcom/gams/utility/Position;)Z+1
j  vrepSim.LutraPlatform.move(Lcom/gams/utility/Position;D)I+5
v  ~StubRoutines::call_stub
V  [libjvm.so+0x6020a5]  JavaCalls::call_helper(JavaValue*, methodHandle*, JavaCallArguments*, Thread*)+0x365
V  [libjvm.so+0x600b08]  JavaCalls::call(JavaValue*, methodHandle, JavaCallArguments*, Thread*)+0x28
V  [libjvm.so+0x63b684]  jni_invoke_nonstatic(JNIEnv_*, JavaValue*, _jobject*, JNICallType, _jmethodID*, JNI_ArgumentPusher*, Thread*)+0x2b4
V  [libjvm.so+0x64bd29]  jni_CallIntMethodV+0xe9

Java frames: (J=compiled Java code, j=interpreted, Vv=VM code)
j  com.gams.utility.Position.jni_getX(J)D+0
j  com.gams.utility.Position.getX()D+5
j  com.gams.utility.Position.equals(Lcom/gams/utility/Position;)Z+1
j  vrepSim.LutraPlatform.move(Lcom/gams/utility/Position;D)I+5
v  ~StubRoutines::call_stub
j  com.gams.controllers.BaseController.jni_run(JDD)J+0
j  com.gams.controllers.BaseController.run(DD)J+7
j  vrepSim.LutraGAMS$1.run()V+13
j  java.lang.Thread.run()V+11
v  ~StubRoutines::call_stub

---------------  P R O C E S S  ---------------

Java Threads: ( => current thread )
  0x00007f0860003000 JavaThread "Thread-7" [_thread_in_native, id=4414, stack(0x00007f08a37df000,0x00007f08a3fe0000)]
  0x00007f085c003000 JavaThread "Thread-6" [_thread_in_native, id=4413, stack(0x00007f08b44e1000,0x00007f08b4ce2000)]
  0x00007f0868003000 JavaThread "Thread-5" [_thread_in_native, id=4412, stack(0x00007f08b4ce2000,0x00007f08b54e3000)]
  0x00007f0864003000 JavaThread "Thread-4" [_thread_in_native, id=4411, stack(0x00007f08b54e3000,0x00007f08b5ce4000)]
=>0x00007f08c8225000 JavaThread "Thread-3" [_thread_in_native, id=4409, stack(0x00007f08b64e5000,0x00007f08b65e6000)]
  0x00007f0878003000 JavaThread "Thread-2" [_thread_in_native, id=4408, stack(0x00007f08b65e6000,0x00007f08b6de7000)]
  0x00007f0874003000 JavaThread "Thread-1" [_thread_in_native, id=4407, stack(0x00007f08b6ffe000,0x00007f08b77ff000)]
  0x00007f0880003000 JavaThread "Thread-0" [_thread_in_native, id=4406, stack(0x00007f08b77ff000,0x00007f08b8000000)]
  0x00007f08c80a1000 JavaThread "Service Thread" daemon [_thread_blocked, id=4403, stack(0x00007f08be09a000,0x00007f08be19b000)]
  0x00007f08c809f000 JavaThread "C2 CompilerThread1" daemon [_thread_blocked, id=4402, stack(0x00007f08be19b000,0x00007f08be29c000)]
  0x00007f08c809c000 JavaThread "C2 CompilerThread0" daemon [_thread_blocked, id=4401, stack(0x00007f08be29c000,0x00007f08be39d000)]
  0x00007f08c8099800 JavaThread "Signal Dispatcher" daemon [_thread_blocked, id=4400, stack(0x00007f08be39d000,0x00007f08be49e000)]
  0x00007f08c8070800 JavaThread "Finalizer" daemon [_thread_blocked, id=4398, stack(0x00007f08beb80000,0x00007f08bec81000)]
  0x00007f08c806e800 JavaThread "Reference Handler" daemon [_thread_blocked, id=4397, stack(0x00007f08bec81000,0x00007f08bed82000)]
  0x00007f08c800a800 JavaThread "main" [_thread_in_Java, id=4389, stack(0x00007f08ced17000,0x00007f08cee18000)]

Other Threads:
  0x00007f08c806a000 VMThread [stack: 0x00007f08bed82000,0x00007f08bee83000] [id=4396]
  0x00007f08c80a4000 WatcherThread [stack: 0x00007f08bdf99000,0x00007f08be09a000] [id=4404]

VM state:not at safepoint (normal execution)

VM Mutex/Monitor currently owned by a thread: None

Heap
 PSYoungGen      total 36864K, used 31114K [0x00000007d6f00000, 0x00000007d9800000, 0x0000000800000000)
  eden space 31744K, 98% used [0x00000007d6f00000,0x00000007d8d62ae8,0x00000007d8e00000)
  from space 5120K, 0% used [0x00000007d9300000,0x00000007d9300000,0x00000007d9800000)
  to   space 5120K, 0% used [0x00000007d8e00000,0x00000007d8e00000,0x00000007d9300000)
 ParOldGen       total 83968K, used 0K [0x0000000784e00000, 0x000000078a000000, 0x00000007d6f00000)
  object space 83968K, 0% used [0x0000000784e00000,0x0000000784e00000,0x000000078a000000)
 PSPermGen       total 21504K, used 5413K [0x000000077fc00000, 0x0000000781100000, 0x0000000784e00000)
  object space 21504K, 25% used [0x000000077fc00000,0x0000000780149730,0x0000000781100000)

Card table byte_map: [0x00007f08c4bfd000,0x00007f08c5000000] byte_map_base: 0x00007f08c0fff000

Polling page: 0x00007f08cee50000

Code Cache  [0x00007f08c5000000, 0x00007f08c5270000, 0x00007f08c8000000)
 total_blobs=360 nmethods=86 adapters=227 free_code_cache=48523Kb largest_free_block=49664640

Compilation events (10 events):
Event: 20.698 Thread 0x00007f08c809f000   81             sun.misc.FormattedFloatingDecimal::countBits (80 bytes)
Event: 20.700 Thread 0x00007f08c809f000 nmethod 81 0x00007f08c5092a10 code [0x00007f08c5092b60, 0x00007f08c5092c78]
Event: 20.953 Thread 0x00007f08c809c000   82             java.lang.CharacterDataLatin1::getProperties (11 bytes)
Event: 20.954 Thread 0x00007f08c809c000 nmethod 82 0x00007f08c509fed0 code [0x00007f08c50a0000, 0x00007f08c50a0098]
Event: 21.050 Thread 0x00007f08c809c000   83             org.apache.commons.math.linear.LUDecompositionImpl::<init> (499 bytes)
Event: 21.111 Thread 0x00007f08c809c000 nmethod 83 0x00007f08c5091190 code [0x00007f08c50913a0, 0x00007f08c5091da8]
Event: 22.530 Thread 0x00007f08c809f000   84             com.madara.containers.NativeDoubleVector::get (10 bytes)
Event: 22.531 Thread 0x00007f08c809f000 nmethod 84 0x00007f08c508dc90 code [0x00007f08c508dde0, 0x00007f08c508de68]
Event: 23.051 Thread 0x00007f08c809f000   86             java.util.Formatter$FormatSpecifier::mantissa (41 bytes)
Event: 23.056 Thread 0x00007f08c809f000 nmethod 86 0x00007f08c508d750 code [0x00007f08c508d8a0, 0x00007f08c508db38]

GC Heap History (0 events):
No events

Deoptimization events (10 events):
Event: 1.046 Thread 0x00007f0878003000 Uncommon trap: reason=uninitialized action=reinterpret pc=0x00007f08c5073a84 method=org.apache.commons.math.util.FastMath.slowexp(D[D)D @ 67
Event: 1.077 Thread 0x00007f0878003000 Uncommon trap: reason=uninitialized action=reinterpret pc=0x00007f08c5076dc4 method=org.apache.commons.math.util.FastMath.slowLog(D)[D @ 84
Event: 1.092 Thread 0x00007f0878003000 Uncommon trap: reason=uninitialized action=reinterpret pc=0x00007f08c507654c method=org.apache.commons.math.util.FastMath.slowLog(D)[D @ 152
Event: 1.097 Thread 0x00007f0878003000 Uncommon trap: reason=uninitialized action=reinterpret pc=0x00007f08c507acc4 method=org.apache.commons.math.util.FastMath.slowLog(D)[D @ 84
Event: 7.970 Thread 0x00007f0878003000 Uncommon trap: reason=unstable_if action=reinterpret pc=0x00007f08c5080320 method=sun.misc.FDBigInt.cmp(Lsun/misc/FDBigInt;)I @ 58
Event: 11.369 Thread 0x00007f0878003000 Uncommon trap: reason=unstable_if action=reinterpret pc=0x00007f08c5083220 method=sun.misc.FormattedFloatingDecimal.applyPrecision(I)[C @ 66
Event: 20.211 Thread 0x00007f0878003000 Uncommon trap: reason=unstable_if action=reinterpret pc=0x00007f08c50992ac method=sun.misc.FormattedFloatingDecimal.dtoa(IJI)V @ 832
Event: 23.932 Thread 0x00007f0878003000 Uncommon trap: reason=unstable_if action=reinterpret pc=0x00007f08c508dab0 method=java.util.Formatter$FormatSpecifier.mantissa([CI)[C @ 12
Event: 23.932 Thread 0x00007f0878003000 Uncommon trap: reason=unstable_if action=reinterpret pc=0x00007f08c5087564 method=java.util.Formatter$FormatSpecifier.localizedMagnitude(Ljava/lang/StringBuilder;[CLjava/util/Formatter$Flags;ILjava/util/Locale;)Ljava/lang/StringBuilder; @ 284
Event: 24.011 Thread 0x00007f0878003000 Uncommon trap: reason=unstable_if action=reinterpret pc=0x00007f08c508188c method=sun.misc.FormattedFloatingDecimal.applyPrecision(I)[C @ 112

Internal exceptions (10 events):
Event: 0.901 Thread 0x00007f0868003000 Threw 0x00000007d7710d40 at /HUDSON/workspace/7u-2-build-linux-amd64/jdk7u80/2329/hotspot/src/share/vm/prims/jvm.cpp:1319
Event: 0.902 Thread 0x00007f085c003000 Threw 0x00000007d77afaa0 at /HUDSON/workspace/7u-2-build-linux-amd64/jdk7u80/2329/hotspot/src/share/vm/prims/jvm.cpp:1319
Event: 0.934 Thread 0x00007f0878003000 Threw 0x00000007d73f7150 at /HUDSON/workspace/7u-2-build-linux-amd64/jdk7u80/2329/hotspot/src/share/vm/prims/jvm.cpp:1319
Event: 0.935 Thread 0x00007f0878003000 Threw 0x00000007d73fa5a8 at /HUDSON/workspace/7u-2-build-linux-amd64/jdk7u80/2329/hotspot/src/share/vm/prims/jvm.cpp:1319
Event: 0.936 Thread 0x00007f0878003000 Threw 0x00000007d73fff48 at /HUDSON/workspace/7u-2-build-linux-amd64/jdk7u80/2329/hotspot/src/share/vm/prims/jvm.cpp:1319
Event: 0.937 Thread 0x00007f0878003000 Threw 0x00000007d74054d0 at /HUDSON/workspace/7u-2-build-linux-amd64/jdk7u80/2329/hotspot/src/share/vm/prims/jvm.cpp:1319
Event: 0.938 Thread 0x00007f0878003000 Threw 0x00000007d7407e58 at /HUDSON/workspace/7u-2-build-linux-amd64/jdk7u80/2329/hotspot/src/share/vm/prims/jvm.cpp:1319
Event: 0.946 Thread 0x00007f0878003000 Threw 0x00000007d740aa08 at /HUDSON/workspace/7u-2-build-linux-amd64/jdk7u80/2329/hotspot/src/share/vm/prims/jvm.cpp:1319
Event: 1.100 Thread 0x00007f0878003000 Threw 0x00000007d79ccd28 at /HUDSON/workspace/7u-2-build-linux-amd64/jdk7u80/2329/hotspot/src/share/vm/prims/jvm.cpp:1319
Event: 1.100 Thread 0x00007f0878003000 Threw 0x00000007d79d2d30 at /HUDSON/workspace/7u-2-build-linux-amd64/jdk7u80/2329/hotspot/src/share/vm/prims/jvm.cpp:1319

Events (10 events):
Event: 20.212 Thread 0x00007f0878003000 DEOPT UNPACKING pc=0x00007f08c5039445 sp=0x00007f08b6de4ed8 mode 2
Event: 23.932 Thread 0x00007f0878003000 Uncommon trap: trap_request=0xffffff75 fr.pc=0x00007f08c508dab0
Event: 23.932 Thread 0x00007f0878003000 DEOPT PACKING pc=0x00007f08c508dab0 sp=0x00007f08b6de50f0
Event: 23.932 Thread 0x00007f0878003000 DEOPT UNPACKING pc=0x00007f08c5039445 sp=0x00007f08b6de50b0 mode 2
Event: 23.932 Thread 0x00007f0878003000 Uncommon trap: trap_request=0xffffff75 fr.pc=0x00007f08c5087564
Event: 23.932 Thread 0x00007f0878003000 DEOPT PACKING pc=0x00007f08c5087564 sp=0x00007f08b6de5090
Event: 23.932 Thread 0x00007f0878003000 DEOPT UNPACKING pc=0x00007f08c5039445 sp=0x00007f08b6de5068 mode 2
Event: 24.011 Thread 0x00007f0878003000 Uncommon trap: trap_request=0xffffff75 fr.pc=0x00007f08c508188c
Event: 24.011 Thread 0x00007f0878003000 DEOPT PACKING pc=0x00007f08c508188c sp=0x00007f08b6de5080
Event: 24.011 Thread 0x00007f0878003000 DEOPT UNPACKING pc=0x00007f08c5039445 sp=0x00007f08b6de5038 mode 2


Dynamic libraries:
00400000-00401000 r-xp 00000000 08:02 1365019                            /usr/lib/jvm/java-7-oracle/bin/java
00600000-00601000 rw-p 00000000 08:02 1365019                            /usr/lib/jvm/java-7-oracle/bin/java
023b2000-023d3000 rw-p 00000000 00:00 0                                  [heap]
77fc00000-781100000 rw-p 00000000 00:00 0 
781100000-784e00000 rw-p 00000000 00:00 0 
784e00000-78a000000 rw-p 00000000 00:00 0 
78a000000-7d6f00000 rw-p 00000000 00:00 0 
7d6f00000-7d9800000 rw-p 00000000 00:00 0 
7d9800000-800000000 rw-p 00000000 00:00 0 
7f085c000000-7f085c022000 rw-p 00000000 00:00 0 
7f085c022000-7f0860000000 ---p 00000000 00:00 0 
7f0860000000-7f0860022000 rw-p 00000000 00:00 0 
7f0860022000-7f0864000000 ---p 00000000 00:00 0 
7f0864000000-7f0864022000 rw-p 00000000 00:00 0 
7f0864022000-7f0868000000 ---p 00000000 00:00 0 
7f0868000000-7f0868022000 rw-p 00000000 00:00 0 
7f0868022000-7f086c000000 ---p 00000000 00:00 0 
7f086c000000-7f086c119000 rw-p 00000000 00:00 0 
7f086c119000-7f0870000000 ---p 00000000 00:00 0 
7f0870000000-7f0870021000 rw-p 00000000 00:00 0 
7f0870021000-7f0874000000 ---p 00000000 00:00 0 
7f0874000000-7f0874022000 rw-p 00000000 00:00 0 
7f0874022000-7f0878000000 ---p 00000000 00:00 0 
7f0878000000-7f08780e4000 rw-p 00000000 00:00 0 
7f08780e4000-7f087c000000 ---p 00000000 00:00 0 
7f087c000000-7f087c021000 rw-p 00000000 00:00 0 
7f087c021000-7f0880000000 ---p 00000000 00:00 0 
7f0880000000-7f0880022000 rw-p 00000000 00:00 0 
7f0880022000-7f0884000000 ---p 00000000 00:00 0 
7f0884000000-7f0884021000 rw-p 00000000 00:00 0 
7f0884021000-7f0888000000 ---p 00000000 00:00 0 
7f0888000000-7f0888021000 rw-p 00000000 00:00 0 
7f0888021000-7f088c000000 ---p 00000000 00:00 0 
7f088c000000-7f088cccd000 rw-p 00000000 00:00 0 
7f088cccd000-7f0890000000 ---p 00000000 00:00 0 
7f0890000000-7f0890317000 rw-p 00000000 00:00 0 
7f0890317000-7f0894000000 ---p 00000000 00:00 0 
7f0894000000-7f0894021000 rw-p 00000000 00:00 0 
7f0894021000-7f0898000000 ---p 00000000 00:00 0 
7f0898000000-7f0898021000 rw-p 00000000 00:00 0 
7f0898021000-7f089c000000 ---p 00000000 00:00 0 
7f089c000000-7f089c021000 rw-p 00000000 00:00 0 
7f089c021000-7f08a0000000 ---p 00000000 00:00 0 
7f08a37df000-7f08a37e2000 ---p 00000000 00:00 0 
7f08a37e2000-7f08a8000000 rw-p 00000000 00:00 0                          [stack:4414]
7f08a8000000-7f08a8021000 rw-p 00000000 00:00 0 
7f08a8021000-7f08ac000000 ---p 00000000 00:00 0 
7f08ac000000-7f08ac021000 rw-p 00000000 00:00 0 
7f08ac021000-7f08b0000000 ---p 00000000 00:00 0 
7f08b0000000-7f08b0021000 rw-p 00000000 00:00 0 
7f08b0021000-7f08b4000000 ---p 00000000 00:00 0 
7f08b4374000-7f08b44e1000 rw-p 00000000 00:00 0 
7f08b44e1000-7f08b44e4000 ---p 00000000 00:00 0 
7f08b44e4000-7f08b4ce2000 rw-p 00000000 00:00 0                          [stack:4413]
7f08b4ce2000-7f08b4ce5000 ---p 00000000 00:00 0 
7f08b4ce5000-7f08b54e3000 rw-p 00000000 00:00 0                          [stack:4412]
7f08b54e3000-7f08b54e6000 ---p 00000000 00:00 0 
7f08b54e6000-7f08b5ce4000 rw-p 00000000 00:00 0                          [stack:4411]
7f08b5ce4000-7f08b5ce5000 ---p 00000000 00:00 0 
7f08b5ce5000-7f08b64e5000 rw-p 00000000 00:00 0                          [stack:4410]
7f08b64e5000-7f08b64e8000 ---p 00000000 00:00 0 
7f08b64e8000-7f08b65e6000 rw-p 00000000 00:00 0                          [stack:4409]
7f08b65e6000-7f08b65e9000 ---p 00000000 00:00 0 
7f08b65e9000-7f08b6de7000 rw-p 00000000 00:00 0                          [stack:4408]
7f08b6de7000-7f08b6dfe000 r-xp 00000000 08:02 1318420                    /usr/lib/jvm/java-7-oracle/jre/lib/amd64/libnet.so
7f08b6dfe000-7f08b6ffd000 ---p 00017000 08:02 1318420                    /usr/lib/jvm/java-7-oracle/jre/lib/amd64/libnet.so
7f08b6ffd000-7f08b6ffe000 rw-p 00016000 08:02 1318420                    /usr/lib/jvm/java-7-oracle/jre/lib/amd64/libnet.so
7f08b6ffe000-7f08b7001000 ---p 00000000 00:00 0 
7f08b7001000-7f08b77ff000 rw-p 00000000 00:00 0                          [stack:4407]
7f08b77ff000-7f08b7802000 ---p 00000000 00:00 0 
7f08b7802000-7f08b8000000 rw-p 00000000 00:00 0                          [stack:4406]
7f08b8000000-7f08b8021000 rw-p 00000000 00:00 0 
7f08b8021000-7f08bc000000 ---p 00000000 00:00 0 
7f08bc0f5000-7f08bc105000 r-xp 00000000 08:02 1318421                    /usr/lib/jvm/java-7-oracle/jre/lib/amd64/libnio.so
7f08bc105000-7f08bc305000 ---p 00010000 08:02 1318421                    /usr/lib/jvm/java-7-oracle/jre/lib/amd64/libnio.so
7f08bc305000-7f08bc306000 rw-p 00010000 08:02 1318421                    /usr/lib/jvm/java-7-oracle/jre/lib/amd64/libnio.so
7f08bc306000-7f08bc4f2000 rw-p 00000000 00:00 0 
7f08bc4f2000-7f08bc4f3000 ---p 00000000 00:00 0 
7f08bc4f3000-7f08bccf3000 rw-p 00000000 00:00 0                          [stack:4405]
7f08bccf3000-7f08bcdbd000 r-xp 00000000 08:02 1859401                    /home/jazen/gams/libGAMS.so.6.3.0
7f08bcdbd000-7f08bcfbd000 ---p 000ca000 08:02 1859401                    /home/jazen/gams/libGAMS.so.6.3.0
7f08bcfbd000-7f08bcfc0000 r--p 000ca000 08:02 1859401                    /home/jazen/gams/libGAMS.so.6.3.0
7f08bcfc0000-7f08bcfc2000 rw-p 000cd000 08:02 1859401                    /home/jazen/gams/libGAMS.so.6.3.0
7f08bcfc2000-7f08bd1af000 r-xp 00000000 08:02 1859117                    /home/jazen/madara/libMADARA.so.6.3.0
7f08bd1af000-7f08bd3ae000 ---p 001ed000 08:02 1859117                    /home/jazen/madara/libMADARA.so.6.3.0
7f08bd3ae000-7f08bd3b5000 r--p 001ec000 08:02 1859117                    /home/jazen/madara/libMADARA.so.6.3.0
7f08bd3b5000-7f08bd3b8000 rw-p 001f3000 08:02 1859117                    /home/jazen/madara/libMADARA.so.6.3.0
7f08bd3b8000-7f08bd547000 r-xp 00000000 08:02 1705810                    /home/jazen/ace/ACE_wrappers/ace/libACE.so.6.3.0
7f08bd547000-7f08bd746000 ---p 0018f000 08:02 1705810                    /home/jazen/ace/ACE_wrappers/ace/libACE.so.6.3.0
7f08bd746000-7f08bd759000 r--p 0018e000 08:02 1705810                    /home/jazen/ace/ACE_wrappers/ace/libACE.so.6.3.0
7f08bd759000-7f08bd75d000 rw-p 001a1000 08:02 1705810                    /home/jazen/ace/ACE_wrappers/ace/libACE.so.6.3.0
7f08bd75d000-7f08bd75f000 rw-p 00000000 00:00 0 
7f08bd75f000-7f08bd775000 r-xp 00000000 08:02 5004209                    /lib/x86_64-linux-gnu/libgcc_s.so.1
7f08bd775000-7f08bd974000 ---p 00016000 08:02 5004209                    /lib/x86_64-linux-gnu/libgcc_s.so.1
7f08bd974000-7f08bd975000 r--p 00015000 08:02 5004209                    /lib/x86_64-linux-gnu/libgcc_s.so.1
7f08bd975000-7f08bd976000 rw-p 00016000 08:02 5004209                    /lib/x86_64-linux-gnu/libgcc_s.so.1
7f08bd976000-7f08bdae3000 r-xp 00000000 08:02 1246485                    /usr/lib/x86_64-linux-gnu/libstdc++.so.6.0.21
7f08bdae3000-7f08bdce2000 ---p 0016d000 08:02 1246485                    /usr/lib/x86_64-linux-gnu/libstdc++.so.6.0.21
7f08bdce2000-7f08bdcec000 r--p 0016c000 08:02 1246485                    /usr/lib/x86_64-linux-gnu/libstdc++.so.6.0.21
7f08bdcec000-7f08bdcee000 rw-p 00176000 08:02 1246485                    /usr/lib/x86_64-linux-gnu/libstdc++.so.6.0.21
7f08bdcee000-7f08bdcf2000 rw-p 00000000 00:00 0 
7f08bdd27000-7f08bdd46000 r-xp 00000000 08:02 1788256                    /home/jazen/v_rep/programming/remoteApiBindings/java/lib/64Bit/libremoteApiJava.so
7f08bdd46000-7f08bdf46000 ---p 0001f000 08:02 1788256                    /home/jazen/v_rep/programming/remoteApiBindings/java/lib/64Bit/libremoteApiJava.so
7f08bdf46000-7f08bdf47000 r--p 0001f000 08:02 1788256                    /home/jazen/v_rep/programming/remoteApiBindings/java/lib/64Bit/libremoteApiJava.so
7f08bdf47000-7f08bdf48000 rw-p 00020000 08:02 1788256                    /home/jazen/v_rep/programming/remoteApiBindings/java/lib/64Bit/libremoteApiJava.so
7f08bdf48000-7f08bdf5d000 rw-p 00000000 00:00 0 
7f08bdf5d000-7f08bdf86000 r--s 001da000 08:02 4244827                    /home/jazen/Documents/Research/Platypus_Software/MyForks/VREP-Boat-Simulator/VrepSimulation/lib/crwlib_core.jar
7f08bdf86000-7f08bdf99000 r--s 000df000 08:02 4244826                    /home/jazen/Documents/Research/Platypus_Software/MyForks/VREP-Boat-Simulator/VrepSimulation/lib/commons-math-2.2.jar
7f08bdf99000-7f08bdf9a000 ---p 00000000 00:00 0 
7f08bdf9a000-7f08be09a000 rw-p 00000000 00:00 0                          [stack:4404]
7f08be09a000-7f08be09d000 ---p 00000000 00:00 0 
7f08be09d000-7f08be19b000 rw-p 00000000 00:00 0                          [stack:4403]
7f08be19b000-7f08be19e000 ---p 00000000 00:00 0 
7f08be19e000-7f08be29c000 rw-p 00000000 00:00 0                          [stack:4402]
7f08be29c000-7f08be29f000 ---p 00000000 00:00 0 
7f08be29f000-7f08be39d000 rw-p 00000000 00:00 0                          [stack:4401]
7f08be39d000-7f08be3a0000 ---p 00000000 00:00 0 
7f08be3a0000-7f08be49e000 rw-p 00000000 00:00 0                          [stack:4400]
7f08be49e000-7f08beb80000 r--p 00000000 08:02 1186808                    /usr/lib/locale/locale-archive
7f08beb80000-7f08beb83000 ---p 00000000 00:00 0 
7f08beb83000-7f08bec81000 rw-p 00000000 00:00 0                          [stack:4398]
7f08bec81000-7f08bec84000 ---p 00000000 00:00 0 
7f08bec84000-7f08bed82000 rw-p 00000000 00:00 0                          [stack:4397]
7f08bed82000-7f08bed83000 ---p 00000000 00:00 0 
7f08bed83000-7f08bfe40000 rw-p 00000000 00:00 0                          [stack:4396]
7f08bfe40000-7f08c0000000 r--s 039fb000 08:02 1360694                    /usr/lib/jvm/java-7-oracle/jre/lib/rt.jar
7f08c0000000-7f08c0021000 rw-p 00000000 00:00 0 
7f08c0021000-7f08c4000000 ---p 00000000 00:00 0 
7f08c4002000-7f08c4568000 rw-p 00000000 00:00 0 
7f08c4568000-7f08c4569000 ---p 00000000 00:00 0 
7f08c4569000-7f08c4669000 rw-p 00000000 00:00 0                          [stack:4395]
7f08c4669000-7f08c466a000 ---p 00000000 00:00 0 
7f08c466a000-7f08c476a000 rw-p 00000000 00:00 0                          [stack:4394]
7f08c476a000-7f08c476b000 ---p 00000000 00:00 0 
7f08c476b000-7f08c486b000 rw-p 00000000 00:00 0                          [stack:4393]
7f08c486b000-7f08c486c000 ---p 00000000 00:00 0 
7f08c486c000-7f08c4995000 rw-p 00000000 00:00 0                          [stack:4390]
7f08c4995000-7f08c4bfd000 rw-p 00000000 00:00 0 
7f08c4bfd000-7f08c4c08000 rw-p 00000000 00:00 0 
7f08c4c08000-7f08c4c26000 rw-p 00000000 00:00 0 
7f08c4c26000-7f08c4c4f000 rw-p 00000000 00:00 0 
7f08c4c4f000-7f08c4eb6000 rw-p 00000000 00:00 0 
7f08c4eb6000-7f08c4ecb000 rw-p 00000000 00:00 0 
7f08c4ecb000-7f08c4fff000 rw-p 00000000 00:00 0 
7f08c4fff000-7f08c5000000 rw-p 00000000 00:00 0 
7f08c5000000-7f08c5270000 rwxp 00000000 00:00 0 
7f08c5270000-7f08c822b000 rw-p 00000000 00:00 0 
7f08c822b000-7f08cc000000 ---p 00000000 00:00 0 
7f08cc00d000-7f08cc01c000 r--s 00098000 08:02 4244888                    /home/jazen/Documents/Research/Platypus_Software/MyForks/VREP-Boat-Simulator/VrepSimulation/lib/jscience-4.3.jar
7f08cc01c000-7f08cc020000 r--s 0003c000 08:02 4244883                    /home/jazen/Documents/Research/Platypus_Software/MyForks/VREP-Boat-Simulator/VrepSimulation/lib/madara.jar
7f08cc020000-7f08cc037000 r-xp 00000000 08:02 1318427                    /usr/lib/jvm/java-7-oracle/jre/lib/amd64/libzip.so
7f08cc037000-7f08cc237000 ---p 00017000 08:02 1318427                    /usr/lib/jvm/java-7-oracle/jre/lib/amd64/libzip.so
7f08cc237000-7f08cc238000 rw-p 00017000 08:02 1318427                    /usr/lib/jvm/java-7-oracle/jre/lib/amd64/libzip.so
7f08cc238000-7f08cc243000 r-xp 00000000 08:02 4980826                    /lib/x86_64-linux-gnu/libnss_files-2.19.so
7f08cc243000-7f08cc442000 ---p 0000b000 08:02 4980826                    /lib/x86_64-linux-gnu/libnss_files-2.19.so
7f08cc442000-7f08cc443000 r--p 0000a000 08:02 4980826                    /lib/x86_64-linux-gnu/libnss_files-2.19.so
7f08cc443000-7f08cc444000 rw-p 0000b000 08:02 4980826                    /lib/x86_64-linux-gnu/libnss_files-2.19.so
7f08cc444000-7f08cc44f000 r-xp 00000000 08:02 4987156                    /lib/x86_64-linux-gnu/libnss_nis-2.19.so
7f08cc44f000-7f08cc64e000 ---p 0000b000 08:02 4987156                    /lib/x86_64-linux-gnu/libnss_nis-2.19.so
7f08cc64e000-7f08cc64f000 r--p 0000a000 08:02 4987156                    /lib/x86_64-linux-gnu/libnss_nis-2.19.so
7f08cc64f000-7f08cc650000 rw-p 0000b000 08:02 4987156                    /lib/x86_64-linux-gnu/libnss_nis-2.19.so
7f08cc650000-7f08cc667000 r-xp 00000000 08:02 4980835                    /lib/x86_64-linux-gnu/libnsl-2.19.so
7f08cc667000-7f08cc866000 ---p 00017000 08:02 4980835                    /lib/x86_64-linux-gnu/libnsl-2.19.so
7f08cc866000-7f08cc867000 r--p 00016000 08:02 4980835                    /lib/x86_64-linux-gnu/libnsl-2.19.so
7f08cc867000-7f08cc868000 rw-p 00017000 08:02 4980835                    /lib/x86_64-linux-gnu/libnsl-2.19.so
7f08cc868000-7f08cc86a000 rw-p 00000000 00:00 0 
7f08cc86a000-7f08cc873000 r-xp 00000000 08:02 4980834                    /lib/x86_64-linux-gnu/libnss_compat-2.19.so
7f08cc873000-7f08cca72000 ---p 00009000 08:02 4980834                    /lib/x86_64-linux-gnu/libnss_compat-2.19.so
7f08cca72000-7f08cca73000 r--p 00008000 08:02 4980834                    /lib/x86_64-linux-gnu/libnss_compat-2.19.so
7f08cca73000-7f08cca74000 rw-p 00009000 08:02 4980834                    /lib/x86_64-linux-gnu/libnss_compat-2.19.so
7f08cca74000-7f08cca9d000 r-xp 00000000 08:02 1318400                    /usr/lib/jvm/java-7-oracle/jre/lib/amd64/libjava.so
7f08cca9d000-7f08ccc9d000 ---p 00029000 08:02 1318400                    /usr/lib/jvm/java-7-oracle/jre/lib/amd64/libjava.so
7f08ccc9d000-7f08ccc9f000 rw-p 00029000 08:02 1318400                    /usr/lib/jvm/java-7-oracle/jre/lib/amd64/libjava.so
7f08ccc9f000-7f08cccac000 r-xp 00000000 08:02 1318438                    /usr/lib/jvm/java-7-oracle/jre/lib/amd64/libverify.so
7f08cccac000-7f08cceab000 ---p 0000d000 08:02 1318438                    /usr/lib/jvm/java-7-oracle/jre/lib/amd64/libverify.so
7f08cceab000-7f08ccead000 rw-p 0000c000 08:02 1318438                    /usr/lib/jvm/java-7-oracle/jre/lib/amd64/libverify.so
7f08ccead000-7f08cceb4000 r-xp 00000000 08:02 4984752                    /lib/x86_64-linux-gnu/librt-2.19.so
7f08cceb4000-7f08cd0b3000 ---p 00007000 08:02 4984752                    /lib/x86_64-linux-gnu/librt-2.19.so
7f08cd0b3000-7f08cd0b4000 r--p 00006000 08:02 4984752                    /lib/x86_64-linux-gnu/librt-2.19.so
7f08cd0b4000-7f08cd0b5000 rw-p 00007000 08:02 4984752                    /lib/x86_64-linux-gnu/librt-2.19.so
7f08cd0b5000-7f08cd1ba000 r-xp 00000000 08:02 4980825                    /lib/x86_64-linux-gnu/libm-2.19.so
7f08cd1ba000-7f08cd3b9000 ---p 00105000 08:02 4980825                    /lib/x86_64-linux-gnu/libm-2.19.so
7f08cd3b9000-7f08cd3ba000 r--p 00104000 08:02 4980825                    /lib/x86_64-linux-gnu/libm-2.19.so
7f08cd3ba000-7f08cd3bb000 rw-p 00105000 08:02 4980825                    /lib/x86_64-linux-gnu/libm-2.19.so
7f08cd3bb000-7f08cdf31000 r-xp 00000000 08:02 1318388                    /usr/lib/jvm/java-7-oracle/jre/lib/amd64/server/libjvm.so
7f08cdf31000-7f08ce130000 ---p 00b76000 08:02 1318388                    /usr/lib/jvm/java-7-oracle/jre/lib/amd64/server/libjvm.so
7f08ce130000-7f08ce1f4000 rw-p 00b75000 08:02 1318388                    /usr/lib/jvm/java-7-oracle/jre/lib/amd64/server/libjvm.so
7f08ce1f4000-7f08ce235000 rw-p 00000000 00:00 0 
7f08ce235000-7f08ce3f0000 r-xp 00000000 08:02 4980840                    /lib/x86_64-linux-gnu/libc-2.19.so
7f08ce3f0000-7f08ce5ef000 ---p 001bb000 08:02 4980840                    /lib/x86_64-linux-gnu/libc-2.19.so
7f08ce5ef000-7f08ce5f3000 r--p 001ba000 08:02 4980840                    /lib/x86_64-linux-gnu/libc-2.19.so
7f08ce5f3000-7f08ce5f5000 rw-p 001be000 08:02 4980840                    /lib/x86_64-linux-gnu/libc-2.19.so
7f08ce5f5000-7f08ce5fa000 rw-p 00000000 00:00 0 
7f08ce5fa000-7f08ce5fd000 r-xp 00000000 08:02 4980829                    /lib/x86_64-linux-gnu/libdl-2.19.so
7f08ce5fd000-7f08ce7fc000 ---p 00003000 08:02 4980829                    /lib/x86_64-linux-gnu/libdl-2.19.so
7f08ce7fc000-7f08ce7fd000 r--p 00002000 08:02 4980829                    /lib/x86_64-linux-gnu/libdl-2.19.so
7f08ce7fd000-7f08ce7fe000 rw-p 00003000 08:02 4980829                    /lib/x86_64-linux-gnu/libdl-2.19.so
7f08ce7fe000-7f08ce813000 r-xp 00000000 08:02 1364427                    /usr/lib/jvm/java-7-oracle/lib/amd64/jli/libjli.so
7f08ce813000-7f08cea12000 ---p 00015000 08:02 1364427                    /usr/lib/jvm/java-7-oracle/lib/amd64/jli/libjli.so
7f08cea12000-7f08cea13000 rw-p 00014000 08:02 1364427                    /usr/lib/jvm/java-7-oracle/lib/amd64/jli/libjli.so
7f08cea13000-7f08cea2c000 r-xp 00000000 08:02 4984658                    /lib/x86_64-linux-gnu/libpthread-2.19.so
7f08cea2c000-7f08cec2b000 ---p 00019000 08:02 4984658                    /lib/x86_64-linux-gnu/libpthread-2.19.so
7f08cec2b000-7f08cec2c000 r--p 00018000 08:02 4984658                    /lib/x86_64-linux-gnu/libpthread-2.19.so
7f08cec2c000-7f08cec2d000 rw-p 00019000 08:02 4984658                    /lib/x86_64-linux-gnu/libpthread-2.19.so
7f08cec2d000-7f08cec31000 rw-p 00000000 00:00 0 
7f08cec31000-7f08cec54000 r-xp 00000000 08:02 4980837                    /lib/x86_64-linux-gnu/ld-2.19.so
7f08cec54000-7f08cec57000 r--s 0001f000 08:02 4244884                    /home/jazen/Documents/Research/Platypus_Software/MyForks/VREP-Boat-Simulator/VrepSimulation/lib/gams.jar
7f08cec57000-7f08cec61000 rw-p 00000000 00:00 0 
7f08cec61000-7f08ced17000 rw-p 00000000 00:00 0 
7f08ced17000-7f08ced1a000 ---p 00000000 00:00 0 
7f08ced1a000-7f08cee1d000 rw-p 00000000 00:00 0                          [stack:4389]
7f08cee1d000-7f08cee1e000 r--s 00008000 08:02 4244887                    /home/jazen/Documents/Research/Platypus_Software/MyForks/VREP-Boat-Simulator/VrepSimulation/lib/Jama-1.0.3.jar
7f08cee1e000-7f08cee29000 rw-p 00000000 00:00 0 
7f08cee29000-7f08cee47000 rw-p 00000000 00:00 0 
7f08cee47000-7f08cee4f000 rw-s 00000000 08:02 5129198                    /tmp/hsperfdata_jazen/4387
7f08cee4f000-7f08cee50000 rw-p 00000000 00:00 0 
7f08cee50000-7f08cee51000 r--p 00000000 00:00 0 
7f08cee51000-7f08cee53000 rw-p 00000000 00:00 0 
7f08cee53000-7f08cee54000 r--p 00022000 08:02 4980837                    /lib/x86_64-linux-gnu/ld-2.19.so
7f08cee54000-7f08cee55000 rw-p 00023000 08:02 4980837                    /lib/x86_64-linux-gnu/ld-2.19.so
7f08cee55000-7f08cee56000 rw-p 00000000 00:00 0 
7fff66148000-7fff6616a000 rw-p 00000000 00:00 0                          [stack]
7fff661cb000-7fff661cd000 r-xp 00000000 00:00 0                          [vdso]
ffffffffff600000-ffffffffff601000 r-xp 00000000 00:00 0                  [vsyscall]

VM Arguments:
jvm_args: -Dfile.encoding=UTF-8 -Djava.library.path=/home/jazen/v_rep/programming/remoteApiBindings/java/lib/64Bit:/home/jazen/ace/ACE_wrappers/ace:/home/jazen/madara:/home/jazen/gams:/home/jazen/gams/lib
 
java_command: vrepSim.vrepSimMain
Launcher Type: SUN_STANDARD

Environment Variables:
JAVA_HOME=/usr/lib/jvm/java-7-oracle
PATH=/home/jazen/ace/ACE_wrappers/bin:/home/jazen/bin:/opt/ros/indigo/bin:/home/jazen/bin:/usr/local/sbin:/usr/local/bin:/usr/sbin:/usr/bin:/sbin:/bin:/usr/games:/usr/local/games
LD_LIBRARY_PATH=/usr/lib/jvm/java-8-oracle/jre/lib/amd64:/usr/lib/jvm/java-8-oracle/jre/lib/i386:/home/jazen/ace/ACE_wrappers/lib:/home/jazen/madara/lib:/home/jazen/gams/lib:/opt/ros/indigo/lib:/opt/ros/indigo/lib/x86_64-linux-gnu
SHELL=/bin/bash
DISPLAY=:0

Signal Handlers:
SIGSEGV: [libjvm.so+0x9a3b20], sa_mask[0]=0x7ffbfeff, sa_flags=0x10000004
SIGBUS: [libjvm.so+0x9a3b20], sa_mask[0]=0x7ffbfeff, sa_flags=0x10000004
SIGFPE: [libjvm.so+0x81e740], sa_mask[0]=0x7ffbfeff, sa_flags=0x10000004
SIGPIPE: [libjvm.so+0x81e740], sa_mask[0]=0x7ffbfeff, sa_flags=0x10000004
SIGXFSZ: [libjvm.so+0x81e740], sa_mask[0]=0x7ffbfeff, sa_flags=0x10000004
SIGILL: [libjvm.so+0x81e740], sa_mask[0]=0x7ffbfeff, sa_flags=0x10000004
SIGUSR1: SIG_DFL, sa_mask[0]=0x00000000, sa_flags=0x00000000
SIGUSR2: [libjvm.so+0x81ffb0], sa_mask[0]=0x00000004, sa_flags=0x10000004
SIGHUP: [libjvm.so+0x8210d0], sa_mask[0]=0x7ffbfeff, sa_flags=0x10000004
SIGINT: SIG_IGN, sa_mask[0]=0x00000000, sa_flags=0x00000000
SIGTERM: [libjvm.so+0x8210d0], sa_mask[0]=0x7ffbfeff, sa_flags=0x10000004
SIGQUIT: [libjvm.so+0x8210d0], sa_mask[0]=0x7ffbfeff, sa_flags=0x10000004


---------------  S Y S T E M  ---------------

OS:jessie/sid

uname:Linux 3.13.0-62-generic #102-Ubuntu SMP Tue Aug 11 14:29:36 UTC 2015 x86_64
libc:glibc 2.19 NPTL 2.19 
rlimit: STACK 8192k, CORE 0k, NPROC 61293, NOFILE 4096, AS infinity
load average:3.44 2.47 1.63

/proc/meminfo:
MemTotal:        8063700 kB
MemFree:         2814196 kB
Buffers:          109664 kB
Cached:          1828840 kB
SwapCached:            0 kB
Active:          3506540 kB
Inactive:        1512368 kB
Active(anon):    3086516 kB
Inactive(anon):   708368 kB
Active(file):     420024 kB
Inactive(file):   804000 kB
Unevictable:          88 kB
Mlocked:              88 kB
SwapTotal:       8274940 kB
SwapFree:        8274940 kB
Dirty:              6008 kB
Writeback:             0 kB
AnonPages:       3080540 kB
Mapped:           465612 kB
Shmem:            714484 kB
Slab:              99940 kB
SReclaimable:      64856 kB
SUnreclaim:        35084 kB
KernelStack:        4944 kB
PageTables:        42116 kB
NFS_Unstable:          0 kB
Bounce:                0 kB
WritebackTmp:          0 kB
CommitLimit:    12306788 kB
Committed_AS:    8715784 kB
VmallocTotal:   34359738367 kB
VmallocUsed:      361720 kB
VmallocChunk:   34359369304 kB
HardwareCorrupted:     0 kB
AnonHugePages:   1445888 kB
HugePages_Total:       0
HugePages_Free:        0
HugePages_Rsvd:        0
HugePages_Surp:        0
Hugepagesize:       2048 kB
DirectMap4k:       71216 kB
DirectMap2M:     1912832 kB
DirectMap1G:     6291456 kB


CPU:total 4 (2 cores per cpu, 2 threads per core) family 6 model 69 stepping 1, cmov, cx8, fxsr, mmx, sse, sse2, sse3, ssse3, sse4.1, sse4.2, popcnt, avx, avx2, aes, erms, ht, tsc, tscinvbit

/proc/cpuinfo:
processor	: 0
vendor_id	: GenuineIntel
cpu family	: 6
model		: 69
model name	: Intel(R) Core(TM) i5-4210U CPU @ 1.70GHz
stepping	: 1
microcode	: 0x17
cpu MHz		: 1700.000
cache size	: 3072 KB
physical id	: 0
siblings	: 4
core id		: 0
cpu cores	: 2
apicid		: 0
initial apicid	: 0
fpu		: yes
fpu_exception	: yes
cpuid level	: 13
wp		: yes
flags		: fpu vme de pse tsc msr pae mce cx8 apic sep mtrr pge mca cmov pat pse36 clflush dts acpi mmx fxsr sse sse2 ss ht tm pbe syscall nx pdpe1gb rdtscp lm constant_tsc arch_perfmon pebs bts rep_good nopl xtopology nonstop_tsc aperfmperf eagerfpu pni pclmulqdq dtes64 monitor ds_cpl vmx est tm2 ssse3 fma cx16 xtpr pdcm pcid sse4_1 sse4_2 movbe popcnt tsc_deadline_timer aes xsave avx f16c rdrand lahf_lm abm ida arat epb xsaveopt pln pts dtherm tpr_shadow vnmi flexpriority ept vpid fsgsbase tsc_adjust bmi1 avx2 smep bmi2 erms invpcid
bogomips	: 4788.85
clflush size	: 64
cache_alignment	: 64
address sizes	: 39 bits physical, 48 bits virtual
power management:

processor	: 1
vendor_id	: GenuineIntel
cpu family	: 6
model		: 69
model name	: Intel(R) Core(TM) i5-4210U CPU @ 1.70GHz
stepping	: 1
microcode	: 0x17
cpu MHz		: 1700.000
cache size	: 3072 KB
physical id	: 0
siblings	: 4
core id		: 1
cpu cores	: 2
apicid		: 2
initial apicid	: 2
fpu		: yes
fpu_exception	: yes
cpuid level	: 13
wp		: yes
flags		: fpu vme de pse tsc msr pae mce cx8 apic sep mtrr pge mca cmov pat pse36 clflush dts acpi mmx fxsr sse sse2 ss ht tm pbe syscall nx pdpe1gb rdtscp lm constant_tsc arch_perfmon pebs bts rep_good nopl xtopology nonstop_tsc aperfmperf eagerfpu pni pclmulqdq dtes64 monitor ds_cpl vmx est tm2 ssse3 fma cx16 xtpr pdcm pcid sse4_1 sse4_2 movbe popcnt tsc_deadline_timer aes xsave avx f16c rdrand lahf_lm abm ida arat epb xsaveopt pln pts dtherm tpr_shadow vnmi flexpriority ept vpid fsgsbase tsc_adjust bmi1 avx2 smep bmi2 erms invpcid
bogomips	: 4788.85
clflush size	: 64
cache_alignment	: 64
address sizes	: 39 bits physical, 48 bits virtual
power management:

processor	: 2
vendor_id	: GenuineIntel
cpu family	: 6
model		: 69
model name	: Intel(R) Core(TM) i5-4210U CPU @ 1.70GHz
stepping	: 1
microcode	: 0x17
cpu MHz		: 1700.000
cache size	: 3072 KB
physical id	: 0
siblings	: 4
core id		: 0
cpu cores	: 2
apicid		: 1
initial apicid	: 1
fpu		: yes
fpu_exception	: yes
cpuid level	: 13
wp		: yes
flags		: fpu vme de pse tsc msr pae mce cx8 apic sep mtrr pge mca cmov pat pse36 clflush dts acpi mmx fxsr sse sse2 ss ht tm pbe syscall nx pdpe1gb rdtscp lm constant_tsc arch_perfmon pebs bts rep_good nopl xtopology nonstop_tsc aperfmperf eagerfpu pni pclmulqdq dtes64 monitor ds_cpl vmx est tm2 ssse3 fma cx16 xtpr pdcm pcid sse4_1 sse4_2 movbe popcnt tsc_deadline_timer aes xsave avx f16c rdrand lahf_lm abm ida arat epb xsaveopt pln pts dtherm tpr_shadow vnmi flexpriority ept vpid fsgsbase tsc_adjust bmi1 avx2 smep bmi2 erms invpcid
bogomips	: 4788.85
clflush size	: 64
cache_alignment	: 64
address sizes	: 39 bits physical, 48 bits virtual
power management:

processor	: 3
vendor_id	: GenuineIntel
cpu family	: 6
model		: 69
model name	: Intel(R) Core(TM) i5-4210U CPU @ 1.70GHz
stepping	: 1
microcode	: 0x17
cpu MHz		: 1700.000
cache size	: 3072 KB
physical id	: 0
siblings	: 4
core id		: 1
cpu cores	: 2
apicid		: 3
initial apicid	: 3
fpu		: yes
fpu_exception	: yes
cpuid level	: 13
wp		: yes
flags		: fpu vme de pse tsc msr pae mce cx8 apic sep mtrr pge mca cmov pat pse36 clflush dts acpi mmx fxsr sse sse2 ss ht tm pbe syscall nx pdpe1gb rdtscp lm constant_tsc arch_perfmon pebs bts rep_good nopl xtopology nonstop_tsc aperfmperf eagerfpu pni pclmulqdq dtes64 monitor ds_cpl vmx est tm2 ssse3 fma cx16 xtpr pdcm pcid sse4_1 sse4_2 movbe popcnt tsc_deadline_timer aes xsave avx f16c rdrand lahf_lm abm ida arat epb xsaveopt pln pts dtherm tpr_shadow vnmi flexpriority ept vpid fsgsbase tsc_adjust bmi1 avx2 smep bmi2 erms invpcid
bogomips	: 4788.85
clflush size	: 64
cache_alignment	: 64
address sizes	: 39 bits physical, 48 bits virtual
power management:



Memory: 4k page, physical 8063700k(2814196k free), swap 8274940k(8274940k free)

vm_info: Java HotSpot(TM) 64-Bit Server VM (24.80-b11) for linux-amd64 JRE (1.7.0_80-b15), built on Apr 10 2015 19:53:14 by "java_re" with gcc 4.3.0 20080428 (Red Hat 4.3.0-8)

time: Tue Aug 18 22:35:58 2015
elapsed time: 24 seconds

