#
# A fatal error has been detected by the Java Runtime Environment:
#
#  SIGSEGV (0xb) at pc=0x00007f2274836ba0, pid=6339, tid=139785953781504
#
# JRE version: Java(TM) SE Runtime Environment (7.0_80-b15) (build 1.7.0_80-b15)
# Java VM: Java HotSpot(TM) 64-Bit Server VM (24.80-b11 mixed mode linux-amd64 compressed oops)
# Problematic frame:
# C  [libGAMS.so.6.3.0+0x37ba0]  Java_com_gams_utility_Position_jni_1getX+0x0
#
# Failed to write core dump. Core dumps have been disabled. To enable core dumping, try "ulimit -c unlimited" before starting Java again
#
# If you would like to submit a bug report, please visit:
#   http://bugreport.java.com/bugreport/crash.jsp
# The crash happened outside the Java Virtual Machine in native code.
# See problematic frame for where to report the bug.
#

---------------  T H R E A D  ---------------

Current thread (0x00007f2280205000):  JavaThread "Thread-3" [_thread_in_native, id=6362, stack(0x00007f22740ea000,0x00007f22741eb000)]

siginfo:si_signo=SIGSEGV: si_errno=0, si_code=1 (SEGV_MAPERR), si_addr=0x0000000000000008

Registers:
RAX=0x00007f2274836ba0, RBX=0x000000077feac4d0, RCX=0x0000000000000029, RDX=0x0000000000000000
RSP=0x00007f22741e8908, RBP=0x00007f22741e8968, RSI=0x00007f22741e8998, RDI=0x00007f22802051e8
R8 =0x00000007d76550c0, R9 =0x0000000000000002, R10=0x00007f227c9e2d6c, R11=0x00007f2285778940
R12=0x0000000000000000, R13=0x000000077feac4d0, R14=0x00007f22741e8998, R15=0x00007f2280205000
RIP=0x00007f2274836ba0, EFLAGS=0x0000000000010287, CSGSFS=0x0000000000000033, ERR=0x0000000000000004
  TRAPNO=0x000000000000000e

Top of Stack: (sp=0x00007f22741e8908)
0x00007f22741e8908:   00007f227c9e2d98 00007f2280205000
0x00007f22741e8918:   00007f2285dbf7b0 00007f2250009748
0x00007f22741e8928:   00007f22741e8928 0000000000000000
0x00007f22741e8938:   00007f22741e8998 000000077feaf418
0x00007f22741e8948:   0000000000000000 000000077feac4d0
0x00007f22741e8958:   0000000000000000 00007f22741e8988
0x00007f22741e8968:   00007f22741e89e0 00007f227c9d60b7
0x00007f22741e8978:   0000000000000000 00007f227c9decda
0x00007f22741e8988:   0000000000000000 00000007d76533f8
0x00007f22741e8998:   00000007d76533f8 00007f22741e89a0
0x00007f22741e89a8:   000000077fead05d 00007f22741e89f0
0x00007f22741e89b8:   000000077feaf418 0000000000000000
0x00007f22741e89c8:   000000077fead068 00007f22741e8988
0x00007f22741e89d8:   00007f22741e89f0 00007f22741e8a48
0x00007f22741e89e8:   00007f227c9d60b7 00000007d76533f8
0x00007f22741e89f8:   0000000000000000 00000007d76550b0
0x00007f22741e8a08:   00007f22741e8a08 000000077fead53f
0x00007f22741e8a18:   00007f22741e8a60 000000077feaf418
0x00007f22741e8a28:   0000000000000000 000000077fead560
0x00007f22741e8a38:   00007f22741e89f0 00007f22741e8a60
0x00007f22741e8a48:   00007f22741e8aa8 00007f227c9d6233
0x00007f22741e8a58:   00000007d76550b0 00000007d76533f8
0x00007f22741e8a68:   00007f22741e8a68 000000077fef48f4
0x00007f22741e8a78:   00007f22741e8ae8 000000077ff5a268
0x00007f22741e8a88:   0000000000000000 000000077fef49d0
0x00007f22741e8a98:   00007f22741e8a60 00007f22741e8ad0
0x00007f22741e8aa8:   00007f22741e8b50 00007f227c9d04e7
0x00007f22741e8ab8:   0000000000000000 00000007d7655060
0x00007f22741e8ac8:   00000007d7655088 3fb999999999999a
0x00007f22741e8ad8:   404437f0e058c074 00000007d7654ff0
0x00007f22741e8ae8:   00000007d7168d78 00007f2200001fa0
0x00007f22741e8af8:   00007f22741e8e40 00007f22741e8bd0 

Instructions: (pc=0x00007f2274836ba0)
0x00007f2274836b80:   24 1f e8 69 fd ff ff 48 89 ef e8 31 91 ff ff 48
0x00007f2274836b90:   89 c5 48 8b 1d 37 51 29 00 eb d4 0f 1f 44 00 00
0x00007f2274836ba0:   f2 0f 10 42 08 c3 66 2e 0f 1f 84 00 00 00 00 00
0x00007f2274836bb0:   f2 0f 10 42 10 c3 66 2e 0f 1f 84 00 00 00 00 00 

Register to memory mapping:

RAX=0x00007f2274836ba0: Java_com_gams_utility_Position_jni_1getX+0 in /home/jazen/gams/libGAMS.so.6.3.0 at 0x00007f22747ff000
RBX=0x000000077feac4d0 is an oop
{method} 
 - klass: {other class}
RCX=0x0000000000000029 is an unknown value
RDX=0x0000000000000000 is an unknown value
RSP=0x00007f22741e8908 is pointing into the stack for thread: 0x00007f2280205000
RBP=0x00007f22741e8968 is pointing into the stack for thread: 0x00007f2280205000
RSI=0x00007f22741e8998 is pointing into the stack for thread: 0x00007f2280205000
RDI=0x00007f22802051e8 is an unknown value
R8 =0x00000007d76550c0 is an unknown value
R9 =0x0000000000000002 is an unknown value
R10=0x00007f227c9e2d6c is at code_begin+620 in an Interpreter codelet
method entry point (kind = native)  [0x00007f227c9e2b00, 0x00007f227c9e3360]  2144 bytes
R11=0x00007f2285778940: <offset 0x8b5940> in /usr/lib/jvm/java-7-oracle/jre/lib/amd64/server/libjvm.so at 0x00007f2284ec3000
R12=0x0000000000000000 is an unknown value
R13=0x000000077feac4d0 is an oop
{method} 
 - klass: {other class}
R14=0x00007f22741e8998 is pointing into the stack for thread: 0x00007f2280205000
R15=0x00007f2280205000 is a thread


Stack: [0x00007f22740ea000,0x00007f22741eb000],  sp=0x00007f22741e8908,  free space=1018k
Native frames: (J=compiled Java code, j=interpreted, Vv=VM code, C=native code)
C  [libGAMS.so.6.3.0+0x37ba0]  Java_com_gams_utility_Position_jni_1getX+0x0
j  com.gams.utility.Position.getX()D+5
j  com.gams.utility.Position.toArray()[D+7
j  vrepSim.LutraPlatform.move(Lcom/gams/utility/Position;D)I+20
v  ~StubRoutines::call_stub
V  [libjvm.so+0x6020a5]  JavaCalls::call_helper(JavaValue*, methodHandle*, JavaCallArguments*, Thread*)+0x365
V  [libjvm.so+0x600b08]  JavaCalls::call(JavaValue*, methodHandle, JavaCallArguments*, Thread*)+0x28
V  [libjvm.so+0x63b684]  jni_invoke_nonstatic(JNIEnv_*, JavaValue*, _jobject*, JNICallType, _jmethodID*, JNI_ArgumentPusher*, Thread*)+0x2b4
V  [libjvm.so+0x64bd29]  jni_CallIntMethodV+0xe9

Java frames: (J=compiled Java code, j=interpreted, Vv=VM code)
j  com.gams.utility.Position.jni_getX(J)D+0
j  com.gams.utility.Position.getX()D+5
j  com.gams.utility.Position.toArray()[D+7
j  vrepSim.LutraPlatform.move(Lcom/gams/utility/Position;D)I+20
v  ~StubRoutines::call_stub
j  com.gams.controllers.BaseController.jni_run(JDD)J+0
j  com.gams.controllers.BaseController.run(DD)J+7
j  vrepSim.LutraGAMS$1.run()V+13
j  java.lang.Thread.run()V+11
v  ~StubRoutines::call_stub

---------------  P R O C E S S  ---------------

Java Threads: ( => current thread )
  0x00007f2210003000 JavaThread "Thread-7" [_thread_in_native, id=6367, stack(0x00007f2222ffe000,0x00007f22237ff000)]
  0x00007f2218003000 JavaThread "Thread-6" [_thread_in_native, id=6366, stack(0x00007f22237ff000,0x00007f2224000000)]
  0x00007f221c003000 JavaThread "Thread-5" [_thread_in_native, id=6365, stack(0x00007f22607d9000,0x00007f2260fda000)]
  0x00007f2228003000 JavaThread "Thread-4" [_thread_in_native, id=6364, stack(0x00007f2260fda000,0x00007f22617db000)]
=>0x00007f2280205000 JavaThread "Thread-3" [_thread_in_native, id=6362, stack(0x00007f22740ea000,0x00007f22741eb000)]
  0x00007f222c003000 JavaThread "Thread-2" [_thread_in_native, id=6361, stack(0x00007f2261fdc000,0x00007f22627dd000)]
  0x00007f2238003000 JavaThread "Thread-1" [_thread_in_native, id=6360, stack(0x00007f22627dd000,0x00007f2262fde000)]
  0x00007f2234003000 JavaThread "Thread-0" [_thread_in_native, id=6359, stack(0x00007f2262fde000,0x00007f22637df000)]
  0x00007f2280099000 JavaThread "Service Thread" daemon [_thread_blocked, id=6355, stack(0x00007f2275ba6000,0x00007f2275ca7000)]
  0x00007f2280097000 JavaThread "C2 CompilerThread1" daemon [_thread_blocked, id=6354, stack(0x00007f2275ca7000,0x00007f2275da8000)]
  0x00007f2280094000 JavaThread "C2 CompilerThread0" daemon [_thread_blocked, id=6353, stack(0x00007f2275da8000,0x00007f2275ea9000)]
  0x00007f2280091800 JavaThread "Signal Dispatcher" daemon [_thread_blocked, id=6352, stack(0x00007f2275ea9000,0x00007f2275faa000)]
  0x00007f2280070800 JavaThread "Finalizer" daemon [_thread_blocked, id=6351, stack(0x00007f227668c000,0x00007f227678d000)]
  0x00007f228006e800 JavaThread "Reference Handler" daemon [_thread_blocked, id=6350, stack(0x00007f227678d000,0x00007f227688e000)]
  0x00007f228000a800 JavaThread "main" [_thread_in_Java, id=6344, stack(0x00007f228681f000,0x00007f2286920000)]

Other Threads:
  0x00007f228006a000 VMThread [stack: 0x00007f227688e000,0x00007f227698f000] [id=6349]
  0x00007f22800a4000 WatcherThread [stack: 0x00007f2275aa5000,0x00007f2275ba6000] [id=6356]

VM state:not at safepoint (normal execution)

VM Mutex/Monitor currently owned by a thread: None

Heap
 PSYoungGen      total 36864K, used 27940K [0x00000007d6f00000, 0x00000007d9800000, 0x0000000800000000)
  eden space 31744K, 88% used [0x00000007d6f00000,0x00000007d8a49238,0x00000007d8e00000)
  from space 5120K, 0% used [0x00000007d9300000,0x00000007d9300000,0x00000007d9800000)
  to   space 5120K, 0% used [0x00000007d8e00000,0x00000007d8e00000,0x00000007d9300000)
 ParOldGen       total 83968K, used 0K [0x0000000784e00000, 0x000000078a000000, 0x00000007d6f00000)
  object space 83968K, 0% used [0x0000000784e00000,0x0000000784e00000,0x000000078a000000)
 PSPermGen       total 21504K, used 5429K [0x000000077fc00000, 0x0000000781100000, 0x0000000784e00000)
  object space 21504K, 25% used [0x000000077fc00000,0x000000078014d518,0x0000000781100000)

Card table byte_map: [0x00007f227c5cd000,0x00007f227c9d0000] byte_map_base: 0x00007f22789cf000

Polling page: 0x00007f2286958000

Code Cache  [0x00007f227c9d0000, 0x00007f227cc40000, 0x00007f227f9d0000)
 total_blobs=374 nmethods=99 adapters=228 free_code_cache=48499Kb largest_free_block=49642816

Compilation events (10 events):
Event: 13.854 Thread 0x00007f2280097000   94  s          java.lang.StringBuffer::append (8 bytes)
Event: 13.864 Thread 0x00007f2280097000 nmethod 94 0x00007f227ca75c50 code [0x00007f227ca75da0, 0x00007f227ca76378]
Event: 14.094 Thread 0x00007f2280094000   95             java.util.Formatter::access$000 (5 bytes)
Event: 14.099 Thread 0x00007f2280094000 nmethod 95 0x00007f227ca65c50 code [0x00007f227ca65d80, 0x00007f227ca65dd8]
Event: 14.660 Thread 0x00007f2280097000   97             java.util.Calendar::setFieldsComputed (117 bytes)
Event: 14.666 Thread 0x00007f2280097000 nmethod 97 0x00007f227ca68c90 code [0x00007f227ca68e00, 0x00007f227ca68fb8]
Event: 14.856 Thread 0x00007f2280094000   98             org.apache.commons.math.linear.Array2DRowRealMatrix::<init> (17 bytes)
Event: 14.858 Thread 0x00007f2280094000 nmethod 98 0x00007f227ca66ad0 code [0x00007f227ca66c20, 0x00007f227ca66d18]
Event: 14.858 Thread 0x00007f2280094000   99             org.apache.commons.math.linear.AbstractRealMatrix::<init> (69 bytes)
Event: 14.859 Thread 0x00007f2280094000 nmethod 99 0x00007f227ca68950 code [0x00007f227ca68aa0, 0x00007f227ca68b38]

GC Heap History (0 events):
No events

Deoptimization events (10 events):
Event: 0.883 Thread 0x00007f2218003000 Uncommon trap: reason=uninitialized action=reinterpret pc=0x00007f227ca43e04 method=org.apache.commons.math.util.FastMath.slowexp(D[D)D @ 67
Event: 0.899 Thread 0x00007f2218003000 Uncommon trap: reason=uninitialized action=reinterpret pc=0x00007f227ca481b8 method=org.apache.commons.math.util.FastMath.slowexp(D[D)D @ 67
Event: 0.901 Thread 0x00007f2218003000 Uncommon trap: reason=uninitialized action=reinterpret pc=0x00007f227ca48904 method=org.apache.commons.math.util.FastMath.slowexp(D[D)D @ 67
Event: 0.913 Thread 0x00007f2218003000 Uncommon trap: reason=uninitialized action=reinterpret pc=0x00007f227ca48eb8 method=org.apache.commons.math.util.FastMath.slowexp(D[D)D @ 67
Event: 0.915 Thread 0x00007f2218003000 Uncommon trap: reason=uninitialized action=reinterpret pc=0x00007f227ca49604 method=org.apache.commons.math.util.FastMath.slowexp(D[D)D @ 67
Event: 0.941 Thread 0x00007f2218003000 Uncommon trap: reason=uninitialized action=reinterpret pc=0x00007f227ca46b04 method=org.apache.commons.math.util.FastMath.slowLog(D)[D @ 84
Event: 0.956 Thread 0x00007f2218003000 Uncommon trap: reason=uninitialized action=reinterpret pc=0x00007f227ca47a4c method=org.apache.commons.math.util.FastMath.slowLog(D)[D @ 152
Event: 0.960 Thread 0x00007f2218003000 Uncommon trap: reason=uninitialized action=reinterpret pc=0x00007f227ca45844 method=org.apache.commons.math.util.FastMath.slowLog(D)[D @ 84
Event: 16.372 Thread 0x00007f222c003000 Uncommon trap: reason=unstable_if action=reinterpret pc=0x00007f227ca59730 method=java.util.Formatter$FormatSpecifier.localizedMagnitude(Ljava/lang/StringBuilder;[CLjava/util/Formatter$Flags;ILjava/util/Locale;)Ljava/lang/StringBuilder; @ 284
Event: 16.373 Thread 0x00007f222c003000 Uncommon trap: reason=unstable_if action=reinterpret pc=0x00007f227ca661fc method=java.util.Formatter$FormatSpecifier.addZeros([CI)[C @ 5

Internal exceptions (10 events):
Event: 0.783 Thread 0x00007f221c003000 Threw 0x00000007d7710d88 at /HUDSON/workspace/7u-2-build-linux-amd64/jdk7u80/2329/hotspot/src/share/vm/prims/jvm.cpp:1319
Event: 0.784 Thread 0x00007f221c003000 Threw 0x00000007d7714118 at /HUDSON/workspace/7u-2-build-linux-amd64/jdk7u80/2329/hotspot/src/share/vm/prims/jvm.cpp:1319
Event: 0.793 Thread 0x00007f2218003000 Threw 0x00000007d77b19e0 at /HUDSON/workspace/7u-2-build-linux-amd64/jdk7u80/2329/hotspot/src/share/vm/prims/jvm.cpp:1319
Event: 0.794 Thread 0x00007f2218003000 Threw 0x00000007d77b4e38 at /HUDSON/workspace/7u-2-build-linux-amd64/jdk7u80/2329/hotspot/src/share/vm/prims/jvm.cpp:1319
Event: 0.795 Thread 0x00007f2218003000 Threw 0x00000007d77b8e20 at /HUDSON/workspace/7u-2-build-linux-amd64/jdk7u80/2329/hotspot/src/share/vm/prims/jvm.cpp:1319
Event: 0.795 Thread 0x00007f2218003000 Threw 0x00000007d77be3a8 at /HUDSON/workspace/7u-2-build-linux-amd64/jdk7u80/2329/hotspot/src/share/vm/prims/jvm.cpp:1319
Event: 0.796 Thread 0x00007f2218003000 Threw 0x00000007d77c0d30 at /HUDSON/workspace/7u-2-build-linux-amd64/jdk7u80/2329/hotspot/src/share/vm/prims/jvm.cpp:1319
Event: 0.796 Thread 0x00007f2218003000 Threw 0x00000007d77c38e0 at /HUDSON/workspace/7u-2-build-linux-amd64/jdk7u80/2329/hotspot/src/share/vm/prims/jvm.cpp:1319
Event: 0.961 Thread 0x00007f2218003000 Threw 0x00000007d79ccb90 at /HUDSON/workspace/7u-2-build-linux-amd64/jdk7u80/2329/hotspot/src/share/vm/prims/jvm.cpp:1319
Event: 0.962 Thread 0x00007f2218003000 Threw 0x00000007d79d2b98 at /HUDSON/workspace/7u-2-build-linux-amd64/jdk7u80/2329/hotspot/src/share/vm/prims/jvm.cpp:1319

Events (10 events):
Event: 0.966 loading class 0x00007f225008b720
Event: 0.966 loading class 0x00007f225008b720 done
Event: 4.059 Executing VM operation: EnableBiasedLocking
Event: 4.060 Executing VM operation: EnableBiasedLocking done
Event: 16.372 Thread 0x00007f222c003000 Uncommon trap: trap_request=0xffffff75 fr.pc=0x00007f227ca59730
Event: 16.372 Thread 0x00007f222c003000 DEOPT PACKING pc=0x00007f227ca59730 sp=0x00007f22627db0e0
Event: 16.372 Thread 0x00007f222c003000 DEOPT UNPACKING pc=0x00007f227ca09445 sp=0x00007f22627db0b8 mode 2
Event: 16.373 Thread 0x00007f222c003000 Uncommon trap: trap_request=0xffffff75 fr.pc=0x00007f227ca661fc
Event: 16.373 Thread 0x00007f222c003000 DEOPT PACKING pc=0x00007f227ca661fc sp=0x00007f22627db130
Event: 16.373 Thread 0x00007f222c003000 DEOPT UNPACKING pc=0x00007f227ca09445 sp=0x00007f22627db0f0 mode 2


Dynamic libraries:
00400000-00401000 r-xp 00000000 08:02 1365019                            /usr/lib/jvm/java-7-oracle/bin/java
00600000-00601000 rw-p 00000000 08:02 1365019                            /usr/lib/jvm/java-7-oracle/bin/java
0234c000-0236d000 rw-p 00000000 00:00 0                                  [heap]
77fc00000-781100000 rw-p 00000000 00:00 0 
781100000-784e00000 rw-p 00000000 00:00 0 
784e00000-78a000000 rw-p 00000000 00:00 0 
78a000000-7d6f00000 rw-p 00000000 00:00 0 
7d6f00000-7d9800000 rw-p 00000000 00:00 0 
7d9800000-800000000 rw-p 00000000 00:00 0 
7f2210000000-7f2210022000 rw-p 00000000 00:00 0 
7f2210022000-7f2214000000 ---p 00000000 00:00 0 
7f2218000000-7f22180e3000 rw-p 00000000 00:00 0 
7f22180e3000-7f221c000000 ---p 00000000 00:00 0 
7f221c000000-7f221c022000 rw-p 00000000 00:00 0 
7f221c022000-7f2220000000 ---p 00000000 00:00 0 
7f2222ffe000-7f2223001000 ---p 00000000 00:00 0 
7f2223001000-7f22237ff000 rw-p 00000000 00:00 0                          [stack:6367]
7f22237ff000-7f2223802000 ---p 00000000 00:00 0 
7f2223802000-7f2224000000 rw-p 00000000 00:00 0                          [stack:6366]
7f2224000000-7f2224021000 rw-p 00000000 00:00 0 
7f2224021000-7f2228000000 ---p 00000000 00:00 0 
7f2228000000-7f2228022000 rw-p 00000000 00:00 0 
7f2228022000-7f222c000000 ---p 00000000 00:00 0 
7f222c000000-7f222c022000 rw-p 00000000 00:00 0 
7f222c022000-7f2230000000 ---p 00000000 00:00 0 
7f2230000000-7f2230050000 rw-p 00000000 00:00 0 
7f2230050000-7f2234000000 ---p 00000000 00:00 0 
7f2234000000-7f2234022000 rw-p 00000000 00:00 0 
7f2234022000-7f2238000000 ---p 00000000 00:00 0 
7f2238000000-7f2238022000 rw-p 00000000 00:00 0 
7f2238022000-7f223c000000 ---p 00000000 00:00 0 
7f223c000000-7f223c021000 rw-p 00000000 00:00 0 
7f223c021000-7f2240000000 ---p 00000000 00:00 0 
7f2240000000-7f2240021000 rw-p 00000000 00:00 0 
7f2240021000-7f2244000000 ---p 00000000 00:00 0 
7f2244000000-7f2244634000 rw-p 00000000 00:00 0 
7f2244634000-7f2248000000 ---p 00000000 00:00 0 
7f2248000000-7f2248021000 rw-p 00000000 00:00 0 
7f2248021000-7f224c000000 ---p 00000000 00:00 0 
7f224c000000-7f224c021000 rw-p 00000000 00:00 0 
7f224c021000-7f2250000000 ---p 00000000 00:00 0 
7f2250000000-7f2250939000 rw-p 00000000 00:00 0 
7f2250939000-7f2254000000 ---p 00000000 00:00 0 
7f2254000000-7f2254021000 rw-p 00000000 00:00 0 
7f2254021000-7f2258000000 ---p 00000000 00:00 0 
7f2258000000-7f2258021000 rw-p 00000000 00:00 0 
7f2258021000-7f225c000000 ---p 00000000 00:00 0 
7f225c000000-7f225c021000 rw-p 00000000 00:00 0 
7f225c021000-7f2260000000 ---p 00000000 00:00 0 
7f226066c000-7f22607d9000 rw-p 00000000 00:00 0 
7f22607d9000-7f22607dc000 ---p 00000000 00:00 0 
7f22607dc000-7f2260fda000 rw-p 00000000 00:00 0                          [stack:6365]
7f2260fda000-7f2260fdd000 ---p 00000000 00:00 0 
7f2260fdd000-7f22617db000 rw-p 00000000 00:00 0                          [stack:6364]
7f22617db000-7f22617dc000 ---p 00000000 00:00 0 
7f22617dc000-7f2261fdc000 rw-p 00000000 00:00 0                          [stack:6363]
7f2261fdc000-7f2261fdf000 ---p 00000000 00:00 0 
7f2261fdf000-7f22627dd000 rw-p 00000000 00:00 0                          [stack:6361]
7f22627dd000-7f22627e0000 ---p 00000000 00:00 0 
7f22627e0000-7f2262fde000 rw-p 00000000 00:00 0                          [stack:6360]
7f2262fde000-7f2262fe1000 ---p 00000000 00:00 0 
7f2262fe1000-7f22637df000 rw-p 00000000 00:00 0                          [stack:6359]
7f22637df000-7f22637e0000 ---p 00000000 00:00 0 
7f22637e0000-7f2268000000 rw-p 00000000 00:00 0                          [stack:6358]
7f2268000000-7f2268021000 rw-p 00000000 00:00 0 
7f2268021000-7f226c000000 ---p 00000000 00:00 0 
7f226c000000-7f226c021000 rw-p 00000000 00:00 0 
7f226c021000-7f2270000000 ---p 00000000 00:00 0 
7f2270000000-7f2270021000 rw-p 00000000 00:00 0 
7f2270021000-7f2274000000 ---p 00000000 00:00 0 
7f227400e000-7f22740ea000 rw-p 00000000 00:00 0 
7f22740ea000-7f22740ed000 ---p 00000000 00:00 0 
7f22740ed000-7f22741eb000 rw-p 00000000 00:00 0                          [stack:6362]
7f22741eb000-7f2274202000 r-xp 00000000 08:02 1318420                    /usr/lib/jvm/java-7-oracle/jre/lib/amd64/libnet.so
7f2274202000-7f2274401000 ---p 00017000 08:02 1318420                    /usr/lib/jvm/java-7-oracle/jre/lib/amd64/libnet.so
7f2274401000-7f2274402000 rw-p 00016000 08:02 1318420                    /usr/lib/jvm/java-7-oracle/jre/lib/amd64/libnet.so
7f2274402000-7f2274412000 r-xp 00000000 08:02 1318421                    /usr/lib/jvm/java-7-oracle/jre/lib/amd64/libnio.so
7f2274412000-7f2274612000 ---p 00010000 08:02 1318421                    /usr/lib/jvm/java-7-oracle/jre/lib/amd64/libnio.so
7f2274612000-7f2274613000 rw-p 00010000 08:02 1318421                    /usr/lib/jvm/java-7-oracle/jre/lib/amd64/libnio.so
7f2274613000-7f22747ff000 rw-p 00000000 00:00 0 
7f22747ff000-7f22748c9000 r-xp 00000000 08:02 1859401                    /home/jazen/gams/libGAMS.so.6.3.0
7f22748c9000-7f2274ac9000 ---p 000ca000 08:02 1859401                    /home/jazen/gams/libGAMS.so.6.3.0
7f2274ac9000-7f2274acc000 r--p 000ca000 08:02 1859401                    /home/jazen/gams/libGAMS.so.6.3.0
7f2274acc000-7f2274ace000 rw-p 000cd000 08:02 1859401                    /home/jazen/gams/libGAMS.so.6.3.0
7f2274ace000-7f2274cbb000 r-xp 00000000 08:02 1859117                    /home/jazen/madara/libMADARA.so.6.3.0
7f2274cbb000-7f2274eba000 ---p 001ed000 08:02 1859117                    /home/jazen/madara/libMADARA.so.6.3.0
7f2274eba000-7f2274ec1000 r--p 001ec000 08:02 1859117                    /home/jazen/madara/libMADARA.so.6.3.0
7f2274ec1000-7f2274ec4000 rw-p 001f3000 08:02 1859117                    /home/jazen/madara/libMADARA.so.6.3.0
7f2274ec4000-7f2275053000 r-xp 00000000 08:02 1705810                    /home/jazen/ace/ACE_wrappers/ace/libACE.so.6.3.0
7f2275053000-7f2275252000 ---p 0018f000 08:02 1705810                    /home/jazen/ace/ACE_wrappers/ace/libACE.so.6.3.0
7f2275252000-7f2275265000 r--p 0018e000 08:02 1705810                    /home/jazen/ace/ACE_wrappers/ace/libACE.so.6.3.0
7f2275265000-7f2275269000 rw-p 001a1000 08:02 1705810                    /home/jazen/ace/ACE_wrappers/ace/libACE.so.6.3.0
7f2275269000-7f227526b000 rw-p 00000000 00:00 0 
7f227526b000-7f2275281000 r-xp 00000000 08:02 5004209                    /lib/x86_64-linux-gnu/libgcc_s.so.1
7f2275281000-7f2275480000 ---p 00016000 08:02 5004209                    /lib/x86_64-linux-gnu/libgcc_s.so.1
7f2275480000-7f2275481000 r--p 00015000 08:02 5004209                    /lib/x86_64-linux-gnu/libgcc_s.so.1
7f2275481000-7f2275482000 rw-p 00016000 08:02 5004209                    /lib/x86_64-linux-gnu/libgcc_s.so.1
7f2275482000-7f22755ef000 r-xp 00000000 08:02 1246485                    /usr/lib/x86_64-linux-gnu/libstdc++.so.6.0.21
7f22755ef000-7f22757ee000 ---p 0016d000 08:02 1246485                    /usr/lib/x86_64-linux-gnu/libstdc++.so.6.0.21
7f22757ee000-7f22757f8000 r--p 0016c000 08:02 1246485                    /usr/lib/x86_64-linux-gnu/libstdc++.so.6.0.21
7f22757f8000-7f22757fa000 rw-p 00176000 08:02 1246485                    /usr/lib/x86_64-linux-gnu/libstdc++.so.6.0.21
7f22757fa000-7f22757fe000 rw-p 00000000 00:00 0 
7f2275833000-7f2275852000 r-xp 00000000 08:02 1788256                    /home/jazen/v_rep/programming/remoteApiBindings/java/lib/64Bit/libremoteApiJava.so
7f2275852000-7f2275a52000 ---p 0001f000 08:02 1788256                    /home/jazen/v_rep/programming/remoteApiBindings/java/lib/64Bit/libremoteApiJava.so
7f2275a52000-7f2275a53000 r--p 0001f000 08:02 1788256                    /home/jazen/v_rep/programming/remoteApiBindings/java/lib/64Bit/libremoteApiJava.so
7f2275a53000-7f2275a54000 rw-p 00020000 08:02 1788256                    /home/jazen/v_rep/programming/remoteApiBindings/java/lib/64Bit/libremoteApiJava.so
7f2275a54000-7f2275a69000 rw-p 00000000 00:00 0 
7f2275a69000-7f2275a92000 r--s 001da000 08:02 4244827                    /home/jazen/Documents/Research/Platypus_Software/MyForks/VREP-Boat-Simulator/VrepSimulation/lib/crwlib_core.jar
7f2275a92000-7f2275aa5000 r--s 000df000 08:02 4244826                    /home/jazen/Documents/Research/Platypus_Software/MyForks/VREP-Boat-Simulator/VrepSimulation/lib/commons-math-2.2.jar
7f2275aa5000-7f2275aa6000 ---p 00000000 00:00 0 
7f2275aa6000-7f2275ba6000 rw-p 00000000 00:00 0                          [stack:6356]
7f2275ba6000-7f2275ba9000 ---p 00000000 00:00 0 
7f2275ba9000-7f2275ca7000 rw-p 00000000 00:00 0                          [stack:6355]
7f2275ca7000-7f2275caa000 ---p 00000000 00:00 0 
7f2275caa000-7f2275da8000 rw-p 00000000 00:00 0                          [stack:6354]
7f2275da8000-7f2275dab000 ---p 00000000 00:00 0 
7f2275dab000-7f2275ea9000 rw-p 00000000 00:00 0                          [stack:6353]
7f2275ea9000-7f2275eac000 ---p 00000000 00:00 0 
7f2275eac000-7f2275faa000 rw-p 00000000 00:00 0                          [stack:6352]
7f2275faa000-7f227668c000 r--p 00000000 08:02 1186808                    /usr/lib/locale/locale-archive
7f227668c000-7f227668f000 ---p 00000000 00:00 0 
7f227668f000-7f227678d000 rw-p 00000000 00:00 0                          [stack:6351]
7f227678d000-7f2276790000 ---p 00000000 00:00 0 
7f2276790000-7f227688e000 rw-p 00000000 00:00 0                          [stack:6350]
7f227688e000-7f227688f000 ---p 00000000 00:00 0 
7f227688f000-7f227796d000 rw-p 00000000 00:00 0                          [stack:6349]
7f227796d000-7f2277b2d000 r--s 039fb000 08:02 1360694                    /usr/lib/jvm/java-7-oracle/jre/lib/rt.jar
7f2277b2d000-7f2278000000 rw-p 00000000 00:00 0 
7f2278000000-7f2278021000 rw-p 00000000 00:00 0 
7f2278021000-7f227c000000 ---p 00000000 00:00 0 
7f227c009000-7f227c018000 r--s 00098000 08:02 4244888                    /home/jazen/Documents/Research/Platypus_Software/MyForks/VREP-Boat-Simulator/VrepSimulation/lib/jscience-4.3.jar
7f227c018000-7f227c039000 rw-p 00000000 00:00 0 
7f227c039000-7f227c03a000 ---p 00000000 00:00 0 
7f227c03a000-7f227c13a000 rw-p 00000000 00:00 0                          [stack:6348]
7f227c13a000-7f227c13b000 ---p 00000000 00:00 0 
7f227c13b000-7f227c23b000 rw-p 00000000 00:00 0                          [stack:6347]
7f227c23b000-7f227c23c000 ---p 00000000 00:00 0 
7f227c23c000-7f227c365000 rw-p 00000000 00:00 0                          [stack:6346]
7f227c365000-7f227c5cd000 rw-p 00000000 00:00 0 
7f227c5cd000-7f227c5d8000 rw-p 00000000 00:00 0 
7f227c5d8000-7f227c5f6000 rw-p 00000000 00:00 0 
7f227c5f6000-7f227c61f000 rw-p 00000000 00:00 0 
7f227c61f000-7f227c886000 rw-p 00000000 00:00 0 
7f227c886000-7f227c89b000 rw-p 00000000 00:00 0 
7f227c89b000-7f227c9cf000 rw-p 00000000 00:00 0 
7f227c9cf000-7f227c9d0000 rw-p 00000000 00:00 0 
7f227c9d0000-7f227cc40000 rwxp 00000000 00:00 0 
7f227cc40000-7f227f9d0000 rw-p 00000000 00:00 0 
7f227f9d0000-7f227f9e7000 r-xp 00000000 08:02 1318427                    /usr/lib/jvm/java-7-oracle/jre/lib/amd64/libzip.so
7f227f9e7000-7f227fbe7000 ---p 00017000 08:02 1318427                    /usr/lib/jvm/java-7-oracle/jre/lib/amd64/libzip.so
7f227fbe7000-7f227fbe8000 rw-p 00017000 08:02 1318427                    /usr/lib/jvm/java-7-oracle/jre/lib/amd64/libzip.so
7f227fbe8000-7f227fbf3000 r-xp 00000000 08:02 4980826                    /lib/x86_64-linux-gnu/libnss_files-2.19.so
7f227fbf3000-7f227fdf2000 ---p 0000b000 08:02 4980826                    /lib/x86_64-linux-gnu/libnss_files-2.19.so
7f227fdf2000-7f227fdf3000 r--p 0000a000 08:02 4980826                    /lib/x86_64-linux-gnu/libnss_files-2.19.so
7f227fdf3000-7f227fdf4000 rw-p 0000b000 08:02 4980826                    /lib/x86_64-linux-gnu/libnss_files-2.19.so
7f227fdf4000-7f227fdff000 r-xp 00000000 08:02 4987156                    /lib/x86_64-linux-gnu/libnss_nis-2.19.so
7f227fdff000-7f227fffe000 ---p 0000b000 08:02 4987156                    /lib/x86_64-linux-gnu/libnss_nis-2.19.so
7f227fffe000-7f227ffff000 r--p 0000a000 08:02 4987156                    /lib/x86_64-linux-gnu/libnss_nis-2.19.so
7f227ffff000-7f2280000000 rw-p 0000b000 08:02 4987156                    /lib/x86_64-linux-gnu/libnss_nis-2.19.so
7f2280000000-7f228020c000 rw-p 00000000 00:00 0 
7f228020c000-7f2284000000 ---p 00000000 00:00 0 
7f2284002000-7f2284006000 r--s 0003c000 08:02 4244883                    /home/jazen/Documents/Research/Platypus_Software/MyForks/VREP-Boat-Simulator/VrepSimulation/lib/madara.jar
7f2284006000-7f2284057000 rw-p 00000000 00:00 0 
7f2284057000-7f2284058000 ---p 00000000 00:00 0 
7f2284058000-7f2284158000 rw-p 00000000 00:00 0                          [stack:6345]
7f2284158000-7f228416f000 r-xp 00000000 08:02 4980835                    /lib/x86_64-linux-gnu/libnsl-2.19.so
7f228416f000-7f228436e000 ---p 00017000 08:02 4980835                    /lib/x86_64-linux-gnu/libnsl-2.19.so
7f228436e000-7f228436f000 r--p 00016000 08:02 4980835                    /lib/x86_64-linux-gnu/libnsl-2.19.so
7f228436f000-7f2284370000 rw-p 00017000 08:02 4980835                    /lib/x86_64-linux-gnu/libnsl-2.19.so
7f2284370000-7f2284372000 rw-p 00000000 00:00 0 
7f2284372000-7f228437b000 r-xp 00000000 08:02 4980834                    /lib/x86_64-linux-gnu/libnss_compat-2.19.so
7f228437b000-7f228457a000 ---p 00009000 08:02 4980834                    /lib/x86_64-linux-gnu/libnss_compat-2.19.so
7f228457a000-7f228457b000 r--p 00008000 08:02 4980834                    /lib/x86_64-linux-gnu/libnss_compat-2.19.so
7f228457b000-7f228457c000 rw-p 00009000 08:02 4980834                    /lib/x86_64-linux-gnu/libnss_compat-2.19.so
7f228457c000-7f22845a5000 r-xp 00000000 08:02 1318400                    /usr/lib/jvm/java-7-oracle/jre/lib/amd64/libjava.so
7f22845a5000-7f22847a5000 ---p 00029000 08:02 1318400                    /usr/lib/jvm/java-7-oracle/jre/lib/amd64/libjava.so
7f22847a5000-7f22847a7000 rw-p 00029000 08:02 1318400                    /usr/lib/jvm/java-7-oracle/jre/lib/amd64/libjava.so
7f22847a7000-7f22847b4000 r-xp 00000000 08:02 1318438                    /usr/lib/jvm/java-7-oracle/jre/lib/amd64/libverify.so
7f22847b4000-7f22849b3000 ---p 0000d000 08:02 1318438                    /usr/lib/jvm/java-7-oracle/jre/lib/amd64/libverify.so
7f22849b3000-7f22849b5000 rw-p 0000c000 08:02 1318438                    /usr/lib/jvm/java-7-oracle/jre/lib/amd64/libverify.so
7f22849b5000-7f22849bc000 r-xp 00000000 08:02 4984752                    /lib/x86_64-linux-gnu/librt-2.19.so
7f22849bc000-7f2284bbb000 ---p 00007000 08:02 4984752                    /lib/x86_64-linux-gnu/librt-2.19.so
7f2284bbb000-7f2284bbc000 r--p 00006000 08:02 4984752                    /lib/x86_64-linux-gnu/librt-2.19.so
7f2284bbc000-7f2284bbd000 rw-p 00007000 08:02 4984752                    /lib/x86_64-linux-gnu/librt-2.19.so
7f2284bbd000-7f2284cc2000 r-xp 00000000 08:02 4980825                    /lib/x86_64-linux-gnu/libm-2.19.so
7f2284cc2000-7f2284ec1000 ---p 00105000 08:02 4980825                    /lib/x86_64-linux-gnu/libm-2.19.so
7f2284ec1000-7f2284ec2000 r--p 00104000 08:02 4980825                    /lib/x86_64-linux-gnu/libm-2.19.so
7f2284ec2000-7f2284ec3000 rw-p 00105000 08:02 4980825                    /lib/x86_64-linux-gnu/libm-2.19.so
7f2284ec3000-7f2285a39000 r-xp 00000000 08:02 1318388                    /usr/lib/jvm/java-7-oracle/jre/lib/amd64/server/libjvm.so
7f2285a39000-7f2285c38000 ---p 00b76000 08:02 1318388                    /usr/lib/jvm/java-7-oracle/jre/lib/amd64/server/libjvm.so
7f2285c38000-7f2285cfc000 rw-p 00b75000 08:02 1318388                    /usr/lib/jvm/java-7-oracle/jre/lib/amd64/server/libjvm.so
7f2285cfc000-7f2285d3d000 rw-p 00000000 00:00 0 
7f2285d3d000-7f2285ef8000 r-xp 00000000 08:02 4980840                    /lib/x86_64-linux-gnu/libc-2.19.so
7f2285ef8000-7f22860f7000 ---p 001bb000 08:02 4980840                    /lib/x86_64-linux-gnu/libc-2.19.so
7f22860f7000-7f22860fb000 r--p 001ba000 08:02 4980840                    /lib/x86_64-linux-gnu/libc-2.19.so
7f22860fb000-7f22860fd000 rw-p 001be000 08:02 4980840                    /lib/x86_64-linux-gnu/libc-2.19.so
7f22860fd000-7f2286102000 rw-p 00000000 00:00 0 
7f2286102000-7f2286105000 r-xp 00000000 08:02 4980829                    /lib/x86_64-linux-gnu/libdl-2.19.so
7f2286105000-7f2286304000 ---p 00003000 08:02 4980829                    /lib/x86_64-linux-gnu/libdl-2.19.so
7f2286304000-7f2286305000 r--p 00002000 08:02 4980829                    /lib/x86_64-linux-gnu/libdl-2.19.so
7f2286305000-7f2286306000 rw-p 00003000 08:02 4980829                    /lib/x86_64-linux-gnu/libdl-2.19.so
7f2286306000-7f228631b000 r-xp 00000000 08:02 1364427                    /usr/lib/jvm/java-7-oracle/lib/amd64/jli/libjli.so
7f228631b000-7f228651a000 ---p 00015000 08:02 1364427                    /usr/lib/jvm/java-7-oracle/lib/amd64/jli/libjli.so
7f228651a000-7f228651b000 rw-p 00014000 08:02 1364427                    /usr/lib/jvm/java-7-oracle/lib/amd64/jli/libjli.so
7f228651b000-7f2286534000 r-xp 00000000 08:02 4984658                    /lib/x86_64-linux-gnu/libpthread-2.19.so
7f2286534000-7f2286733000 ---p 00019000 08:02 4984658                    /lib/x86_64-linux-gnu/libpthread-2.19.so
7f2286733000-7f2286734000 r--p 00018000 08:02 4984658                    /lib/x86_64-linux-gnu/libpthread-2.19.so
7f2286734000-7f2286735000 rw-p 00019000 08:02 4984658                    /lib/x86_64-linux-gnu/libpthread-2.19.so
7f2286735000-7f2286739000 rw-p 00000000 00:00 0 
7f2286739000-7f228675c000 r-xp 00000000 08:02 4980837                    /lib/x86_64-linux-gnu/ld-2.19.so
7f228675c000-7f228675f000 r--s 0001f000 08:02 4244884                    /home/jazen/Documents/Research/Platypus_Software/MyForks/VREP-Boat-Simulator/VrepSimulation/lib/gams.jar
7f228675f000-7f2286769000 rw-p 00000000 00:00 0 
7f2286769000-7f228681f000 rw-p 00000000 00:00 0 
7f228681f000-7f2286822000 ---p 00000000 00:00 0 
7f2286822000-7f2286925000 rw-p 00000000 00:00 0                          [stack:6344]
7f2286925000-7f2286926000 r--s 00008000 08:02 4244887                    /home/jazen/Documents/Research/Platypus_Software/MyForks/VREP-Boat-Simulator/VrepSimulation/lib/Jama-1.0.3.jar
7f2286926000-7f2286931000 rw-p 00000000 00:00 0 
7f2286931000-7f228694f000 rw-p 00000000 00:00 0 
7f228694f000-7f2286957000 rw-s 00000000 08:02 5129618                    /tmp/hsperfdata_jazen/6339
7f2286957000-7f2286958000 rw-p 00000000 00:00 0 
7f2286958000-7f2286959000 r--p 00000000 00:00 0 
7f2286959000-7f228695b000 rw-p 00000000 00:00 0 
7f228695b000-7f228695c000 r--p 00022000 08:02 4980837                    /lib/x86_64-linux-gnu/ld-2.19.so
7f228695c000-7f228695d000 rw-p 00023000 08:02 4980837                    /lib/x86_64-linux-gnu/ld-2.19.so
7f228695d000-7f228695e000 rw-p 00000000 00:00 0 
7fff6c2f1000-7fff6c313000 rw-p 00000000 00:00 0                          [stack]
7fff6c352000-7fff6c354000 r-xp 00000000 00:00 0                          [vdso]
ffffffffff600000-ffffffffff601000 r-xp 00000000 00:00 0                  [vsyscall]

VM Arguments:
jvm_args: -Dfile.encoding=UTF-8 -Djava.library.path=/home/jazen/v_rep/programming/remoteApiBindings/java/lib/64Bit:/home/jazen/ace/ACE_wrappers/ace:/home/jazen/madara:/home/jazen/gams:/home/jazen/gams/lib
 
java_command: vrepSim.vrepSimMain
Launcher Type: SUN_STANDARD

Environment Variables:
JAVA_HOME=/usr/lib/jvm/java-7-oracle
PATH=/home/jazen/ace/ACE_wrappers/bin:/home/jazen/bin:/opt/ros/indigo/bin:/home/jazen/bin:/usr/local/sbin:/usr/local/bin:/usr/sbin:/usr/bin:/sbin:/bin:/usr/games:/usr/local/games
LD_LIBRARY_PATH=/usr/lib/jvm/java-8-oracle/jre/lib/amd64:/usr/lib/jvm/java-8-oracle/jre/lib/i386:/home/jazen/ace/ACE_wrappers/lib:/home/jazen/madara/lib:/home/jazen/gams/lib:/opt/ros/indigo/lib:/opt/ros/indigo/lib/x86_64-linux-gnu
SHELL=/bin/bash
DISPLAY=:0

Signal Handlers:
SIGSEGV: [libjvm.so+0x9a3b20], sa_mask[0]=0x7ffbfeff, sa_flags=0x10000004
SIGBUS: [libjvm.so+0x9a3b20], sa_mask[0]=0x7ffbfeff, sa_flags=0x10000004
SIGFPE: [libjvm.so+0x81e740], sa_mask[0]=0x7ffbfeff, sa_flags=0x10000004
SIGPIPE: [libjvm.so+0x81e740], sa_mask[0]=0x7ffbfeff, sa_flags=0x10000004
SIGXFSZ: [libjvm.so+0x81e740], sa_mask[0]=0x7ffbfeff, sa_flags=0x10000004
SIGILL: [libjvm.so+0x81e740], sa_mask[0]=0x7ffbfeff, sa_flags=0x10000004
SIGUSR1: SIG_DFL, sa_mask[0]=0x00000000, sa_flags=0x00000000
SIGUSR2: [libjvm.so+0x81ffb0], sa_mask[0]=0x00000004, sa_flags=0x10000004
SIGHUP: [libjvm.so+0x8210d0], sa_mask[0]=0x7ffbfeff, sa_flags=0x10000004
SIGINT: SIG_IGN, sa_mask[0]=0x00000000, sa_flags=0x00000000
SIGTERM: [libjvm.so+0x8210d0], sa_mask[0]=0x7ffbfeff, sa_flags=0x10000004
SIGQUIT: [libjvm.so+0x8210d0], sa_mask[0]=0x7ffbfeff, sa_flags=0x10000004


---------------  S Y S T E M  ---------------

OS:jessie/sid

uname:Linux 3.13.0-62-generic #102-Ubuntu SMP Tue Aug 11 14:29:36 UTC 2015 x86_64
libc:glibc 2.19 NPTL 2.19 
rlimit: STACK 8192k, CORE 0k, NPROC 61293, NOFILE 4096, AS infinity
load average:2.98 2.01 1.76

/proc/meminfo:
MemTotal:        8063700 kB
MemFree:          833612 kB
Buffers:          156756 kB
Cached:          2373168 kB
SwapCached:            0 kB
Active:          5071896 kB
Inactive:        1872636 kB
Active(anon):    4421680 kB
Inactive(anon):   768820 kB
Active(file):     650216 kB
Inactive(file):  1103816 kB
Unevictable:          88 kB
Mlocked:              88 kB
SwapTotal:       8274940 kB
SwapFree:        8274940 kB
Dirty:             17920 kB
Writeback:             0 kB
AnonPages:       4416924 kB
Mapped:           557284 kB
Shmem:            775888 kB
Slab:             146412 kB
SReclaimable:     108080 kB
SUnreclaim:        38332 kB
KernelStack:        5656 kB
PageTables:        47988 kB
NFS_Unstable:          0 kB
Bounce:                0 kB
WritebackTmp:          0 kB
CommitLimit:    12306788 kB
Committed_AS:   10517528 kB
VmallocTotal:   34359738367 kB
VmallocUsed:      361752 kB
VmallocChunk:   34359369304 kB
HardwareCorrupted:     0 kB
AnonHugePages:   2504704 kB
HugePages_Total:       0
HugePages_Free:        0
HugePages_Rsvd:        0
HugePages_Surp:        0
Hugepagesize:       2048 kB
DirectMap4k:       71216 kB
DirectMap2M:     1912832 kB
DirectMap1G:     6291456 kB


CPU:total 4 (2 cores per cpu, 2 threads per core) family 6 model 69 stepping 1, cmov, cx8, fxsr, mmx, sse, sse2, sse3, ssse3, sse4.1, sse4.2, popcnt, avx, avx2, aes, erms, ht, tsc, tscinvbit

/proc/cpuinfo:
processor	: 0
vendor_id	: GenuineIntel
cpu family	: 6
model		: 69
model name	: Intel(R) Core(TM) i5-4210U CPU @ 1.70GHz
stepping	: 1
microcode	: 0x17
cpu MHz		: 1700.000
cache size	: 3072 KB
physical id	: 0
siblings	: 4
core id		: 0
cpu cores	: 2
apicid		: 0
initial apicid	: 0
fpu		: yes
fpu_exception	: yes
cpuid level	: 13
wp		: yes
flags		: fpu vme de pse tsc msr pae mce cx8 apic sep mtrr pge mca cmov pat pse36 clflush dts acpi mmx fxsr sse sse2 ss ht tm pbe syscall nx pdpe1gb rdtscp lm constant_tsc arch_perfmon pebs bts rep_good nopl xtopology nonstop_tsc aperfmperf eagerfpu pni pclmulqdq dtes64 monitor ds_cpl vmx est tm2 ssse3 fma cx16 xtpr pdcm pcid sse4_1 sse4_2 movbe popcnt tsc_deadline_timer aes xsave avx f16c rdrand lahf_lm abm ida arat epb xsaveopt pln pts dtherm tpr_shadow vnmi flexpriority ept vpid fsgsbase tsc_adjust bmi1 avx2 smep bmi2 erms invpcid
bogomips	: 4788.85
clflush size	: 64
cache_alignment	: 64
address sizes	: 39 bits physical, 48 bits virtual
power management:

processor	: 1
vendor_id	: GenuineIntel
cpu family	: 6
model		: 69
model name	: Intel(R) Core(TM) i5-4210U CPU @ 1.70GHz
stepping	: 1
microcode	: 0x17
cpu MHz		: 1700.000
cache size	: 3072 KB
physical id	: 0
siblings	: 4
core id		: 1
cpu cores	: 2
apicid		: 2
initial apicid	: 2
fpu		: yes
fpu_exception	: yes
cpuid level	: 13
wp		: yes
flags		: fpu vme de pse tsc msr pae mce cx8 apic sep mtrr pge mca cmov pat pse36 clflush dts acpi mmx fxsr sse sse2 ss ht tm pbe syscall nx pdpe1gb rdtscp lm constant_tsc arch_perfmon pebs bts rep_good nopl xtopology nonstop_tsc aperfmperf eagerfpu pni pclmulqdq dtes64 monitor ds_cpl vmx est tm2 ssse3 fma cx16 xtpr pdcm pcid sse4_1 sse4_2 movbe popcnt tsc_deadline_timer aes xsave avx f16c rdrand lahf_lm abm ida arat epb xsaveopt pln pts dtherm tpr_shadow vnmi flexpriority ept vpid fsgsbase tsc_adjust bmi1 avx2 smep bmi2 erms invpcid
bogomips	: 4788.85
clflush size	: 64
cache_alignment	: 64
address sizes	: 39 bits physical, 48 bits virtual
power management:

processor	: 2
vendor_id	: GenuineIntel
cpu family	: 6
model		: 69
model name	: Intel(R) Core(TM) i5-4210U CPU @ 1.70GHz
stepping	: 1
microcode	: 0x17
cpu MHz		: 1700.000
cache size	: 3072 KB
physical id	: 0
siblings	: 4
core id		: 0
cpu cores	: 2
apicid		: 1
initial apicid	: 1
fpu		: yes
fpu_exception	: yes
cpuid level	: 13
wp		: yes
flags		: fpu vme de pse tsc msr pae mce cx8 apic sep mtrr pge mca cmov pat pse36 clflush dts acpi mmx fxsr sse sse2 ss ht tm pbe syscall nx pdpe1gb rdtscp lm constant_tsc arch_perfmon pebs bts rep_good nopl xtopology nonstop_tsc aperfmperf eagerfpu pni pclmulqdq dtes64 monitor ds_cpl vmx est tm2 ssse3 fma cx16 xtpr pdcm pcid sse4_1 sse4_2 movbe popcnt tsc_deadline_timer aes xsave avx f16c rdrand lahf_lm abm ida arat epb xsaveopt pln pts dtherm tpr_shadow vnmi flexpriority ept vpid fsgsbase tsc_adjust bmi1 avx2 smep bmi2 erms invpcid
bogomips	: 4788.85
clflush size	: 64
cache_alignment	: 64
address sizes	: 39 bits physical, 48 bits virtual
power management:

processor	: 3
vendor_id	: GenuineIntel
cpu family	: 6
model		: 69
model name	: Intel(R) Core(TM) i5-4210U CPU @ 1.70GHz
stepping	: 1
microcode	: 0x17
cpu MHz		: 1700.000
cache size	: 3072 KB
physical id	: 0
siblings	: 4
core id		: 1
cpu cores	: 2
apicid		: 3
initial apicid	: 3
fpu		: yes
fpu_exception	: yes
cpuid level	: 13
wp		: yes
flags		: fpu vme de pse tsc msr pae mce cx8 apic sep mtrr pge mca cmov pat pse36 clflush dts acpi mmx fxsr sse sse2 ss ht tm pbe syscall nx pdpe1gb rdtscp lm constant_tsc arch_perfmon pebs bts rep_good nopl xtopology nonstop_tsc aperfmperf eagerfpu pni pclmulqdq dtes64 monitor ds_cpl vmx est tm2 ssse3 fma cx16 xtpr pdcm pcid sse4_1 sse4_2 movbe popcnt tsc_deadline_timer aes xsave avx f16c rdrand lahf_lm abm ida arat epb xsaveopt pln pts dtherm tpr_shadow vnmi flexpriority ept vpid fsgsbase tsc_adjust bmi1 avx2 smep bmi2 erms invpcid
bogomips	: 4788.85
clflush size	: 64
cache_alignment	: 64
address sizes	: 39 bits physical, 48 bits virtual
power management:



Memory: 4k page, physical 8063700k(833612k free), swap 8274940k(8274940k free)

vm_info: Java HotSpot(TM) 64-Bit Server VM (24.80-b11) for linux-amd64 JRE (1.7.0_80-b15), built on Apr 10 2015 19:53:14 by "java_re" with gcc 4.3.0 20080428 (Red Hat 4.3.0-8)

time: Tue Aug 18 23:12:40 2015
elapsed time: 16 seconds

