#
# A fatal error has been detected by the Java Runtime Environment:
#
#  SIGSEGV (0xb) at pc=0x00007f74cf972ba0, pid=4984, tid=140139636557568
#
# JRE version: Java(TM) SE Runtime Environment (7.0_80-b15) (build 1.7.0_80-b15)
# Java VM: Java HotSpot(TM) 64-Bit Server VM (24.80-b11 mixed mode linux-amd64 compressed oops)
# Problematic frame:
# C  [libGAMS.so.6.3.0+0x37ba0]  Java_com_gams_utility_Position_jni_1getX+0x0
#
# Failed to write core dump. Core dumps have been disabled. To enable core dumping, try "ulimit -c unlimited" before starting Java again
#
# If you would like to submit a bug report, please visit:
#   http://bugreport.java.com/bugreport/crash.jsp
# The crash happened outside the Java Virtual Machine in native code.
# See problematic frame for where to report the bug.
#

---------------  T H R E A D  ---------------

Current thread (0x00007f7504205000):  JavaThread "Thread-3" [_thread_in_native, id=5006, stack(0x00007f74cd318000,0x00007f74cd419000)]

siginfo:si_signo=SIGSEGV: si_errno=0, si_code=1 (SEGV_MAPERR), si_addr=0x0000000000000008

Registers:
RAX=0x00007f74cf972ba0, RBX=0x000000077feac4d0, RCX=0x0000000000000021, RDX=0x0000000000000000
RSP=0x00007f74cd416aa8, RBP=0x00007f74cd416b08, RSI=0x00007f74cd416b38, RDI=0x00007f75042051e8
R8 =0x00007f7501010360, R9 =0x00007f74cd416e48, R10=0x00007f7501012d6c, R11=0x00007f750ca5e940
R12=0x0000000000000000, R13=0x000000077feac4d0, R14=0x00007f74cd416b38, R15=0x00007f7504205000
RIP=0x00007f74cf972ba0, EFLAGS=0x0000000000010287, CSGSFS=0x0000000000000033, ERR=0x0000000000000004
  TRAPNO=0x000000000000000e

Top of Stack: (sp=0x00007f74cd416aa8)
0x00007f74cd416aa8:   00007f7501012d98 00007f74cd416b88
0x00007f74cd416ab8:   00007f74fc7b8f18 000000077feac260
0x00007f74cd416ac8:   00007f74cd416ac8 0000000000000000
0x00007f74cd416ad8:   00007f74cd416b38 000000077feaf418
0x00007f74cd416ae8:   0000000000000000 000000077feac4d0
0x00007f74cd416af8:   0000000000000000 00007f74cd416b28
0x00007f74cd416b08:   00007f74cd416b80 00007f75010060b7
0x00007f74cd416b18:   0000000000000000 00007f750100ecda
0x00007f74cd416b28:   0000000000000000 00000007d7014960
0x00007f74cd416b38:   00000007d7014960 00007f74cd416b40
0x00007f74cd416b48:   000000077fead05d 00007f74cd416b90
0x00007f74cd416b58:   000000077feaf418 0000000000000000
0x00007f74cd416b68:   000000077fead068 00007f74cd416b28
0x00007f74cd416b78:   00007f74cd416b90 00007f74cd416bd8
0x00007f74cd416b88:   00007f75010060b7 00000007d7014960
0x00007f74cd416b98:   00007f74cd416b98 000000077feacd59
0x00007f74cd416ba8:   00007f74cd416bf0 000000077feaf418
0x00007f74cd416bb8:   0000000000000000 000000077feacd88
0x00007f74cd416bc8:   00007f74cd416b90 00007f74cd416be8
0x00007f74cd416bd8:   00007f74cd416c38 00007f7501006350
0x00007f74cd416be8:   00000007d70162c0 00000007d7014960
0x00007f74cd416bf8:   00007f74cd416bf8 000000077fef486d
0x00007f74cd416c08:   00007f74cd416c68 000000077ff5a1b8
0x00007f74cd416c18:   0000000000000000 000000077fef4928
0x00007f74cd416c28:   00007f74cd416be8 00007f74cd416c50
0x00007f74cd416c38:   00007f74cd416cd0 00007f75010004e7
0x00007f74cd416c48:   0000000000000000 3fb999999999999a
0x00007f74cd416c58:   404437efa3b4c1eb 00000007d70162c0
0x00007f74cd416c68:   00000007d8e20440 00007f7500001fa0
0x00007f74cd416c78:   00007f74cd416fc0 00007f74cd416d50
0x00007f74cd416c88:   00007f74cd416e40 00007f7504205000
0x00007f74cd416c98:   00007f74d0000fa0 00007f74cd416d10 

Instructions: (pc=0x00007f74cf972ba0)
0x00007f74cf972b80:   24 1f e8 69 fd ff ff 48 89 ef e8 31 91 ff ff 48
0x00007f74cf972b90:   89 c5 48 8b 1d 37 51 29 00 eb d4 0f 1f 44 00 00
0x00007f74cf972ba0:   f2 0f 10 42 08 c3 66 2e 0f 1f 84 00 00 00 00 00
0x00007f74cf972bb0:   f2 0f 10 42 10 c3 66 2e 0f 1f 84 00 00 00 00 00 

Register to memory mapping:

RAX=0x00007f74cf972ba0: Java_com_gams_utility_Position_jni_1getX+0 in /home/jazen/gams/libGAMS.so.6.3.0 at 0x00007f74cf93b000
RBX=0x000000077feac4d0 is an oop
{method} 
 - klass: {other class}
RCX=0x0000000000000021 is an unknown value
RDX=0x0000000000000000 is an unknown value
RSP=0x00007f74cd416aa8 is pointing into the stack for thread: 0x00007f7504205000
RBP=0x00007f74cd416b08 is pointing into the stack for thread: 0x00007f7504205000
RSI=0x00007f74cd416b38 is pointing into the stack for thread: 0x00007f7504205000
RDI=0x00007f75042051e8 is an unknown value
R8 =0x00007f7501010360 is at code_begin+0 in an Interpreter codelet
method entry point (kind = zerolocals)  [0x00007f7501010360, 0x00007f75010106a0]  832 bytes
R9 =0x00007f74cd416e48 is pointing into the stack for thread: 0x00007f7504205000
R10=0x00007f7501012d6c is at code_begin+620 in an Interpreter codelet
method entry point (kind = native)  [0x00007f7501012b00, 0x00007f7501013360]  2144 bytes
R11=0x00007f750ca5e940: <offset 0x8b5940> in /usr/lib/jvm/java-7-oracle/jre/lib/amd64/server/libjvm.so at 0x00007f750c1a9000
R12=0x0000000000000000 is an unknown value
R13=0x000000077feac4d0 is an oop
{method} 
 - klass: {other class}
R14=0x00007f74cd416b38 is pointing into the stack for thread: 0x00007f7504205000
R15=0x00007f7504205000 is a thread


Stack: [0x00007f74cd318000,0x00007f74cd419000],  sp=0x00007f74cd416aa8,  free space=1018k
Native frames: (J=compiled Java code, j=interpreted, Vv=VM code, C=native code)
C  [libGAMS.so.6.3.0+0x37ba0]  Java_com_gams_utility_Position_jni_1getX+0x0
j  com.gams.utility.Position.getX()D+5
j  com.gams.utility.Position.equals(Lcom/gams/utility/Position;)Z+1
j  vrepSim.LutraPlatform.move(Lcom/gams/utility/Position;D)I+5
v  ~StubRoutines::call_stub
V  [libjvm.so+0x6020a5]  JavaCalls::call_helper(JavaValue*, methodHandle*, JavaCallArguments*, Thread*)+0x365
V  [libjvm.so+0x600b08]  JavaCalls::call(JavaValue*, methodHandle, JavaCallArguments*, Thread*)+0x28
V  [libjvm.so+0x63b684]  jni_invoke_nonstatic(JNIEnv_*, JavaValue*, _jobject*, JNICallType, _jmethodID*, JNI_ArgumentPusher*, Thread*)+0x2b4
V  [libjvm.so+0x64bd29]  jni_CallIntMethodV+0xe9

Java frames: (J=compiled Java code, j=interpreted, Vv=VM code)
j  com.gams.utility.Position.jni_getX(J)D+0
j  com.gams.utility.Position.getX()D+5
j  com.gams.utility.Position.equals(Lcom/gams/utility/Position;)Z+1
j  vrepSim.LutraPlatform.move(Lcom/gams/utility/Position;D)I+5
v  ~StubRoutines::call_stub
j  com.gams.controllers.BaseController.jni_run(JDD)J+0
j  com.gams.controllers.BaseController.run(DD)J+7
j  vrepSim.LutraGAMS$1.run()V+13
j  java.lang.Thread.run()V+11
v  ~StubRoutines::call_stub

---------------  P R O C E S S  ---------------

Java Threads: ( => current thread )
  0x00007f74a0003000 JavaThread "Thread-7" [_thread_in_native, id=5010, stack(0x00007f74aaffe000,0x00007f74ab7ff000)]
  0x00007f749c003000 JavaThread "Thread-6" [_thread_in_native, id=5011, stack(0x00007f74aa7fd000,0x00007f74aaffe000)]
  0x00007f74a4003000 JavaThread "Thread-5" [_thread_in_native, id=5009, stack(0x00007f74ab7ff000,0x00007f74ac000000)]
  0x00007f74b0003000 JavaThread "Thread-4" [_thread_in_native, id=5008, stack(0x00007f74cc316000,0x00007f74ccb17000)]
=>0x00007f7504205000 JavaThread "Thread-3" [_thread_in_native, id=5006, stack(0x00007f74cd318000,0x00007f74cd419000)]
  0x00007f74b4003000 JavaThread "Thread-2" [_thread_in_native, id=5005, stack(0x00007f74cd419000,0x00007f74cdc1a000)]
  0x00007f74c0003000 JavaThread "Thread-1" [_thread_in_native, id=5004, stack(0x00007f74ce0bd000,0x00007f74ce8be000)]
  0x00007f74bc003000 JavaThread "Thread-0" [_thread_in_native, id=5003, stack(0x00007f74ce939000,0x00007f74cf13a000)]
  0x00007f7504099000 JavaThread "Service Thread" daemon [_thread_blocked, id=5000, stack(0x00007f74fcdde000,0x00007f74fcedf000)]
  0x00007f7504097000 JavaThread "C2 CompilerThread1" daemon [_thread_blocked, id=4999, stack(0x00007f74fcedf000,0x00007f74fcfe0000)]
  0x00007f7504094000 JavaThread "C2 CompilerThread0" daemon [_thread_blocked, id=4998, stack(0x00007f75080ac000,0x00007f75081ad000)]
  0x00007f7504091800 JavaThread "Signal Dispatcher" daemon [_thread_blocked, id=4997, stack(0x00007f75081ad000,0x00007f75082ae000)]
  0x00007f7504070800 JavaThread "Finalizer" daemon [_thread_blocked, id=4996, stack(0x00007f7508990000,0x00007f7508a91000)]
  0x00007f750406e800 JavaThread "Reference Handler" daemon [_thread_blocked, id=4995, stack(0x00007f7508a91000,0x00007f7508b92000)]
  0x00007f750400a800 JavaThread "main" [_thread_in_Java, id=4988, stack(0x00007f750db05000,0x00007f750dc06000)]

Other Threads:
  0x00007f750406a000 VMThread [stack: 0x00007f7508b92000,0x00007f7508c93000] [id=4994]
  0x00007f75040a4000 WatcherThread [stack: 0x00007f74fccdd000,0x00007f74fcdde000] [id=5001]

VM state:not at safepoint (normal execution)

VM Mutex/Monitor currently owned by a thread: None

Heap
 PSYoungGen      total 36864K, used 4155K [0x00000007d6f00000, 0x00000007d9800000, 0x0000000800000000)
  eden space 31744K, 7% used [0x00000007d6f00000,0x00000007d716cb50,0x00000007d8e00000)
  from space 5120K, 32% used [0x00000007d8e00000,0x00000007d8fa22d0,0x00000007d9300000)
  to   space 5120K, 0% used [0x00000007d9300000,0x00000007d9300000,0x00000007d9800000)
 ParOldGen       total 83968K, used 8K [0x0000000784e00000, 0x000000078a000000, 0x00000007d6f00000)
  object space 83968K, 0% used [0x0000000784e00000,0x0000000784e02000,0x000000078a000000)
 PSPermGen       total 21504K, used 5435K [0x000000077fc00000, 0x0000000781100000, 0x0000000784e00000)
  object space 21504K, 25% used [0x000000077fc00000,0x000000078014ee88,0x0000000781100000)

Card table byte_map: [0x00007f750aa0b000,0x00007f750ae0e000] byte_map_base: 0x00007f7506e0d000

Polling page: 0x00007f750dc3e000

Code Cache  [0x00007f7501000000, 0x00007f7501270000, 0x00007f7504000000)
 total_blobs=382 nmethods=107 adapters=228 free_code_cache=48364Kb largest_free_block=49503296

Compilation events (10 events):
Event: 19.287 Thread 0x00007f7504097000  109             java.lang.Long::doubleValue (6 bytes)
Event: 19.288 Thread 0x00007f7504097000 nmethod 109 0x00007f750107ee90 code [0x00007f750107efc0, 0x00007f750107f018]
Event: 19.407 Thread 0x00007f7504097000  110             java.util.Locale::equals (75 bytes)
Event: 19.408 Thread 0x00007f7504097000 nmethod 110 0x00007f750108bdd0 code [0x00007f750108bf00, 0x00007f750108bf78]
Event: 19.446 Thread 0x00007f7504094000  111  s          java.lang.StringBuffer::length (5 bytes)
Event: 19.448 Thread 0x00007f7504094000 nmethod 111 0x00007f75010a22d0 code [0x00007f75010a2400, 0x00007f75010a2618]
Event: 19.489 Thread 0x00007f7504094000  112             java.text.SimpleDateFormat::format (171 bytes)
Event: 19.507 Thread 0x00007f7504094000 nmethod 112 0x00007f75010b87d0 code [0x00007f75010b8980, 0x00007f75010b8e30]
Event: 20.008 Thread 0x00007f7504097000  113             java.lang.StringBuilder::<init> (7 bytes)
Event: 20.009 Thread 0x00007f7504097000 nmethod 113 0x00007f75010b9450 code [0x00007f75010b95a0, 0x00007f75010b9698]

GC Heap History (2 events):
Event: 19.689 GC heap before
{Heap before GC invocations=1 (full 0):
 PSYoungGen      total 36864K, used 31744K [0x00000007d6f00000, 0x00000007d9800000, 0x0000000800000000)
  eden space 31744K, 100% used [0x00000007d6f00000,0x00000007d8e00000,0x00000007d8e00000)
  from space 5120K, 0% used [0x00000007d9300000,0x00000007d9300000,0x00000007d9800000)
  to   space 5120K, 0% used [0x00000007d8e00000,0x00000007d8e00000,0x00000007d9300000)
 ParOldGen       total 83968K, used 0K [0x0000000784e00000, 0x000000078a000000, 0x00000007d6f00000)
  object space 83968K, 0% used [0x0000000784e00000,0x0000000784e00000,0x000000078a000000)
 PSPermGen       total 21504K, used 5434K [0x000000077fc00000, 0x0000000781100000, 0x0000000784e00000)
  object space 21504K, 25% used [0x000000077fc00000,0x000000078014eba8,0x0000000781100000)
Event: 19.696 GC heap after
Heap after GC invocations=1 (full 0):
 PSYoungGen      total 36864K, used 1672K [0x00000007d6f00000, 0x00000007d9800000, 0x0000000800000000)
  eden space 31744K, 0% used [0x00000007d6f00000,0x00000007d6f00000,0x00000007d8e00000)
  from space 5120K, 32% used [0x00000007d8e00000,0x00000007d8fa22d0,0x00000007d9300000)
  to   space 5120K, 0% used [0x00000007d9300000,0x00000007d9300000,0x00000007d9800000)
 ParOldGen       total 83968K, used 8K [0x0000000784e00000, 0x000000078a000000, 0x00000007d6f00000)
  object space 83968K, 0% used [0x0000000784e00000,0x0000000784e02000,0x000000078a000000)
 PSPermGen       total 21504K, used 5434K [0x000000077fc00000, 0x0000000781100000, 0x0000000784e00000)
  object space 21504K, 25% used [0x000000077fc00000,0x000000078014eba8,0x0000000781100000)
}

Deoptimization events (10 events):
Event: 1.043 Thread 0x00007f74b4003000 Uncommon trap: reason=unstable_if action=reinterpret pc=0x00007f75010708f4 method=org.apache.commons.math.util.FastMath.resplit([D)V @ 24
Event: 1.106 Thread 0x00007f74b4003000 Uncommon trap: reason=uninitialized action=reinterpret pc=0x00007f7501073104 method=org.apache.commons.math.util.FastMath.slowexp(D[D)D @ 67
Event: 1.159 Thread 0x00007f74b4003000 Uncommon trap: reason=uninitialized action=reinterpret pc=0x00007f7501078484 method=org.apache.commons.math.util.FastMath.slowLog(D)[D @ 84
Event: 3.806 Thread 0x00007f74b4003000 Uncommon trap: reason=unstable_if action=reinterpret pc=0x00007f75010801c4 method=sun.misc.FDBigInt.add(Lsun/misc/FDBigInt;)Lsun/misc/FDBigInt; @ 134
Event: 4.690 Thread 0x00007f74b4003000 Uncommon trap: reason=unstable_if action=reinterpret pc=0x00007f750107d650 method=sun.misc.FormattedFloatingDecimal.applyPrecision(I)[C @ 55
Event: 5.446 Thread 0x00007f74b4003000 Uncommon trap: reason=unstable_if action=reinterpret pc=0x00007f7501097c30 method=sun.misc.FormattedFloatingDecimal.dtoa(IJI)V @ 365
Event: 9.241 Thread 0x00007f74a0003000 Uncommon trap: reason=unstable_if action=reinterpret pc=0x00007f750108fc28 method=sun.misc.FormattedFloatingDecimal.applyPrecision(I)[C @ 66
Event: 10.445 Thread 0x00007f74b4003000 Uncommon trap: reason=unstable_if action=reinterpret pc=0x00007f75010a8540 method=sun.misc.FormattedFloatingDecimal.dtoa(IJI)V @ 954
Event: 19.852 Thread 0x00007f74b4003000 Uncommon trap: reason=unstable_if action=reinterpret pc=0x00007f75010894b8 method=java.util.Formatter$FormatSpecifier.localizedMagnitude(Ljava/lang/StringBuilder;[CLjava/util/Formatter$Flags;ILjava/util/Locale;)Ljava/lang/StringBuilder; @ 284
Event: 19.852 Thread 0x00007f74b4003000 Uncommon trap: reason=unstable_if action=reinterpret pc=0x00007f750106e07c method=java.util.Formatter$FormatSpecifier.addZeros([CI)[C @ 5

Internal exceptions (10 events):
Event: 0.952 Thread 0x00007f74a4003000 Threw 0x00000007d75d2d78 at /HUDSON/workspace/7u-2-build-linux-amd64/jdk7u80/2329/hotspot/src/share/vm/prims/jvm.cpp:1319
Event: 0.953 Thread 0x00007f74a4003000 Threw 0x00000007d75d6108 at /HUDSON/workspace/7u-2-build-linux-amd64/jdk7u80/2329/hotspot/src/share/vm/prims/jvm.cpp:1319
Event: 0.967 Thread 0x00007f74b4003000 Threw 0x00000007d73586e0 at /HUDSON/workspace/7u-2-build-linux-amd64/jdk7u80/2329/hotspot/src/share/vm/prims/jvm.cpp:1319
Event: 0.968 Thread 0x00007f74b4003000 Threw 0x00000007d735bb38 at /HUDSON/workspace/7u-2-build-linux-amd64/jdk7u80/2329/hotspot/src/share/vm/prims/jvm.cpp:1319
Event: 0.970 Thread 0x00007f74b4003000 Threw 0x00000007d73628d0 at /HUDSON/workspace/7u-2-build-linux-amd64/jdk7u80/2329/hotspot/src/share/vm/prims/jvm.cpp:1319
Event: 0.976 Thread 0x00007f74b4003000 Threw 0x00000007d7367e58 at /HUDSON/workspace/7u-2-build-linux-amd64/jdk7u80/2329/hotspot/src/share/vm/prims/jvm.cpp:1319
Event: 0.978 Thread 0x00007f74b4003000 Threw 0x00000007d736a7e0 at /HUDSON/workspace/7u-2-build-linux-amd64/jdk7u80/2329/hotspot/src/share/vm/prims/jvm.cpp:1319
Event: 0.979 Thread 0x00007f74b4003000 Threw 0x00000007d736d390 at /HUDSON/workspace/7u-2-build-linux-amd64/jdk7u80/2329/hotspot/src/share/vm/prims/jvm.cpp:1319
Event: 1.170 Thread 0x00007f74b4003000 Threw 0x00000007d792f698 at /HUDSON/workspace/7u-2-build-linux-amd64/jdk7u80/2329/hotspot/src/share/vm/prims/jvm.cpp:1319
Event: 1.171 Thread 0x00007f74b4003000 Threw 0x00000007d79356a0 at /HUDSON/workspace/7u-2-build-linux-amd64/jdk7u80/2329/hotspot/src/share/vm/prims/jvm.cpp:1319

Events (10 events):
Event: 19.703 Executing VM operation: RevokeBias
Event: 19.703 Executing VM operation: RevokeBias done
Event: 19.703 Executing VM operation: BulkRevokeBias
Event: 19.704 Executing VM operation: BulkRevokeBias done
Event: 19.852 Thread 0x00007f74b4003000 Uncommon trap: trap_request=0xffffff75 fr.pc=0x00007f75010894b8
Event: 19.852 Thread 0x00007f74b4003000 DEOPT PACKING pc=0x00007f75010894b8 sp=0x00007f74cdc180e0
Event: 19.852 Thread 0x00007f74b4003000 DEOPT UNPACKING pc=0x00007f7501039445 sp=0x00007f74cdc180b8 mode 2
Event: 19.852 Thread 0x00007f74b4003000 Uncommon trap: trap_request=0xffffff75 fr.pc=0x00007f750106e07c
Event: 19.852 Thread 0x00007f74b4003000 DEOPT PACKING pc=0x00007f750106e07c sp=0x00007f74cdc18130
Event: 19.852 Thread 0x00007f74b4003000 DEOPT UNPACKING pc=0x00007f7501039445 sp=0x00007f74cdc180f0 mode 2


Dynamic libraries:
00400000-00401000 r-xp 00000000 08:02 1365019                            /usr/lib/jvm/java-7-oracle/bin/java
00600000-00601000 rw-p 00000000 08:02 1365019                            /usr/lib/jvm/java-7-oracle/bin/java
01e41000-01e62000 rw-p 00000000 00:00 0                                  [heap]
77fc00000-781100000 rw-p 00000000 00:00 0 
781100000-784e00000 rw-p 00000000 00:00 0 
784e00000-78a000000 rw-p 00000000 00:00 0 
78a000000-7d6f00000 rw-p 00000000 00:00 0 
7d6f00000-7d9800000 rw-p 00000000 00:00 0 
7d9800000-800000000 rw-p 00000000 00:00 0 
7f749c000000-7f749c022000 rw-p 00000000 00:00 0 
7f749c022000-7f74a0000000 ---p 00000000 00:00 0 
7f74a0000000-7f74a0022000 rw-p 00000000 00:00 0 
7f74a0022000-7f74a4000000 ---p 00000000 00:00 0 
7f74a4000000-7f74a4022000 rw-p 00000000 00:00 0 
7f74a4022000-7f74a8000000 ---p 00000000 00:00 0 
7f74aa7fd000-7f74aa800000 ---p 00000000 00:00 0 
7f74aa800000-7f74aaffe000 rw-p 00000000 00:00 0                          [stack:5011]
7f74aaffe000-7f74ab001000 ---p 00000000 00:00 0 
7f74ab001000-7f74ab7ff000 rw-p 00000000 00:00 0                          [stack:5010]
7f74ab7ff000-7f74ab802000 ---p 00000000 00:00 0 
7f74ab802000-7f74ac000000 rw-p 00000000 00:00 0                          [stack:5009]
7f74ac000000-7f74ac021000 rw-p 00000000 00:00 0 
7f74ac021000-7f74b0000000 ---p 00000000 00:00 0 
7f74b0000000-7f74b0022000 rw-p 00000000 00:00 0 
7f74b0022000-7f74b4000000 ---p 00000000 00:00 0 
7f74b4000000-7f74b40e4000 rw-p 00000000 00:00 0 
7f74b40e4000-7f74b8000000 ---p 00000000 00:00 0 
7f74b8000000-7f74b810e000 rw-p 00000000 00:00 0 
7f74b810e000-7f74bc000000 ---p 00000000 00:00 0 
7f74bc000000-7f74bc022000 rw-p 00000000 00:00 0 
7f74bc022000-7f74c0000000 ---p 00000000 00:00 0 
7f74c0000000-7f74c0022000 rw-p 00000000 00:00 0 
7f74c0022000-7f74c4000000 ---p 00000000 00:00 0 
7f74c4000000-7f74c4021000 rw-p 00000000 00:00 0 
7f74c4021000-7f74c8000000 ---p 00000000 00:00 0 
7f74c8000000-7f74c8021000 rw-p 00000000 00:00 0 
7f74c8021000-7f74cc000000 ---p 00000000 00:00 0 
7f74cc1a9000-7f74cc316000 rw-p 00000000 00:00 0 
7f74cc316000-7f74cc319000 ---p 00000000 00:00 0 
7f74cc319000-7f74ccb17000 rw-p 00000000 00:00 0                          [stack:5008]
7f74ccb17000-7f74ccb18000 ---p 00000000 00:00 0 
7f74ccb18000-7f74cd318000 rw-p 00000000 00:00 0                          [stack:5007]
7f74cd318000-7f74cd31b000 ---p 00000000 00:00 0 
7f74cd31b000-7f74cd419000 rw-p 00000000 00:00 0                          [stack:5006]
7f74cd419000-7f74cd41c000 ---p 00000000 00:00 0 
7f74cd41c000-7f74cdc1a000 rw-p 00000000 00:00 0                          [stack:5005]
7f74cdc1a000-7f74cdc31000 r-xp 00000000 08:02 1318420                    /usr/lib/jvm/java-7-oracle/jre/lib/amd64/libnet.so
7f74cdc31000-7f74cde30000 ---p 00017000 08:02 1318420                    /usr/lib/jvm/java-7-oracle/jre/lib/amd64/libnet.so
7f74cde30000-7f74cde31000 rw-p 00016000 08:02 1318420                    /usr/lib/jvm/java-7-oracle/jre/lib/amd64/libnet.so
7f74cde31000-7f74cde41000 r-xp 00000000 08:02 1318421                    /usr/lib/jvm/java-7-oracle/jre/lib/amd64/libnio.so
7f74cde41000-7f74ce041000 ---p 00010000 08:02 1318421                    /usr/lib/jvm/java-7-oracle/jre/lib/amd64/libnio.so
7f74ce041000-7f74ce042000 rw-p 00010000 08:02 1318421                    /usr/lib/jvm/java-7-oracle/jre/lib/amd64/libnio.so
7f74ce042000-7f74ce0bd000 rw-p 00000000 00:00 0 
7f74ce0bd000-7f74ce0c0000 ---p 00000000 00:00 0 
7f74ce0c0000-7f74ce939000 rw-p 00000000 00:00 0                          [stack:5004]
7f74ce939000-7f74ce93c000 ---p 00000000 00:00 0 
7f74ce93c000-7f74cf13a000 rw-p 00000000 00:00 0                          [stack:5003]
7f74cf13a000-7f74cf13b000 ---p 00000000 00:00 0 
7f74cf13b000-7f74cf93b000 rw-p 00000000 00:00 0                          [stack:5002]
7f74cf93b000-7f74cfa05000 r-xp 00000000 08:02 1859401                    /home/jazen/gams/libGAMS.so.6.3.0
7f74cfa05000-7f74cfc05000 ---p 000ca000 08:02 1859401                    /home/jazen/gams/libGAMS.so.6.3.0
7f74cfc05000-7f74cfc08000 r--p 000ca000 08:02 1859401                    /home/jazen/gams/libGAMS.so.6.3.0
7f74cfc08000-7f74cfc0a000 rw-p 000cd000 08:02 1859401                    /home/jazen/gams/libGAMS.so.6.3.0
7f74cfc0a000-7f74cfdf7000 r-xp 00000000 08:02 1859117                    /home/jazen/madara/libMADARA.so.6.3.0
7f74cfdf7000-7f74cfff6000 ---p 001ed000 08:02 1859117                    /home/jazen/madara/libMADARA.so.6.3.0
7f74cfff6000-7f74cfffd000 r--p 001ec000 08:02 1859117                    /home/jazen/madara/libMADARA.so.6.3.0
7f74cfffd000-7f74d0000000 rw-p 001f3000 08:02 1859117                    /home/jazen/madara/libMADARA.so.6.3.0
7f74d0000000-7f74d0216000 rw-p 00000000 00:00 0 
7f74d0216000-7f74d4000000 ---p 00000000 00:00 0 
7f74d4000000-7f74d4021000 rw-p 00000000 00:00 0 
7f74d4021000-7f74d8000000 ---p 00000000 00:00 0 
7f74d8000000-7f74d8021000 rw-p 00000000 00:00 0 
7f74d8021000-7f74dc000000 ---p 00000000 00:00 0 
7f74dc000000-7f74dce38000 rw-p 00000000 00:00 0 
7f74dce38000-7f74e0000000 ---p 00000000 00:00 0 
7f74e0000000-7f74e0021000 rw-p 00000000 00:00 0 
7f74e0021000-7f74e4000000 ---p 00000000 00:00 0 
7f74e4000000-7f74e4021000 rw-p 00000000 00:00 0 
7f74e4021000-7f74e8000000 ---p 00000000 00:00 0 
7f74e8000000-7f74e8021000 rw-p 00000000 00:00 0 
7f74e8021000-7f74ec000000 ---p 00000000 00:00 0 
7f74ec000000-7f74ec021000 rw-p 00000000 00:00 0 
7f74ec021000-7f74f0000000 ---p 00000000 00:00 0 
7f74f0000000-7f74f0021000 rw-p 00000000 00:00 0 
7f74f0021000-7f74f4000000 ---p 00000000 00:00 0 
7f74f4000000-7f74f4021000 rw-p 00000000 00:00 0 
7f74f4021000-7f74f8000000 ---p 00000000 00:00 0 
7f74f8000000-7f74f8021000 rw-p 00000000 00:00 0 
7f74f8021000-7f74fc000000 ---p 00000000 00:00 0 
7f74fc077000-7f74fc16d000 rw-p 00000000 00:00 0 
7f74fc16d000-7f74fc2fc000 r-xp 00000000 08:02 1705810                    /home/jazen/ace/ACE_wrappers/ace/libACE.so.6.3.0
7f74fc2fc000-7f74fc4fb000 ---p 0018f000 08:02 1705810                    /home/jazen/ace/ACE_wrappers/ace/libACE.so.6.3.0
7f74fc4fb000-7f74fc50e000 r--p 0018e000 08:02 1705810                    /home/jazen/ace/ACE_wrappers/ace/libACE.so.6.3.0
7f74fc50e000-7f74fc512000 rw-p 001a1000 08:02 1705810                    /home/jazen/ace/ACE_wrappers/ace/libACE.so.6.3.0
7f74fc512000-7f74fc514000 rw-p 00000000 00:00 0 
7f74fc514000-7f74fc52a000 r-xp 00000000 08:02 5004209                    /lib/x86_64-linux-gnu/libgcc_s.so.1
7f74fc52a000-7f74fc729000 ---p 00016000 08:02 5004209                    /lib/x86_64-linux-gnu/libgcc_s.so.1
7f74fc729000-7f74fc72a000 r--p 00015000 08:02 5004209                    /lib/x86_64-linux-gnu/libgcc_s.so.1
7f74fc72a000-7f74fc72b000 rw-p 00016000 08:02 5004209                    /lib/x86_64-linux-gnu/libgcc_s.so.1
7f74fc72b000-7f74fc898000 r-xp 00000000 08:02 1246485                    /usr/lib/x86_64-linux-gnu/libstdc++.so.6.0.21
7f74fc898000-7f74fca97000 ---p 0016d000 08:02 1246485                    /usr/lib/x86_64-linux-gnu/libstdc++.so.6.0.21
7f74fca97000-7f74fcaa1000 r--p 0016c000 08:02 1246485                    /usr/lib/x86_64-linux-gnu/libstdc++.so.6.0.21
7f74fcaa1000-7f74fcaa3000 rw-p 00176000 08:02 1246485                    /usr/lib/x86_64-linux-gnu/libstdc++.so.6.0.21
7f74fcaa3000-7f74fcaa7000 rw-p 00000000 00:00 0 
7f74fcaa7000-7f74fcac6000 r-xp 00000000 08:02 1788256                    /home/jazen/v_rep/programming/remoteApiBindings/java/lib/64Bit/libremoteApiJava.so
7f74fcac6000-7f74fccc6000 ---p 0001f000 08:02 1788256                    /home/jazen/v_rep/programming/remoteApiBindings/java/lib/64Bit/libremoteApiJava.so
7f74fccc6000-7f74fccc7000 r--p 0001f000 08:02 1788256                    /home/jazen/v_rep/programming/remoteApiBindings/java/lib/64Bit/libremoteApiJava.so
7f74fccc7000-7f74fccc8000 rw-p 00020000 08:02 1788256                    /home/jazen/v_rep/programming/remoteApiBindings/java/lib/64Bit/libremoteApiJava.so
7f74fccc8000-7f74fccdd000 rw-p 00000000 00:00 0 
7f74fccdd000-7f74fccde000 ---p 00000000 00:00 0 
7f74fccde000-7f74fcdde000 rw-p 00000000 00:00 0                          [stack:5001]
7f74fcdde000-7f74fcde1000 ---p 00000000 00:00 0 
7f74fcde1000-7f74fcedf000 rw-p 00000000 00:00 0                          [stack:5000]
7f74fcedf000-7f74fcee2000 ---p 00000000 00:00 0 
7f74fcee2000-7f7501000000 rw-p 00000000 00:00 0                          [stack:4999]
7f7501000000-7f7501270000 rwxp 00000000 00:00 0 
7f7501270000-7f750420c000 rw-p 00000000 00:00 0 
7f750420c000-7f7508000000 ---p 00000000 00:00 0 
7f750805d000-7f7508086000 r--s 001da000 08:02 4244827                    /home/jazen/Documents/Research/Platypus_Software/MyForks/VREP-Boat-Simulator/VrepSimulation/lib/crwlib_core.jar
7f7508086000-7f7508099000 r--s 000df000 08:02 4244826                    /home/jazen/Documents/Research/Platypus_Software/MyForks/VREP-Boat-Simulator/VrepSimulation/lib/commons-math-2.2.jar
7f7508099000-7f75080a8000 r--s 00098000 08:02 4244888                    /home/jazen/Documents/Research/Platypus_Software/MyForks/VREP-Boat-Simulator/VrepSimulation/lib/jscience-4.3.jar
7f75080a8000-7f75080ac000 r--s 0003c000 08:02 4244883                    /home/jazen/Documents/Research/Platypus_Software/MyForks/VREP-Boat-Simulator/VrepSimulation/lib/madara.jar
7f75080ac000-7f75080af000 ---p 00000000 00:00 0 
7f75080af000-7f75081ad000 rw-p 00000000 00:00 0                          [stack:4998]
7f75081ad000-7f75081b0000 ---p 00000000 00:00 0 
7f75081b0000-7f75082ae000 rw-p 00000000 00:00 0                          [stack:4997]
7f75082ae000-7f7508990000 r--p 00000000 08:02 1186808                    /usr/lib/locale/locale-archive
7f7508990000-7f7508993000 ---p 00000000 00:00 0 
7f7508993000-7f7508a91000 rw-p 00000000 00:00 0                          [stack:4996]
7f7508a91000-7f7508a94000 ---p 00000000 00:00 0 
7f7508a94000-7f7508b92000 rw-p 00000000 00:00 0                          [stack:4995]
7f7508b92000-7f7508b93000 ---p 00000000 00:00 0 
7f7508b93000-7f7509c92000 rw-p 00000000 00:00 0                          [stack:4994]
7f7509c92000-7f7509e52000 r--s 039fb000 08:02 1360694                    /usr/lib/jvm/java-7-oracle/jre/lib/rt.jar
7f7509e52000-7f750a376000 rw-p 00000000 00:00 0 
7f750a376000-7f750a377000 ---p 00000000 00:00 0 
7f750a377000-7f750a477000 rw-p 00000000 00:00 0                          [stack:4993]
7f750a477000-7f750a478000 ---p 00000000 00:00 0 
7f750a478000-7f750a578000 rw-p 00000000 00:00 0                          [stack:4992]
7f750a578000-7f750a579000 ---p 00000000 00:00 0 
7f750a579000-7f750a679000 rw-p 00000000 00:00 0                          [stack:4991]
7f750a679000-7f750a67a000 ---p 00000000 00:00 0 
7f750a67a000-7f750a7a3000 rw-p 00000000 00:00 0                          [stack:4990]
7f750a7a3000-7f750aa0b000 rw-p 00000000 00:00 0 
7f750aa0b000-7f750aa16000 rw-p 00000000 00:00 0 
7f750aa16000-7f750aa34000 rw-p 00000000 00:00 0 
7f750aa34000-7f750aa5d000 rw-p 00000000 00:00 0 
7f750aa5d000-7f750acc4000 rw-p 00000000 00:00 0 
7f750acc4000-7f750acd9000 rw-p 00000000 00:00 0 
7f750acd9000-7f750ae0d000 rw-p 00000000 00:00 0 
7f750ae0d000-7f750ae0e000 rw-p 00000000 00:00 0 
7f750ae0e000-7f750ae25000 r-xp 00000000 08:02 1318427                    /usr/lib/jvm/java-7-oracle/jre/lib/amd64/libzip.so
7f750ae25000-7f750b025000 ---p 00017000 08:02 1318427                    /usr/lib/jvm/java-7-oracle/jre/lib/amd64/libzip.so
7f750b025000-7f750b026000 rw-p 00017000 08:02 1318427                    /usr/lib/jvm/java-7-oracle/jre/lib/amd64/libzip.so
7f750b026000-7f750b031000 r-xp 00000000 08:02 4980826                    /lib/x86_64-linux-gnu/libnss_files-2.19.so
7f750b031000-7f750b230000 ---p 0000b000 08:02 4980826                    /lib/x86_64-linux-gnu/libnss_files-2.19.so
7f750b230000-7f750b231000 r--p 0000a000 08:02 4980826                    /lib/x86_64-linux-gnu/libnss_files-2.19.so
7f750b231000-7f750b232000 rw-p 0000b000 08:02 4980826                    /lib/x86_64-linux-gnu/libnss_files-2.19.so
7f750b232000-7f750b23d000 r-xp 00000000 08:02 4987156                    /lib/x86_64-linux-gnu/libnss_nis-2.19.so
7f750b23d000-7f750b43c000 ---p 0000b000 08:02 4987156                    /lib/x86_64-linux-gnu/libnss_nis-2.19.so
7f750b43c000-7f750b43d000 r--p 0000a000 08:02 4987156                    /lib/x86_64-linux-gnu/libnss_nis-2.19.so
7f750b43d000-7f750b43e000 rw-p 0000b000 08:02 4987156                    /lib/x86_64-linux-gnu/libnss_nis-2.19.so
7f750b43e000-7f750b455000 r-xp 00000000 08:02 4980835                    /lib/x86_64-linux-gnu/libnsl-2.19.so
7f750b455000-7f750b654000 ---p 00017000 08:02 4980835                    /lib/x86_64-linux-gnu/libnsl-2.19.so
7f750b654000-7f750b655000 r--p 00016000 08:02 4980835                    /lib/x86_64-linux-gnu/libnsl-2.19.so
7f750b655000-7f750b656000 rw-p 00017000 08:02 4980835                    /lib/x86_64-linux-gnu/libnsl-2.19.so
7f750b656000-7f750b658000 rw-p 00000000 00:00 0 
7f750b658000-7f750b661000 r-xp 00000000 08:02 4980834                    /lib/x86_64-linux-gnu/libnss_compat-2.19.so
7f750b661000-7f750b860000 ---p 00009000 08:02 4980834                    /lib/x86_64-linux-gnu/libnss_compat-2.19.so
7f750b860000-7f750b861000 r--p 00008000 08:02 4980834                    /lib/x86_64-linux-gnu/libnss_compat-2.19.so
7f750b861000-7f750b862000 rw-p 00009000 08:02 4980834                    /lib/x86_64-linux-gnu/libnss_compat-2.19.so
7f750b862000-7f750b88b000 r-xp 00000000 08:02 1318400                    /usr/lib/jvm/java-7-oracle/jre/lib/amd64/libjava.so
7f750b88b000-7f750ba8b000 ---p 00029000 08:02 1318400                    /usr/lib/jvm/java-7-oracle/jre/lib/amd64/libjava.so
7f750ba8b000-7f750ba8d000 rw-p 00029000 08:02 1318400                    /usr/lib/jvm/java-7-oracle/jre/lib/amd64/libjava.so
7f750ba8d000-7f750ba9a000 r-xp 00000000 08:02 1318438                    /usr/lib/jvm/java-7-oracle/jre/lib/amd64/libverify.so
7f750ba9a000-7f750bc99000 ---p 0000d000 08:02 1318438                    /usr/lib/jvm/java-7-oracle/jre/lib/amd64/libverify.so
7f750bc99000-7f750bc9b000 rw-p 0000c000 08:02 1318438                    /usr/lib/jvm/java-7-oracle/jre/lib/amd64/libverify.so
7f750bc9b000-7f750bca2000 r-xp 00000000 08:02 4984752                    /lib/x86_64-linux-gnu/librt-2.19.so
7f750bca2000-7f750bea1000 ---p 00007000 08:02 4984752                    /lib/x86_64-linux-gnu/librt-2.19.so
7f750bea1000-7f750bea2000 r--p 00006000 08:02 4984752                    /lib/x86_64-linux-gnu/librt-2.19.so
7f750bea2000-7f750bea3000 rw-p 00007000 08:02 4984752                    /lib/x86_64-linux-gnu/librt-2.19.so
7f750bea3000-7f750bfa8000 r-xp 00000000 08:02 4980825                    /lib/x86_64-linux-gnu/libm-2.19.so
7f750bfa8000-7f750c1a7000 ---p 00105000 08:02 4980825                    /lib/x86_64-linux-gnu/libm-2.19.so
7f750c1a7000-7f750c1a8000 r--p 00104000 08:02 4980825                    /lib/x86_64-linux-gnu/libm-2.19.so
7f750c1a8000-7f750c1a9000 rw-p 00105000 08:02 4980825                    /lib/x86_64-linux-gnu/libm-2.19.so
7f750c1a9000-7f750cd1f000 r-xp 00000000 08:02 1318388                    /usr/lib/jvm/java-7-oracle/jre/lib/amd64/server/libjvm.so
7f750cd1f000-7f750cf1e000 ---p 00b76000 08:02 1318388                    /usr/lib/jvm/java-7-oracle/jre/lib/amd64/server/libjvm.so
7f750cf1e000-7f750cfe2000 rw-p 00b75000 08:02 1318388                    /usr/lib/jvm/java-7-oracle/jre/lib/amd64/server/libjvm.so
7f750cfe2000-7f750d023000 rw-p 00000000 00:00 0 
7f750d023000-7f750d1de000 r-xp 00000000 08:02 4980840                    /lib/x86_64-linux-gnu/libc-2.19.so
7f750d1de000-7f750d3dd000 ---p 001bb000 08:02 4980840                    /lib/x86_64-linux-gnu/libc-2.19.so
7f750d3dd000-7f750d3e1000 r--p 001ba000 08:02 4980840                    /lib/x86_64-linux-gnu/libc-2.19.so
7f750d3e1000-7f750d3e3000 rw-p 001be000 08:02 4980840                    /lib/x86_64-linux-gnu/libc-2.19.so
7f750d3e3000-7f750d3e8000 rw-p 00000000 00:00 0 
7f750d3e8000-7f750d3eb000 r-xp 00000000 08:02 4980829                    /lib/x86_64-linux-gnu/libdl-2.19.so
7f750d3eb000-7f750d5ea000 ---p 00003000 08:02 4980829                    /lib/x86_64-linux-gnu/libdl-2.19.so
7f750d5ea000-7f750d5eb000 r--p 00002000 08:02 4980829                    /lib/x86_64-linux-gnu/libdl-2.19.so
7f750d5eb000-7f750d5ec000 rw-p 00003000 08:02 4980829                    /lib/x86_64-linux-gnu/libdl-2.19.so
7f750d5ec000-7f750d601000 r-xp 00000000 08:02 1364427                    /usr/lib/jvm/java-7-oracle/lib/amd64/jli/libjli.so
7f750d601000-7f750d800000 ---p 00015000 08:02 1364427                    /usr/lib/jvm/java-7-oracle/lib/amd64/jli/libjli.so
7f750d800000-7f750d801000 rw-p 00014000 08:02 1364427                    /usr/lib/jvm/java-7-oracle/lib/amd64/jli/libjli.so
7f750d801000-7f750d81a000 r-xp 00000000 08:02 4984658                    /lib/x86_64-linux-gnu/libpthread-2.19.so
7f750d81a000-7f750da19000 ---p 00019000 08:02 4984658                    /lib/x86_64-linux-gnu/libpthread-2.19.so
7f750da19000-7f750da1a000 r--p 00018000 08:02 4984658                    /lib/x86_64-linux-gnu/libpthread-2.19.so
7f750da1a000-7f750da1b000 rw-p 00019000 08:02 4984658                    /lib/x86_64-linux-gnu/libpthread-2.19.so
7f750da1b000-7f750da1f000 rw-p 00000000 00:00 0 
7f750da1f000-7f750da42000 r-xp 00000000 08:02 4980837                    /lib/x86_64-linux-gnu/ld-2.19.so
7f750da42000-7f750da45000 r--s 0001f000 08:02 4244884                    /home/jazen/Documents/Research/Platypus_Software/MyForks/VREP-Boat-Simulator/VrepSimulation/lib/gams.jar
7f750da45000-7f750da4f000 rw-p 00000000 00:00 0 
7f750da4f000-7f750db05000 rw-p 00000000 00:00 0 
7f750db05000-7f750db08000 ---p 00000000 00:00 0 
7f750db08000-7f750dc0b000 rw-p 00000000 00:00 0                          [stack:4988]
7f750dc0b000-7f750dc0c000 r--s 00008000 08:02 4244887                    /home/jazen/Documents/Research/Platypus_Software/MyForks/VREP-Boat-Simulator/VrepSimulation/lib/Jama-1.0.3.jar
7f750dc0c000-7f750dc17000 rw-p 00000000 00:00 0 
7f750dc17000-7f750dc35000 rw-p 00000000 00:00 0 
7f750dc35000-7f750dc3d000 rw-s 00000000 08:02 5129616                    /tmp/hsperfdata_jazen/4984
7f750dc3d000-7f750dc3e000 rw-p 00000000 00:00 0 
7f750dc3e000-7f750dc3f000 r--p 00000000 00:00 0 
7f750dc3f000-7f750dc41000 rw-p 00000000 00:00 0 
7f750dc41000-7f750dc42000 r--p 00022000 08:02 4980837                    /lib/x86_64-linux-gnu/ld-2.19.so
7f750dc42000-7f750dc43000 rw-p 00023000 08:02 4980837                    /lib/x86_64-linux-gnu/ld-2.19.so
7f750dc43000-7f750dc44000 rw-p 00000000 00:00 0 
7ffef76c4000-7ffef76e6000 rw-p 00000000 00:00 0                          [stack]
7ffef77b1000-7ffef77b3000 r-xp 00000000 00:00 0                          [vdso]
ffffffffff600000-ffffffffff601000 r-xp 00000000 00:00 0                  [vsyscall]

VM Arguments:
jvm_args: -Dfile.encoding=UTF-8 -Djava.library.path=/home/jazen/v_rep/programming/remoteApiBindings/java/lib/64Bit:/home/jazen/ace/ACE_wrappers/ace:/home/jazen/madara:/home/jazen/gams:/home/jazen/gams/lib
 
java_command: vrepSim.vrepSimMain
Launcher Type: SUN_STANDARD

Environment Variables:
JAVA_HOME=/usr/lib/jvm/java-7-oracle
PATH=/home/jazen/ace/ACE_wrappers/bin:/home/jazen/bin:/opt/ros/indigo/bin:/home/jazen/bin:/usr/local/sbin:/usr/local/bin:/usr/sbin:/usr/bin:/sbin:/bin:/usr/games:/usr/local/games
LD_LIBRARY_PATH=/usr/lib/jvm/java-8-oracle/jre/lib/amd64:/usr/lib/jvm/java-8-oracle/jre/lib/i386:/home/jazen/ace/ACE_wrappers/lib:/home/jazen/madara/lib:/home/jazen/gams/lib:/opt/ros/indigo/lib:/opt/ros/indigo/lib/x86_64-linux-gnu
SHELL=/bin/bash
DISPLAY=:0

Signal Handlers:
SIGSEGV: [libjvm.so+0x9a3b20], sa_mask[0]=0x7ffbfeff, sa_flags=0x10000004
SIGBUS: [libjvm.so+0x9a3b20], sa_mask[0]=0x7ffbfeff, sa_flags=0x10000004
SIGFPE: [libjvm.so+0x81e740], sa_mask[0]=0x7ffbfeff, sa_flags=0x10000004
SIGPIPE: [libjvm.so+0x81e740], sa_mask[0]=0x7ffbfeff, sa_flags=0x10000004
SIGXFSZ: [libjvm.so+0x81e740], sa_mask[0]=0x7ffbfeff, sa_flags=0x10000004
SIGILL: [libjvm.so+0x81e740], sa_mask[0]=0x7ffbfeff, sa_flags=0x10000004
SIGUSR1: SIG_DFL, sa_mask[0]=0x00000000, sa_flags=0x00000000
SIGUSR2: [libjvm.so+0x81ffb0], sa_mask[0]=0x00000004, sa_flags=0x10000004
SIGHUP: [libjvm.so+0x8210d0], sa_mask[0]=0x7ffbfeff, sa_flags=0x10000004
SIGINT: SIG_IGN, sa_mask[0]=0x00000000, sa_flags=0x00000000
SIGTERM: [libjvm.so+0x8210d0], sa_mask[0]=0x7ffbfeff, sa_flags=0x10000004
SIGQUIT: [libjvm.so+0x8210d0], sa_mask[0]=0x7ffbfeff, sa_flags=0x10000004


---------------  S Y S T E M  ---------------

OS:jessie/sid

uname:Linux 3.13.0-62-generic #102-Ubuntu SMP Tue Aug 11 14:29:36 UTC 2015 x86_64
libc:glibc 2.19 NPTL 2.19 
rlimit: STACK 8192k, CORE 0k, NPROC 61293, NOFILE 4096, AS infinity
load average:3.76 2.37 1.77

/proc/meminfo:
MemTotal:        8063700 kB
MemFree:         2684428 kB
Buffers:          111564 kB
Cached:          1909372 kB
SwapCached:            0 kB
Active:          3565980 kB
Inactive:        1579536 kB
Active(anon):    3131580 kB
Inactive(anon):   750796 kB
Active(file):     434400 kB
Inactive(file):   828740 kB
Unevictable:          88 kB
Mlocked:              88 kB
SwapTotal:       8274940 kB
SwapFree:        8274940 kB
Dirty:              9544 kB
Writeback:             0 kB
AnonPages:       3124700 kB
Mapped:           517456 kB
Shmem:            757800 kB
Slab:             102640 kB
SReclaimable:      66768 kB
SUnreclaim:        35872 kB
KernelStack:        4920 kB
PageTables:        43012 kB
NFS_Unstable:          0 kB
Bounce:                0 kB
WritebackTmp:          0 kB
CommitLimit:    12306788 kB
Committed_AS:    8972260 kB
VmallocTotal:   34359738367 kB
VmallocUsed:      361720 kB
VmallocChunk:   34359369304 kB
HardwareCorrupted:     0 kB
AnonHugePages:   1443840 kB
HugePages_Total:       0
HugePages_Free:        0
HugePages_Rsvd:        0
HugePages_Surp:        0
Hugepagesize:       2048 kB
DirectMap4k:       71216 kB
DirectMap2M:     1912832 kB
DirectMap1G:     6291456 kB


CPU:total 4 (2 cores per cpu, 2 threads per core) family 6 model 69 stepping 1, cmov, cx8, fxsr, mmx, sse, sse2, sse3, ssse3, sse4.1, sse4.2, popcnt, avx, avx2, aes, erms, ht, tsc, tscinvbit

/proc/cpuinfo:
processor	: 0
vendor_id	: GenuineIntel
cpu family	: 6
model		: 69
model name	: Intel(R) Core(TM) i5-4210U CPU @ 1.70GHz
stepping	: 1
microcode	: 0x17
cpu MHz		: 1700.000
cache size	: 3072 KB
physical id	: 0
siblings	: 4
core id		: 0
cpu cores	: 2
apicid		: 0
initial apicid	: 0
fpu		: yes
fpu_exception	: yes
cpuid level	: 13
wp		: yes
flags		: fpu vme de pse tsc msr pae mce cx8 apic sep mtrr pge mca cmov pat pse36 clflush dts acpi mmx fxsr sse sse2 ss ht tm pbe syscall nx pdpe1gb rdtscp lm constant_tsc arch_perfmon pebs bts rep_good nopl xtopology nonstop_tsc aperfmperf eagerfpu pni pclmulqdq dtes64 monitor ds_cpl vmx est tm2 ssse3 fma cx16 xtpr pdcm pcid sse4_1 sse4_2 movbe popcnt tsc_deadline_timer aes xsave avx f16c rdrand lahf_lm abm ida arat epb xsaveopt pln pts dtherm tpr_shadow vnmi flexpriority ept vpid fsgsbase tsc_adjust bmi1 avx2 smep bmi2 erms invpcid
bogomips	: 4788.85
clflush size	: 64
cache_alignment	: 64
address sizes	: 39 bits physical, 48 bits virtual
power management:

processor	: 1
vendor_id	: GenuineIntel
cpu family	: 6
model		: 69
model name	: Intel(R) Core(TM) i5-4210U CPU @ 1.70GHz
stepping	: 1
microcode	: 0x17
cpu MHz		: 1700.000
cache size	: 3072 KB
physical id	: 0
siblings	: 4
core id		: 1
cpu cores	: 2
apicid		: 2
initial apicid	: 2
fpu		: yes
fpu_exception	: yes
cpuid level	: 13
wp		: yes
flags		: fpu vme de pse tsc msr pae mce cx8 apic sep mtrr pge mca cmov pat pse36 clflush dts acpi mmx fxsr sse sse2 ss ht tm pbe syscall nx pdpe1gb rdtscp lm constant_tsc arch_perfmon pebs bts rep_good nopl xtopology nonstop_tsc aperfmperf eagerfpu pni pclmulqdq dtes64 monitor ds_cpl vmx est tm2 ssse3 fma cx16 xtpr pdcm pcid sse4_1 sse4_2 movbe popcnt tsc_deadline_timer aes xsave avx f16c rdrand lahf_lm abm ida arat epb xsaveopt pln pts dtherm tpr_shadow vnmi flexpriority ept vpid fsgsbase tsc_adjust bmi1 avx2 smep bmi2 erms invpcid
bogomips	: 4788.85
clflush size	: 64
cache_alignment	: 64
address sizes	: 39 bits physical, 48 bits virtual
power management:

processor	: 2
vendor_id	: GenuineIntel
cpu family	: 6
model		: 69
model name	: Intel(R) Core(TM) i5-4210U CPU @ 1.70GHz
stepping	: 1
microcode	: 0x17
cpu MHz		: 1700.000
cache size	: 3072 KB
physical id	: 0
siblings	: 4
core id		: 0
cpu cores	: 2
apicid		: 1
initial apicid	: 1
fpu		: yes
fpu_exception	: yes
cpuid level	: 13
wp		: yes
flags		: fpu vme de pse tsc msr pae mce cx8 apic sep mtrr pge mca cmov pat pse36 clflush dts acpi mmx fxsr sse sse2 ss ht tm pbe syscall nx pdpe1gb rdtscp lm constant_tsc arch_perfmon pebs bts rep_good nopl xtopology nonstop_tsc aperfmperf eagerfpu pni pclmulqdq dtes64 monitor ds_cpl vmx est tm2 ssse3 fma cx16 xtpr pdcm pcid sse4_1 sse4_2 movbe popcnt tsc_deadline_timer aes xsave avx f16c rdrand lahf_lm abm ida arat epb xsaveopt pln pts dtherm tpr_shadow vnmi flexpriority ept vpid fsgsbase tsc_adjust bmi1 avx2 smep bmi2 erms invpcid
bogomips	: 4788.85
clflush size	: 64
cache_alignment	: 64
address sizes	: 39 bits physical, 48 bits virtual
power management:

processor	: 3
vendor_id	: GenuineIntel
cpu family	: 6
model		: 69
model name	: Intel(R) Core(TM) i5-4210U CPU @ 1.70GHz
stepping	: 1
microcode	: 0x17
cpu MHz		: 1700.000
cache size	: 3072 KB
physical id	: 0
siblings	: 4
core id		: 1
cpu cores	: 2
apicid		: 3
initial apicid	: 3
fpu		: yes
fpu_exception	: yes
cpuid level	: 13
wp		: yes
flags		: fpu vme de pse tsc msr pae mce cx8 apic sep mtrr pge mca cmov pat pse36 clflush dts acpi mmx fxsr sse sse2 ss ht tm pbe syscall nx pdpe1gb rdtscp lm constant_tsc arch_perfmon pebs bts rep_good nopl xtopology nonstop_tsc aperfmperf eagerfpu pni pclmulqdq dtes64 monitor ds_cpl vmx est tm2 ssse3 fma cx16 xtpr pdcm pcid sse4_1 sse4_2 movbe popcnt tsc_deadline_timer aes xsave avx f16c rdrand lahf_lm abm ida arat epb xsaveopt pln pts dtherm tpr_shadow vnmi flexpriority ept vpid fsgsbase tsc_adjust bmi1 avx2 smep bmi2 erms invpcid
bogomips	: 4788.85
clflush size	: 64
cache_alignment	: 64
address sizes	: 39 bits physical, 48 bits virtual
power management:



Memory: 4k page, physical 8063700k(2684428k free), swap 8274940k(8274940k free)

vm_info: Java HotSpot(TM) 64-Bit Server VM (24.80-b11) for linux-amd64 JRE (1.7.0_80-b15), built on Apr 10 2015 19:53:14 by "java_re" with gcc 4.3.0 20080428 (Red Hat 4.3.0-8)

time: Tue Aug 18 22:43:55 2015
elapsed time: 20 seconds

