#
# A fatal error has been detected by the Java Runtime Environment:
#
#  SIGSEGV (0xb) at pc=0x00007fcf39ce1ba0, pid=3536, tid=140527896786688
#
# JRE version: Java(TM) SE Runtime Environment (7.0_80-b15) (build 1.7.0_80-b15)
# Java VM: Java HotSpot(TM) 64-Bit Server VM (24.80-b11 mixed mode linux-amd64 compressed oops)
# Problematic frame:
# C  [libGAMS.so.6.3.0+0x37ba0]  Java_com_gams_utility_Position_jni_1getX+0x0
#
# Failed to write core dump. Core dumps have been disabled. To enable core dumping, try "ulimit -c unlimited" before starting Java again
#
# If you would like to submit a bug report, please visit:
#   http://bugreport.java.com/bugreport/crash.jsp
# The crash happened outside the Java Virtual Machine in native code.
# See problematic frame for where to report the bug.
#

---------------  T H R E A D  ---------------

Current thread (0x00007fcf441fd000):  JavaThread "Thread-3" [_thread_in_native, id=3561, stack(0x00007fcf334e7000,0x00007fcf335e8000)]

siginfo:si_signo=SIGSEGV: si_errno=0, si_code=1 (SEGV_MAPERR), si_addr=0x0000000000000008

Registers:
RAX=0x00007fcf39ce1ba0, RBX=0x000000077feac4d0, RCX=0x0000000000000021, RDX=0x0000000000000000
RSP=0x00007fcf335e5aa8, RBP=0x00007fcf335e5b08, RSI=0x00007fcf335e5b38, RDI=0x00007fcf441fd1e8
R8 =0x00007fcf41010360, R9 =0x00007fcf335e5e48, R10=0x00007fcf41012d6c, R11=0x00007fcf4ac3b940
R12=0x0000000000000000, R13=0x000000077feac4d0, R14=0x00007fcf335e5b38, R15=0x00007fcf441fd000
RIP=0x00007fcf39ce1ba0, EFLAGS=0x0000000000010287, CSGSFS=0x0000000000000033, ERR=0x0000000000000004
  TRAPNO=0x000000000000000e

Top of Stack: (sp=0x00007fcf335e5aa8)
0x00007fcf335e5aa8:   00007fcf41012d98 00007fcf335e5b88
0x00007fcf335e5ab8:   00007fcf3a9baf18 000000077feac260
0x00007fcf335e5ac8:   00007fcf335e5ac8 0000000000000000
0x00007fcf335e5ad8:   00007fcf335e5b38 000000077feaf418
0x00007fcf335e5ae8:   0000000000000000 000000077feac4d0
0x00007fcf335e5af8:   0000000000000000 00007fcf335e5b28
0x00007fcf335e5b08:   00007fcf335e5b80 00007fcf410060b7
0x00007fcf335e5b18:   0000000000000000 00007fcf4100ecda
0x00007fcf335e5b28:   0000000000000000 00000007d7174890
0x00007fcf335e5b38:   00000007d7174890 00007fcf335e5b40
0x00007fcf335e5b48:   000000077fead05d 00007fcf335e5b90
0x00007fcf335e5b58:   000000077feaf418 0000000000000000
0x00007fcf335e5b68:   000000077fead068 00007fcf335e5b28
0x00007fcf335e5b78:   00007fcf335e5b90 00007fcf335e5bd8
0x00007fcf335e5b88:   00007fcf410060b7 00000007d7174890
0x00007fcf335e5b98:   00007fcf335e5b98 000000077feacd59
0x00007fcf335e5ba8:   00007fcf335e5bf0 000000077feaf418
0x00007fcf335e5bb8:   0000000000000000 000000077feacd88
0x00007fcf335e5bc8:   00007fcf335e5b90 00007fcf335e5be8
0x00007fcf335e5bd8:   00007fcf335e5c38 00007fcf41006350
0x00007fcf335e5be8:   00000007d71761f0 00000007d7174890
0x00007fcf335e5bf8:   00007fcf335e5bf8 000000077fef4895
0x00007fcf335e5c08:   00007fcf335e5c68 000000077ff5a1e8
0x00007fcf335e5c18:   0000000000000000 000000077fef4950
0x00007fcf335e5c28:   00007fcf335e5be8 00007fcf335e5c50
0x00007fcf335e5c38:   00007fcf335e5cd0 00007fcf410004e7
0x00007fcf335e5c48:   0000000000000000 3fb999999999999a
0x00007fcf335e5c58:   404437eedc03227b 00000007d71761f0
0x00007fcf335e5c68:   00000007d8e001f8 00007fcf00001fa0
0x00007fcf335e5c78:   00007fcf335e5fc0 00007fcf335e5d50
0x00007fcf335e5c88:   00007fcf335e5e40 00007fcf441fd000
0x00007fcf335e5c98:   00007fcf0c001390 00007fcf335e5d10 

Instructions: (pc=0x00007fcf39ce1ba0)
0x00007fcf39ce1b80:   24 1f e8 69 fd ff ff 48 89 ef e8 31 91 ff ff 48
0x00007fcf39ce1b90:   89 c5 48 8b 1d 37 51 29 00 eb d4 0f 1f 44 00 00
0x00007fcf39ce1ba0:   f2 0f 10 42 08 c3 66 2e 0f 1f 84 00 00 00 00 00
0x00007fcf39ce1bb0:   f2 0f 10 42 10 c3 66 2e 0f 1f 84 00 00 00 00 00 

Register to memory mapping:

RAX=0x00007fcf39ce1ba0: Java_com_gams_utility_Position_jni_1getX+0 in /home/jazen/gams/libGAMS.so.6.3.0 at 0x00007fcf39caa000
RBX=0x000000077feac4d0 is an oop
{method} 
 - klass: {other class}
RCX=0x0000000000000021 is an unknown value
RDX=0x0000000000000000 is an unknown value
RSP=0x00007fcf335e5aa8 is pointing into the stack for thread: 0x00007fcf441fd000
RBP=0x00007fcf335e5b08 is pointing into the stack for thread: 0x00007fcf441fd000
RSI=0x00007fcf335e5b38 is pointing into the stack for thread: 0x00007fcf441fd000
RDI=0x00007fcf441fd1e8 is an unknown value
R8 =0x00007fcf41010360 is at code_begin+0 in an Interpreter codelet
method entry point (kind = zerolocals)  [0x00007fcf41010360, 0x00007fcf410106a0]  832 bytes
R9 =0x00007fcf335e5e48 is pointing into the stack for thread: 0x00007fcf441fd000
R10=0x00007fcf41012d6c is at code_begin+620 in an Interpreter codelet
method entry point (kind = native)  [0x00007fcf41012b00, 0x00007fcf41013360]  2144 bytes
R11=0x00007fcf4ac3b940: <offset 0x8b5940> in /usr/lib/jvm/java-7-oracle/jre/lib/amd64/server/libjvm.so at 0x00007fcf4a386000
R12=0x0000000000000000 is an unknown value
R13=0x000000077feac4d0 is an oop
{method} 
 - klass: {other class}
R14=0x00007fcf335e5b38 is pointing into the stack for thread: 0x00007fcf441fd000
R15=0x00007fcf441fd000 is a thread


Stack: [0x00007fcf334e7000,0x00007fcf335e8000],  sp=0x00007fcf335e5aa8,  free space=1018k
Native frames: (J=compiled Java code, j=interpreted, Vv=VM code, C=native code)
C  [libGAMS.so.6.3.0+0x37ba0]  Java_com_gams_utility_Position_jni_1getX+0x0
j  com.gams.utility.Position.getX()D+5
j  com.gams.utility.Position.equals(Lcom/gams/utility/Position;)Z+1
j  vrepSim.LutraPlatform.move(Lcom/gams/utility/Position;D)I+5
v  ~StubRoutines::call_stub
V  [libjvm.so+0x6020a5]  JavaCalls::call_helper(JavaValue*, methodHandle*, JavaCallArguments*, Thread*)+0x365
V  [libjvm.so+0x600b08]  JavaCalls::call(JavaValue*, methodHandle, JavaCallArguments*, Thread*)+0x28
V  [libjvm.so+0x63b684]  jni_invoke_nonstatic(JNIEnv_*, JavaValue*, _jobject*, JNICallType, _jmethodID*, JNI_ArgumentPusher*, Thread*)+0x2b4
V  [libjvm.so+0x64bd29]  jni_CallIntMethodV+0xe9

Java frames: (J=compiled Java code, j=interpreted, Vv=VM code)
j  com.gams.utility.Position.jni_getX(J)D+0
j  com.gams.utility.Position.getX()D+5
j  com.gams.utility.Position.equals(Lcom/gams/utility/Position;)Z+1
j  vrepSim.LutraPlatform.move(Lcom/gams/utility/Position;D)I+5
v  ~StubRoutines::call_stub
j  com.gams.controllers.BaseController.jni_run(JDD)J+0
j  com.gams.controllers.BaseController.run(DD)J+7
j  vrepSim.LutraGAMS$1.run()V+13
j  java.lang.Thread.run()V+11
v  ~StubRoutines::call_stub

---------------  P R O C E S S  ---------------

Java Threads: ( => current thread )
  0x00007fcedc003000 JavaThread "Thread-7" [_thread_in_native, id=3565, stack(0x00007fcf314e3000,0x00007fcf31ce4000)]
  0x00007fced8003000 JavaThread "Thread-6" [_thread_in_native, id=3566, stack(0x00007fcf30ce2000,0x00007fcf314e3000)]
  0x00007fcee4003000 JavaThread "Thread-5" [_thread_in_native, id=3564, stack(0x00007fcf31ce4000,0x00007fcf324e5000)]
  0x00007fcee0003000 JavaThread "Thread-4" [_thread_in_native, id=3563, stack(0x00007fcf324e5000,0x00007fcf32ce6000)]
=>0x00007fcf441fd000 JavaThread "Thread-3" [_thread_in_native, id=3561, stack(0x00007fcf334e7000,0x00007fcf335e8000)]
  0x00007fcef4003000 JavaThread "Thread-2" [_thread_in_native, id=3560, stack(0x00007fcf335e8000,0x00007fcf33de9000)]
  0x00007fcef0003000 JavaThread "Thread-1" [_thread_in_native, id=3559, stack(0x00007fcf38336000,0x00007fcf38b37000)]
  0x00007fcefc003000 JavaThread "Thread-0" [_thread_in_native, id=3558, stack(0x00007fcf38bb2000,0x00007fcf393b3000)]
  0x00007fcf44099000 JavaThread "Service Thread" daemon [_thread_blocked, id=3552, stack(0x00007fcf3b015000,0x00007fcf3b116000)]
  0x00007fcf44097000 JavaThread "C2 CompilerThread1" daemon [_thread_blocked, id=3551, stack(0x00007fcf3b116000,0x00007fcf3b217000)]
  0x00007fcf44094000 JavaThread "C2 CompilerThread0" daemon [_thread_blocked, id=3550, stack(0x00007fcf3b217000,0x00007fcf3b318000)]
  0x00007fcf44091800 JavaThread "Signal Dispatcher" daemon [_thread_blocked, id=3549, stack(0x00007fcf3b318000,0x00007fcf3b419000)]
  0x00007fcf44070800 JavaThread "Finalizer" daemon [_thread_blocked, id=3548, stack(0x00007fcf3bafb000,0x00007fcf3bbfc000)]
  0x00007fcf4406e800 JavaThread "Reference Handler" daemon [_thread_blocked, id=3547, stack(0x00007fcf3bbfc000,0x00007fcf3bcfd000)]
  0x00007fcf4400a800 JavaThread "main" [_thread_in_Java, id=3541, stack(0x00007fcf4bce2000,0x00007fcf4bde3000)]

Other Threads:
  0x00007fcf4406a000 VMThread [stack: 0x00007fcf3bcfd000,0x00007fcf3bdfe000] [id=3546]
  0x00007fcf440a3800 WatcherThread [stack: 0x00007fcf3af14000,0x00007fcf3b015000] [id=3553]

VM state:not at safepoint (normal execution)

VM Mutex/Monitor currently owned by a thread: None

Heap
 PSYoungGen      total 36864K, used 19599K [0x00000007d6f00000, 0x00000007d9800000, 0x0000000800000000)
  eden space 31744K, 56% used [0x00000007d6f00000,0x00000007d8074960,0x00000007d8e00000)
  from space 5120K, 33% used [0x00000007d8e00000,0x00000007d8faf668,0x00000007d9300000)
  to   space 5120K, 0% used [0x00000007d9300000,0x00000007d9300000,0x00000007d9800000)
 ParOldGen       total 83968K, used 8K [0x0000000784e00000, 0x000000078a000000, 0x00000007d6f00000)
  object space 83968K, 0% used [0x0000000784e00000,0x0000000784e02000,0x000000078a000000)
 PSPermGen       total 21504K, used 5464K [0x000000077fc00000, 0x0000000781100000, 0x0000000784e00000)
  object space 21504K, 25% used [0x000000077fc00000,0x00000007801563a0,0x0000000781100000)

Card table byte_map: [0x00007fcf48be8000,0x00007fcf48feb000] byte_map_base: 0x00007fcf44fea000

Polling page: 0x00007fcf4be1b000

Code Cache  [0x00007fcf41000000, 0x00007fcf41270000, 0x00007fcf44000000)
 total_blobs=409 nmethods=134 adapters=228 free_code_cache=48283Kb largest_free_block=49414528

Compilation events (10 events):
Event: 32.647 Thread 0x00007fcf44097000  143             org.apache.commons.math.linear.AbstractRealMatrix::transpose (33 bytes)
Event: 32.647 Thread 0x00007fcf44094000  144             org.apache.commons.math.linear.DefaultRealMatrixPreservingVisitor::<init> (5 bytes)
Event: 32.648 Thread 0x00007fcf44094000 nmethod 144 0x00007fcf410bcad0 code [0x00007fcf410bcc00, 0x00007fcf410bcc58]
Event: 32.648 Thread 0x00007fcf44094000  145             org.apache.commons.math.linear.AbstractRealMatrix::walkInOptimizedOrder (6 bytes)
Event: 32.654 Thread 0x00007fcf44094000 nmethod 145 0x00007fcf410d0290 code [0x00007fcf410d03e0, 0x00007fcf410d0488]
Event: 32.656 Thread 0x00007fcf44097000 nmethod 143 0x00007fcf410d3150 code [0x00007fcf410d32c0, 0x00007fcf410d3548]
Event: 32.923 Thread 0x00007fcf44094000  146             org.apache.commons.math.linear.MatrixUtils::createRealMatrix (31 bytes)
Event: 32.925 Thread 0x00007fcf44094000 nmethod 146 0x00007fcf410d2d10 code [0x00007fcf410d2e60, 0x00007fcf410d2fb8]
Event: 33.127 Thread 0x00007fcf44097000  147   !         java.text.SimpleDateFormat::zeroPaddingNumber (270 bytes)
Event: 33.180 Thread 0x00007fcf44097000 nmethod 147 0x00007fcf410de950 code [0x00007fcf410debc0, 0x00007fcf410df4f8]

GC Heap History (2 events):
Event: 19.934 GC heap before
{Heap before GC invocations=1 (full 0):
 PSYoungGen      total 36864K, used 31744K [0x00000007d6f00000, 0x00000007d9800000, 0x0000000800000000)
  eden space 31744K, 100% used [0x00000007d6f00000,0x00000007d8e00000,0x00000007d8e00000)
  from space 5120K, 0% used [0x00000007d9300000,0x00000007d9300000,0x00000007d9800000)
  to   space 5120K, 0% used [0x00000007d8e00000,0x00000007d8e00000,0x00000007d9300000)
 ParOldGen       total 83968K, used 0K [0x0000000784e00000, 0x000000078a000000, 0x00000007d6f00000)
  object space 83968K, 0% used [0x0000000784e00000,0x0000000784e00000,0x000000078a000000)
 PSPermGen       total 21504K, used 5433K [0x000000077fc00000, 0x0000000781100000, 0x0000000784e00000)
  object space 21504K, 25% used [0x000000077fc00000,0x000000078014e7a0,0x0000000781100000)
Event: 19.940 GC heap after
Heap after GC invocations=1 (full 0):
 PSYoungGen      total 36864K, used 1725K [0x00000007d6f00000, 0x00000007d9800000, 0x0000000800000000)
  eden space 31744K, 0% used [0x00000007d6f00000,0x00000007d6f00000,0x00000007d8e00000)
  from space 5120K, 33% used [0x00000007d8e00000,0x00000007d8faf668,0x00000007d9300000)
  to   space 5120K, 0% used [0x00000007d9300000,0x00000007d9300000,0x00000007d9800000)
 ParOldGen       total 83968K, used 8K [0x0000000784e00000, 0x000000078a000000, 0x00000007d6f00000)
  object space 83968K, 0% used [0x0000000784e00000,0x0000000784e02000,0x000000078a000000)
 PSPermGen       total 21504K, used 5433K [0x000000077fc00000, 0x0000000781100000, 0x0000000784e00000)
  object space 21504K, 25% used [0x000000077fc00000,0x000000078014e7a0,0x0000000781100000)
}

Deoptimization events (10 events):
Event: 3.929 Thread 0x00007fcef4003000 Uncommon trap: reason=unstable_if action=reinterpret pc=0x00007fcf4107e944 method=sun.misc.FDBigInt.add(Lsun/misc/FDBigInt;)Lsun/misc/FDBigInt; @ 134
Event: 5.168 Thread 0x00007fcef4003000 Uncommon trap: reason=unstable_if action=reinterpret pc=0x00007fcf41080efc method=sun.misc.FormattedFloatingDecimal.applyPrecision(I)[C @ 55
Event: 5.607 Thread 0x00007fcef4003000 Uncommon trap: reason=unstable_if action=reinterpret pc=0x00007fcf41097c7c method=sun.misc.FormattedFloatingDecimal.dtoa(IJI)V @ 365
Event: 10.970 Thread 0x00007fcef4003000 Uncommon trap: reason=unstable_if action=reinterpret pc=0x00007fcf410a8e0c method=sun.misc.FormattedFloatingDecimal.dtoa(IJI)V @ 954
Event: 11.788 Thread 0x00007fcef4003000 Uncommon trap: reason=unstable_if action=reinterpret pc=0x00007fcf410918e8 method=sun.misc.FormattedFloatingDecimal.applyPrecision(I)[C @ 66
Event: 20.567 Thread 0x00007fcef4003000 Uncommon trap: reason=unstable_if action=reinterpret pc=0x00007fcf410c8a78 method=sun.misc.FormattedFloatingDecimal.dtoa(IJI)V @ 832
Event: 34.166 Thread 0x00007fcef4003000 Uncommon trap: reason=unstable_if action=reinterpret pc=0x00007fcf410d1b5c method=sun.misc.FormattedFloatingDecimal.getChars([C)I @ 561
Event: 34.166 Thread 0x00007fcef4003000 Uncommon trap: reason=unstable_if action=reinterpret pc=0x00007fcf41089630 method=java.util.Formatter$FormatSpecifier.localizedMagnitude(Ljava/lang/StringBuilder;[CLjava/util/Formatter$Flags;ILjava/util/Locale;)Ljava/lang/StringBuilder; @ 284
Event: 34.166 Thread 0x00007fcef4003000 Uncommon trap: reason=unstable_if action=reinterpret pc=0x00007fcf41076c5c method=java.util.Formatter$FormatSpecifier.justify(Ljava/lang/String;)Ljava/lang/String; @ 5
Event: 34.166 Thread 0x00007fcef4003000 Uncommon trap: reason=unstable_if action=reinterpret pc=0x00007fcf410bc5bc method=java.util.Formatter$FormatSpecifier.addZeros([CI)[C @ 5

Internal exceptions (10 events):
Event: 1.286 Thread 0x00007fcee0003000 Threw 0x00000007d7672e58 at /HUDSON/workspace/7u-2-build-linux-amd64/jdk7u80/2329/hotspot/src/share/vm/prims/jvm.cpp:1319
Event: 1.287 Thread 0x00007fcee0003000 Threw 0x00000007d7676180 at /HUDSON/workspace/7u-2-build-linux-amd64/jdk7u80/2329/hotspot/src/share/vm/prims/jvm.cpp:1319
Event: 1.326 Thread 0x00007fcef4003000 Threw 0x00000007d73f7278 at /HUDSON/workspace/7u-2-build-linux-amd64/jdk7u80/2329/hotspot/src/share/vm/prims/jvm.cpp:1319
Event: 1.327 Thread 0x00007fcef4003000 Threw 0x00000007d73fa6d0 at /HUDSON/workspace/7u-2-build-linux-amd64/jdk7u80/2329/hotspot/src/share/vm/prims/jvm.cpp:1319
Event: 1.331 Thread 0x00007fcef4003000 Threw 0x00000007d7401468 at /HUDSON/workspace/7u-2-build-linux-amd64/jdk7u80/2329/hotspot/src/share/vm/prims/jvm.cpp:1319
Event: 1.335 Thread 0x00007fcef4003000 Threw 0x00000007d74069f0 at /HUDSON/workspace/7u-2-build-linux-amd64/jdk7u80/2329/hotspot/src/share/vm/prims/jvm.cpp:1319
Event: 1.335 Thread 0x00007fcef4003000 Threw 0x00000007d7409378 at /HUDSON/workspace/7u-2-build-linux-amd64/jdk7u80/2329/hotspot/src/share/vm/prims/jvm.cpp:1319
Event: 1.336 Thread 0x00007fcef4003000 Threw 0x00000007d740bf28 at /HUDSON/workspace/7u-2-build-linux-amd64/jdk7u80/2329/hotspot/src/share/vm/prims/jvm.cpp:1319
Event: 1.556 Thread 0x00007fcef4003000 Threw 0x00000007d79ce248 at /HUDSON/workspace/7u-2-build-linux-amd64/jdk7u80/2329/hotspot/src/share/vm/prims/jvm.cpp:1319
Event: 1.557 Thread 0x00007fcef4003000 Threw 0x00000007d79d4250 at /HUDSON/workspace/7u-2-build-linux-amd64/jdk7u80/2329/hotspot/src/share/vm/prims/jvm.cpp:1319

Events (10 events):
Event: 34.166 Thread 0x00007fcef4003000 DEOPT UNPACKING pc=0x00007fcf41039445 sp=0x00007fcf33de70f8 mode 2
Event: 34.166 Thread 0x00007fcef4003000 Uncommon trap: trap_request=0xffffff75 fr.pc=0x00007fcf41089630
Event: 34.166 Thread 0x00007fcef4003000 DEOPT PACKING pc=0x00007fcf41089630 sp=0x00007fcf33de70e0
Event: 34.166 Thread 0x00007fcef4003000 DEOPT UNPACKING pc=0x00007fcf41039445 sp=0x00007fcf33de70b8 mode 2
Event: 34.166 Thread 0x00007fcef4003000 Uncommon trap: trap_request=0xffffff75 fr.pc=0x00007fcf41076c5c
Event: 34.166 Thread 0x00007fcef4003000 DEOPT PACKING pc=0x00007fcf41076c5c sp=0x00007fcf33de7240
Event: 34.166 Thread 0x00007fcef4003000 DEOPT UNPACKING pc=0x00007fcf41039445 sp=0x00007fcf33de71e0 mode 2
Event: 34.166 Thread 0x00007fcef4003000 Uncommon trap: trap_request=0xffffff75 fr.pc=0x00007fcf410bc5bc
Event: 34.166 Thread 0x00007fcef4003000 DEOPT PACKING pc=0x00007fcf410bc5bc sp=0x00007fcf33de7130
Event: 34.166 Thread 0x00007fcef4003000 DEOPT UNPACKING pc=0x00007fcf41039445 sp=0x00007fcf33de70f0 mode 2


Dynamic libraries:
00400000-00401000 r-xp 00000000 08:02 1365019                            /usr/lib/jvm/java-7-oracle/bin/java
00600000-00601000 rw-p 00000000 08:02 1365019                            /usr/lib/jvm/java-7-oracle/bin/java
02159000-0217a000 rw-p 00000000 00:00 0                                  [heap]
77fc00000-781100000 rw-p 00000000 00:00 0 
781100000-784e00000 rw-p 00000000 00:00 0 
784e00000-78a000000 rw-p 00000000 00:00 0 
78a000000-7d6f00000 rw-p 00000000 00:00 0 
7d6f00000-7d9800000 rw-p 00000000 00:00 0 
7d9800000-800000000 rw-p 00000000 00:00 0 
7fced8000000-7fced8022000 rw-p 00000000 00:00 0 
7fced8022000-7fcedc000000 ---p 00000000 00:00 0 
7fcedc000000-7fcedc022000 rw-p 00000000 00:00 0 
7fcedc022000-7fcee0000000 ---p 00000000 00:00 0 
7fcee0000000-7fcee0022000 rw-p 00000000 00:00 0 
7fcee0022000-7fcee4000000 ---p 00000000 00:00 0 
7fcee4000000-7fcee4022000 rw-p 00000000 00:00 0 
7fcee4022000-7fcee8000000 ---p 00000000 00:00 0 
7fcee8000000-7fcee8122000 rw-p 00000000 00:00 0 
7fcee8122000-7fceec000000 ---p 00000000 00:00 0 
7fceec000000-7fceec021000 rw-p 00000000 00:00 0 
7fceec021000-7fcef0000000 ---p 00000000 00:00 0 
7fcef0000000-7fcef0022000 rw-p 00000000 00:00 0 
7fcef0022000-7fcef4000000 ---p 00000000 00:00 0 
7fcef4000000-7fcef40e4000 rw-p 00000000 00:00 0 
7fcef40e4000-7fcef8000000 ---p 00000000 00:00 0 
7fcef8000000-7fcef8021000 rw-p 00000000 00:00 0 
7fcef8021000-7fcefc000000 ---p 00000000 00:00 0 
7fcefc000000-7fcefc022000 rw-p 00000000 00:00 0 
7fcefc022000-7fcf00000000 ---p 00000000 00:00 0 
7fcf00000000-7fcf00021000 rw-p 00000000 00:00 0 
7fcf00021000-7fcf04000000 ---p 00000000 00:00 0 
7fcf04000000-7fcf04021000 rw-p 00000000 00:00 0 
7fcf04021000-7fcf08000000 ---p 00000000 00:00 0 
7fcf08000000-7fcf08e9d000 rw-p 00000000 00:00 0 
7fcf08e9d000-7fcf0c000000 ---p 00000000 00:00 0 
7fcf0c000000-7fcf0c78b000 rw-p 00000000 00:00 0 
7fcf0c78b000-7fcf10000000 ---p 00000000 00:00 0 
7fcf10000000-7fcf10021000 rw-p 00000000 00:00 0 
7fcf10021000-7fcf14000000 ---p 00000000 00:00 0 
7fcf14000000-7fcf14021000 rw-p 00000000 00:00 0 
7fcf14021000-7fcf18000000 ---p 00000000 00:00 0 
7fcf18000000-7fcf18021000 rw-p 00000000 00:00 0 
7fcf18021000-7fcf1c000000 ---p 00000000 00:00 0 
7fcf1ffe0000-7fcf24000000 rw-p 00000000 00:00 0 
7fcf24000000-7fcf24021000 rw-p 00000000 00:00 0 
7fcf24021000-7fcf28000000 ---p 00000000 00:00 0 
7fcf28000000-7fcf28021000 rw-p 00000000 00:00 0 
7fcf28021000-7fcf2c000000 ---p 00000000 00:00 0 
7fcf2c000000-7fcf2c021000 rw-p 00000000 00:00 0 
7fcf2c021000-7fcf30000000 ---p 00000000 00:00 0 
7fcf30b75000-7fcf30ce2000 rw-p 00000000 00:00 0 
7fcf30ce2000-7fcf30ce5000 ---p 00000000 00:00 0 
7fcf30ce5000-7fcf314e3000 rw-p 00000000 00:00 0                          [stack:3566]
7fcf314e3000-7fcf314e6000 ---p 00000000 00:00 0 
7fcf314e6000-7fcf31ce4000 rw-p 00000000 00:00 0                          [stack:3565]
7fcf31ce4000-7fcf31ce7000 ---p 00000000 00:00 0 
7fcf31ce7000-7fcf324e5000 rw-p 00000000 00:00 0                          [stack:3564]
7fcf324e5000-7fcf324e8000 ---p 00000000 00:00 0 
7fcf324e8000-7fcf32ce6000 rw-p 00000000 00:00 0                          [stack:3563]
7fcf32ce6000-7fcf32ce7000 ---p 00000000 00:00 0 
7fcf32ce7000-7fcf334e7000 rw-p 00000000 00:00 0                          [stack:3562]
7fcf334e7000-7fcf334ea000 ---p 00000000 00:00 0 
7fcf334ea000-7fcf335e8000 rw-p 00000000 00:00 0                          [stack:3561]
7fcf335e8000-7fcf335eb000 ---p 00000000 00:00 0 
7fcf335eb000-7fcf33de9000 rw-p 00000000 00:00 0                          [stack:3560]
7fcf33de9000-7fcf33e00000 r-xp 00000000 08:02 1318420                    /usr/lib/jvm/java-7-oracle/jre/lib/amd64/libnet.so
7fcf33e00000-7fcf33fff000 ---p 00017000 08:02 1318420                    /usr/lib/jvm/java-7-oracle/jre/lib/amd64/libnet.so
7fcf33fff000-7fcf34000000 rw-p 00016000 08:02 1318420                    /usr/lib/jvm/java-7-oracle/jre/lib/amd64/libnet.so
7fcf34000000-7fcf34021000 rw-p 00000000 00:00 0 
7fcf34021000-7fcf38000000 ---p 00000000 00:00 0 
7fcf380aa000-7fcf380ba000 r-xp 00000000 08:02 1318421                    /usr/lib/jvm/java-7-oracle/jre/lib/amd64/libnio.so
7fcf380ba000-7fcf382ba000 ---p 00010000 08:02 1318421                    /usr/lib/jvm/java-7-oracle/jre/lib/amd64/libnio.so
7fcf382ba000-7fcf382bb000 rw-p 00010000 08:02 1318421                    /usr/lib/jvm/java-7-oracle/jre/lib/amd64/libnio.so
7fcf382bb000-7fcf38336000 rw-p 00000000 00:00 0 
7fcf38336000-7fcf38339000 ---p 00000000 00:00 0 
7fcf38339000-7fcf38bb2000 rw-p 00000000 00:00 0                          [stack:3559]
7fcf38bb2000-7fcf38bb5000 ---p 00000000 00:00 0 
7fcf38bb5000-7fcf394a9000 rw-p 00000000 00:00 0                          [stack:3558]
7fcf394a9000-7fcf394aa000 ---p 00000000 00:00 0 
7fcf394aa000-7fcf39caa000 rw-p 00000000 00:00 0                          [stack:3554]
7fcf39caa000-7fcf39d74000 r-xp 00000000 08:02 1859401                    /home/jazen/gams/libGAMS.so.6.3.0
7fcf39d74000-7fcf39f74000 ---p 000ca000 08:02 1859401                    /home/jazen/gams/libGAMS.so.6.3.0
7fcf39f74000-7fcf39f77000 r--p 000ca000 08:02 1859401                    /home/jazen/gams/libGAMS.so.6.3.0
7fcf39f77000-7fcf39f79000 rw-p 000cd000 08:02 1859401                    /home/jazen/gams/libGAMS.so.6.3.0
7fcf39f79000-7fcf3a166000 r-xp 00000000 08:02 1859117                    /home/jazen/madara/libMADARA.so.6.3.0
7fcf3a166000-7fcf3a365000 ---p 001ed000 08:02 1859117                    /home/jazen/madara/libMADARA.so.6.3.0
7fcf3a365000-7fcf3a36c000 r--p 001ec000 08:02 1859117                    /home/jazen/madara/libMADARA.so.6.3.0
7fcf3a36c000-7fcf3a36f000 rw-p 001f3000 08:02 1859117                    /home/jazen/madara/libMADARA.so.6.3.0
7fcf3a36f000-7fcf3a4fe000 r-xp 00000000 08:02 1705810                    /home/jazen/ace/ACE_wrappers/ace/libACE.so.6.3.0
7fcf3a4fe000-7fcf3a6fd000 ---p 0018f000 08:02 1705810                    /home/jazen/ace/ACE_wrappers/ace/libACE.so.6.3.0
7fcf3a6fd000-7fcf3a710000 r--p 0018e000 08:02 1705810                    /home/jazen/ace/ACE_wrappers/ace/libACE.so.6.3.0
7fcf3a710000-7fcf3a714000 rw-p 001a1000 08:02 1705810                    /home/jazen/ace/ACE_wrappers/ace/libACE.so.6.3.0
7fcf3a714000-7fcf3a716000 rw-p 00000000 00:00 0 
7fcf3a716000-7fcf3a72c000 r-xp 00000000 08:02 5004209                    /lib/x86_64-linux-gnu/libgcc_s.so.1
7fcf3a72c000-7fcf3a92b000 ---p 00016000 08:02 5004209                    /lib/x86_64-linux-gnu/libgcc_s.so.1
7fcf3a92b000-7fcf3a92c000 r--p 00015000 08:02 5004209                    /lib/x86_64-linux-gnu/libgcc_s.so.1
7fcf3a92c000-7fcf3a92d000 rw-p 00016000 08:02 5004209                    /lib/x86_64-linux-gnu/libgcc_s.so.1
7fcf3a92d000-7fcf3aa9a000 r-xp 00000000 08:02 1246485                    /usr/lib/x86_64-linux-gnu/libstdc++.so.6.0.21
7fcf3aa9a000-7fcf3ac99000 ---p 0016d000 08:02 1246485                    /usr/lib/x86_64-linux-gnu/libstdc++.so.6.0.21
7fcf3ac99000-7fcf3aca3000 r--p 0016c000 08:02 1246485                    /usr/lib/x86_64-linux-gnu/libstdc++.so.6.0.21
7fcf3aca3000-7fcf3aca5000 rw-p 00176000 08:02 1246485                    /usr/lib/x86_64-linux-gnu/libstdc++.so.6.0.21
7fcf3aca5000-7fcf3aca9000 rw-p 00000000 00:00 0 
7fcf3acde000-7fcf3acfd000 r-xp 00000000 08:02 1788256                    /home/jazen/v_rep/programming/remoteApiBindings/java/lib/64Bit/libremoteApiJava.so
7fcf3acfd000-7fcf3aefd000 ---p 0001f000 08:02 1788256                    /home/jazen/v_rep/programming/remoteApiBindings/java/lib/64Bit/libremoteApiJava.so
7fcf3aefd000-7fcf3aefe000 r--p 0001f000 08:02 1788256                    /home/jazen/v_rep/programming/remoteApiBindings/java/lib/64Bit/libremoteApiJava.so
7fcf3aefe000-7fcf3aeff000 rw-p 00020000 08:02 1788256                    /home/jazen/v_rep/programming/remoteApiBindings/java/lib/64Bit/libremoteApiJava.so
7fcf3aeff000-7fcf3af14000 rw-p 00000000 00:00 0 
7fcf3af14000-7fcf3af15000 ---p 00000000 00:00 0 
7fcf3af15000-7fcf3b015000 rw-p 00000000 00:00 0                          [stack:3553]
7fcf3b015000-7fcf3b018000 ---p 00000000 00:00 0 
7fcf3b018000-7fcf3b116000 rw-p 00000000 00:00 0                          [stack:3552]
7fcf3b116000-7fcf3b119000 ---p 00000000 00:00 0 
7fcf3b119000-7fcf3b217000 rw-p 00000000 00:00 0                          [stack:3551]
7fcf3b217000-7fcf3b21a000 ---p 00000000 00:00 0 
7fcf3b21a000-7fcf3b318000 rw-p 00000000 00:00 0                          [stack:3550]
7fcf3b318000-7fcf3b31b000 ---p 00000000 00:00 0 
7fcf3b31b000-7fcf3b419000 rw-p 00000000 00:00 0                          [stack:3549]
7fcf3b419000-7fcf3bafb000 r--p 00000000 08:02 1186808                    /usr/lib/locale/locale-archive
7fcf3bafb000-7fcf3bafe000 ---p 00000000 00:00 0 
7fcf3bafe000-7fcf3bbfc000 rw-p 00000000 00:00 0                          [stack:3548]
7fcf3bbfc000-7fcf3bbff000 ---p 00000000 00:00 0 
7fcf3bbff000-7fcf3bcfd000 rw-p 00000000 00:00 0                          [stack:3547]
7fcf3bcfd000-7fcf3bcfe000 ---p 00000000 00:00 0 
7fcf3bcfe000-7fcf3c000000 rw-p 00000000 00:00 0                          [stack:3546]
7fcf3c000000-7fcf3c021000 rw-p 00000000 00:00 0 
7fcf3c021000-7fcf40000000 ---p 00000000 00:00 0 
7fcf40019000-7fcf40042000 r--s 001da000 08:02 4244827                    /home/jazen/Documents/Research/Platypus_Software/MyForks/VREP-Boat-Simulator/VrepSimulation/lib/crwlib_core.jar
7fcf40042000-7fcf40055000 r--s 000df000 08:02 4244826                    /home/jazen/Documents/Research/Platypus_Software/MyForks/VREP-Boat-Simulator/VrepSimulation/lib/commons-math-2.2.jar
7fcf40055000-7fcf40064000 r--s 00098000 08:02 4244888                    /home/jazen/Documents/Research/Platypus_Software/MyForks/VREP-Boat-Simulator/VrepSimulation/lib/jscience-4.3.jar
7fcf40064000-7fcf40e40000 rw-p 00000000 00:00 0 
7fcf40e40000-7fcf41000000 r--s 039fb000 08:02 1360694                    /usr/lib/jvm/java-7-oracle/jre/lib/rt.jar
7fcf41000000-7fcf41270000 rwxp 00000000 00:00 0 
7fcf41270000-7fcf44203000 rw-p 00000000 00:00 0 
7fcf44203000-7fcf48000000 ---p 00000000 00:00 0 
7fcf4800a000-7fcf4800e000 r--s 0003c000 08:02 4244883                    /home/jazen/Documents/Research/Platypus_Software/MyForks/VREP-Boat-Simulator/VrepSimulation/lib/madara.jar
7fcf4800e000-7fcf48553000 rw-p 00000000 00:00 0 
7fcf48553000-7fcf48554000 ---p 00000000 00:00 0 
7fcf48554000-7fcf48654000 rw-p 00000000 00:00 0                          [stack:3545]
7fcf48654000-7fcf48655000 ---p 00000000 00:00 0 
7fcf48655000-7fcf48755000 rw-p 00000000 00:00 0                          [stack:3544]
7fcf48755000-7fcf48756000 ---p 00000000 00:00 0 
7fcf48756000-7fcf48856000 rw-p 00000000 00:00 0                          [stack:3543]
7fcf48856000-7fcf48857000 ---p 00000000 00:00 0 
7fcf48857000-7fcf48980000 rw-p 00000000 00:00 0                          [stack:3542]
7fcf48980000-7fcf48be8000 rw-p 00000000 00:00 0 
7fcf48be8000-7fcf48bf3000 rw-p 00000000 00:00 0 
7fcf48bf3000-7fcf48c11000 rw-p 00000000 00:00 0 
7fcf48c11000-7fcf48c3a000 rw-p 00000000 00:00 0 
7fcf48c3a000-7fcf48ea1000 rw-p 00000000 00:00 0 
7fcf48ea1000-7fcf48eb6000 rw-p 00000000 00:00 0 
7fcf48eb6000-7fcf48fea000 rw-p 00000000 00:00 0 
7fcf48fea000-7fcf48feb000 rw-p 00000000 00:00 0 
7fcf48feb000-7fcf49002000 r-xp 00000000 08:02 1318427                    /usr/lib/jvm/java-7-oracle/jre/lib/amd64/libzip.so
7fcf49002000-7fcf49202000 ---p 00017000 08:02 1318427                    /usr/lib/jvm/java-7-oracle/jre/lib/amd64/libzip.so
7fcf49202000-7fcf49203000 rw-p 00017000 08:02 1318427                    /usr/lib/jvm/java-7-oracle/jre/lib/amd64/libzip.so
7fcf49203000-7fcf4920e000 r-xp 00000000 08:02 4980826                    /lib/x86_64-linux-gnu/libnss_files-2.19.so
7fcf4920e000-7fcf4940d000 ---p 0000b000 08:02 4980826                    /lib/x86_64-linux-gnu/libnss_files-2.19.so
7fcf4940d000-7fcf4940e000 r--p 0000a000 08:02 4980826                    /lib/x86_64-linux-gnu/libnss_files-2.19.so
7fcf4940e000-7fcf4940f000 rw-p 0000b000 08:02 4980826                    /lib/x86_64-linux-gnu/libnss_files-2.19.so
7fcf4940f000-7fcf4941a000 r-xp 00000000 08:02 4987156                    /lib/x86_64-linux-gnu/libnss_nis-2.19.so
7fcf4941a000-7fcf49619000 ---p 0000b000 08:02 4987156                    /lib/x86_64-linux-gnu/libnss_nis-2.19.so
7fcf49619000-7fcf4961a000 r--p 0000a000 08:02 4987156                    /lib/x86_64-linux-gnu/libnss_nis-2.19.so
7fcf4961a000-7fcf4961b000 rw-p 0000b000 08:02 4987156                    /lib/x86_64-linux-gnu/libnss_nis-2.19.so
7fcf4961b000-7fcf49632000 r-xp 00000000 08:02 4980835                    /lib/x86_64-linux-gnu/libnsl-2.19.so
7fcf49632000-7fcf49831000 ---p 00017000 08:02 4980835                    /lib/x86_64-linux-gnu/libnsl-2.19.so
7fcf49831000-7fcf49832000 r--p 00016000 08:02 4980835                    /lib/x86_64-linux-gnu/libnsl-2.19.so
7fcf49832000-7fcf49833000 rw-p 00017000 08:02 4980835                    /lib/x86_64-linux-gnu/libnsl-2.19.so
7fcf49833000-7fcf49835000 rw-p 00000000 00:00 0 
7fcf49835000-7fcf4983e000 r-xp 00000000 08:02 4980834                    /lib/x86_64-linux-gnu/libnss_compat-2.19.so
7fcf4983e000-7fcf49a3d000 ---p 00009000 08:02 4980834                    /lib/x86_64-linux-gnu/libnss_compat-2.19.so
7fcf49a3d000-7fcf49a3e000 r--p 00008000 08:02 4980834                    /lib/x86_64-linux-gnu/libnss_compat-2.19.so
7fcf49a3e000-7fcf49a3f000 rw-p 00009000 08:02 4980834                    /lib/x86_64-linux-gnu/libnss_compat-2.19.so
7fcf49a3f000-7fcf49a68000 r-xp 00000000 08:02 1318400                    /usr/lib/jvm/java-7-oracle/jre/lib/amd64/libjava.so
7fcf49a68000-7fcf49c68000 ---p 00029000 08:02 1318400                    /usr/lib/jvm/java-7-oracle/jre/lib/amd64/libjava.so
7fcf49c68000-7fcf49c6a000 rw-p 00029000 08:02 1318400                    /usr/lib/jvm/java-7-oracle/jre/lib/amd64/libjava.so
7fcf49c6a000-7fcf49c77000 r-xp 00000000 08:02 1318438                    /usr/lib/jvm/java-7-oracle/jre/lib/amd64/libverify.so
7fcf49c77000-7fcf49e76000 ---p 0000d000 08:02 1318438                    /usr/lib/jvm/java-7-oracle/jre/lib/amd64/libverify.so
7fcf49e76000-7fcf49e78000 rw-p 0000c000 08:02 1318438                    /usr/lib/jvm/java-7-oracle/jre/lib/amd64/libverify.so
7fcf49e78000-7fcf49e7f000 r-xp 00000000 08:02 4984752                    /lib/x86_64-linux-gnu/librt-2.19.so
7fcf49e7f000-7fcf4a07e000 ---p 00007000 08:02 4984752                    /lib/x86_64-linux-gnu/librt-2.19.so
7fcf4a07e000-7fcf4a07f000 r--p 00006000 08:02 4984752                    /lib/x86_64-linux-gnu/librt-2.19.so
7fcf4a07f000-7fcf4a080000 rw-p 00007000 08:02 4984752                    /lib/x86_64-linux-gnu/librt-2.19.so
7fcf4a080000-7fcf4a185000 r-xp 00000000 08:02 4980825                    /lib/x86_64-linux-gnu/libm-2.19.so
7fcf4a185000-7fcf4a384000 ---p 00105000 08:02 4980825                    /lib/x86_64-linux-gnu/libm-2.19.so
7fcf4a384000-7fcf4a385000 r--p 00104000 08:02 4980825                    /lib/x86_64-linux-gnu/libm-2.19.so
7fcf4a385000-7fcf4a386000 rw-p 00105000 08:02 4980825                    /lib/x86_64-linux-gnu/libm-2.19.so
7fcf4a386000-7fcf4aefc000 r-xp 00000000 08:02 1318388                    /usr/lib/jvm/java-7-oracle/jre/lib/amd64/server/libjvm.so
7fcf4aefc000-7fcf4b0fb000 ---p 00b76000 08:02 1318388                    /usr/lib/jvm/java-7-oracle/jre/lib/amd64/server/libjvm.so
7fcf4b0fb000-7fcf4b1bf000 rw-p 00b75000 08:02 1318388                    /usr/lib/jvm/java-7-oracle/jre/lib/amd64/server/libjvm.so
7fcf4b1bf000-7fcf4b200000 rw-p 00000000 00:00 0 
7fcf4b200000-7fcf4b3bb000 r-xp 00000000 08:02 4980840                    /lib/x86_64-linux-gnu/libc-2.19.so
7fcf4b3bb000-7fcf4b5ba000 ---p 001bb000 08:02 4980840                    /lib/x86_64-linux-gnu/libc-2.19.so
7fcf4b5ba000-7fcf4b5be000 r--p 001ba000 08:02 4980840                    /lib/x86_64-linux-gnu/libc-2.19.so
7fcf4b5be000-7fcf4b5c0000 rw-p 001be000 08:02 4980840                    /lib/x86_64-linux-gnu/libc-2.19.so
7fcf4b5c0000-7fcf4b5c5000 rw-p 00000000 00:00 0 
7fcf4b5c5000-7fcf4b5c8000 r-xp 00000000 08:02 4980829                    /lib/x86_64-linux-gnu/libdl-2.19.so
7fcf4b5c8000-7fcf4b7c7000 ---p 00003000 08:02 4980829                    /lib/x86_64-linux-gnu/libdl-2.19.so
7fcf4b7c7000-7fcf4b7c8000 r--p 00002000 08:02 4980829                    /lib/x86_64-linux-gnu/libdl-2.19.so
7fcf4b7c8000-7fcf4b7c9000 rw-p 00003000 08:02 4980829                    /lib/x86_64-linux-gnu/libdl-2.19.so
7fcf4b7c9000-7fcf4b7de000 r-xp 00000000 08:02 1364427                    /usr/lib/jvm/java-7-oracle/lib/amd64/jli/libjli.so
7fcf4b7de000-7fcf4b9dd000 ---p 00015000 08:02 1364427                    /usr/lib/jvm/java-7-oracle/lib/amd64/jli/libjli.so
7fcf4b9dd000-7fcf4b9de000 rw-p 00014000 08:02 1364427                    /usr/lib/jvm/java-7-oracle/lib/amd64/jli/libjli.so
7fcf4b9de000-7fcf4b9f7000 r-xp 00000000 08:02 4984658                    /lib/x86_64-linux-gnu/libpthread-2.19.so
7fcf4b9f7000-7fcf4bbf6000 ---p 00019000 08:02 4984658                    /lib/x86_64-linux-gnu/libpthread-2.19.so
7fcf4bbf6000-7fcf4bbf7000 r--p 00018000 08:02 4984658                    /lib/x86_64-linux-gnu/libpthread-2.19.so
7fcf4bbf7000-7fcf4bbf8000 rw-p 00019000 08:02 4984658                    /lib/x86_64-linux-gnu/libpthread-2.19.so
7fcf4bbf8000-7fcf4bbfc000 rw-p 00000000 00:00 0 
7fcf4bbfc000-7fcf4bc1f000 r-xp 00000000 08:02 4980837                    /lib/x86_64-linux-gnu/ld-2.19.so
7fcf4bc1f000-7fcf4bc22000 r--s 0001f000 08:02 4244884                    /home/jazen/Documents/Research/Platypus_Software/MyForks/VREP-Boat-Simulator/VrepSimulation/lib/gams.jar
7fcf4bc22000-7fcf4bc2c000 rw-p 00000000 00:00 0 
7fcf4bc2c000-7fcf4bce2000 rw-p 00000000 00:00 0 
7fcf4bce2000-7fcf4bce5000 ---p 00000000 00:00 0 
7fcf4bce5000-7fcf4bde8000 rw-p 00000000 00:00 0                          [stack:3541]
7fcf4bde8000-7fcf4bde9000 r--s 00008000 08:02 4244887                    /home/jazen/Documents/Research/Platypus_Software/MyForks/VREP-Boat-Simulator/VrepSimulation/lib/Jama-1.0.3.jar
7fcf4bde9000-7fcf4bdf4000 rw-p 00000000 00:00 0 
7fcf4bdf4000-7fcf4be12000 rw-p 00000000 00:00 0 
7fcf4be12000-7fcf4be1a000 rw-s 00000000 08:02 5129181                    /tmp/hsperfdata_jazen/3536
7fcf4be1a000-7fcf4be1b000 rw-p 00000000 00:00 0 
7fcf4be1b000-7fcf4be1c000 r--p 00000000 00:00 0 
7fcf4be1c000-7fcf4be1e000 rw-p 00000000 00:00 0 
7fcf4be1e000-7fcf4be1f000 r--p 00022000 08:02 4980837                    /lib/x86_64-linux-gnu/ld-2.19.so
7fcf4be1f000-7fcf4be20000 rw-p 00023000 08:02 4980837                    /lib/x86_64-linux-gnu/ld-2.19.so
7fcf4be20000-7fcf4be21000 rw-p 00000000 00:00 0 
7fff7a76f000-7fff7a791000 rw-p 00000000 00:00 0                          [stack]
7fff7a7ee000-7fff7a7f0000 r-xp 00000000 00:00 0                          [vdso]
ffffffffff600000-ffffffffff601000 r-xp 00000000 00:00 0                  [vsyscall]

VM Arguments:
jvm_args: -Dfile.encoding=UTF-8 -Djava.library.path=/home/jazen/v_rep/programming/remoteApiBindings/java/lib/64Bit:/home/jazen/ace/ACE_wrappers/ace:/home/jazen/madara:/home/jazen/gams:/home/jazen/gams/lib
 
java_command: vrepSim.vrepSimMain
Launcher Type: SUN_STANDARD

Environment Variables:
JAVA_HOME=/usr/lib/jvm/java-7-oracle
PATH=/home/jazen/ace/ACE_wrappers/bin:/home/jazen/bin:/opt/ros/indigo/bin:/home/jazen/bin:/usr/local/sbin:/usr/local/bin:/usr/sbin:/usr/bin:/sbin:/bin:/usr/games:/usr/local/games
LD_LIBRARY_PATH=/usr/lib/jvm/java-8-oracle/jre/lib/amd64:/usr/lib/jvm/java-8-oracle/jre/lib/i386:/home/jazen/ace/ACE_wrappers/lib:/home/jazen/madara/lib:/home/jazen/gams/lib:/opt/ros/indigo/lib:/opt/ros/indigo/lib/x86_64-linux-gnu
SHELL=/bin/bash
DISPLAY=:0

Signal Handlers:
SIGSEGV: [libjvm.so+0x9a3b20], sa_mask[0]=0x7ffbfeff, sa_flags=0x10000004
SIGBUS: [libjvm.so+0x9a3b20], sa_mask[0]=0x7ffbfeff, sa_flags=0x10000004
SIGFPE: [libjvm.so+0x81e740], sa_mask[0]=0x7ffbfeff, sa_flags=0x10000004
SIGPIPE: [libjvm.so+0x81e740], sa_mask[0]=0x7ffbfeff, sa_flags=0x10000004
SIGXFSZ: [libjvm.so+0x81e740], sa_mask[0]=0x7ffbfeff, sa_flags=0x10000004
SIGILL: [libjvm.so+0x81e740], sa_mask[0]=0x7ffbfeff, sa_flags=0x10000004
SIGUSR1: SIG_DFL, sa_mask[0]=0x00000000, sa_flags=0x00000000
SIGUSR2: [libjvm.so+0x81ffb0], sa_mask[0]=0x00000004, sa_flags=0x10000004
SIGHUP: [libjvm.so+0x8210d0], sa_mask[0]=0x7ffbfeff, sa_flags=0x10000004
SIGINT: SIG_IGN, sa_mask[0]=0x00000000, sa_flags=0x00000000
SIGTERM: [libjvm.so+0x8210d0], sa_mask[0]=0x7ffbfeff, sa_flags=0x10000004
SIGQUIT: [libjvm.so+0x8210d0], sa_mask[0]=0x7ffbfeff, sa_flags=0x10000004


---------------  S Y S T E M  ---------------

OS:jessie/sid

uname:Linux 3.13.0-62-generic #102-Ubuntu SMP Tue Aug 11 14:29:36 UTC 2015 x86_64
libc:glibc 2.19 NPTL 2.19 
rlimit: STACK 8192k, CORE 0k, NPROC 61293, NOFILE 4096, AS infinity
load average:3.18 1.10 0.57

/proc/meminfo:
MemTotal:        8063700 kB
MemFree:         3735956 kB
Buffers:          101812 kB
Cached:          1624132 kB
SwapCached:            0 kB
Active:          2680736 kB
Inactive:        1433280 kB
Active(anon):    2393472 kB
Inactive(anon):   655592 kB
Active(file):     287264 kB
Inactive(file):   777688 kB
Unevictable:          88 kB
Mlocked:              88 kB
SwapTotal:       8274940 kB
SwapFree:        8274940 kB
Dirty:               652 kB
Writeback:             0 kB
AnonPages:       2388572 kB
Mapped:           413516 kB
Shmem:            660744 kB
Slab:              90200 kB
SReclaimable:      57048 kB
SUnreclaim:        33152 kB
KernelStack:        4624 kB
PageTables:        37848 kB
NFS_Unstable:          0 kB
Bounce:                0 kB
WritebackTmp:          0 kB
CommitLimit:    12306788 kB
Committed_AS:    7656512 kB
VmallocTotal:   34359738367 kB
VmallocUsed:      361720 kB
VmallocChunk:   34359369304 kB
HardwareCorrupted:     0 kB
AnonHugePages:   1202176 kB
HugePages_Total:       0
HugePages_Free:        0
HugePages_Rsvd:        0
HugePages_Surp:        0
Hugepagesize:       2048 kB
DirectMap4k:       71216 kB
DirectMap2M:     1912832 kB
DirectMap1G:     6291456 kB


CPU:total 4 (2 cores per cpu, 2 threads per core) family 6 model 69 stepping 1, cmov, cx8, fxsr, mmx, sse, sse2, sse3, ssse3, sse4.1, sse4.2, popcnt, avx, avx2, aes, erms, ht, tsc, tscinvbit

/proc/cpuinfo:
processor	: 0
vendor_id	: GenuineIntel
cpu family	: 6
model		: 69
model name	: Intel(R) Core(TM) i5-4210U CPU @ 1.70GHz
stepping	: 1
microcode	: 0x17
cpu MHz		: 1700.000
cache size	: 3072 KB
physical id	: 0
siblings	: 4
core id		: 0
cpu cores	: 2
apicid		: 0
initial apicid	: 0
fpu		: yes
fpu_exception	: yes
cpuid level	: 13
wp		: yes
flags		: fpu vme de pse tsc msr pae mce cx8 apic sep mtrr pge mca cmov pat pse36 clflush dts acpi mmx fxsr sse sse2 ss ht tm pbe syscall nx pdpe1gb rdtscp lm constant_tsc arch_perfmon pebs bts rep_good nopl xtopology nonstop_tsc aperfmperf eagerfpu pni pclmulqdq dtes64 monitor ds_cpl vmx est tm2 ssse3 fma cx16 xtpr pdcm pcid sse4_1 sse4_2 movbe popcnt tsc_deadline_timer aes xsave avx f16c rdrand lahf_lm abm ida arat epb xsaveopt pln pts dtherm tpr_shadow vnmi flexpriority ept vpid fsgsbase tsc_adjust bmi1 avx2 smep bmi2 erms invpcid
bogomips	: 4788.85
clflush size	: 64
cache_alignment	: 64
address sizes	: 39 bits physical, 48 bits virtual
power management:

processor	: 1
vendor_id	: GenuineIntel
cpu family	: 6
model		: 69
model name	: Intel(R) Core(TM) i5-4210U CPU @ 1.70GHz
stepping	: 1
microcode	: 0x17
cpu MHz		: 1700.000
cache size	: 3072 KB
physical id	: 0
siblings	: 4
core id		: 1
cpu cores	: 2
apicid		: 2
initial apicid	: 2
fpu		: yes
fpu_exception	: yes
cpuid level	: 13
wp		: yes
flags		: fpu vme de pse tsc msr pae mce cx8 apic sep mtrr pge mca cmov pat pse36 clflush dts acpi mmx fxsr sse sse2 ss ht tm pbe syscall nx pdpe1gb rdtscp lm constant_tsc arch_perfmon pebs bts rep_good nopl xtopology nonstop_tsc aperfmperf eagerfpu pni pclmulqdq dtes64 monitor ds_cpl vmx est tm2 ssse3 fma cx16 xtpr pdcm pcid sse4_1 sse4_2 movbe popcnt tsc_deadline_timer aes xsave avx f16c rdrand lahf_lm abm ida arat epb xsaveopt pln pts dtherm tpr_shadow vnmi flexpriority ept vpid fsgsbase tsc_adjust bmi1 avx2 smep bmi2 erms invpcid
bogomips	: 4788.85
clflush size	: 64
cache_alignment	: 64
address sizes	: 39 bits physical, 48 bits virtual
power management:

processor	: 2
vendor_id	: GenuineIntel
cpu family	: 6
model		: 69
model name	: Intel(R) Core(TM) i5-4210U CPU @ 1.70GHz
stepping	: 1
microcode	: 0x17
cpu MHz		: 1700.000
cache size	: 3072 KB
physical id	: 0
siblings	: 4
core id		: 0
cpu cores	: 2
apicid		: 1
initial apicid	: 1
fpu		: yes
fpu_exception	: yes
cpuid level	: 13
wp		: yes
flags		: fpu vme de pse tsc msr pae mce cx8 apic sep mtrr pge mca cmov pat pse36 clflush dts acpi mmx fxsr sse sse2 ss ht tm pbe syscall nx pdpe1gb rdtscp lm constant_tsc arch_perfmon pebs bts rep_good nopl xtopology nonstop_tsc aperfmperf eagerfpu pni pclmulqdq dtes64 monitor ds_cpl vmx est tm2 ssse3 fma cx16 xtpr pdcm pcid sse4_1 sse4_2 movbe popcnt tsc_deadline_timer aes xsave avx f16c rdrand lahf_lm abm ida arat epb xsaveopt pln pts dtherm tpr_shadow vnmi flexpriority ept vpid fsgsbase tsc_adjust bmi1 avx2 smep bmi2 erms invpcid
bogomips	: 4788.85
clflush size	: 64
cache_alignment	: 64
address sizes	: 39 bits physical, 48 bits virtual
power management:

processor	: 3
vendor_id	: GenuineIntel
cpu family	: 6
model		: 69
model name	: Intel(R) Core(TM) i5-4210U CPU @ 1.70GHz
stepping	: 1
microcode	: 0x17
cpu MHz		: 1700.000
cache size	: 3072 KB
physical id	: 0
siblings	: 4
core id		: 1
cpu cores	: 2
apicid		: 3
initial apicid	: 3
fpu		: yes
fpu_exception	: yes
cpuid level	: 13
wp		: yes
flags		: fpu vme de pse tsc msr pae mce cx8 apic sep mtrr pge mca cmov pat pse36 clflush dts acpi mmx fxsr sse sse2 ss ht tm pbe syscall nx pdpe1gb rdtscp lm constant_tsc arch_perfmon pebs bts rep_good nopl xtopology nonstop_tsc aperfmperf eagerfpu pni pclmulqdq dtes64 monitor ds_cpl vmx est tm2 ssse3 fma cx16 xtpr pdcm pcid sse4_1 sse4_2 movbe popcnt tsc_deadline_timer aes xsave avx f16c rdrand lahf_lm abm ida arat epb xsaveopt pln pts dtherm tpr_shadow vnmi flexpriority ept vpid fsgsbase tsc_adjust bmi1 avx2 smep bmi2 erms invpcid
bogomips	: 4788.85
clflush size	: 64
cache_alignment	: 64
address sizes	: 39 bits physical, 48 bits virtual
power management:



Memory: 4k page, physical 8063700k(3735956k free), swap 8274940k(8274940k free)

vm_info: Java HotSpot(TM) 64-Bit Server VM (24.80-b11) for linux-amd64 JRE (1.7.0_80-b15), built on Apr 10 2015 19:53:14 by "java_re" with gcc 4.3.0 20080428 (Red Hat 4.3.0-8)

time: Tue Aug 18 22:16:16 2015
elapsed time: 34 seconds

