#
# A fatal error has been detected by the Java Runtime Environment:
#
#  SIGSEGV (0xb) at pc=0x00007ffa7e89fba0, pid=3848, tid=140713801348864
#
# JRE version: Java(TM) SE Runtime Environment (7.0_80-b15) (build 1.7.0_80-b15)
# Java VM: Java HotSpot(TM) 64-Bit Server VM (24.80-b11 mixed mode linux-amd64 compressed oops)
# Problematic frame:
# C  [libGAMS.so.6.3.0+0x37ba0]  Java_com_gams_utility_Position_jni_1getX+0x0
#
# Failed to write core dump. Core dumps have been disabled. To enable core dumping, try "ulimit -c unlimited" before starting Java again
#
# If you would like to submit a bug report, please visit:
#   http://bugreport.java.com/bugreport/crash.jsp
# The crash happened outside the Java Virtual Machine in native code.
# See problematic frame for where to report the bug.
#

---------------  T H R E A D  ---------------

Current thread (0x00007ffa8821d000):  JavaThread "Thread-3" [_thread_in_native, id=3870, stack(0x00007ffa7c14f000,0x00007ffa7c250000)]

siginfo:si_signo=SIGSEGV: si_errno=0, si_code=1 (SEGV_MAPERR), si_addr=0x0000000000000008

Registers:
RAX=0x00007ffa7e89fba0, RBX=0x000000077feac4d0, RCX=0x0000000000000021, RDX=0x0000000000000000
RSP=0x00007ffa7c24daa8, RBP=0x00007ffa7c24db08, RSI=0x00007ffa7c24db38, RDI=0x00007ffa8821d1e8
R8 =0x00007ffa85010360, R9 =0x00007ffa7c24de48, R10=0x00007ffa85012d6c, R11=0x00007ffa8f7dc940
R12=0x0000000000000000, R13=0x000000077feac4d0, R14=0x00007ffa7c24db38, R15=0x00007ffa8821d000
RIP=0x00007ffa7e89fba0, EFLAGS=0x0000000000010287, CSGSFS=0x0000000000000033, ERR=0x0000000000000004
  TRAPNO=0x000000000000000e

Top of Stack: (sp=0x00007ffa7c24daa8)
0x00007ffa7c24daa8:   00007ffa85012d98 00007ffa7c24db88
0x00007ffa7c24dab8:   00007ffa7f578f18 000000077feac260
0x00007ffa7c24dac8:   00007ffa7c24dac8 0000000000000000
0x00007ffa7c24dad8:   00007ffa7c24db38 000000077feaf418
0x00007ffa7c24dae8:   0000000000000000 000000077feac4d0
0x00007ffa7c24daf8:   0000000000000000 00007ffa7c24db28
0x00007ffa7c24db08:   00007ffa7c24db80 00007ffa850060b7
0x00007ffa7c24db18:   0000000000000000 00007ffa8500ecda
0x00007ffa7c24db28:   0000000000000000 00000007d709e7d8
0x00007ffa7c24db38:   00000007d709e7d8 00007ffa7c24db40
0x00007ffa7c24db48:   000000077fead05d 00007ffa7c24db90
0x00007ffa7c24db58:   000000077feaf418 0000000000000000
0x00007ffa7c24db68:   000000077fead068 00007ffa7c24db28
0x00007ffa7c24db78:   00007ffa7c24db90 00007ffa7c24dbd8
0x00007ffa7c24db88:   00007ffa850060b7 00000007d709e7d8
0x00007ffa7c24db98:   00007ffa7c24db98 000000077feacd59
0x00007ffa7c24dba8:   00007ffa7c24dbf0 000000077feaf418
0x00007ffa7c24dbb8:   0000000000000000 000000077feacd88
0x00007ffa7c24dbc8:   00007ffa7c24db90 00007ffa7c24dbe8
0x00007ffa7c24dbd8:   00007ffa7c24dc38 00007ffa85006350
0x00007ffa7c24dbe8:   00000007d70a0138 00000007d709e7d8
0x00007ffa7c24dbf8:   00007ffa7c24dbf8 000000077fef486d
0x00007ffa7c24dc08:   00007ffa7c24dc68 000000077ff5a1b8
0x00007ffa7c24dc18:   0000000000000000 000000077fef4928
0x00007ffa7c24dc28:   00007ffa7c24dbe8 00007ffa7c24dc50
0x00007ffa7c24dc38:   00007ffa7c24dcd0 00007ffa850004e7
0x00007ffa7c24dc48:   0000000000000000 3fb999999999999a
0x00007ffa7c24dc58:   404437e8acd30a63 00000007d70a0138
0x00007ffa7c24dc68:   00000007d8e085d0 00007ffa00001fa0
0x00007ffa7c24dc78:   00007ffa7c24dfc0 00007ffa7c24dd50
0x00007ffa7c24dc88:   00007ffa7c24de40 00007ffa8821d000
0x00007ffa7c24dc98:   00007ffa4c009b30 00007ffa7c24dd10 

Instructions: (pc=0x00007ffa7e89fba0)
0x00007ffa7e89fb80:   24 1f e8 69 fd ff ff 48 89 ef e8 31 91 ff ff 48
0x00007ffa7e89fb90:   89 c5 48 8b 1d 37 51 29 00 eb d4 0f 1f 44 00 00
0x00007ffa7e89fba0:   f2 0f 10 42 08 c3 66 2e 0f 1f 84 00 00 00 00 00
0x00007ffa7e89fbb0:   f2 0f 10 42 10 c3 66 2e 0f 1f 84 00 00 00 00 00 

Register to memory mapping:

RAX=0x00007ffa7e89fba0: Java_com_gams_utility_Position_jni_1getX+0 in /home/jazen/gams/libGAMS.so.6.3.0 at 0x00007ffa7e868000
RBX=0x000000077feac4d0 is an oop
{method} 
 - klass: {other class}
RCX=0x0000000000000021 is an unknown value
RDX=0x0000000000000000 is an unknown value
RSP=0x00007ffa7c24daa8 is pointing into the stack for thread: 0x00007ffa8821d000
RBP=0x00007ffa7c24db08 is pointing into the stack for thread: 0x00007ffa8821d000
RSI=0x00007ffa7c24db38 is pointing into the stack for thread: 0x00007ffa8821d000
RDI=0x00007ffa8821d1e8 is an unknown value
R8 =0x00007ffa85010360 is at code_begin+0 in an Interpreter codelet
method entry point (kind = zerolocals)  [0x00007ffa85010360, 0x00007ffa850106a0]  832 bytes
R9 =0x00007ffa7c24de48 is pointing into the stack for thread: 0x00007ffa8821d000
R10=0x00007ffa85012d6c is at code_begin+620 in an Interpreter codelet
method entry point (kind = native)  [0x00007ffa85012b00, 0x00007ffa85013360]  2144 bytes
R11=0x00007ffa8f7dc940: <offset 0x8b5940> in /usr/lib/jvm/java-7-oracle/jre/lib/amd64/server/libjvm.so at 0x00007ffa8ef27000
R12=0x0000000000000000 is an unknown value
R13=0x000000077feac4d0 is an oop
{method} 
 - klass: {other class}
R14=0x00007ffa7c24db38 is pointing into the stack for thread: 0x00007ffa8821d000
R15=0x00007ffa8821d000 is a thread


Stack: [0x00007ffa7c14f000,0x00007ffa7c250000],  sp=0x00007ffa7c24daa8,  free space=1018k
Native frames: (J=compiled Java code, j=interpreted, Vv=VM code, C=native code)
C  [libGAMS.so.6.3.0+0x37ba0]  Java_com_gams_utility_Position_jni_1getX+0x0
j  com.gams.utility.Position.getX()D+5
j  com.gams.utility.Position.equals(Lcom/gams/utility/Position;)Z+1
j  vrepSim.LutraPlatform.move(Lcom/gams/utility/Position;D)I+5
v  ~StubRoutines::call_stub
V  [libjvm.so+0x6020a5]  JavaCalls::call_helper(JavaValue*, methodHandle*, JavaCallArguments*, Thread*)+0x365
V  [libjvm.so+0x600b08]  JavaCalls::call(JavaValue*, methodHandle, JavaCallArguments*, Thread*)+0x28
V  [libjvm.so+0x63b684]  jni_invoke_nonstatic(JNIEnv_*, JavaValue*, _jobject*, JNICallType, _jmethodID*, JNI_ArgumentPusher*, Thread*)+0x2b4
V  [libjvm.so+0x64bd29]  jni_CallIntMethodV+0xe9

Java frames: (J=compiled Java code, j=interpreted, Vv=VM code)
j  com.gams.utility.Position.jni_getX(J)D+0
j  com.gams.utility.Position.getX()D+5
j  com.gams.utility.Position.equals(Lcom/gams/utility/Position;)Z+1
j  vrepSim.LutraPlatform.move(Lcom/gams/utility/Position;D)I+5
v  ~StubRoutines::call_stub
j  com.gams.controllers.BaseController.jni_run(JDD)J+0
j  com.gams.controllers.BaseController.run(DD)J+7
j  vrepSim.LutraGAMS$1.run()V+13
j  java.lang.Thread.run()V+11
v  ~StubRoutines::call_stub

---------------  P R O C E S S  ---------------

Java Threads: ( => current thread )
  0x00007ffa20003000 JavaThread "Thread-7" [_thread_in_native, id=3875, stack(0x00007ffa757fb000,0x00007ffa75ffc000)]
  0x00007ffa1c003000 JavaThread "Thread-6" [_thread_in_native, id=3874, stack(0x00007ffa75ffc000,0x00007ffa767fd000)]
  0x00007ffa28003000 JavaThread "Thread-5" [_thread_in_native, id=3873, stack(0x00007ffa767fd000,0x00007ffa76ffe000)]
  0x00007ffa24003000 JavaThread "Thread-4" [_thread_in_native, id=3872, stack(0x00007ffa76ffe000,0x00007ffa777ff000)]
=>0x00007ffa8821d000 JavaThread "Thread-3" [_thread_in_native, id=3870, stack(0x00007ffa7c14f000,0x00007ffa7c250000)]
  0x00007ffa38003000 JavaThread "Thread-2" [_thread_in_native, id=3869, stack(0x00007ffa7c250000,0x00007ffa7ca51000)]
  0x00007ffa34003000 JavaThread "Thread-1" [_thread_in_native, id=3868, stack(0x00007ffa7cef4000,0x00007ffa7d6f5000)]
  0x00007ffa40003000 JavaThread "Thread-0" [_thread_in_native, id=3867, stack(0x00007ffa7d770000,0x00007ffa7df71000)]
  0x00007ffa88099000 JavaThread "Service Thread" daemon [_thread_blocked, id=3864, stack(0x00007ffa7fbfc000,0x00007ffa7fcfd000)]
  0x00007ffa88097000 JavaThread "C2 CompilerThread1" daemon [_thread_blocked, id=3863, stack(0x00007ffa7fcfd000,0x00007ffa7fdfe000)]
  0x00007ffa88094000 JavaThread "C2 CompilerThread0" daemon [_thread_blocked, id=3862, stack(0x00007ffa7fdfe000,0x00007ffa7feff000)]
  0x00007ffa88091800 JavaThread "Signal Dispatcher" daemon [_thread_blocked, id=3861, stack(0x00007ffa7feff000,0x00007ffa80000000)]
  0x00007ffa88070800 JavaThread "Finalizer" daemon [_thread_blocked, id=3860, stack(0x00007ffa846f7000,0x00007ffa847f8000)]
  0x00007ffa8806e800 JavaThread "Reference Handler" daemon [_thread_blocked, id=3859, stack(0x00007ffa847f8000,0x00007ffa848f9000)]
  0x00007ffa8800a800 JavaThread "main" [_thread_in_Java, id=3851, stack(0x00007ffa90883000,0x00007ffa90984000)]

Other Threads:
  0x00007ffa8806a000 VMThread [stack: 0x00007ffa848f9000,0x00007ffa849fa000] [id=3857]
  0x00007ffa880ac000 WatcherThread [stack: 0x00007ffa7fafb000,0x00007ffa7fbfc000] [id=3865]

VM state:not at safepoint (normal execution)

VM Mutex/Monitor currently owned by a thread: None

Heap
 PSYoungGen      total 36864K, used 7343K [0x00000007d6f00000, 0x00000007d9800000, 0x0000000800000000)
  eden space 31744K, 20% used [0x00000007d6f00000,0x00000007d754bed0,0x00000007d8e00000)
  from space 5120K, 17% used [0x00000007d8e00000,0x00000007d8ee0000,0x00000007d9300000)
  to   space 5120K, 0% used [0x00000007d9300000,0x00000007d9300000,0x00000007d9800000)
 ParOldGen       total 83968K, used 16K [0x0000000784e00000, 0x000000078a000000, 0x00000007d6f00000)
  object space 83968K, 0% used [0x0000000784e00000,0x0000000784e04000,0x000000078a000000)
 PSPermGen       total 21504K, used 5470K [0x000000077fc00000, 0x0000000781100000, 0x0000000784e00000)
  object space 21504K, 25% used [0x000000077fc00000,0x0000000780157948,0x0000000781100000)

Card table byte_map: [0x00007ffa8d789000,0x00007ffa8db8c000] byte_map_base: 0x00007ffa89b8b000

Polling page: 0x00007ffa909bc000

Code Cache  [0x00007ffa85000000, 0x00007ffa85270000, 0x00007ffa88000000)
 total_blobs=447 nmethods=173 adapters=227 free_code_cache=48249Kb largest_free_block=49381056

Compilation events (10 events):
Event: 101.039 Thread 0x00007ffa88097000 nmethod 180 0x00007ffa850de690 code [0x00007ffa850de7e0, 0x00007ffa850de9e8]
Event: 101.039 Thread 0x00007ffa88097000  181             sun.misc.FormattedFloatingDecimal::getExponent (7 bytes)
Event: 101.040 Thread 0x00007ffa88097000 nmethod 181 0x00007ffa850e0bd0 code [0x00007ffa850e0d00, 0x00007ffa850e0d58]
Event: 101.076 Thread 0x00007ffa88094000 nmethod 179 0x00007ffa850e6b50 code [0x00007ffa850e6d20, 0x00007ffa850e77e8]
Event: 102.621 Thread 0x00007ffa88097000  182             sun.misc.VM::addFinalRefCount (24 bytes)
Event: 102.623 Thread 0x00007ffa88097000 nmethod 182 0x00007ffa850de450 code [0x00007ffa850de580, 0x00007ffa850de5f8]
Event: 102.640 Thread 0x00007ffa88097000  184             com.madara.MadaraJNI::setCPtr (6 bytes)
Event: 102.640 Thread 0x00007ffa88097000 nmethod 184 0x00007ffa850dded0 code [0x00007ffa850de000, 0x00007ffa850de058]
Event: 105.924 Thread 0x00007ffa88097000  185             java.util.Formatter$FormatSpecifier::checkBadFlags (39 bytes)
Event: 105.929 Thread 0x00007ffa88097000 nmethod 185 0x00007ffa850ddb50 code [0x00007ffa850ddca0, 0x00007ffa850dddb8]

GC Heap History (6 events):
Event: 26.684 GC heap before
{Heap before GC invocations=1 (full 0):
 PSYoungGen      total 36864K, used 31744K [0x00000007d6f00000, 0x00000007d9800000, 0x0000000800000000)
  eden space 31744K, 100% used [0x00000007d6f00000,0x00000007d8e00000,0x00000007d8e00000)
  from space 5120K, 0% used [0x00000007d9300000,0x00000007d9300000,0x00000007d9800000)
  to   space 5120K, 0% used [0x00000007d8e00000,0x00000007d8e00000,0x00000007d9300000)
 ParOldGen       total 83968K, used 0K [0x0000000784e00000, 0x000000078a000000, 0x00000007d6f00000)
  object space 83968K, 0% used [0x0000000784e00000,0x0000000784e00000,0x000000078a000000)
 PSPermGen       total 21504K, used 5415K [0x000000077fc00000, 0x0000000781100000, 0x0000000784e00000)
  object space 21504K, 25% used [0x000000077fc00000,0x0000000780149c28,0x0000000781100000)
Event: 26.701 GC heap after
Heap after GC invocations=1 (full 0):
 PSYoungGen      total 36864K, used 1693K [0x00000007d6f00000, 0x00000007d9800000, 0x0000000800000000)
  eden space 31744K, 0% used [0x00000007d6f00000,0x00000007d6f00000,0x00000007d8e00000)
  from space 5120K, 33% used [0x00000007d8e00000,0x00000007d8fa7648,0x00000007d9300000)
  to   space 5120K, 0% used [0x00000007d9300000,0x00000007d9300000,0x00000007d9800000)
 ParOldGen       total 83968K, used 8K [0x0000000784e00000, 0x000000078a000000, 0x00000007d6f00000)
  object space 83968K, 0% used [0x0000000784e00000,0x0000000784e02000,0x000000078a000000)
 PSPermGen       total 21504K, used 5415K [0x000000077fc00000, 0x0000000781100000, 0x0000000784e00000)
  object space 21504K, 25% used [0x000000077fc00000,0x0000000780149c28,0x0000000781100000)
}
Event: 64.080 GC heap before
{Heap before GC invocations=2 (full 0):
 PSYoungGen      total 36864K, used 33437K [0x00000007d6f00000, 0x00000007d9800000, 0x0000000800000000)
  eden space 31744K, 100% used [0x00000007d6f00000,0x00000007d8e00000,0x00000007d8e00000)
  from space 5120K, 33% used [0x00000007d8e00000,0x00000007d8fa7648,0x00000007d9300000)
  to   space 5120K, 0% used [0x00000007d9300000,0x00000007d9300000,0x00000007d9800000)
 ParOldGen       total 83968K, used 8K [0x0000000784e00000, 0x000000078a000000, 0x00000007d6f00000)
  object space 83968K, 0% used [0x0000000784e00000,0x0000000784e02000,0x000000078a000000)
 PSPermGen       total 21504K, used 5445K [0x000000077fc00000, 0x0000000781100000, 0x0000000784e00000)
  object space 21504K, 25% used [0x000000077fc00000,0x00000007801517d8,0x0000000781100000)
Event: 64.101 GC heap after
Heap after GC invocations=2 (full 0):
 PSYoungGen      total 36864K, used 928K [0x00000007d6f00000, 0x00000007d9800000, 0x0000000800000000)
  eden space 31744K, 0% used [0x00000007d6f00000,0x00000007d6f00000,0x00000007d8e00000)
  from space 5120K, 18% used [0x00000007d9300000,0x00000007d93e8000,0x00000007d9800000)
  to   space 5120K, 0% used [0x00000007d8e00000,0x00000007d8e00000,0x00000007d9300000)
 ParOldGen       total 83968K, used 8K [0x0000000784e00000, 0x000000078a000000, 0x00000007d6f00000)
  object space 83968K, 0% used [0x0000000784e00000,0x0000000784e02000,0x000000078a000000)
 PSPermGen       total 21504K, used 5445K [0x000000077fc00000, 0x0000000781100000, 0x0000000784e00000)
  object space 21504K, 25% used [0x000000077fc00000,0x00000007801517d8,0x0000000781100000)
}
Event: 102.604 GC heap before
{Heap before GC invocations=3 (full 0):
 PSYoungGen      total 36864K, used 32672K [0x00000007d6f00000, 0x00000007d9800000, 0x0000000800000000)
  eden space 31744K, 100% used [0x00000007d6f00000,0x00000007d8e00000,0x00000007d8e00000)
  from space 5120K, 18% used [0x00000007d9300000,0x00000007d93e8000,0x00000007d9800000)
  to   space 5120K, 0% used [0x00000007d8e00000,0x00000007d8e00000,0x00000007d9300000)
 ParOldGen       total 83968K, used 8K [0x0000000784e00000, 0x000000078a000000, 0x00000007d6f00000)
  object space 83968K, 0% used [0x0000000784e00000,0x0000000784e02000,0x000000078a000000)
 PSPermGen       total 21504K, used 5469K [0x000000077fc00000, 0x0000000781100000, 0x0000000784e00000)
  object space 21504K, 25% used [0x000000077fc00000,0x0000000780157790,0x0000000781100000)
Event: 102.611 GC heap after
Heap after GC invocations=3 (full 0):
 PSYoungGen      total 36864K, used 896K [0x00000007d6f00000, 0x00000007d9800000, 0x0000000800000000)
  eden space 31744K, 0% used [0x00000007d6f00000,0x00000007d6f00000,0x00000007d8e00000)
  from space 5120K, 17% used [0x00000007d8e00000,0x00000007d8ee0000,0x00000007d9300000)
  to   space 5120K, 0% used [0x00000007d9300000,0x00000007d9300000,0x00000007d9800000)
 ParOldGen       total 83968K, used 16K [0x0000000784e00000, 0x000000078a000000, 0x00000007d6f00000)
  object space 83968K, 0% used [0x0000000784e00000,0x0000000784e04000,0x000000078a000000)
 PSPermGen       total 21504K, used 5469K [0x000000077fc00000, 0x0000000781100000, 0x0000000784e00000)
  object space 21504K, 25% used [0x000000077fc00000,0x0000000780157790,0x0000000781100000)
}

Deoptimization events (10 events):
Event: 108.885 Thread 0x00007ffa38003000 Uncommon trap: reason=unstable_if action=reinterpret pc=0x00007ffa85095d70 method=java.util.Formatter$FormatSpecifier.mantissa([CI)[C @ 12
Event: 108.885 Thread 0x00007ffa38003000 Uncommon trap: reason=unstable_if action=reinterpret pc=0x00007ffa8508a310 method=java.util.Formatter$FormatSpecifier.localizedMagnitude(Ljava/lang/StringBuilder;[CLjava/util/Formatter$Flags;ILjava/util/Locale;)Ljava/lang/StringBuilder; @ 284
Event: 108.885 Thread 0x00007ffa38003000 Uncommon trap: reason=class_check action=maybe_recompile pc=0x00007ffa850a46c4 method=java.lang.StringBuilder.append(Ljava/lang/CharSequence;)Ljava/lang/StringBuilder; @ 8
Event: 108.885 Thread 0x00007ffa38003000 Uncommon trap: reason=unstable_if action=reinterpret pc=0x00007ffa850e18e8 method=java.util.Formatter$FormatSpecifier.justify(Ljava/lang/String;)Ljava/lang/String; @ 5
Event: 108.885 Thread 0x00007ffa38003000 Uncommon trap: reason=class_check action=maybe_recompile pc=0x00007ffa850a46c4 method=java.lang.StringBuilder.append(Ljava/lang/CharSequence;)Ljava/lang/StringBuilder; @ 8
Event: 108.885 Thread 0x00007ffa38003000 Uncommon trap: reason=unstable_if action=reinterpret pc=0x00007ffa850e2f14 method=java.util.Formatter$FormatSpecifier.justify(Ljava/lang/String;)Ljava/lang/String; @ 5
Event: 108.885 Thread 0x00007ffa38003000 Uncommon trap: reason=class_check action=maybe_recompile pc=0x00007ffa850a46c4 method=java.lang.StringBuilder.append(Ljava/lang/CharSequence;)Ljava/lang/StringBuilder; @ 8
Event: 108.885 Thread 0x00007ffa38003000 Uncommon trap: reason=unstable_if action=reinterpret pc=0x00007ffa850a891c method=java.util.Formatter$FormatSpecifier.justify(Ljava/lang/String;)Ljava/lang/String; @ 5
Event: 108.885 Thread 0x00007ffa38003000 Uncommon trap: reason=class_check action=maybe_recompile pc=0x00007ffa850a46c4 method=java.lang.StringBuilder.append(Ljava/lang/CharSequence;)Ljava/lang/StringBuilder; @ 8
Event: 108.885 Thread 0x00007ffa38003000 Uncommon trap: reason=unstable_if action=reinterpret pc=0x00007ffa850af72c method=java.util.Formatter$Conversion.isValid(C)Z @ 4

Internal exceptions (10 events):
Event: 0.982 Thread 0x00007ffa1c003000 Threw 0x00000007d7711030 at /HUDSON/workspace/7u-2-build-linux-amd64/jdk7u80/2329/hotspot/src/share/vm/prims/jvm.cpp:1319
Event: 1.004 Thread 0x00007ffa38003000 Threw 0x00000007d73586e0 at /HUDSON/workspace/7u-2-build-linux-amd64/jdk7u80/2329/hotspot/src/share/vm/prims/jvm.cpp:1319
Event: 1.006 Thread 0x00007ffa38003000 Threw 0x00000007d735bb38 at /HUDSON/workspace/7u-2-build-linux-amd64/jdk7u80/2329/hotspot/src/share/vm/prims/jvm.cpp:1319
Event: 1.007 Thread 0x00007ffa38003000 Threw 0x00000007d73612f0 at /HUDSON/workspace/7u-2-build-linux-amd64/jdk7u80/2329/hotspot/src/share/vm/prims/jvm.cpp:1319
Event: 1.011 Thread 0x00007ffa38003000 Threw 0x00000007d7366878 at /HUDSON/workspace/7u-2-build-linux-amd64/jdk7u80/2329/hotspot/src/share/vm/prims/jvm.cpp:1319
Event: 1.012 Thread 0x00007ffa38003000 Threw 0x00000007d7369200 at /HUDSON/workspace/7u-2-build-linux-amd64/jdk7u80/2329/hotspot/src/share/vm/prims/jvm.cpp:1319
Event: 1.013 Thread 0x00007ffa38003000 Threw 0x00000007d736bdb0 at /HUDSON/workspace/7u-2-build-linux-amd64/jdk7u80/2329/hotspot/src/share/vm/prims/jvm.cpp:1319
Event: 1.216 Thread 0x00007ffa38003000 Threw 0x00000007d792e0b8 at /HUDSON/workspace/7u-2-build-linux-amd64/jdk7u80/2329/hotspot/src/share/vm/prims/jvm.cpp:1319
Event: 1.218 Thread 0x00007ffa38003000 Threw 0x00000007d79340c0 at /HUDSON/workspace/7u-2-build-linux-amd64/jdk7u80/2329/hotspot/src/share/vm/prims/jvm.cpp:1319
Event: 87.688 Thread 0x00007ffa8821d000 Threw 0x00000007d6f842f8 at /HUDSON/workspace/7u-2-build-linux-amd64/jdk7u80/2329/hotspot/src/share/vm/prims/jvm.cpp:1319

Events (10 events):
Event: 108.885 Thread 0x00007ffa38003000 DEOPT UNPACKING pc=0x00007ffa85039445 sp=0x00007ffa7ca4f128 mode 2
Event: 108.885 Thread 0x00007ffa38003000 Uncommon trap: trap_request=0xffffff75 fr.pc=0x00007ffa850a891c
Event: 108.885 Thread 0x00007ffa38003000 DEOPT PACKING pc=0x00007ffa850a891c sp=0x00007ffa7ca4f240
Event: 108.885 Thread 0x00007ffa38003000 DEOPT UNPACKING pc=0x00007ffa85039445 sp=0x00007ffa7ca4f1e0 mode 2
Event: 108.885 Thread 0x00007ffa38003000 Uncommon trap: trap_request=0xffffffde fr.pc=0x00007ffa850a46c4
Event: 108.885 Thread 0x00007ffa38003000 DEOPT PACKING pc=0x00007ffa850a46c4 sp=0x00007ffa7ca4f130
Event: 108.885 Thread 0x00007ffa38003000 DEOPT UNPACKING pc=0x00007ffa85039445 sp=0x00007ffa7ca4f128 mode 2
Event: 108.885 Thread 0x00007ffa38003000 Uncommon trap: trap_request=0xffffff75 fr.pc=0x00007ffa850af72c
Event: 108.885 Thread 0x00007ffa38003000 DEOPT PACKING pc=0x00007ffa850af72c sp=0x00007ffa7ca4f400
Event: 108.885 Thread 0x00007ffa38003000 DEOPT UNPACKING pc=0x00007ffa85039445 sp=0x00007ffa7ca4f3c0 mode 2


Dynamic libraries:
00400000-00401000 r-xp 00000000 08:02 1365019                            /usr/lib/jvm/java-7-oracle/bin/java
00600000-00601000 rw-p 00000000 08:02 1365019                            /usr/lib/jvm/java-7-oracle/bin/java
0141c000-0143d000 rw-p 00000000 00:00 0                                  [heap]
77fc00000-781100000 rw-p 00000000 00:00 0 
781100000-784e00000 rw-p 00000000 00:00 0 
784e00000-78a000000 rw-p 00000000 00:00 0 
78a000000-7d6f00000 rw-p 00000000 00:00 0 
7d6f00000-7d9800000 rw-p 00000000 00:00 0 
7d9800000-800000000 rw-p 00000000 00:00 0 
7ffa1c000000-7ffa1c022000 rw-p 00000000 00:00 0 
7ffa1c022000-7ffa20000000 ---p 00000000 00:00 0 
7ffa20000000-7ffa20022000 rw-p 00000000 00:00 0 
7ffa20022000-7ffa24000000 ---p 00000000 00:00 0 
7ffa24000000-7ffa24022000 rw-p 00000000 00:00 0 
7ffa24022000-7ffa28000000 ---p 00000000 00:00 0 
7ffa28000000-7ffa28022000 rw-p 00000000 00:00 0 
7ffa28022000-7ffa2c000000 ---p 00000000 00:00 0 
7ffa2c000000-7ffa2c27e000 rw-p 00000000 00:00 0 
7ffa2c27e000-7ffa30000000 ---p 00000000 00:00 0 
7ffa30000000-7ffa30021000 rw-p 00000000 00:00 0 
7ffa30021000-7ffa34000000 ---p 00000000 00:00 0 
7ffa34000000-7ffa34022000 rw-p 00000000 00:00 0 
7ffa34022000-7ffa38000000 ---p 00000000 00:00 0 
7ffa38000000-7ffa3825b000 rw-p 00000000 00:00 0 
7ffa3825b000-7ffa3c000000 ---p 00000000 00:00 0 
7ffa3c000000-7ffa3c021000 rw-p 00000000 00:00 0 
7ffa3c021000-7ffa40000000 ---p 00000000 00:00 0 
7ffa40000000-7ffa40022000 rw-p 00000000 00:00 0 
7ffa40022000-7ffa44000000 ---p 00000000 00:00 0 
7ffa44000000-7ffa44021000 rw-p 00000000 00:00 0 
7ffa44021000-7ffa48000000 ---p 00000000 00:00 0 
7ffa48000000-7ffa48021000 rw-p 00000000 00:00 0 
7ffa48021000-7ffa4c000000 ---p 00000000 00:00 0 
7ffa4c000000-7ffa4cdde000 rw-p 00000000 00:00 0 
7ffa4cdde000-7ffa50000000 ---p 00000000 00:00 0 
7ffa50000000-7ffa50cee000 rw-p 00000000 00:00 0 
7ffa50cee000-7ffa54000000 ---p 00000000 00:00 0 
7ffa54000000-7ffa54021000 rw-p 00000000 00:00 0 
7ffa54021000-7ffa58000000 ---p 00000000 00:00 0 
7ffa58000000-7ffa58021000 rw-p 00000000 00:00 0 
7ffa58021000-7ffa5c000000 ---p 00000000 00:00 0 
7ffa5c000000-7ffa5c021000 rw-p 00000000 00:00 0 
7ffa5c021000-7ffa60000000 ---p 00000000 00:00 0 
7ffa63fe0000-7ffa68000000 rw-p 00000000 00:00 0 
7ffa68000000-7ffa68021000 rw-p 00000000 00:00 0 
7ffa68021000-7ffa6c000000 ---p 00000000 00:00 0 
7ffa6c000000-7ffa6c021000 rw-p 00000000 00:00 0 
7ffa6c021000-7ffa70000000 ---p 00000000 00:00 0 
7ffa70000000-7ffa70021000 rw-p 00000000 00:00 0 
7ffa70021000-7ffa74000000 ---p 00000000 00:00 0 
7ffa757fb000-7ffa757fe000 ---p 00000000 00:00 0 
7ffa757fe000-7ffa75ffc000 rw-p 00000000 00:00 0                          [stack:3875]
7ffa75ffc000-7ffa75fff000 ---p 00000000 00:00 0 
7ffa75fff000-7ffa767fd000 rw-p 00000000 00:00 0                          [stack:3874]
7ffa767fd000-7ffa76800000 ---p 00000000 00:00 0 
7ffa76800000-7ffa76ffe000 rw-p 00000000 00:00 0                          [stack:3873]
7ffa76ffe000-7ffa77001000 ---p 00000000 00:00 0 
7ffa77001000-7ffa777ff000 rw-p 00000000 00:00 0                          [stack:3872]
7ffa777ff000-7ffa77800000 ---p 00000000 00:00 0 
7ffa77800000-7ffa78000000 rw-p 00000000 00:00 0                          [stack:3871]
7ffa78000000-7ffa78021000 rw-p 00000000 00:00 0 
7ffa78021000-7ffa7c000000 ---p 00000000 00:00 0 
7ffa7c14f000-7ffa7c152000 ---p 00000000 00:00 0 
7ffa7c152000-7ffa7c250000 rw-p 00000000 00:00 0                          [stack:3870]
7ffa7c250000-7ffa7c253000 ---p 00000000 00:00 0 
7ffa7c253000-7ffa7ca51000 rw-p 00000000 00:00 0                          [stack:3869]
7ffa7ca51000-7ffa7ca68000 r-xp 00000000 08:02 1318420                    /usr/lib/jvm/java-7-oracle/jre/lib/amd64/libnet.so
7ffa7ca68000-7ffa7cc67000 ---p 00017000 08:02 1318420                    /usr/lib/jvm/java-7-oracle/jre/lib/amd64/libnet.so
7ffa7cc67000-7ffa7cc68000 rw-p 00016000 08:02 1318420                    /usr/lib/jvm/java-7-oracle/jre/lib/amd64/libnet.so
7ffa7cc68000-7ffa7cc78000 r-xp 00000000 08:02 1318421                    /usr/lib/jvm/java-7-oracle/jre/lib/amd64/libnio.so
7ffa7cc78000-7ffa7ce78000 ---p 00010000 08:02 1318421                    /usr/lib/jvm/java-7-oracle/jre/lib/amd64/libnio.so
7ffa7ce78000-7ffa7ce79000 rw-p 00010000 08:02 1318421                    /usr/lib/jvm/java-7-oracle/jre/lib/amd64/libnio.so
7ffa7ce79000-7ffa7cef4000 rw-p 00000000 00:00 0 
7ffa7cef4000-7ffa7cef7000 ---p 00000000 00:00 0 
7ffa7cef7000-7ffa7d770000 rw-p 00000000 00:00 0                          [stack:3868]
7ffa7d770000-7ffa7d773000 ---p 00000000 00:00 0 
7ffa7d773000-7ffa7e067000 rw-p 00000000 00:00 0                          [stack:3867]
7ffa7e067000-7ffa7e068000 ---p 00000000 00:00 0 
7ffa7e068000-7ffa7e868000 rw-p 00000000 00:00 0                          [stack:3866]
7ffa7e868000-7ffa7e932000 r-xp 00000000 08:02 1859401                    /home/jazen/gams/libGAMS.so.6.3.0
7ffa7e932000-7ffa7eb32000 ---p 000ca000 08:02 1859401                    /home/jazen/gams/libGAMS.so.6.3.0
7ffa7eb32000-7ffa7eb35000 r--p 000ca000 08:02 1859401                    /home/jazen/gams/libGAMS.so.6.3.0
7ffa7eb35000-7ffa7eb37000 rw-p 000cd000 08:02 1859401                    /home/jazen/gams/libGAMS.so.6.3.0
7ffa7eb37000-7ffa7ed24000 r-xp 00000000 08:02 1859117                    /home/jazen/madara/libMADARA.so.6.3.0
7ffa7ed24000-7ffa7ef23000 ---p 001ed000 08:02 1859117                    /home/jazen/madara/libMADARA.so.6.3.0
7ffa7ef23000-7ffa7ef2a000 r--p 001ec000 08:02 1859117                    /home/jazen/madara/libMADARA.so.6.3.0
7ffa7ef2a000-7ffa7ef2d000 rw-p 001f3000 08:02 1859117                    /home/jazen/madara/libMADARA.so.6.3.0
7ffa7ef2d000-7ffa7f0bc000 r-xp 00000000 08:02 1705810                    /home/jazen/ace/ACE_wrappers/ace/libACE.so.6.3.0
7ffa7f0bc000-7ffa7f2bb000 ---p 0018f000 08:02 1705810                    /home/jazen/ace/ACE_wrappers/ace/libACE.so.6.3.0
7ffa7f2bb000-7ffa7f2ce000 r--p 0018e000 08:02 1705810                    /home/jazen/ace/ACE_wrappers/ace/libACE.so.6.3.0
7ffa7f2ce000-7ffa7f2d2000 rw-p 001a1000 08:02 1705810                    /home/jazen/ace/ACE_wrappers/ace/libACE.so.6.3.0
7ffa7f2d2000-7ffa7f2d4000 rw-p 00000000 00:00 0 
7ffa7f2d4000-7ffa7f2ea000 r-xp 00000000 08:02 5004209                    /lib/x86_64-linux-gnu/libgcc_s.so.1
7ffa7f2ea000-7ffa7f4e9000 ---p 00016000 08:02 5004209                    /lib/x86_64-linux-gnu/libgcc_s.so.1
7ffa7f4e9000-7ffa7f4ea000 r--p 00015000 08:02 5004209                    /lib/x86_64-linux-gnu/libgcc_s.so.1
7ffa7f4ea000-7ffa7f4eb000 rw-p 00016000 08:02 5004209                    /lib/x86_64-linux-gnu/libgcc_s.so.1
7ffa7f4eb000-7ffa7f658000 r-xp 00000000 08:02 1246485                    /usr/lib/x86_64-linux-gnu/libstdc++.so.6.0.21
7ffa7f658000-7ffa7f857000 ---p 0016d000 08:02 1246485                    /usr/lib/x86_64-linux-gnu/libstdc++.so.6.0.21
7ffa7f857000-7ffa7f861000 r--p 0016c000 08:02 1246485                    /usr/lib/x86_64-linux-gnu/libstdc++.so.6.0.21
7ffa7f861000-7ffa7f863000 rw-p 00176000 08:02 1246485                    /usr/lib/x86_64-linux-gnu/libstdc++.so.6.0.21
7ffa7f863000-7ffa7f867000 rw-p 00000000 00:00 0 
7ffa7f89c000-7ffa7f8bb000 r-xp 00000000 08:02 1788256                    /home/jazen/v_rep/programming/remoteApiBindings/java/lib/64Bit/libremoteApiJava.so
7ffa7f8bb000-7ffa7fabb000 ---p 0001f000 08:02 1788256                    /home/jazen/v_rep/programming/remoteApiBindings/java/lib/64Bit/libremoteApiJava.so
7ffa7fabb000-7ffa7fabc000 r--p 0001f000 08:02 1788256                    /home/jazen/v_rep/programming/remoteApiBindings/java/lib/64Bit/libremoteApiJava.so
7ffa7fabc000-7ffa7fabd000 rw-p 00020000 08:02 1788256                    /home/jazen/v_rep/programming/remoteApiBindings/java/lib/64Bit/libremoteApiJava.so
7ffa7fabd000-7ffa7fad2000 rw-p 00000000 00:00 0 
7ffa7fad2000-7ffa7fafb000 r--s 001da000 08:02 4244827                    /home/jazen/Documents/Research/Platypus_Software/MyForks/VREP-Boat-Simulator/VrepSimulation/lib/crwlib_core.jar
7ffa7fafb000-7ffa7fafc000 ---p 00000000 00:00 0 
7ffa7fafc000-7ffa7fbfc000 rw-p 00000000 00:00 0                          [stack:3865]
7ffa7fbfc000-7ffa7fbff000 ---p 00000000 00:00 0 
7ffa7fbff000-7ffa7fcfd000 rw-p 00000000 00:00 0                          [stack:3864]
7ffa7fcfd000-7ffa7fd00000 ---p 00000000 00:00 0 
7ffa7fd00000-7ffa7fdfe000 rw-p 00000000 00:00 0                          [stack:3863]
7ffa7fdfe000-7ffa7fe01000 ---p 00000000 00:00 0 
7ffa7fe01000-7ffa7feff000 rw-p 00000000 00:00 0                          [stack:3862]
7ffa7feff000-7ffa7ff02000 ---p 00000000 00:00 0 
7ffa7ff02000-7ffa80000000 rw-p 00000000 00:00 0                          [stack:3861]
7ffa80000000-7ffa80021000 rw-p 00000000 00:00 0 
7ffa80021000-7ffa84000000 ---p 00000000 00:00 0 
7ffa84002000-7ffa84015000 r--s 000df000 08:02 4244826                    /home/jazen/Documents/Research/Platypus_Software/MyForks/VREP-Boat-Simulator/VrepSimulation/lib/commons-math-2.2.jar
7ffa84015000-7ffa846f7000 r--p 00000000 08:02 1186808                    /usr/lib/locale/locale-archive
7ffa846f7000-7ffa846fa000 ---p 00000000 00:00 0 
7ffa846fa000-7ffa847f8000 rw-p 00000000 00:00 0                          [stack:3860]
7ffa847f8000-7ffa847fb000 ---p 00000000 00:00 0 
7ffa847fb000-7ffa848f9000 rw-p 00000000 00:00 0                          [stack:3859]
7ffa848f9000-7ffa848fa000 ---p 00000000 00:00 0 
7ffa848fa000-7ffa85000000 rw-p 00000000 00:00 0                          [stack:3857]
7ffa85000000-7ffa85270000 rwxp 00000000 00:00 0 
7ffa85270000-7ffa88223000 rw-p 00000000 00:00 0 
7ffa88223000-7ffa8c000000 ---p 00000000 00:00 0 
7ffa8c004000-7ffa8c013000 r--s 00098000 08:02 4244888                    /home/jazen/Documents/Research/Platypus_Software/MyForks/VREP-Boat-Simulator/VrepSimulation/lib/jscience-4.3.jar
7ffa8c013000-7ffa8c017000 r--s 0003c000 08:02 4244883                    /home/jazen/Documents/Research/Platypus_Software/MyForks/VREP-Boat-Simulator/VrepSimulation/lib/madara.jar
7ffa8c017000-7ffa8ca10000 rw-p 00000000 00:00 0 
7ffa8ca10000-7ffa8cbd0000 r--s 039fb000 08:02 1360694                    /usr/lib/jvm/java-7-oracle/jre/lib/rt.jar
7ffa8cbd0000-7ffa8d0f4000 rw-p 00000000 00:00 0 
7ffa8d0f4000-7ffa8d0f5000 ---p 00000000 00:00 0 
7ffa8d0f5000-7ffa8d1f5000 rw-p 00000000 00:00 0                          [stack:3856]
7ffa8d1f5000-7ffa8d1f6000 ---p 00000000 00:00 0 
7ffa8d1f6000-7ffa8d2f6000 rw-p 00000000 00:00 0                          [stack:3855]
7ffa8d2f6000-7ffa8d2f7000 ---p 00000000 00:00 0 
7ffa8d2f7000-7ffa8d3f7000 rw-p 00000000 00:00 0                          [stack:3854]
7ffa8d3f7000-7ffa8d3f8000 ---p 00000000 00:00 0 
7ffa8d3f8000-7ffa8d521000 rw-p 00000000 00:00 0                          [stack:3853]
7ffa8d521000-7ffa8d789000 rw-p 00000000 00:00 0 
7ffa8d789000-7ffa8d794000 rw-p 00000000 00:00 0 
7ffa8d794000-7ffa8d7b2000 rw-p 00000000 00:00 0 
7ffa8d7b2000-7ffa8d7db000 rw-p 00000000 00:00 0 
7ffa8d7db000-7ffa8da42000 rw-p 00000000 00:00 0 
7ffa8da42000-7ffa8da57000 rw-p 00000000 00:00 0 
7ffa8da57000-7ffa8db8b000 rw-p 00000000 00:00 0 
7ffa8db8b000-7ffa8db8c000 rw-p 00000000 00:00 0 
7ffa8db8c000-7ffa8dba3000 r-xp 00000000 08:02 1318427                    /usr/lib/jvm/java-7-oracle/jre/lib/amd64/libzip.so
7ffa8dba3000-7ffa8dda3000 ---p 00017000 08:02 1318427                    /usr/lib/jvm/java-7-oracle/jre/lib/amd64/libzip.so
7ffa8dda3000-7ffa8dda4000 rw-p 00017000 08:02 1318427                    /usr/lib/jvm/java-7-oracle/jre/lib/amd64/libzip.so
7ffa8dda4000-7ffa8ddaf000 r-xp 00000000 08:02 4980826                    /lib/x86_64-linux-gnu/libnss_files-2.19.so
7ffa8ddaf000-7ffa8dfae000 ---p 0000b000 08:02 4980826                    /lib/x86_64-linux-gnu/libnss_files-2.19.so
7ffa8dfae000-7ffa8dfaf000 r--p 0000a000 08:02 4980826                    /lib/x86_64-linux-gnu/libnss_files-2.19.so
7ffa8dfaf000-7ffa8dfb0000 rw-p 0000b000 08:02 4980826                    /lib/x86_64-linux-gnu/libnss_files-2.19.so
7ffa8dfb0000-7ffa8dfbb000 r-xp 00000000 08:02 4987156                    /lib/x86_64-linux-gnu/libnss_nis-2.19.so
7ffa8dfbb000-7ffa8e1ba000 ---p 0000b000 08:02 4987156                    /lib/x86_64-linux-gnu/libnss_nis-2.19.so
7ffa8e1ba000-7ffa8e1bb000 r--p 0000a000 08:02 4987156                    /lib/x86_64-linux-gnu/libnss_nis-2.19.so
7ffa8e1bb000-7ffa8e1bc000 rw-p 0000b000 08:02 4987156                    /lib/x86_64-linux-gnu/libnss_nis-2.19.so
7ffa8e1bc000-7ffa8e1d3000 r-xp 00000000 08:02 4980835                    /lib/x86_64-linux-gnu/libnsl-2.19.so
7ffa8e1d3000-7ffa8e3d2000 ---p 00017000 08:02 4980835                    /lib/x86_64-linux-gnu/libnsl-2.19.so
7ffa8e3d2000-7ffa8e3d3000 r--p 00016000 08:02 4980835                    /lib/x86_64-linux-gnu/libnsl-2.19.so
7ffa8e3d3000-7ffa8e3d4000 rw-p 00017000 08:02 4980835                    /lib/x86_64-linux-gnu/libnsl-2.19.so
7ffa8e3d4000-7ffa8e3d6000 rw-p 00000000 00:00 0 
7ffa8e3d6000-7ffa8e3df000 r-xp 00000000 08:02 4980834                    /lib/x86_64-linux-gnu/libnss_compat-2.19.so
7ffa8e3df000-7ffa8e5de000 ---p 00009000 08:02 4980834                    /lib/x86_64-linux-gnu/libnss_compat-2.19.so
7ffa8e5de000-7ffa8e5df000 r--p 00008000 08:02 4980834                    /lib/x86_64-linux-gnu/libnss_compat-2.19.so
7ffa8e5df000-7ffa8e5e0000 rw-p 00009000 08:02 4980834                    /lib/x86_64-linux-gnu/libnss_compat-2.19.so
7ffa8e5e0000-7ffa8e609000 r-xp 00000000 08:02 1318400                    /usr/lib/jvm/java-7-oracle/jre/lib/amd64/libjava.so
7ffa8e609000-7ffa8e809000 ---p 00029000 08:02 1318400                    /usr/lib/jvm/java-7-oracle/jre/lib/amd64/libjava.so
7ffa8e809000-7ffa8e80b000 rw-p 00029000 08:02 1318400                    /usr/lib/jvm/java-7-oracle/jre/lib/amd64/libjava.so
7ffa8e80b000-7ffa8e818000 r-xp 00000000 08:02 1318438                    /usr/lib/jvm/java-7-oracle/jre/lib/amd64/libverify.so
7ffa8e818000-7ffa8ea17000 ---p 0000d000 08:02 1318438                    /usr/lib/jvm/java-7-oracle/jre/lib/amd64/libverify.so
7ffa8ea17000-7ffa8ea19000 rw-p 0000c000 08:02 1318438                    /usr/lib/jvm/java-7-oracle/jre/lib/amd64/libverify.so
7ffa8ea19000-7ffa8ea20000 r-xp 00000000 08:02 4984752                    /lib/x86_64-linux-gnu/librt-2.19.so
7ffa8ea20000-7ffa8ec1f000 ---p 00007000 08:02 4984752                    /lib/x86_64-linux-gnu/librt-2.19.so
7ffa8ec1f000-7ffa8ec20000 r--p 00006000 08:02 4984752                    /lib/x86_64-linux-gnu/librt-2.19.so
7ffa8ec20000-7ffa8ec21000 rw-p 00007000 08:02 4984752                    /lib/x86_64-linux-gnu/librt-2.19.so
7ffa8ec21000-7ffa8ed26000 r-xp 00000000 08:02 4980825                    /lib/x86_64-linux-gnu/libm-2.19.so
7ffa8ed26000-7ffa8ef25000 ---p 00105000 08:02 4980825                    /lib/x86_64-linux-gnu/libm-2.19.so
7ffa8ef25000-7ffa8ef26000 r--p 00104000 08:02 4980825                    /lib/x86_64-linux-gnu/libm-2.19.so
7ffa8ef26000-7ffa8ef27000 rw-p 00105000 08:02 4980825                    /lib/x86_64-linux-gnu/libm-2.19.so
7ffa8ef27000-7ffa8fa9d000 r-xp 00000000 08:02 1318388                    /usr/lib/jvm/java-7-oracle/jre/lib/amd64/server/libjvm.so
7ffa8fa9d000-7ffa8fc9c000 ---p 00b76000 08:02 1318388                    /usr/lib/jvm/java-7-oracle/jre/lib/amd64/server/libjvm.so
7ffa8fc9c000-7ffa8fd60000 rw-p 00b75000 08:02 1318388                    /usr/lib/jvm/java-7-oracle/jre/lib/amd64/server/libjvm.so
7ffa8fd60000-7ffa8fda1000 rw-p 00000000 00:00 0 
7ffa8fda1000-7ffa8ff5c000 r-xp 00000000 08:02 4980840                    /lib/x86_64-linux-gnu/libc-2.19.so
7ffa8ff5c000-7ffa9015b000 ---p 001bb000 08:02 4980840                    /lib/x86_64-linux-gnu/libc-2.19.so
7ffa9015b000-7ffa9015f000 r--p 001ba000 08:02 4980840                    /lib/x86_64-linux-gnu/libc-2.19.so
7ffa9015f000-7ffa90161000 rw-p 001be000 08:02 4980840                    /lib/x86_64-linux-gnu/libc-2.19.so
7ffa90161000-7ffa90166000 rw-p 00000000 00:00 0 
7ffa90166000-7ffa90169000 r-xp 00000000 08:02 4980829                    /lib/x86_64-linux-gnu/libdl-2.19.so
7ffa90169000-7ffa90368000 ---p 00003000 08:02 4980829                    /lib/x86_64-linux-gnu/libdl-2.19.so
7ffa90368000-7ffa90369000 r--p 00002000 08:02 4980829                    /lib/x86_64-linux-gnu/libdl-2.19.so
7ffa90369000-7ffa9036a000 rw-p 00003000 08:02 4980829                    /lib/x86_64-linux-gnu/libdl-2.19.so
7ffa9036a000-7ffa9037f000 r-xp 00000000 08:02 1364427                    /usr/lib/jvm/java-7-oracle/lib/amd64/jli/libjli.so
7ffa9037f000-7ffa9057e000 ---p 00015000 08:02 1364427                    /usr/lib/jvm/java-7-oracle/lib/amd64/jli/libjli.so
7ffa9057e000-7ffa9057f000 rw-p 00014000 08:02 1364427                    /usr/lib/jvm/java-7-oracle/lib/amd64/jli/libjli.so
7ffa9057f000-7ffa90598000 r-xp 00000000 08:02 4984658                    /lib/x86_64-linux-gnu/libpthread-2.19.so
7ffa90598000-7ffa90797000 ---p 00019000 08:02 4984658                    /lib/x86_64-linux-gnu/libpthread-2.19.so
7ffa90797000-7ffa90798000 r--p 00018000 08:02 4984658                    /lib/x86_64-linux-gnu/libpthread-2.19.so
7ffa90798000-7ffa90799000 rw-p 00019000 08:02 4984658                    /lib/x86_64-linux-gnu/libpthread-2.19.so
7ffa90799000-7ffa9079d000 rw-p 00000000 00:00 0 
7ffa9079d000-7ffa907c0000 r-xp 00000000 08:02 4980837                    /lib/x86_64-linux-gnu/ld-2.19.so
7ffa907c0000-7ffa907c3000 r--s 0001f000 08:02 4244884                    /home/jazen/Documents/Research/Platypus_Software/MyForks/VREP-Boat-Simulator/VrepSimulation/lib/gams.jar
7ffa907c3000-7ffa907cd000 rw-p 00000000 00:00 0 
7ffa907cd000-7ffa90883000 rw-p 00000000 00:00 0 
7ffa90883000-7ffa90886000 ---p 00000000 00:00 0 
7ffa90886000-7ffa90989000 rw-p 00000000 00:00 0                          [stack:3851]
7ffa90989000-7ffa9098a000 r--s 00008000 08:02 4244887                    /home/jazen/Documents/Research/Platypus_Software/MyForks/VREP-Boat-Simulator/VrepSimulation/lib/Jama-1.0.3.jar
7ffa9098a000-7ffa90995000 rw-p 00000000 00:00 0 
7ffa90995000-7ffa909b3000 rw-p 00000000 00:00 0 
7ffa909b3000-7ffa909bb000 rw-s 00000000 08:02 5129181                    /tmp/hsperfdata_jazen/3848
7ffa909bb000-7ffa909bc000 rw-p 00000000 00:00 0 
7ffa909bc000-7ffa909bd000 r--p 00000000 00:00 0 
7ffa909bd000-7ffa909bf000 rw-p 00000000 00:00 0 
7ffa909bf000-7ffa909c0000 r--p 00022000 08:02 4980837                    /lib/x86_64-linux-gnu/ld-2.19.so
7ffa909c0000-7ffa909c1000 rw-p 00023000 08:02 4980837                    /lib/x86_64-linux-gnu/ld-2.19.so
7ffa909c1000-7ffa909c2000 rw-p 00000000 00:00 0 
7ffdadf07000-7ffdadf29000 rw-p 00000000 00:00 0                          [stack]
7ffdadf39000-7ffdadf3b000 r-xp 00000000 00:00 0                          [vdso]
ffffffffff600000-ffffffffff601000 r-xp 00000000 00:00 0                  [vsyscall]

VM Arguments:
jvm_args: -Dfile.encoding=UTF-8 -Djava.library.path=/home/jazen/v_rep/programming/remoteApiBindings/java/lib/64Bit:/home/jazen/ace/ACE_wrappers/ace:/home/jazen/madara:/home/jazen/gams:/home/jazen/gams/lib
 
java_command: vrepSim.vrepSimMain
Launcher Type: SUN_STANDARD

Environment Variables:
JAVA_HOME=/usr/lib/jvm/java-7-oracle
PATH=/home/jazen/ace/ACE_wrappers/bin:/home/jazen/bin:/opt/ros/indigo/bin:/home/jazen/bin:/usr/local/sbin:/usr/local/bin:/usr/sbin:/usr/bin:/sbin:/bin:/usr/games:/usr/local/games
LD_LIBRARY_PATH=/usr/lib/jvm/java-8-oracle/jre/lib/amd64:/usr/lib/jvm/java-8-oracle/jre/lib/i386:/home/jazen/ace/ACE_wrappers/lib:/home/jazen/madara/lib:/home/jazen/gams/lib:/opt/ros/indigo/lib:/opt/ros/indigo/lib/x86_64-linux-gnu
SHELL=/bin/bash
DISPLAY=:0

Signal Handlers:
SIGSEGV: [libjvm.so+0x9a3b20], sa_mask[0]=0x7ffbfeff, sa_flags=0x10000004
SIGBUS: [libjvm.so+0x9a3b20], sa_mask[0]=0x7ffbfeff, sa_flags=0x10000004
SIGFPE: [libjvm.so+0x81e740], sa_mask[0]=0x7ffbfeff, sa_flags=0x10000004
SIGPIPE: [libjvm.so+0x81e740], sa_mask[0]=0x7ffbfeff, sa_flags=0x10000004
SIGXFSZ: [libjvm.so+0x81e740], sa_mask[0]=0x7ffbfeff, sa_flags=0x10000004
SIGILL: [libjvm.so+0x81e740], sa_mask[0]=0x7ffbfeff, sa_flags=0x10000004
SIGUSR1: SIG_DFL, sa_mask[0]=0x00000000, sa_flags=0x00000000
SIGUSR2: [libjvm.so+0x81ffb0], sa_mask[0]=0x00000004, sa_flags=0x10000004
SIGHUP: [libjvm.so+0x8210d0], sa_mask[0]=0x7ffbfeff, sa_flags=0x10000004
SIGINT: SIG_IGN, sa_mask[0]=0x00000000, sa_flags=0x00000000
SIGTERM: [libjvm.so+0x8210d0], sa_mask[0]=0x7ffbfeff, sa_flags=0x10000004
SIGQUIT: [libjvm.so+0x8210d0], sa_mask[0]=0x7ffbfeff, sa_flags=0x10000004


---------------  S Y S T E M  ---------------

OS:jessie/sid

uname:Linux 3.13.0-62-generic #102-Ubuntu SMP Tue Aug 11 14:29:36 UTC 2015 x86_64
libc:glibc 2.19 NPTL 2.19 
rlimit: STACK 8192k, CORE 0k, NPROC 61293, NOFILE 4096, AS infinity
load average:5.73 2.21 1.10

/proc/meminfo:
MemTotal:        8063700 kB
MemFree:         2885604 kB
Buffers:          105164 kB
Cached:          1709772 kB
SwapCached:            0 kB
Active:          3484136 kB
Inactive:        1469952 kB
Active(anon):    3144896 kB
Inactive(anon):   666780 kB
Active(file):     339240 kB
Inactive(file):   803172 kB
Unevictable:          88 kB
Mlocked:              88 kB
SwapTotal:       8274940 kB
SwapFree:        8274940 kB
Dirty:               320 kB
Writeback:             0 kB
AnonPages:       3139136 kB
Mapped:           444144 kB
Shmem:            672528 kB
Slab:              94460 kB
SReclaimable:      59676 kB
SUnreclaim:        34784 kB
KernelStack:        4896 kB
PageTables:        42104 kB
NFS_Unstable:          0 kB
Bounce:                0 kB
WritebackTmp:          0 kB
CommitLimit:    12306788 kB
Committed_AS:    8683260 kB
VmallocTotal:   34359738367 kB
VmallocUsed:      361720 kB
VmallocChunk:   34359369304 kB
HardwareCorrupted:     0 kB
AnonHugePages:   1628160 kB
HugePages_Total:       0
HugePages_Free:        0
HugePages_Rsvd:        0
HugePages_Surp:        0
Hugepagesize:       2048 kB
DirectMap4k:       71216 kB
DirectMap2M:     1912832 kB
DirectMap1G:     6291456 kB


CPU:total 4 (2 cores per cpu, 2 threads per core) family 6 model 69 stepping 1, cmov, cx8, fxsr, mmx, sse, sse2, sse3, ssse3, sse4.1, sse4.2, popcnt, avx, avx2, aes, erms, ht, tsc, tscinvbit

/proc/cpuinfo:
processor	: 0
vendor_id	: GenuineIntel
cpu family	: 6
model		: 69
model name	: Intel(R) Core(TM) i5-4210U CPU @ 1.70GHz
stepping	: 1
microcode	: 0x17
cpu MHz		: 1700.000
cache size	: 3072 KB
physical id	: 0
siblings	: 4
core id		: 0
cpu cores	: 2
apicid		: 0
initial apicid	: 0
fpu		: yes
fpu_exception	: yes
cpuid level	: 13
wp		: yes
flags		: fpu vme de pse tsc msr pae mce cx8 apic sep mtrr pge mca cmov pat pse36 clflush dts acpi mmx fxsr sse sse2 ss ht tm pbe syscall nx pdpe1gb rdtscp lm constant_tsc arch_perfmon pebs bts rep_good nopl xtopology nonstop_tsc aperfmperf eagerfpu pni pclmulqdq dtes64 monitor ds_cpl vmx est tm2 ssse3 fma cx16 xtpr pdcm pcid sse4_1 sse4_2 movbe popcnt tsc_deadline_timer aes xsave avx f16c rdrand lahf_lm abm ida arat epb xsaveopt pln pts dtherm tpr_shadow vnmi flexpriority ept vpid fsgsbase tsc_adjust bmi1 avx2 smep bmi2 erms invpcid
bogomips	: 4788.85
clflush size	: 64
cache_alignment	: 64
address sizes	: 39 bits physical, 48 bits virtual
power management:

processor	: 1
vendor_id	: GenuineIntel
cpu family	: 6
model		: 69
model name	: Intel(R) Core(TM) i5-4210U CPU @ 1.70GHz
stepping	: 1
microcode	: 0x17
cpu MHz		: 1700.000
cache size	: 3072 KB
physical id	: 0
siblings	: 4
core id		: 1
cpu cores	: 2
apicid		: 2
initial apicid	: 2
fpu		: yes
fpu_exception	: yes
cpuid level	: 13
wp		: yes
flags		: fpu vme de pse tsc msr pae mce cx8 apic sep mtrr pge mca cmov pat pse36 clflush dts acpi mmx fxsr sse sse2 ss ht tm pbe syscall nx pdpe1gb rdtscp lm constant_tsc arch_perfmon pebs bts rep_good nopl xtopology nonstop_tsc aperfmperf eagerfpu pni pclmulqdq dtes64 monitor ds_cpl vmx est tm2 ssse3 fma cx16 xtpr pdcm pcid sse4_1 sse4_2 movbe popcnt tsc_deadline_timer aes xsave avx f16c rdrand lahf_lm abm ida arat epb xsaveopt pln pts dtherm tpr_shadow vnmi flexpriority ept vpid fsgsbase tsc_adjust bmi1 avx2 smep bmi2 erms invpcid
bogomips	: 4788.85
clflush size	: 64
cache_alignment	: 64
address sizes	: 39 bits physical, 48 bits virtual
power management:

processor	: 2
vendor_id	: GenuineIntel
cpu family	: 6
model		: 69
model name	: Intel(R) Core(TM) i5-4210U CPU @ 1.70GHz
stepping	: 1
microcode	: 0x17
cpu MHz		: 1700.000
cache size	: 3072 KB
physical id	: 0
siblings	: 4
core id		: 0
cpu cores	: 2
apicid		: 1
initial apicid	: 1
fpu		: yes
fpu_exception	: yes
cpuid level	: 13
wp		: yes
flags		: fpu vme de pse tsc msr pae mce cx8 apic sep mtrr pge mca cmov pat pse36 clflush dts acpi mmx fxsr sse sse2 ss ht tm pbe syscall nx pdpe1gb rdtscp lm constant_tsc arch_perfmon pebs bts rep_good nopl xtopology nonstop_tsc aperfmperf eagerfpu pni pclmulqdq dtes64 monitor ds_cpl vmx est tm2 ssse3 fma cx16 xtpr pdcm pcid sse4_1 sse4_2 movbe popcnt tsc_deadline_timer aes xsave avx f16c rdrand lahf_lm abm ida arat epb xsaveopt pln pts dtherm tpr_shadow vnmi flexpriority ept vpid fsgsbase tsc_adjust bmi1 avx2 smep bmi2 erms invpcid
bogomips	: 4788.85
clflush size	: 64
cache_alignment	: 64
address sizes	: 39 bits physical, 48 bits virtual
power management:

processor	: 3
vendor_id	: GenuineIntel
cpu family	: 6
model		: 69
model name	: Intel(R) Core(TM) i5-4210U CPU @ 1.70GHz
stepping	: 1
microcode	: 0x17
cpu MHz		: 1700.000
cache size	: 3072 KB
physical id	: 0
siblings	: 4
core id		: 1
cpu cores	: 2
apicid		: 3
initial apicid	: 3
fpu		: yes
fpu_exception	: yes
cpuid level	: 13
wp		: yes
flags		: fpu vme de pse tsc msr pae mce cx8 apic sep mtrr pge mca cmov pat pse36 clflush dts acpi mmx fxsr sse sse2 ss ht tm pbe syscall nx pdpe1gb rdtscp lm constant_tsc arch_perfmon pebs bts rep_good nopl xtopology nonstop_tsc aperfmperf eagerfpu pni pclmulqdq dtes64 monitor ds_cpl vmx est tm2 ssse3 fma cx16 xtpr pdcm pcid sse4_1 sse4_2 movbe popcnt tsc_deadline_timer aes xsave avx f16c rdrand lahf_lm abm ida arat epb xsaveopt pln pts dtherm tpr_shadow vnmi flexpriority ept vpid fsgsbase tsc_adjust bmi1 avx2 smep bmi2 erms invpcid
bogomips	: 4788.85
clflush size	: 64
cache_alignment	: 64
address sizes	: 39 bits physical, 48 bits virtual
power management:



Memory: 4k page, physical 8063700k(2885604k free), swap 8274940k(8274940k free)

vm_info: Java HotSpot(TM) 64-Bit Server VM (24.80-b11) for linux-amd64 JRE (1.7.0_80-b15), built on Apr 10 2015 19:53:14 by "java_re" with gcc 4.3.0 20080428 (Red Hat 4.3.0-8)

time: Tue Aug 18 22:28:25 2015
elapsed time: 109 seconds

