#
# A fatal error has been detected by the Java Runtime Environment:
#
#  SIGSEGV (0xb) at pc=0x00007ffa58f17ba0, pid=6586, tid=140712901199616
#
# JRE version: Java(TM) SE Runtime Environment (7.0_80-b15) (build 1.7.0_80-b15)
# Java VM: Java HotSpot(TM) 64-Bit Server VM (24.80-b11 mixed mode linux-amd64 compressed oops)
# Problematic frame:
# C  [libGAMS.so.6.3.0+0x37ba0]  Java_com_gams_utility_Position_jni_1getX+0x0
#
# Failed to write core dump. Core dumps have been disabled. To enable core dumping, try "ulimit -c unlimited" before starting Java again
#
# If you would like to submit a bug report, please visit:
#   http://bugreport.java.com/bugreport/crash.jsp
# The crash happened outside the Java Virtual Machine in native code.
# See problematic frame for where to report the bug.
#

---------------  T H R E A D  ---------------

Current thread (0x00007ffa6420d800):  JavaThread "Thread-3" [_thread_in_native, id=6614, stack(0x00007ffa466dc000,0x00007ffa467dd000)]

siginfo:si_signo=SIGSEGV: si_errno=0, si_code=1 (SEGV_MAPERR), si_addr=0x0000000000000008

Registers:
RAX=0x00007ffa58f17ba0, RBX=0x000000077feb5548, RCX=0x0000000000000099, RDX=0x0000000000000000
RSP=0x00007ffa467daa08, RBP=0x00007ffa467daa68, RSI=0x00007ffa467daa98, RDI=0x00007ffa6420d9e8
R8 =0x00000007d716b640, R9 =0x0000000000000002, R10=0x00007ffa61018c0d, R11=0x00007ffa6a795940
R12=0x0000000000000000, R13=0x000000077feb5548, R14=0x00007ffa467daa98, R15=0x00007ffa6420d800
RIP=0x00007ffa58f17ba0, EFLAGS=0x0000000000010287, CSGSFS=0x0000000000000033, ERR=0x0000000000000004
  TRAPNO=0x000000000000000e

Top of Stack: (sp=0x00007ffa467daa08)
0x00007ffa467daa08:   00007ffa61018c39 00007ffa6420d800
0x00007ffa467daa18:   00007ffa6addc7b0 00007ffa24000f48
0x00007ffa467daa28:   00007ffa467daa28 0000000000000000
0x00007ffa467daa38:   00007ffa467daa98 000000077feb85c0
0x00007ffa467daa48:   0000000000000000 000000077feb5548
0x00007ffa467daa58:   0000000000000000 00007ffa467daa88
0x00007ffa467daa68:   00007ffa467daae0 00007ffa61006137
0x00007ffa467daa78:   0000000000000000 00007ffa61012f3a
0x00007ffa467daa88:   0000000000000000 00000007d7168240
0x00007ffa467daa98:   00000007d7168240 00007ffa467daaa0
0x00007ffa467daaa8:   000000077feb60d5 00007ffa467daaf0
0x00007ffa467daab8:   000000077feb85c0 0000000000000000
0x00007ffa467daac8:   000000077feb60e0 00007ffa467daa88
0x00007ffa467daad8:   00007ffa467daaf0 00007ffa467dab48
0x00007ffa467daae8:   00007ffa61006137 00000007d7168240
0x00007ffa467daaf8:   0000000000000000 00000007d716b630
0x00007ffa467dab08:   00007ffa467dab08 000000077feb65b7
0x00007ffa467dab18:   00007ffa467dab60 000000077feb85c0
0x00007ffa467dab28:   0000000000000000 000000077feb65d8
0x00007ffa467dab38:   00007ffa467daaf0 00007ffa467dab60
0x00007ffa467dab48:   00007ffa467daba8 00007ffa610062b3
0x00007ffa467dab58:   00000007d716b630 00000007d7168240
0x00007ffa467dab68:   00007ffa467dab68 000000077fefe8cc
0x00007ffa467dab78:   00007ffa467dabe8 000000077ff65568
0x00007ffa467dab88:   0000000000000000 000000077fefe9a8
0x00007ffa467dab98:   00007ffa467dab60 00007ffa467dabd0
0x00007ffa467daba8:   00007ffa467dac50 00007ffa610004e7
0x00007ffa467dabb8:   0000000000000000 00000007d716b5e0
0x00007ffa467dabc8:   00000007d716b608 3fb999999999999a
0x00007ffa467dabd8:   404437f04cd2a0f2 00000007d716b570
0x00007ffa467dabe8:   00000007d8e00998 00007ffa00001fa0
0x00007ffa467dabf8:   00007ffa467daf40 00007ffa467dacd0 

Instructions: (pc=0x00007ffa58f17ba0)
0x00007ffa58f17b80:   24 1f e8 69 fd ff ff 48 89 ef e8 31 91 ff ff 48
0x00007ffa58f17b90:   89 c5 48 8b 1d 37 51 29 00 eb d4 0f 1f 44 00 00
0x00007ffa58f17ba0:   f2 0f 10 42 08 c3 66 2e 0f 1f 84 00 00 00 00 00
0x00007ffa58f17bb0:   f2 0f 10 42 10 c3 66 2e 0f 1f 84 00 00 00 00 00 

Register to memory mapping:

RAX=0x00007ffa58f17ba0: Java_com_gams_utility_Position_jni_1getX+0 in /home/jazen/gams/libGAMS.so.6.3.0 at 0x00007ffa58ee0000
RBX=0x000000077feb5548 is an oop
{method} 
 - klass: {other class}
RCX=0x0000000000000099 is an unknown value
RDX=0x0000000000000000 is an unknown value
RSP=0x00007ffa467daa08 is pointing into the stack for thread: 0x00007ffa6420d800
RBP=0x00007ffa467daa68 is pointing into the stack for thread: 0x00007ffa6420d800
RSI=0x00007ffa467daa98 is pointing into the stack for thread: 0x00007ffa6420d800
RDI=0x00007ffa6420d9e8 is an unknown value
R8 =0x00000007d716b640 is an unknown value
R9 =0x0000000000000002 is an unknown value
R10=0x00007ffa61018c0d is at code_begin+1197 in an Interpreter codelet
method entry point (kind = native)  [0x00007ffa61018760, 0x00007ffa61019560]  3584 bytes
R11=0x00007ffa6a795940: <offset 0x8b5940> in /usr/lib/jvm/java-7-oracle/jre/lib/amd64/server/libjvm.so at 0x00007ffa69ee0000
R12=0x0000000000000000 is an unknown value
R13=0x000000077feb5548 is an oop
{method} 
 - klass: {other class}
R14=0x00007ffa467daa98 is pointing into the stack for thread: 0x00007ffa6420d800
R15=0x00007ffa6420d800 is a thread


Stack: [0x00007ffa466dc000,0x00007ffa467dd000],  sp=0x00007ffa467daa08,  free space=1018k
Native frames: (J=compiled Java code, j=interpreted, Vv=VM code, C=native code)
C  [libGAMS.so.6.3.0+0x37ba0]  Java_com_gams_utility_Position_jni_1getX+0x0
j  com.gams.utility.Position.getX()D+5
j  com.gams.utility.Position.toArray()[D+7
j  vrepSim.LutraPlatform.move(Lcom/gams/utility/Position;D)I+20
v  ~StubRoutines::call_stub
V  [libjvm.so+0x6020a5]  JavaCalls::call_helper(JavaValue*, methodHandle*, JavaCallArguments*, Thread*)+0x365
V  [libjvm.so+0x600b08]  JavaCalls::call(JavaValue*, methodHandle, JavaCallArguments*, Thread*)+0x28
V  [libjvm.so+0x63b684]  jni_invoke_nonstatic(JNIEnv_*, JavaValue*, _jobject*, JNICallType, _jmethodID*, JNI_ArgumentPusher*, Thread*)+0x2b4
V  [libjvm.so+0x64bd29]  jni_CallIntMethodV+0xe9

Java frames: (J=compiled Java code, j=interpreted, Vv=VM code)
j  com.gams.utility.Position.jni_getX(J)D+0
j  com.gams.utility.Position.getX()D+5
j  com.gams.utility.Position.toArray()[D+7
j  vrepSim.LutraPlatform.move(Lcom/gams/utility/Position;D)I+20
v  ~StubRoutines::call_stub
j  com.gams.controllers.BaseController.jni_run(JDD)J+0
j  com.gams.controllers.BaseController.run(DD)J+7
j  vrepSim.LutraGAMS$1.run()V+13
j  java.lang.Thread.run()V+11
v  ~StubRoutines::call_stub

---------------  P R O C E S S  ---------------

Java Threads: ( => current thread )
  0x00007ff9e8003000 JavaThread "Thread-7" [_thread_blocked, id=6617, stack(0x00007ffa44ed9000,0x00007ffa456da000)]
  0x00007ff9f0003000 JavaThread "Thread-6" [_thread_in_native, id=6619, stack(0x00007ff9f77ff000,0x00007ff9f8000000)]
  0x00007ff9fc003000 JavaThread "Thread-5" [_thread_in_native, id=6618, stack(0x00007ffa446d8000,0x00007ffa44ed9000)]
  0x00007ff9f8003000 JavaThread "Thread-4" [_thread_in_native, id=6616, stack(0x00007ffa456da000,0x00007ffa45edb000)]
=>0x00007ffa6420d800 JavaThread "Thread-3" [_thread_in_native, id=6614, stack(0x00007ffa466dc000,0x00007ffa467dd000)]
  0x00007ffa0c003000 JavaThread "Thread-2" [_thread_blocked, id=6613, stack(0x00007ffa467dd000,0x00007ffa46fde000)]
  0x00007ffa08003000 JavaThread "Thread-1" [_thread_in_native, id=6612, stack(0x00007ffa46fde000,0x00007ffa477df000)]
  0x00007ffa14003000 JavaThread "Thread-0" [_thread_in_native, id=6611, stack(0x00007ffa477df000,0x00007ffa47fe0000)]
  0x00007ffa640ab800 JavaThread "Service Thread" daemon [_thread_blocked, id=6608, stack(0x00007ffa5a296000,0x00007ffa5a397000)]
  0x00007ffa640a9800 JavaThread "C2 CompilerThread1" daemon [_thread_blocked, id=6607, stack(0x00007ffa5a397000,0x00007ffa5a498000)]
  0x00007ffa640a6800 JavaThread "C2 CompilerThread0" daemon [_thread_blocked, id=6606, stack(0x00007ffa5a498000,0x00007ffa5a599000)]
  0x00007ffa34001000 JavaThread "JDWP Command Reader" daemon [_thread_in_native, id=6603, stack(0x00007ffa5a599000,0x00007ffa5a69a000)]
  0x00007ffa640a4000 JavaThread "JDWP Event Helper Thread" daemon [_thread_blocked, id=6601, stack(0x00007ffa5a69a000,0x00007ffa5a79b000)]
  0x00007ffa640a0800 JavaThread "JDWP Transport Listener: dt_socket" daemon [_thread_blocked, id=6599, stack(0x00007ffa5a79b000,0x00007ffa5a89c000)]
  0x00007ffa64093000 JavaThread "Signal Dispatcher" daemon [_thread_blocked, id=6598, stack(0x00007ffa5aaa0000,0x00007ffa5aba1000)]
  0x00007ffa64073000 JavaThread "Finalizer" daemon [_thread_blocked, id=6597, stack(0x00007ffa5aba1000,0x00007ffa5aca2000)]
  0x00007ffa64071000 JavaThread "Reference Handler" daemon [_thread_blocked, id=6596, stack(0x00007ffa5aca2000,0x00007ffa5ada3000)]
  0x00007ffa6400c800 JavaThread "main" [_thread_in_Java, id=6587, stack(0x00007ffa6b83c000,0x00007ffa6b93d000)]

Other Threads:
  0x00007ffa6406c800 VMThread [stack: 0x00007ffa5ada3000,0x00007ffa5aea4000] [id=6595]
  0x00007ffa640b6800 WatcherThread [stack: 0x00007ffa5a195000,0x00007ffa5a296000] [id=6609]

VM state:not at safepoint (normal execution)

VM Mutex/Monitor currently owned by a thread: None

Heap
 PSYoungGen      total 36864K, used 4817K [0x00000007d6f00000, 0x00000007d9800000, 0x0000000800000000)
  eden space 31744K, 9% used [0x00000007d6f00000,0x00000007d720d090,0x00000007d8e00000)
  from space 5120K, 33% used [0x00000007d8e00000,0x00000007d8fa7668,0x00000007d9300000)
  to   space 5120K, 0% used [0x00000007d9300000,0x00000007d9300000,0x00000007d9800000)
 ParOldGen       total 83968K, used 8K [0x0000000784e00000, 0x000000078a000000, 0x00000007d6f00000)
  object space 83968K, 0% used [0x0000000784e00000,0x0000000784e02000,0x000000078a000000)
 PSPermGen       total 21504K, used 5527K [0x000000077fc00000, 0x0000000781100000, 0x0000000784e00000)
  object space 21504K, 25% used [0x000000077fc00000,0x0000000780165cf0,0x0000000781100000)

Card table byte_map: [0x00007ffa60bfd000,0x00007ffa61000000] byte_map_base: 0x00007ffa5cfff000

Polling page: 0x00007ffa6b975000

Code Cache  [0x00007ffa61000000, 0x00007ffa61270000, 0x00007ffa64000000)
 total_blobs=381 nmethods=114 adapters=228 free_code_cache=48313Kb largest_free_block=49449216

Compilation events (10 events):
Event: 19.259 Thread 0x00007ffa640a9800  111             java.util.Formatter$Conversion::isInteger (48 bytes)
Event: 19.260 Thread 0x00007ffa640a9800 nmethod 111 0x00007ffa610cde50 code [0x00007ffa610ce0e0, 0x00007ffa610ce158]
Event: 19.619 Thread 0x00007ffa640a9800  112             java.lang.Long::doubleValue (6 bytes)
Event: 19.619 Thread 0x00007ffa640a9800 nmethod 112 0x00007ffa6109b310 code [0x00007ffa6109b440, 0x00007ffa6109b498]
Event: 19.708 Thread 0x00007ffa640a9800  113             java.util.Locale::equals (75 bytes)
Event: 19.708 Thread 0x00007ffa640a9800 nmethod 113 0x00007ffa61098dd0 code [0x00007ffa61098f00, 0x00007ffa61098f78]
Event: 19.740 Thread 0x00007ffa640a9800  114  s          java.lang.StringBuffer::length (5 bytes)
Event: 19.741 Thread 0x00007ffa640a9800 nmethod 114 0x00007ffa61098a10 code [0x00007ffa61098b40, 0x00007ffa61098d58]
Event: 19.778 Thread 0x00007ffa640a9800  115             java.text.SimpleDateFormat::format (171 bytes)
Event: 19.859 Thread 0x00007ffa640a9800 nmethod 115 0x00007ffa610c9bd0 code [0x00007ffa610c9da0, 0x00007ffa610ca430]

GC Heap History (2 events):
Event: 19.792 GC heap before
{Heap before GC invocations=1 (full 0):
 PSYoungGen      total 36864K, used 31744K [0x00000007d6f00000, 0x00000007d9800000, 0x0000000800000000)
  eden space 31744K, 100% used [0x00000007d6f00000,0x00000007d8e00000,0x00000007d8e00000)
  from space 5120K, 0% used [0x00000007d9300000,0x00000007d9300000,0x00000007d9800000)
  to   space 5120K, 0% used [0x00000007d8e00000,0x00000007d8e00000,0x00000007d9300000)
 ParOldGen       total 83968K, used 0K [0x0000000784e00000, 0x000000078a000000, 0x00000007d6f00000)
  object space 83968K, 0% used [0x0000000784e00000,0x0000000784e00000,0x000000078a000000)
 PSPermGen       total 21504K, used 5498K [0x000000077fc00000, 0x0000000781100000, 0x0000000784e00000)
  object space 21504K, 25% used [0x000000077fc00000,0x000000078015e978,0x0000000781100000)
Event: 19.810 GC heap after
Heap after GC invocations=1 (full 0):
 PSYoungGen      total 36864K, used 1693K [0x00000007d6f00000, 0x00000007d9800000, 0x0000000800000000)
  eden space 31744K, 0% used [0x00000007d6f00000,0x00000007d6f00000,0x00000007d8e00000)
  from space 5120K, 33% used [0x00000007d8e00000,0x00000007d8fa7668,0x00000007d9300000)
  to   space 5120K, 0% used [0x00000007d9300000,0x00000007d9300000,0x00000007d9800000)
 ParOldGen       total 83968K, used 8K [0x0000000784e00000, 0x000000078a000000, 0x00000007d6f00000)
  object space 83968K, 0% used [0x0000000784e00000,0x0000000784e02000,0x000000078a000000)
 PSPermGen       total 21504K, used 5498K [0x000000077fc00000, 0x0000000781100000, 0x0000000784e00000)
  object space 21504K, 25% used [0x000000077fc00000,0x000000078015e978,0x0000000781100000)
}

Deoptimization events (10 events):
Event: 1.496 Thread 0x00007ffa0c003000 Uncommon trap: reason=uninitialized action=reinterpret pc=0x00007ffa61074cec method=org.apache.commons.math.util.FastMath.slowLog(D)[D @ 152
Event: 1.516 Thread 0x00007ffa0c003000 Uncommon trap: reason=uninitialized action=reinterpret pc=0x00007ffa6107c1bc method=org.apache.commons.math.util.FastMath.slowLog(D)[D @ 84
Event: 4.107 Thread 0x00007ffa0c003000 Uncommon trap: reason=unstable_if action=reinterpret pc=0x00007ffa61087de0 method=sun.misc.FDBigInt.add(Lsun/misc/FDBigInt;)Lsun/misc/FDBigInt; @ 134
Event: 5.019 Thread 0x00007ffa0c003000 Uncommon trap: reason=unstable_if action=reinterpret pc=0x00007ffa61089830 method=sun.misc.FormattedFloatingDecimal.applyPrecision(I)[C @ 55
Event: 6.220 Thread 0x00007ffa0c003000 Uncommon trap: reason=unstable_if action=reinterpret pc=0x00007ffa610aa750 method=sun.misc.FormattedFloatingDecimal.dtoa(IJI)V @ 365
Event: 8.921 Thread 0x00007ff9fc003000 Uncommon trap: reason=unstable_if action=reinterpret pc=0x00007ffa6109341c method=sun.misc.FormattedFloatingDecimal.applyPrecision(I)[C @ 66
Event: 10.979 Thread 0x00007ffa0c003000 Uncommon trap: reason=unstable_if action=reinterpret pc=0x00007ffa610bfbc0 method=sun.misc.FormattedFloatingDecimal.dtoa(IJI)V @ 954
Event: 17.521 Thread 0x00007ff9e8003000 Uncommon trap: reason=unstable_if action=reinterpret pc=0x00007ffa610d2410 method=sun.misc.FormattedFloatingDecimal.dtoa(IJI)V @ 50
Event: 19.823 Thread 0x00007ffa0c003000 Uncommon trap: reason=unstable_if action=reinterpret pc=0x00007ffa6108e878 method=java.util.Formatter$FormatSpecifier.localizedMagnitude(Ljava/lang/StringBuilder;[CLjava/util/Formatter$Flags;ILjava/util/Locale;)Ljava/lang/StringBuilder; @ 284
Event: 19.823 Thread 0x00007ffa0c003000 Uncommon trap: reason=unstable_if action=reinterpret pc=0x00007ffa6107e9a8 method=java.util.Formatter$FormatSpecifier.addZeros([CI)[C @ 5

Internal exceptions (10 events):
Event: 1.223 Thread 0x00007ff9fc003000 Threw 0x00000007d77af970 at /HUDSON/workspace/7u-2-build-linux-amd64/jdk7u80/2329/hotspot/src/share/vm/prims/jvm.cpp:1319
Event: 1.224 Thread 0x00007ff9e8003000 Threw 0x00000007d78ed308 at /HUDSON/workspace/7u-2-build-linux-amd64/jdk7u80/2329/hotspot/src/share/vm/prims/jvm.cpp:1319
Event: 1.259 Thread 0x00007ffa0c003000 Threw 0x00000007d7495b40 at /HUDSON/workspace/7u-2-build-linux-amd64/jdk7u80/2329/hotspot/src/share/vm/prims/jvm.cpp:1319
Event: 1.260 Thread 0x00007ffa0c003000 Threw 0x00000007d7498f98 at /HUDSON/workspace/7u-2-build-linux-amd64/jdk7u80/2329/hotspot/src/share/vm/prims/jvm.cpp:1319
Event: 1.264 Thread 0x00007ffa0c003000 Threw 0x00000007d749fd30 at /HUDSON/workspace/7u-2-build-linux-amd64/jdk7u80/2329/hotspot/src/share/vm/prims/jvm.cpp:1319
Event: 1.267 Thread 0x00007ffa0c003000 Threw 0x00000007d74a52b8 at /HUDSON/workspace/7u-2-build-linux-amd64/jdk7u80/2329/hotspot/src/share/vm/prims/jvm.cpp:1319
Event: 1.268 Thread 0x00007ffa0c003000 Threw 0x00000007d74a7c40 at /HUDSON/workspace/7u-2-build-linux-amd64/jdk7u80/2329/hotspot/src/share/vm/prims/jvm.cpp:1319
Event: 1.276 Thread 0x00007ffa0c003000 Threw 0x00000007d74aa7f0 at /HUDSON/workspace/7u-2-build-linux-amd64/jdk7u80/2329/hotspot/src/share/vm/prims/jvm.cpp:1319
Event: 1.519 Thread 0x00007ffa0c003000 Threw 0x00000007d7a6cc58 at /HUDSON/workspace/7u-2-build-linux-amd64/jdk7u80/2329/hotspot/src/share/vm/prims/jvm.cpp:1319
Event: 1.521 Thread 0x00007ffa0c003000 Threw 0x00000007d7a72c60 at /HUDSON/workspace/7u-2-build-linux-amd64/jdk7u80/2329/hotspot/src/share/vm/prims/jvm.cpp:1319

Events (10 events):
Event: 129.576 Executing VM operation: ChangeSingleStep
Event: 129.583 Executing VM operation: ChangeSingleStep done
Event: 129.583 Executing VM operation: GetCurrentLocation
Event: 129.583 Executing VM operation: GetCurrentLocation done
Event: 129.583 Executing VM operation: ChangeSingleStep
Event: 129.583 Executing VM operation: ChangeSingleStep done
Event: 129.583 Executing VM operation: ChangeSingleStep
Event: 129.583 Executing VM operation: ChangeSingleStep done
Event: 131.275 Executing VM operation: GetOrSetLocal
Event: 131.282 Executing VM operation: GetOrSetLocal done


Dynamic libraries:
00400000-00401000 r-xp 00000000 08:02 1365019                            /usr/lib/jvm/java-7-oracle/bin/java
00600000-00601000 rw-p 00000000 08:02 1365019                            /usr/lib/jvm/java-7-oracle/bin/java
014cb000-014ec000 rw-p 00000000 00:00 0                                  [heap]
77fc00000-781100000 rw-p 00000000 00:00 0 
781100000-784e00000 rw-p 00000000 00:00 0 
784e00000-78a000000 rw-p 00000000 00:00 0 
78a000000-7d6f00000 rw-p 00000000 00:00 0 
7d6f00000-7d9800000 rw-p 00000000 00:00 0 
7d9800000-800000000 rw-p 00000000 00:00 0 
7ff9e8000000-7ff9e8022000 rw-p 00000000 00:00 0 
7ff9e8022000-7ff9ec000000 ---p 00000000 00:00 0 
7ff9f0000000-7ff9f0022000 rw-p 00000000 00:00 0 
7ff9f0022000-7ff9f4000000 ---p 00000000 00:00 0 
7ff9f77ff000-7ff9f7802000 ---p 00000000 00:00 0 
7ff9f7802000-7ff9f8000000 rw-p 00000000 00:00 0                          [stack:6619]
7ff9f8000000-7ff9f8022000 rw-p 00000000 00:00 0 
7ff9f8022000-7ff9fc000000 ---p 00000000 00:00 0 
7ff9fc000000-7ff9fc022000 rw-p 00000000 00:00 0 
7ff9fc022000-7ffa00000000 ---p 00000000 00:00 0 
7ffa00000000-7ffa0028c000 rw-p 00000000 00:00 0 
7ffa0028c000-7ffa04000000 ---p 00000000 00:00 0 
7ffa04000000-7ffa04021000 rw-p 00000000 00:00 0 
7ffa04021000-7ffa08000000 ---p 00000000 00:00 0 
7ffa08000000-7ffa08022000 rw-p 00000000 00:00 0 
7ffa08022000-7ffa0c000000 ---p 00000000 00:00 0 
7ffa0c000000-7ffa0c0e4000 rw-p 00000000 00:00 0 
7ffa0c0e4000-7ffa10000000 ---p 00000000 00:00 0 
7ffa10000000-7ffa10021000 rw-p 00000000 00:00 0 
7ffa10021000-7ffa14000000 ---p 00000000 00:00 0 
7ffa14000000-7ffa14022000 rw-p 00000000 00:00 0 
7ffa14022000-7ffa18000000 ---p 00000000 00:00 0 
7ffa18000000-7ffa18021000 rw-p 00000000 00:00 0 
7ffa18021000-7ffa1c000000 ---p 00000000 00:00 0 
7ffa1c000000-7ffa1c021000 rw-p 00000000 00:00 0 
7ffa1c021000-7ffa20000000 ---p 00000000 00:00 0 
7ffa20000000-7ffa2064c000 rw-p 00000000 00:00 0 
7ffa2064c000-7ffa24000000 ---p 00000000 00:00 0 
7ffa24000000-7ffa2639b000 rw-p 00000000 00:00 0 
7ffa2639b000-7ffa28000000 ---p 00000000 00:00 0 
7ffa28000000-7ffa28021000 rw-p 00000000 00:00 0 
7ffa28021000-7ffa2c000000 ---p 00000000 00:00 0 
7ffa2c000000-7ffa2c021000 rw-p 00000000 00:00 0 
7ffa2c021000-7ffa30000000 ---p 00000000 00:00 0 
7ffa30000000-7ffa30021000 rw-p 00000000 00:00 0 
7ffa30021000-7ffa34000000 ---p 00000000 00:00 0 
7ffa34000000-7ffa34035000 rw-p 00000000 00:00 0 
7ffa34035000-7ffa38000000 ---p 00000000 00:00 0 
7ffa38000000-7ffa38021000 rw-p 00000000 00:00 0 
7ffa38021000-7ffa3c000000 ---p 00000000 00:00 0 
7ffa3c000000-7ffa3c021000 rw-p 00000000 00:00 0 
7ffa3c021000-7ffa40000000 ---p 00000000 00:00 0 
7ffa40000000-7ffa40021000 rw-p 00000000 00:00 0 
7ffa40021000-7ffa44000000 ---p 00000000 00:00 0 
7ffa446d8000-7ffa446db000 ---p 00000000 00:00 0 
7ffa446db000-7ffa44ed9000 rw-p 00000000 00:00 0                          [stack:6618]
7ffa44ed9000-7ffa44edc000 ---p 00000000 00:00 0 
7ffa44edc000-7ffa456da000 rw-p 00000000 00:00 0                          [stack:6617]
7ffa456da000-7ffa456dd000 ---p 00000000 00:00 0 
7ffa456dd000-7ffa45edb000 rw-p 00000000 00:00 0                          [stack:6616]
7ffa45edb000-7ffa45edc000 ---p 00000000 00:00 0 
7ffa45edc000-7ffa466dc000 rw-p 00000000 00:00 0                          [stack:6615]
7ffa466dc000-7ffa466df000 ---p 00000000 00:00 0 
7ffa466df000-7ffa467dd000 rw-p 00000000 00:00 0                          [stack:6614]
7ffa467dd000-7ffa467e0000 ---p 00000000 00:00 0 
7ffa467e0000-7ffa46fde000 rw-p 00000000 00:00 0                          [stack:6613]
7ffa46fde000-7ffa46fe1000 ---p 00000000 00:00 0 
7ffa46fe1000-7ffa477df000 rw-p 00000000 00:00 0                          [stack:6612]
7ffa477df000-7ffa477e2000 ---p 00000000 00:00 0 
7ffa477e2000-7ffa4c000000 rw-p 00000000 00:00 0                          [stack:6611]
7ffa4c000000-7ffa4c021000 rw-p 00000000 00:00 0 
7ffa4c021000-7ffa50000000 ---p 00000000 00:00 0 
7ffa50000000-7ffa50021000 rw-p 00000000 00:00 0 
7ffa50021000-7ffa54000000 ---p 00000000 00:00 0 
7ffa54000000-7ffa54021000 rw-p 00000000 00:00 0 
7ffa54021000-7ffa58000000 ---p 00000000 00:00 0 
7ffa580cb000-7ffa580e2000 r-xp 00000000 08:02 1318420                    /usr/lib/jvm/java-7-oracle/jre/lib/amd64/libnet.so
7ffa580e2000-7ffa582e1000 ---p 00017000 08:02 1318420                    /usr/lib/jvm/java-7-oracle/jre/lib/amd64/libnet.so
7ffa582e1000-7ffa582e2000 rw-p 00016000 08:02 1318420                    /usr/lib/jvm/java-7-oracle/jre/lib/amd64/libnet.so
7ffa582e2000-7ffa582f2000 r-xp 00000000 08:02 1318421                    /usr/lib/jvm/java-7-oracle/jre/lib/amd64/libnio.so
7ffa582f2000-7ffa584f2000 ---p 00010000 08:02 1318421                    /usr/lib/jvm/java-7-oracle/jre/lib/amd64/libnio.so
7ffa584f2000-7ffa584f3000 rw-p 00010000 08:02 1318421                    /usr/lib/jvm/java-7-oracle/jre/lib/amd64/libnio.so
7ffa584f3000-7ffa586df000 rw-p 00000000 00:00 0 
7ffa586df000-7ffa586e0000 ---p 00000000 00:00 0 
7ffa586e0000-7ffa58ee0000 rw-p 00000000 00:00 0                          [stack:6610]
7ffa58ee0000-7ffa58faa000 r-xp 00000000 08:02 1859401                    /home/jazen/gams/libGAMS.so.6.3.0
7ffa58faa000-7ffa591aa000 ---p 000ca000 08:02 1859401                    /home/jazen/gams/libGAMS.so.6.3.0
7ffa591aa000-7ffa591ad000 r--p 000ca000 08:02 1859401                    /home/jazen/gams/libGAMS.so.6.3.0
7ffa591ad000-7ffa591af000 rw-p 000cd000 08:02 1859401                    /home/jazen/gams/libGAMS.so.6.3.0
7ffa591af000-7ffa5939c000 r-xp 00000000 08:02 1859117                    /home/jazen/madara/libMADARA.so.6.3.0
7ffa5939c000-7ffa5959b000 ---p 001ed000 08:02 1859117                    /home/jazen/madara/libMADARA.so.6.3.0
7ffa5959b000-7ffa595a2000 r--p 001ec000 08:02 1859117                    /home/jazen/madara/libMADARA.so.6.3.0
7ffa595a2000-7ffa595a5000 rw-p 001f3000 08:02 1859117                    /home/jazen/madara/libMADARA.so.6.3.0
7ffa595a5000-7ffa59734000 r-xp 00000000 08:02 1705810                    /home/jazen/ace/ACE_wrappers/ace/libACE.so.6.3.0
7ffa59734000-7ffa59933000 ---p 0018f000 08:02 1705810                    /home/jazen/ace/ACE_wrappers/ace/libACE.so.6.3.0
7ffa59933000-7ffa59946000 r--p 0018e000 08:02 1705810                    /home/jazen/ace/ACE_wrappers/ace/libACE.so.6.3.0
7ffa59946000-7ffa5994a000 rw-p 001a1000 08:02 1705810                    /home/jazen/ace/ACE_wrappers/ace/libACE.so.6.3.0
7ffa5994a000-7ffa5994c000 rw-p 00000000 00:00 0 
7ffa5994c000-7ffa59962000 r-xp 00000000 08:02 5004209                    /lib/x86_64-linux-gnu/libgcc_s.so.1
7ffa59962000-7ffa59b61000 ---p 00016000 08:02 5004209                    /lib/x86_64-linux-gnu/libgcc_s.so.1
7ffa59b61000-7ffa59b62000 r--p 00015000 08:02 5004209                    /lib/x86_64-linux-gnu/libgcc_s.so.1
7ffa59b62000-7ffa59b63000 rw-p 00016000 08:02 5004209                    /lib/x86_64-linux-gnu/libgcc_s.so.1
7ffa59b63000-7ffa59cd0000 r-xp 00000000 08:02 1246485                    /usr/lib/x86_64-linux-gnu/libstdc++.so.6.0.21
7ffa59cd0000-7ffa59ecf000 ---p 0016d000 08:02 1246485                    /usr/lib/x86_64-linux-gnu/libstdc++.so.6.0.21
7ffa59ecf000-7ffa59ed9000 r--p 0016c000 08:02 1246485                    /usr/lib/x86_64-linux-gnu/libstdc++.so.6.0.21
7ffa59ed9000-7ffa59edb000 rw-p 00176000 08:02 1246485                    /usr/lib/x86_64-linux-gnu/libstdc++.so.6.0.21
7ffa59edb000-7ffa59edf000 rw-p 00000000 00:00 0 
7ffa59f14000-7ffa59f33000 r-xp 00000000 08:02 1788256                    /home/jazen/v_rep/programming/remoteApiBindings/java/lib/64Bit/libremoteApiJava.so
7ffa59f33000-7ffa5a133000 ---p 0001f000 08:02 1788256                    /home/jazen/v_rep/programming/remoteApiBindings/java/lib/64Bit/libremoteApiJava.so
7ffa5a133000-7ffa5a134000 r--p 0001f000 08:02 1788256                    /home/jazen/v_rep/programming/remoteApiBindings/java/lib/64Bit/libremoteApiJava.so
7ffa5a134000-7ffa5a135000 rw-p 00020000 08:02 1788256                    /home/jazen/v_rep/programming/remoteApiBindings/java/lib/64Bit/libremoteApiJava.so
7ffa5a135000-7ffa5a14a000 rw-p 00000000 00:00 0 
7ffa5a14a000-7ffa5a173000 r--s 001da000 08:02 4244827                    /home/jazen/Documents/Research/Platypus_Software/MyForks/VREP-Boat-Simulator/VrepSimulation/lib/crwlib_core.jar
7ffa5a173000-7ffa5a186000 r--s 000df000 08:02 4244826                    /home/jazen/Documents/Research/Platypus_Software/MyForks/VREP-Boat-Simulator/VrepSimulation/lib/commons-math-2.2.jar
7ffa5a186000-7ffa5a195000 r--s 00098000 08:02 4244888                    /home/jazen/Documents/Research/Platypus_Software/MyForks/VREP-Boat-Simulator/VrepSimulation/lib/jscience-4.3.jar
7ffa5a195000-7ffa5a196000 ---p 00000000 00:00 0 
7ffa5a196000-7ffa5a296000 rw-p 00000000 00:00 0                          [stack:6609]
7ffa5a296000-7ffa5a299000 ---p 00000000 00:00 0 
7ffa5a299000-7ffa5a397000 rw-p 00000000 00:00 0                          [stack:6608]
7ffa5a397000-7ffa5a39a000 ---p 00000000 00:00 0 
7ffa5a39a000-7ffa5a498000 rw-p 00000000 00:00 0                          [stack:6607]
7ffa5a498000-7ffa5a49b000 ---p 00000000 00:00 0 
7ffa5a49b000-7ffa5a599000 rw-p 00000000 00:00 0                          [stack:6606]
7ffa5a599000-7ffa5a59c000 ---p 00000000 00:00 0 
7ffa5a59c000-7ffa5a69a000 rw-p 00000000 00:00 0                          [stack:6603]
7ffa5a69a000-7ffa5a69d000 ---p 00000000 00:00 0 
7ffa5a69d000-7ffa5a79b000 rw-p 00000000 00:00 0                          [stack:6601]
7ffa5a79b000-7ffa5a79e000 ---p 00000000 00:00 0 
7ffa5a79e000-7ffa5a89c000 rw-p 00000000 00:00 0                          [stack:6599]
7ffa5a89c000-7ffa5a8a0000 r-xp 00000000 08:02 1318397                    /usr/lib/jvm/java-7-oracle/jre/lib/amd64/libdt_socket.so
7ffa5a8a0000-7ffa5aa9f000 ---p 00004000 08:02 1318397                    /usr/lib/jvm/java-7-oracle/jre/lib/amd64/libdt_socket.so
7ffa5aa9f000-7ffa5aaa0000 rw-p 00003000 08:02 1318397                    /usr/lib/jvm/java-7-oracle/jre/lib/amd64/libdt_socket.so
7ffa5aaa0000-7ffa5aaa3000 ---p 00000000 00:00 0 
7ffa5aaa3000-7ffa5aba1000 rw-p 00000000 00:00 0                          [stack:6598]
7ffa5aba1000-7ffa5aba4000 ---p 00000000 00:00 0 
7ffa5aba4000-7ffa5aca2000 rw-p 00000000 00:00 0                          [stack:6597]
7ffa5aca2000-7ffa5aca5000 ---p 00000000 00:00 0 
7ffa5aca5000-7ffa5ada3000 rw-p 00000000 00:00 0                          [stack:6596]
7ffa5ada3000-7ffa5ada4000 ---p 00000000 00:00 0 
7ffa5ada4000-7ffa5be40000 rw-p 00000000 00:00 0                          [stack:6595]
7ffa5be40000-7ffa5c000000 r--s 039fb000 08:02 1360694                    /usr/lib/jvm/java-7-oracle/jre/lib/rt.jar
7ffa5c000000-7ffa5c021000 rw-p 00000000 00:00 0 
7ffa5c021000-7ffa60000000 ---p 00000000 00:00 0 
7ffa60002000-7ffa60568000 rw-p 00000000 00:00 0 
7ffa60568000-7ffa60569000 ---p 00000000 00:00 0 
7ffa60569000-7ffa60669000 rw-p 00000000 00:00 0                          [stack:6594]
7ffa60669000-7ffa6066a000 ---p 00000000 00:00 0 
7ffa6066a000-7ffa6076a000 rw-p 00000000 00:00 0                          [stack:6593]
7ffa6076a000-7ffa6076b000 ---p 00000000 00:00 0 
7ffa6076b000-7ffa6086b000 rw-p 00000000 00:00 0                          [stack:6592]
7ffa6086b000-7ffa6086c000 ---p 00000000 00:00 0 
7ffa6086c000-7ffa60995000 rw-p 00000000 00:00 0                          [stack:6591]
7ffa60995000-7ffa60bfd000 rw-p 00000000 00:00 0 
7ffa60bfd000-7ffa60c08000 rw-p 00000000 00:00 0 
7ffa60c08000-7ffa60c26000 rw-p 00000000 00:00 0 
7ffa60c26000-7ffa60c4f000 rw-p 00000000 00:00 0 
7ffa60c4f000-7ffa60eb6000 rw-p 00000000 00:00 0 
7ffa60eb6000-7ffa60ecb000 rw-p 00000000 00:00 0 
7ffa60ecb000-7ffa60fff000 rw-p 00000000 00:00 0 
7ffa60fff000-7ffa61000000 rw-p 00000000 00:00 0 
7ffa61000000-7ffa61270000 rwxp 00000000 00:00 0 
7ffa61270000-7ffa64214000 rw-p 00000000 00:00 0 
7ffa64214000-7ffa68000000 ---p 00000000 00:00 0 
7ffa68000000-7ffa68004000 r--s 0003c000 08:02 4244883                    /home/jazen/Documents/Research/Platypus_Software/MyForks/VREP-Boat-Simulator/VrepSimulation/lib/madara.jar
7ffa68004000-7ffa68025000 rw-p 00000000 00:00 0 
7ffa68025000-7ffa6803c000 r-xp 00000000 08:02 1318427                    /usr/lib/jvm/java-7-oracle/jre/lib/amd64/libzip.so
7ffa6803c000-7ffa6823c000 ---p 00017000 08:02 1318427                    /usr/lib/jvm/java-7-oracle/jre/lib/amd64/libzip.so
7ffa6823c000-7ffa6823d000 rw-p 00017000 08:02 1318427                    /usr/lib/jvm/java-7-oracle/jre/lib/amd64/libzip.so
7ffa6823d000-7ffa68248000 r-xp 00000000 08:02 4980826                    /lib/x86_64-linux-gnu/libnss_files-2.19.so
7ffa68248000-7ffa68447000 ---p 0000b000 08:02 4980826                    /lib/x86_64-linux-gnu/libnss_files-2.19.so
7ffa68447000-7ffa68448000 r--p 0000a000 08:02 4980826                    /lib/x86_64-linux-gnu/libnss_files-2.19.so
7ffa68448000-7ffa68449000 rw-p 0000b000 08:02 4980826                    /lib/x86_64-linux-gnu/libnss_files-2.19.so
7ffa68449000-7ffa68454000 r-xp 00000000 08:02 4987156                    /lib/x86_64-linux-gnu/libnss_nis-2.19.so
7ffa68454000-7ffa68653000 ---p 0000b000 08:02 4987156                    /lib/x86_64-linux-gnu/libnss_nis-2.19.so
7ffa68653000-7ffa68654000 r--p 0000a000 08:02 4987156                    /lib/x86_64-linux-gnu/libnss_nis-2.19.so
7ffa68654000-7ffa68655000 rw-p 0000b000 08:02 4987156                    /lib/x86_64-linux-gnu/libnss_nis-2.19.so
7ffa68655000-7ffa6866c000 r-xp 00000000 08:02 4980835                    /lib/x86_64-linux-gnu/libnsl-2.19.so
7ffa6866c000-7ffa6886b000 ---p 00017000 08:02 4980835                    /lib/x86_64-linux-gnu/libnsl-2.19.so
7ffa6886b000-7ffa6886c000 r--p 00016000 08:02 4980835                    /lib/x86_64-linux-gnu/libnsl-2.19.so
7ffa6886c000-7ffa6886d000 rw-p 00017000 08:02 4980835                    /lib/x86_64-linux-gnu/libnsl-2.19.so
7ffa6886d000-7ffa6886f000 rw-p 00000000 00:00 0 
7ffa6886f000-7ffa68878000 r-xp 00000000 08:02 4980834                    /lib/x86_64-linux-gnu/libnss_compat-2.19.so
7ffa68878000-7ffa68a77000 ---p 00009000 08:02 4980834                    /lib/x86_64-linux-gnu/libnss_compat-2.19.so
7ffa68a77000-7ffa68a78000 r--p 00008000 08:02 4980834                    /lib/x86_64-linux-gnu/libnss_compat-2.19.so
7ffa68a78000-7ffa68a79000 rw-p 00009000 08:02 4980834                    /lib/x86_64-linux-gnu/libnss_compat-2.19.so
7ffa68a79000-7ffa6915b000 r--p 00000000 08:02 1186808                    /usr/lib/locale/locale-archive
7ffa6915b000-7ffa6915d000 r-xp 00000000 08:02 1318419                    /usr/lib/jvm/java-7-oracle/jre/lib/amd64/libnpt.so
7ffa6915d000-7ffa6935d000 ---p 00002000 08:02 1318419                    /usr/lib/jvm/java-7-oracle/jre/lib/amd64/libnpt.so
7ffa6935d000-7ffa6935e000 rw-p 00002000 08:02 1318419                    /usr/lib/jvm/java-7-oracle/jre/lib/amd64/libnpt.so
7ffa6935e000-7ffa69397000 r-xp 00000000 08:02 1318431                    /usr/lib/jvm/java-7-oracle/jre/lib/amd64/libjdwp.so
7ffa69397000-7ffa69597000 ---p 00039000 08:02 1318431                    /usr/lib/jvm/java-7-oracle/jre/lib/amd64/libjdwp.so
7ffa69597000-7ffa69598000 rw-p 00039000 08:02 1318431                    /usr/lib/jvm/java-7-oracle/jre/lib/amd64/libjdwp.so
7ffa69598000-7ffa69599000 rw-p 00000000 00:00 0 
7ffa69599000-7ffa695c2000 r-xp 00000000 08:02 1318400                    /usr/lib/jvm/java-7-oracle/jre/lib/amd64/libjava.so
7ffa695c2000-7ffa697c2000 ---p 00029000 08:02 1318400                    /usr/lib/jvm/java-7-oracle/jre/lib/amd64/libjava.so
7ffa697c2000-7ffa697c4000 rw-p 00029000 08:02 1318400                    /usr/lib/jvm/java-7-oracle/jre/lib/amd64/libjava.so
7ffa697c4000-7ffa697d1000 r-xp 00000000 08:02 1318438                    /usr/lib/jvm/java-7-oracle/jre/lib/amd64/libverify.so
7ffa697d1000-7ffa699d0000 ---p 0000d000 08:02 1318438                    /usr/lib/jvm/java-7-oracle/jre/lib/amd64/libverify.so
7ffa699d0000-7ffa699d2000 rw-p 0000c000 08:02 1318438                    /usr/lib/jvm/java-7-oracle/jre/lib/amd64/libverify.so
7ffa699d2000-7ffa699d9000 r-xp 00000000 08:02 4984752                    /lib/x86_64-linux-gnu/librt-2.19.so
7ffa699d9000-7ffa69bd8000 ---p 00007000 08:02 4984752                    /lib/x86_64-linux-gnu/librt-2.19.so
7ffa69bd8000-7ffa69bd9000 r--p 00006000 08:02 4984752                    /lib/x86_64-linux-gnu/librt-2.19.so
7ffa69bd9000-7ffa69bda000 rw-p 00007000 08:02 4984752                    /lib/x86_64-linux-gnu/librt-2.19.so
7ffa69bda000-7ffa69cdf000 r-xp 00000000 08:02 4980825                    /lib/x86_64-linux-gnu/libm-2.19.so
7ffa69cdf000-7ffa69ede000 ---p 00105000 08:02 4980825                    /lib/x86_64-linux-gnu/libm-2.19.so
7ffa69ede000-7ffa69edf000 r--p 00104000 08:02 4980825                    /lib/x86_64-linux-gnu/libm-2.19.so
7ffa69edf000-7ffa69ee0000 rw-p 00105000 08:02 4980825                    /lib/x86_64-linux-gnu/libm-2.19.so
7ffa69ee0000-7ffa6aa56000 r-xp 00000000 08:02 1318388                    /usr/lib/jvm/java-7-oracle/jre/lib/amd64/server/libjvm.so
7ffa6aa56000-7ffa6ac55000 ---p 00b76000 08:02 1318388                    /usr/lib/jvm/java-7-oracle/jre/lib/amd64/server/libjvm.so
7ffa6ac55000-7ffa6ad19000 rw-p 00b75000 08:02 1318388                    /usr/lib/jvm/java-7-oracle/jre/lib/amd64/server/libjvm.so
7ffa6ad19000-7ffa6ad5a000 rw-p 00000000 00:00 0 
7ffa6ad5a000-7ffa6af15000 r-xp 00000000 08:02 4980840                    /lib/x86_64-linux-gnu/libc-2.19.so
7ffa6af15000-7ffa6b114000 ---p 001bb000 08:02 4980840                    /lib/x86_64-linux-gnu/libc-2.19.so
7ffa6b114000-7ffa6b118000 r--p 001ba000 08:02 4980840                    /lib/x86_64-linux-gnu/libc-2.19.so
7ffa6b118000-7ffa6b11a000 rw-p 001be000 08:02 4980840                    /lib/x86_64-linux-gnu/libc-2.19.so
7ffa6b11a000-7ffa6b11f000 rw-p 00000000 00:00 0 
7ffa6b11f000-7ffa6b122000 r-xp 00000000 08:02 4980829                    /lib/x86_64-linux-gnu/libdl-2.19.so
7ffa6b122000-7ffa6b321000 ---p 00003000 08:02 4980829                    /lib/x86_64-linux-gnu/libdl-2.19.so
7ffa6b321000-7ffa6b322000 r--p 00002000 08:02 4980829                    /lib/x86_64-linux-gnu/libdl-2.19.so
7ffa6b322000-7ffa6b323000 rw-p 00003000 08:02 4980829                    /lib/x86_64-linux-gnu/libdl-2.19.so
7ffa6b323000-7ffa6b338000 r-xp 00000000 08:02 1364427                    /usr/lib/jvm/java-7-oracle/lib/amd64/jli/libjli.so
7ffa6b338000-7ffa6b537000 ---p 00015000 08:02 1364427                    /usr/lib/jvm/java-7-oracle/lib/amd64/jli/libjli.so
7ffa6b537000-7ffa6b538000 rw-p 00014000 08:02 1364427                    /usr/lib/jvm/java-7-oracle/lib/amd64/jli/libjli.so
7ffa6b538000-7ffa6b551000 r-xp 00000000 08:02 4984658                    /lib/x86_64-linux-gnu/libpthread-2.19.so
7ffa6b551000-7ffa6b750000 ---p 00019000 08:02 4984658                    /lib/x86_64-linux-gnu/libpthread-2.19.so
7ffa6b750000-7ffa6b751000 r--p 00018000 08:02 4984658                    /lib/x86_64-linux-gnu/libpthread-2.19.so
7ffa6b751000-7ffa6b752000 rw-p 00019000 08:02 4984658                    /lib/x86_64-linux-gnu/libpthread-2.19.so
7ffa6b752000-7ffa6b756000 rw-p 00000000 00:00 0 
7ffa6b756000-7ffa6b779000 r-xp 00000000 08:02 4980837                    /lib/x86_64-linux-gnu/ld-2.19.so
7ffa6b779000-7ffa6b77c000 r--s 0001f000 08:02 4244884                    /home/jazen/Documents/Research/Platypus_Software/MyForks/VREP-Boat-Simulator/VrepSimulation/lib/gams.jar
7ffa6b77c000-7ffa6b786000 rw-p 00000000 00:00 0 
7ffa6b786000-7ffa6b83c000 rw-p 00000000 00:00 0 
7ffa6b83c000-7ffa6b83f000 ---p 00000000 00:00 0 
7ffa6b83f000-7ffa6b942000 rw-p 00000000 00:00 0                          [stack:6587]
7ffa6b942000-7ffa6b943000 r--s 00008000 08:02 4244887                    /home/jazen/Documents/Research/Platypus_Software/MyForks/VREP-Boat-Simulator/VrepSimulation/lib/Jama-1.0.3.jar
7ffa6b943000-7ffa6b94e000 rw-p 00000000 00:00 0 
7ffa6b94e000-7ffa6b96c000 rw-p 00000000 00:00 0 
7ffa6b96c000-7ffa6b974000 rw-s 00000000 08:02 5129617                    /tmp/hsperfdata_jazen/6586
7ffa6b974000-7ffa6b975000 rw-p 00000000 00:00 0 
7ffa6b975000-7ffa6b976000 r--p 00000000 00:00 0 
7ffa6b976000-7ffa6b978000 rw-p 00000000 00:00 0 
7ffa6b978000-7ffa6b979000 r--p 00022000 08:02 4980837                    /lib/x86_64-linux-gnu/ld-2.19.so
7ffa6b979000-7ffa6b97a000 rw-p 00023000 08:02 4980837                    /lib/x86_64-linux-gnu/ld-2.19.so
7ffa6b97a000-7ffa6b97b000 rw-p 00000000 00:00 0 
7fffa0add000-7fffa0aff000 rw-p 00000000 00:00 0                          [stack]
7fffa0bc1000-7fffa0bc3000 r-xp 00000000 00:00 0                          [vdso]
ffffffffff600000-ffffffffff601000 r-xp 00000000 00:00 0                  [vsyscall]

VM Arguments:
jvm_args: -Xdebug -Xrunjdwp:transport=dt_socket,address=localhost:59420 -Dfile.encoding=UTF-8 -Djava.library.path=/home/jazen/v_rep/programming/remoteApiBindings/java/lib/64Bit:/home/jazen/ace/ACE_wrappers/ace:/home/jazen/madara:/home/jazen/gams:/home/jazen/gams/lib
 
java_command: vrepSim.vrepSimMain
Launcher Type: SUN_STANDARD

Environment Variables:
JAVA_HOME=/usr/lib/jvm/java-7-oracle
PATH=/home/jazen/ace/ACE_wrappers/bin:/home/jazen/bin:/opt/ros/indigo/bin:/home/jazen/bin:/usr/local/sbin:/usr/local/bin:/usr/sbin:/usr/bin:/sbin:/bin:/usr/games:/usr/local/games
LD_LIBRARY_PATH=/usr/lib/jvm/java-8-oracle/jre/lib/amd64:/usr/lib/jvm/java-8-oracle/jre/lib/i386:/home/jazen/ace/ACE_wrappers/lib:/home/jazen/madara/lib:/home/jazen/gams/lib:/opt/ros/indigo/lib:/opt/ros/indigo/lib/x86_64-linux-gnu
SHELL=/bin/bash
DISPLAY=:0

Signal Handlers:
SIGSEGV: [libjvm.so+0x9a3b20], sa_mask[0]=0x7ffbfeff, sa_flags=0x10000004
SIGBUS: [libjvm.so+0x9a3b20], sa_mask[0]=0x7ffbfeff, sa_flags=0x10000004
SIGFPE: [libjvm.so+0x81e740], sa_mask[0]=0x7ffbfeff, sa_flags=0x10000004
SIGPIPE: [libjvm.so+0x81e740], sa_mask[0]=0x7ffbfeff, sa_flags=0x10000004
SIGXFSZ: [libjvm.so+0x81e740], sa_mask[0]=0x7ffbfeff, sa_flags=0x10000004
SIGILL: [libjvm.so+0x81e740], sa_mask[0]=0x7ffbfeff, sa_flags=0x10000004
SIGUSR1: SIG_DFL, sa_mask[0]=0x00000000, sa_flags=0x00000000
SIGUSR2: [libjvm.so+0x81ffb0], sa_mask[0]=0x00000004, sa_flags=0x10000004
SIGHUP: [libjvm.so+0x8210d0], sa_mask[0]=0x7ffbfeff, sa_flags=0x10000004
SIGINT: SIG_IGN, sa_mask[0]=0x00000000, sa_flags=0x00000000
SIGTERM: [libjvm.so+0x8210d0], sa_mask[0]=0x7ffbfeff, sa_flags=0x10000004
SIGQUIT: [libjvm.so+0x8210d0], sa_mask[0]=0x7ffbfeff, sa_flags=0x10000004


---------------  S Y S T E M  ---------------

OS:jessie/sid

uname:Linux 3.13.0-62-generic #102-Ubuntu SMP Tue Aug 11 14:29:36 UTC 2015 x86_64
libc:glibc 2.19 NPTL 2.19 
rlimit: STACK 8192k, CORE 0k, NPROC 61293, NOFILE 4096, AS infinity
load average:6.41 4.15 2.70

/proc/meminfo:
MemTotal:        8063700 kB
MemFree:          332996 kB
Buffers:          157548 kB
Cached:          2425028 kB
SwapCached:            0 kB
Active:          5522692 kB
Inactive:        1922932 kB
Active(anon):    4871308 kB
Inactive(anon):   818868 kB
Active(file):     651384 kB
Inactive(file):  1104064 kB
Unevictable:          88 kB
Mlocked:              88 kB
SwapTotal:       8274940 kB
SwapFree:        8274940 kB
Dirty:               144 kB
Writeback:             0 kB
AnonPages:       4863132 kB
Mapped:           595540 kB
Shmem:            827132 kB
Slab:             147188 kB
SReclaimable:     108648 kB
SUnreclaim:        38540 kB
KernelStack:        5592 kB
PageTables:        49060 kB
NFS_Unstable:          0 kB
Bounce:                0 kB
WritebackTmp:          0 kB
CommitLimit:    12306788 kB
Committed_AS:   10892872 kB
VmallocTotal:   34359738367 kB
VmallocUsed:      361752 kB
VmallocChunk:   34359369304 kB
HardwareCorrupted:     0 kB
AnonHugePages:   2920448 kB
HugePages_Total:       0
HugePages_Free:        0
HugePages_Rsvd:        0
HugePages_Surp:        0
Hugepagesize:       2048 kB
DirectMap4k:       71216 kB
DirectMap2M:     1912832 kB
DirectMap1G:     6291456 kB


CPU:total 4 (2 cores per cpu, 2 threads per core) family 6 model 69 stepping 1, cmov, cx8, fxsr, mmx, sse, sse2, sse3, ssse3, sse4.1, sse4.2, popcnt, avx, avx2, aes, erms, ht, tsc, tscinvbit

/proc/cpuinfo:
processor	: 0
vendor_id	: GenuineIntel
cpu family	: 6
model		: 69
model name	: Intel(R) Core(TM) i5-4210U CPU @ 1.70GHz
stepping	: 1
microcode	: 0x17
cpu MHz		: 1700.000
cache size	: 3072 KB
physical id	: 0
siblings	: 4
core id		: 0
cpu cores	: 2
apicid		: 0
initial apicid	: 0
fpu		: yes
fpu_exception	: yes
cpuid level	: 13
wp		: yes
flags		: fpu vme de pse tsc msr pae mce cx8 apic sep mtrr pge mca cmov pat pse36 clflush dts acpi mmx fxsr sse sse2 ss ht tm pbe syscall nx pdpe1gb rdtscp lm constant_tsc arch_perfmon pebs bts rep_good nopl xtopology nonstop_tsc aperfmperf eagerfpu pni pclmulqdq dtes64 monitor ds_cpl vmx est tm2 ssse3 fma cx16 xtpr pdcm pcid sse4_1 sse4_2 movbe popcnt tsc_deadline_timer aes xsave avx f16c rdrand lahf_lm abm ida arat epb xsaveopt pln pts dtherm tpr_shadow vnmi flexpriority ept vpid fsgsbase tsc_adjust bmi1 avx2 smep bmi2 erms invpcid
bogomips	: 4788.85
clflush size	: 64
cache_alignment	: 64
address sizes	: 39 bits physical, 48 bits virtual
power management:

processor	: 1
vendor_id	: GenuineIntel
cpu family	: 6
model		: 69
model name	: Intel(R) Core(TM) i5-4210U CPU @ 1.70GHz
stepping	: 1
microcode	: 0x17
cpu MHz		: 1700.000
cache size	: 3072 KB
physical id	: 0
siblings	: 4
core id		: 1
cpu cores	: 2
apicid		: 2
initial apicid	: 2
fpu		: yes
fpu_exception	: yes
cpuid level	: 13
wp		: yes
flags		: fpu vme de pse tsc msr pae mce cx8 apic sep mtrr pge mca cmov pat pse36 clflush dts acpi mmx fxsr sse sse2 ss ht tm pbe syscall nx pdpe1gb rdtscp lm constant_tsc arch_perfmon pebs bts rep_good nopl xtopology nonstop_tsc aperfmperf eagerfpu pni pclmulqdq dtes64 monitor ds_cpl vmx est tm2 ssse3 fma cx16 xtpr pdcm pcid sse4_1 sse4_2 movbe popcnt tsc_deadline_timer aes xsave avx f16c rdrand lahf_lm abm ida arat epb xsaveopt pln pts dtherm tpr_shadow vnmi flexpriority ept vpid fsgsbase tsc_adjust bmi1 avx2 smep bmi2 erms invpcid
bogomips	: 4788.85
clflush size	: 64
cache_alignment	: 64
address sizes	: 39 bits physical, 48 bits virtual
power management:

processor	: 2
vendor_id	: GenuineIntel
cpu family	: 6
model		: 69
model name	: Intel(R) Core(TM) i5-4210U CPU @ 1.70GHz
stepping	: 1
microcode	: 0x17
cpu MHz		: 1700.000
cache size	: 3072 KB
physical id	: 0
siblings	: 4
core id		: 0
cpu cores	: 2
apicid		: 1
initial apicid	: 1
fpu		: yes
fpu_exception	: yes
cpuid level	: 13
wp		: yes
flags		: fpu vme de pse tsc msr pae mce cx8 apic sep mtrr pge mca cmov pat pse36 clflush dts acpi mmx fxsr sse sse2 ss ht tm pbe syscall nx pdpe1gb rdtscp lm constant_tsc arch_perfmon pebs bts rep_good nopl xtopology nonstop_tsc aperfmperf eagerfpu pni pclmulqdq dtes64 monitor ds_cpl vmx est tm2 ssse3 fma cx16 xtpr pdcm pcid sse4_1 sse4_2 movbe popcnt tsc_deadline_timer aes xsave avx f16c rdrand lahf_lm abm ida arat epb xsaveopt pln pts dtherm tpr_shadow vnmi flexpriority ept vpid fsgsbase tsc_adjust bmi1 avx2 smep bmi2 erms invpcid
bogomips	: 4788.85
clflush size	: 64
cache_alignment	: 64
address sizes	: 39 bits physical, 48 bits virtual
power management:

processor	: 3
vendor_id	: GenuineIntel
cpu family	: 6
model		: 69
model name	: Intel(R) Core(TM) i5-4210U CPU @ 1.70GHz
stepping	: 1
microcode	: 0x17
cpu MHz		: 1700.000
cache size	: 3072 KB
physical id	: 0
siblings	: 4
core id		: 1
cpu cores	: 2
apicid		: 3
initial apicid	: 3
fpu		: yes
fpu_exception	: yes
cpuid level	: 13
wp		: yes
flags		: fpu vme de pse tsc msr pae mce cx8 apic sep mtrr pge mca cmov pat pse36 clflush dts acpi mmx fxsr sse sse2 ss ht tm pbe syscall nx pdpe1gb rdtscp lm constant_tsc arch_perfmon pebs bts rep_good nopl xtopology nonstop_tsc aperfmperf eagerfpu pni pclmulqdq dtes64 monitor ds_cpl vmx est tm2 ssse3 fma cx16 xtpr pdcm pcid sse4_1 sse4_2 movbe popcnt tsc_deadline_timer aes xsave avx f16c rdrand lahf_lm abm ida arat epb xsaveopt pln pts dtherm tpr_shadow vnmi flexpriority ept vpid fsgsbase tsc_adjust bmi1 avx2 smep bmi2 erms invpcid
bogomips	: 4788.85
clflush size	: 64
cache_alignment	: 64
address sizes	: 39 bits physical, 48 bits virtual
power management:



Memory: 4k page, physical 8063700k(332996k free), swap 8274940k(8274940k free)

vm_info: Java HotSpot(TM) 64-Bit Server VM (24.80-b11) for linux-amd64 JRE (1.7.0_80-b15), built on Apr 10 2015 19:53:14 by "java_re" with gcc 4.3.0 20080428 (Red Hat 4.3.0-8)

time: Tue Aug 18 23:17:33 2015
elapsed time: 142 seconds

