#
# A fatal error has been detected by the Java Runtime Environment:
#
#  SIGSEGV (0xb) at pc=0x00007f9617709390, pid=7706, tid=140282563704576
#
# JRE version: Java(TM) SE Runtime Environment (7.0_80-b15) (build 1.7.0_80-b15)
# Java VM: Java HotSpot(TM) 64-Bit Server VM (24.80-b11 mixed mode linux-amd64 compressed oops)
# Problematic frame:
# C  [libMADARA.so.6.3.0+0xc0390]  madara::Knowledge_Record::write(char*, std::string const&, long&) const+0x380
#
# Failed to write core dump. Core dumps have been disabled. To enable core dumping, try "ulimit -c unlimited" before starting Java again
#
# If you would like to submit a bug report, please visit:
#   http://bugreport.java.com/bugreport/crash.jsp
# The crash happened outside the Java Virtual Machine in native code.
# See problematic frame for where to report the bug.
#

---------------  T H R E A D  ---------------

Current thread (0x00007f9620229000):  JavaThread "Thread-5" [_thread_in_native, id=7731, stack(0x00007f961450b000,0x00007f961460c000)]

siginfo:si_signo=SIGSEGV: si_errno=0, si_code=1 (SEGV_MAPERR), si_addr=0x0000000000000000

Registers:
RAX=0x0000000000000003, RBX=0x00007f9614609be8, RCX=0x00007f9628a6ec6e, RDX=0x00007f95c80325d0
RSP=0x00007f9614609b20, RBP=0x00007f96162b21c1, RSI=0x00007f95c8034668, RDI=0x0000000000000300
R8 =0x0000000000000011, R9 =0x0000000000079f6f, R10=0x0000000000000019, R11=0x00007f9628b49860
R12=0x00007f95c8034b68, R13=0x0000000000000000, R14=0x00007f96162b21bd, R15=0x0000000000000000
RIP=0x00007f9617709390, EFLAGS=0x0000000000010246, CSGSFS=0x0000000000000033, ERR=0x0000000000000004
  TRAPNO=0x000000000000000e

Top of Stack: (sp=0x00007f9614609b20)
0x00007f9614609b20:   0000000000000017 00007f9600000001
0x00007f9614609b30:   00007f962018e100 00007f95c8034b40
0x00007f9614609b40:   00007f961460a040 00007f962010ebe0
0x00007f9614609b50:   0000000000000001 00007f96162b21a3
0x00007f9614609b60:   00007f962018e100 00007f96177c9c4c
0x00007f9614609b70:   00007f962018e558 000000000007a120
0x00007f9614609b80:   00007f96162b2010 00007f95c8035200
0x00007f9614609b90:   00007f95cc009c10 00007f9614609c90
0x00007f9614609ba0:   00007f9620185b70 00007f962018e1a0
0x00007f9614609bb0:   00007f9614609bf8 00007f9614609c20
0x00007f9614609bc0:   00007f96177eb4b0 00007f9614609bf0
0x00007f9614609bd0:   00007f9614609be8 00007f9600000005
0x00007f9614609be0:   0000000000000000 0000000000079f6f
0x00007f9614609bf0:   00007f9614609c48 00007f9600000000
0x00007f9614609c00:   00007f95c8034fc0 00007f95c80350d0
0x00007f9614609c10:   00007f95c8034a10 0000000000000007
0x00007f9614609c20:   0000000000000001 0000000000000a4f
0x00007f9614609c30:   000000000000023a 0000000056182c47
0x00007f9614609c40:   0000000056182c47 00007f962018d888
0x00007f9614609c50:   00007f962018cf68 00007f9614609cd0
0x00007f9614609c60:   00007f9600000000 0000000000000000
0x00007f9614609c70:   00007f9614609c60 00007f9614609c60
0x00007f9614609c80:   0000000000000000 00007f9614609e40
0x00007f9614609c90:   0000000000000000 0000000000000001
0x00007f9614609ca0:   00007f9600000000 00007f962010ebe0
0x00007f9614609cb0:   0000000100000001 00007f9600000004
0x00007f9614609cc0:   0000000000000000 00007f9617a39c10
0x00007f9614609cd0:   00007f95c802f970 00007f9617a39c30
0x00007f9614609ce0:   00007f95c8034d20 00007f9617a39c50
0x00007f9614609cf0:   00007f95c80345d0 00007f9617a39c70
0x00007f9614609d00:   00007f95c8035070 000000000000000a
0x00007f9614609d10:   00007f9620229000 00007f95c8000a30 

Instructions: (pc=0x00007f9617709390)
0x00007f9617709370:   48 c1 e2 03 49 39 d1 0f 8c 59 fe ff ff 49 8b 54
0x00007f9617709380:   24 50 85 c0 4c 8b 3a 74 96 45 31 ed 0f 1f 40 00
0x00007f9617709390:   f2 43 0f 10 04 ef e8 65 fc f8 ff 66 42 0f d6 44
0x00007f96177093a0:   ed 00 41 8b 44 24 24 41 8d 55 01 49 83 c5 01 39 

Register to memory mapping:

RAX=0x0000000000000003 is an unknown value
RBX=0x00007f9614609be8 is pointing into the stack for thread: 0x00007f9620229000
RCX=0x00007f9628a6ec6e: <offset 0x9dc6e> in /lib/x86_64-linux-gnu/libc.so.6 at 0x00007f96289d1000
RDX=0x00007f95c80325d0 is an unknown value
RSP=0x00007f9614609b20 is pointing into the stack for thread: 0x00007f9620229000
RBP=0x00007f96162b21c1 is an unknown value
RSI=0x00007f95c8034668 is an unknown value
RDI=0x0000000000000300 is an unknown value
R8 =0x0000000000000011 is an unknown value
R9 =0x0000000000079f6f is an unknown value
R10=0x0000000000000019 is an unknown value
R11=0x00007f9628b49860: <offset 0x178860> in /lib/x86_64-linux-gnu/libc.so.6 at 0x00007f96289d1000
R12=0x00007f95c8034b68 is an unknown value
R13=0x0000000000000000 is an unknown value
R14=0x00007f96162b21bd is an unknown value
R15=0x0000000000000000 is an unknown value


Stack: [0x00007f961450b000,0x00007f961460c000],  sp=0x00007f9614609b20,  free space=1018k
Native frames: (J=compiled Java code, j=interpreted, Vv=VM code, C=native code)
C  [libMADARA.so.6.3.0+0xc0390]  madara::Knowledge_Record::write(char*, std::string const&, long&) const+0x380

Java frames: (J=compiled Java code, j=interpreted, Vv=VM code)
j  com.gams.controllers.BaseController.jni_run(JDD)J+0
j  com.gams.controllers.BaseController.run(DD)J+7
j  vrepSim.LutraGAMS$1.run()V+13
j  java.lang.Thread.run()V+11
v  ~StubRoutines::call_stub

---------------  P R O C E S S  ---------------

Java Threads: ( => current thread )
  0x00007f95b0013000 JavaThread "Thread-49" [_thread_in_native, id=7780, stack(0x00007f9583fe0000,0x00007f95847e1000)]
  0x00007f95a4012000 JavaThread "Thread-48" [_thread_in_native, id=7779, stack(0x00007f95847e1000,0x00007f9584fe2000)]
  0x00007f959c00c800 JavaThread "Thread-47" [_thread_in_native, id=7778, stack(0x00007f9584fe2000,0x00007f95857e3000)]
  0x00007f95a0011800 JavaThread "Thread-46" [_thread_in_native, id=7777, stack(0x00007f95857e3000,0x00007f9585fe4000)]
  0x00007f9608003000 JavaThread "Thread-45" [_thread_in_native, id=7774, stack(0x00007f95867e5000,0x00007f9586fe6000)]
  0x000000000244c000 JavaThread "Thread-44" [_thread_in_native, id=7773, stack(0x00007f9586fe6000,0x00007f95877e7000)]
  0x00007f962033a000 JavaThread "Thread-43" [_thread_in_native, id=7775, stack(0x00007f96000fe000,0x00007f96001ff000)]
  0x00007f9610003000 JavaThread "Thread-42" [_thread_in_native, id=7772, stack(0x00007f95877e7000,0x00007f9587fe8000)]
  0x00007f9618006000 JavaThread "Thread-41" [_thread_in_native, id=7771, stack(0x00007f9587fe8000,0x00007f95887e9000)]
  0x00007f960c005000 JavaThread "Thread-40" [_thread_in_native, id=7770, stack(0x00007f95887e9000,0x00007f9588fea000)]
  0x00007f95fc003000 JavaThread "Thread-39" [_thread_in_native, id=7768, stack(0x00007f95897eb000,0x00007f9589fec000)]
  0x00007f95f4008800 JavaThread "Thread-38" [_thread_in_native, id=7769, stack(0x00007f9588fea000,0x00007f95897eb000)]
  0x00007f95f8003800 JavaThread "Thread-37" [_thread_in_native, id=7767, stack(0x00007f9589fec000,0x00007f958a7ed000)]
  0x00007f95ec003000 JavaThread "Thread-36" [_thread_in_native, id=7766, stack(0x00007f958a7ed000,0x00007f958afee000)]
  0x00007f95e40b8000 JavaThread "Thread-35" [_thread_in_native, id=7762, stack(0x00007f958bff0000,0x00007f958c7f1000)]
  0x00007f95dc003000 JavaThread "Thread-34" [_thread_in_native, id=7763, stack(0x00007f958b7ef000,0x00007f958bff0000)]
  0x00007f96202f6000 JavaThread "Thread-33" [_thread_in_native, id=7764, stack(0x00007f96003eb000,0x00007f96004ec000)]
  0x00007f95e0003800 JavaThread "Thread-32" [_thread_in_native, id=7761, stack(0x00007f958c7f1000,0x00007f958cff2000)]
  0x00007f95d4006800 JavaThread "Thread-31" [_thread_in_native, id=7760, stack(0x00007f958cff2000,0x00007f958d7f3000)]
  0x00007f95d800c800 JavaThread "Thread-30" [_thread_in_native, id=7759, stack(0x00007f958d7f3000,0x00007f958dff4000)]
  0x00007f95cc008800 JavaThread "Thread-29" [_thread_in_native, id=7758, stack(0x00007f958dff4000,0x00007f958e7f5000)]
  0x00007f95d0007000 JavaThread "Thread-28" [_thread_in_native, id=7757, stack(0x00007f958e7f5000,0x00007f958eff6000)]
  0x00007f95c4007000 JavaThread "Thread-27" [_thread_in_native, id=7756, stack(0x00007f958eff6000,0x00007f958f7f7000)]
  0x00007f95c802e800 JavaThread "Thread-26" [_thread_in_native, id=7755, stack(0x00007f958f7f7000,0x00007f958fff8000)]
  0x00007f95b4007800 JavaThread "Thread-25" [_thread_in_native, id=7752, stack(0x00007f95907f9000,0x00007f9590ffa000)]
  0x00007f96202b1800 JavaThread "Thread-24" [_thread_in_native, id=7753, stack(0x00007f96006d8000,0x00007f96007d9000)]
  0x00007f95b8007000 JavaThread "Thread-23" [_thread_in_native, id=7751, stack(0x00007f9590ffa000,0x00007f95917fb000)]
  0x00007f95ac007000 JavaThread "Thread-22" [_thread_in_native, id=7750, stack(0x00007f95917fb000,0x00007f9591ffc000)]
  0x00007f95b0006800 JavaThread "Thread-21" [_thread_in_native, id=7749, stack(0x00007f9591ffc000,0x00007f95927fd000)]
  0x00007f95a4008000 JavaThread "Thread-20" [_thread_in_native, id=7748, stack(0x00007f95927fd000,0x00007f9592ffe000)]
  0x00007f959c007800 JavaThread "Thread-19" [_thread_in_native, id=7747, stack(0x00007f9592ffe000,0x00007f95937ff000)]
  0x00007f95a0007800 JavaThread "Thread-18" [_thread_in_native, id=7746, stack(0x00007f95937ff000,0x00007f9594000000)]
  0x00007f9594007800 JavaThread "Thread-17" [_thread_in_native, id=7745, stack(0x00007f95a87f9000,0x00007f95a8ffa000)]
  0x00007f9598003800 JavaThread "Thread-16" [_thread_in_native, id=7744, stack(0x00007f95a8ffa000,0x00007f95a97fb000)]
  0x00007f9594003000 JavaThread "Thread-15" [_thread_in_native, id=7741, stack(0x00007f95a9ffc000,0x00007f95aa7fd000)]
  0x00007f962026d800 JavaThread "Thread-14" [_thread_in_native, id=7742, stack(0x00007f961421e000,0x00007f961431f000)]
  0x00007f95a0003000 JavaThread "Thread-13" [_thread_in_native, id=7740, stack(0x00007f95aa7fd000,0x00007f95aaffe000)]
  0x00007f959c003000 JavaThread "Thread-12" [_thread_in_native, id=7739, stack(0x00007f95aaffe000,0x00007f95ab7ff000)]
  0x00007f95a4003000 JavaThread "Thread-11" [_thread_in_native, id=7738, stack(0x00007f95ab7ff000,0x00007f95ac000000)]
  0x00007f95b0003000 JavaThread "Thread-10" [_thread_in_native, id=7737, stack(0x00007f96007d9000,0x00007f9600fda000)]
  0x00007f95ac003000 JavaThread "Thread-9" [_thread_in_native, id=7736, stack(0x00007f9600fda000,0x00007f96017db000)]
  0x00007f95b8003000 JavaThread "Thread-8" [_thread_in_native, id=7735, stack(0x00007f96017db000,0x00007f9601fdc000)]
  0x00007f95b4003000 JavaThread "Thread-7" [_thread_in_native, id=7734, stack(0x00007f9601fdc000,0x00007f96027dd000)]
  0x00007f95c0003000 JavaThread "Thread-6" [_thread_in_native, id=7733, stack(0x00007f96027dd000,0x00007f9602fde000)]
=>0x00007f9620229000 JavaThread "Thread-5" [_thread_in_native, id=7731, stack(0x00007f961450b000,0x00007f961460c000)]
  0x00007f95c4003000 JavaThread "Thread-4" [_thread_in_Java, id=7730, stack(0x00007f96037df000,0x00007f9603fe0000)]
  0x00007f95d0003000 JavaThread "Thread-3" [_thread_in_native, id=7729, stack(0x00007f961460c000,0x00007f9614e0d000)]
  0x00007f95cc003000 JavaThread "Thread-2" [_thread_in_native, id=7728, stack(0x00007f9614e0d000,0x00007f961560e000)]
  0x00007f95d8003000 JavaThread "Thread-1" [_thread_in_native, id=7727, stack(0x00007f9615ab1000,0x00007f96162b2000)]
  0x00007f95d4003000 JavaThread "Thread-0" [_thread_in_native, id=7726, stack(0x00007f961632d000,0x00007f9616b2e000)]
  0x00007f96200a1000 JavaThread "Service Thread" daemon [_thread_blocked, id=7723, stack(0x00007f961c81d000,0x00007f961c91e000)]
  0x00007f962009f000 JavaThread "C2 CompilerThread1" daemon [_thread_blocked, id=7722, stack(0x00007f962403b000,0x00007f962413c000)]
  0x00007f962009c000 JavaThread "C2 CompilerThread0" daemon [_thread_blocked, id=7721, stack(0x00007f962413c000,0x00007f962423d000)]
  0x00007f9620099800 JavaThread "Signal Dispatcher" daemon [_thread_blocked, id=7720, stack(0x00007f962423d000,0x00007f962433e000)]
  0x00007f9620070800 JavaThread "Finalizer" daemon [_thread_blocked, id=7718, stack(0x00007f962433e000,0x00007f962443f000)]
  0x00007f962006e800 JavaThread "Reference Handler" daemon [_thread_blocked, id=7717, stack(0x00007f962443f000,0x00007f9624540000)]
  0x00007f962000a800 JavaThread "main" [_thread_in_Java, id=7711, stack(0x00007f96294b2000,0x00007f96295b3000)]

Other Threads:
  0x00007f962006a000 VMThread [stack: 0x00007f9624540000,0x00007f9624641000] [id=7716]
  0x00007f96200b4000 WatcherThread [stack: 0x00007f961c71c000,0x00007f961c81d000] [id=7724]

VM state:not at safepoint (normal execution)

VM Mutex/Monitor currently owned by a thread: None

Heap
 PSYoungGen      total 36864K, used 13483K [0x00000007d6f00000, 0x00000007d9800000, 0x0000000800000000)
  eden space 31744K, 36% used [0x00000007d6f00000,0x00000007d7a5f7c8,0x00000007d8e00000)
  from space 5120K, 35% used [0x00000007d8e00000,0x00000007d8fcb658,0x00000007d9300000)
  to   space 5120K, 0% used [0x00000007d9300000,0x00000007d9300000,0x00000007d9800000)
 ParOldGen       total 83968K, used 8K [0x0000000784e00000, 0x000000078a000000, 0x00000007d6f00000)
  object space 83968K, 0% used [0x0000000784e00000,0x0000000784e02000,0x000000078a000000)
 PSPermGen       total 21504K, used 5474K [0x000000077fc00000, 0x0000000781100000, 0x0000000784e00000)
  object space 21504K, 25% used [0x000000077fc00000,0x0000000780158a68,0x0000000781100000)

Card table byte_map: [0x00007f96263b9000,0x00007f96267bc000] byte_map_base: 0x00007f96227bb000

Polling page: 0x00007f96295ec000

Code Cache  [0x00007f961d000000, 0x00007f961d270000, 0x00007f9620000000)
 total_blobs=329 nmethods=51 adapters=231 free_code_cache=48627Kb largest_free_block=49772160

Compilation events (10 events):
Event: 2.165 Thread 0x00007f962009c000 nmethod 47 0x00007f961d07ded0 code [0x00007f961d07e000, 0x00007f961d07e058]
Event: 2.171 Thread 0x00007f962009f000 nmethod 46 0x00007f961d07e6d0 code [0x00007f961d07e8e0, 0x00007f961d07f1e8]
Event: 2.178 Thread 0x00007f962009c000   48             java.util.Arrays::copyOfRange (63 bytes)
Event: 2.179 Thread 0x00007f962009f000   49             java.lang.String::<init> (67 bytes)
Event: 2.181 Thread 0x00007f962009f000 nmethod 49 0x00007f961d07ff90 code [0x00007f961d0800e0, 0x00007f961d080398]
Event: 2.187 Thread 0x00007f962009c000 nmethod 48 0x00007f961d07da10 code [0x00007f961d07db60, 0x00007f961d07dd78]
Event: 2.219 Thread 0x00007f962009f000   50             org.apache.commons.math.linear.AbstractRealMatrix::scalarMultiply (75 bytes)
Event: 2.242 Thread 0x00007f962009f000 nmethod 50 0x00007f961d080f50 code [0x00007f961d081120, 0x00007f961d0817d0]
Event: 2.578 Thread 0x00007f962009c000   51             org.apache.commons.math.linear.Array2DRowRealMatrix::getColumnDimension (28 bytes)
Event: 2.579 Thread 0x00007f962009c000 nmethod 51 0x00007f961d07e390 code [0x00007f961d07e4e0, 0x00007f961d07e598]

GC Heap History (2 events):
Event: 1.111 GC heap before
{Heap before GC invocations=1 (full 0):
 PSYoungGen      total 36864K, used 31744K [0x00000007d6f00000, 0x00000007d9800000, 0x0000000800000000)
  eden space 31744K, 100% used [0x00000007d6f00000,0x00000007d8e00000,0x00000007d8e00000)
  from space 5120K, 0% used [0x00000007d9300000,0x00000007d9300000,0x00000007d9800000)
  to   space 5120K, 0% used [0x00000007d8e00000,0x00000007d8e00000,0x00000007d9300000)
 ParOldGen       total 83968K, used 0K [0x0000000784e00000, 0x000000078a000000, 0x00000007d6f00000)
  object space 83968K, 0% used [0x0000000784e00000,0x0000000784e00000,0x000000078a000000)
 PSPermGen       total 21504K, used 5370K [0x000000077fc00000, 0x0000000781100000, 0x0000000784e00000)
  object space 21504K, 24% used [0x000000077fc00000,0x000000078013e808,0x0000000781100000)
Event: 1.114 GC heap after
Heap after GC invocations=1 (full 0):
 PSYoungGen      total 36864K, used 1837K [0x00000007d6f00000, 0x00000007d9800000, 0x0000000800000000)
  eden space 31744K, 0% used [0x00000007d6f00000,0x00000007d6f00000,0x00000007d8e00000)
  from space 5120K, 35% used [0x00000007d8e00000,0x00000007d8fcb658,0x00000007d9300000)
  to   space 5120K, 0% used [0x00000007d9300000,0x00000007d9300000,0x00000007d9800000)
 ParOldGen       total 83968K, used 8K [0x0000000784e00000, 0x000000078a000000, 0x00000007d6f00000)
  object space 83968K, 0% used [0x0000000784e00000,0x0000000784e02000,0x000000078a000000)
 PSPermGen       total 21504K, used 5370K [0x000000077fc00000, 0x0000000781100000, 0x0000000784e00000)
  object space 21504K, 24% used [0x000000077fc00000,0x000000078013e808,0x0000000781100000)
}

Deoptimization events (8 events):
Event: 0.576 Thread 0x00007f962000a800 Uncommon trap: reason=unstable_if action=reinterpret pc=0x00007f961d063200 method=java.lang.String.indexOf(II)I @ 49
Event: 0.581 Thread 0x00007f962000a800 Uncommon trap: reason=unstable_if action=reinterpret pc=0x00007f961d067834 method=java.lang.String.indexOf([CII[CIII)I @ 134
Event: 0.642 Thread 0x00007f9620229000 Uncommon trap: reason=unstable_if action=reinterpret pc=0x00007f961d06bb1c method=java.lang.String.replace(CC)Ljava/lang/String; @ 26
Event: 0.991 Thread 0x00007f95b8003000 Uncommon trap: reason=unstable_if action=reinterpret pc=0x00007f961d073234 method=org.apache.commons.math.util.FastMath.resplit([D)V @ 24
Event: 1.019 Thread 0x00007f95b8003000 Uncommon trap: reason=uninitialized action=reinterpret pc=0x00007f961d072d04 method=org.apache.commons.math.util.FastMath.slowexp(D[D)D @ 67
Event: 1.028 Thread 0x00007f95b8003000 Uncommon trap: reason=uninitialized action=reinterpret pc=0x00007f961d078778 method=org.apache.commons.math.util.FastMath.slowexp(D[D)D @ 67
Event: 1.029 Thread 0x00007f95b8003000 Uncommon trap: reason=uninitialized action=reinterpret pc=0x00007f961d0781c4 method=org.apache.commons.math.util.FastMath.slowexp(D[D)D @ 67
Event: 1.048 Thread 0x00007f95b8003000 Uncommon trap: reason=uninitialized action=reinterpret pc=0x00007f961d077004 method=org.apache.commons.math.util.FastMath.slowLog(D)[D @ 84

Internal exceptions (10 events):
Event: 1.766 Thread 0x00007f95c0003000 Threw 0x00000007d712e568 at /HUDSON/workspace/7u-2-build-linux-amd64/jdk7u80/2329/hotspot/src/share/vm/prims/jvm.cpp:1319
Event: 1.766 Thread 0x00007f95c0003000 Threw 0x00000007d71319c8 at /HUDSON/workspace/7u-2-build-linux-amd64/jdk7u80/2329/hotspot/src/share/vm/prims/jvm.cpp:1319
Event: 1.767 Thread 0x00007f95c0003000 Threw 0x00000007d7134e58 at /HUDSON/workspace/7u-2-build-linux-amd64/jdk7u80/2329/hotspot/src/share/vm/prims/jvm.cpp:1319
Event: 1.769 Thread 0x00007f95c0003000 Threw 0x00000007d7138580 at /HUDSON/workspace/7u-2-build-linux-amd64/jdk7u80/2329/hotspot/src/share/vm/prims/jvm.cpp:1319
Event: 1.769 Thread 0x00007f95c0003000 Threw 0x00000007d713ba20 at /HUDSON/workspace/7u-2-build-linux-amd64/jdk7u80/2329/hotspot/src/share/vm/prims/jvm.cpp:1319
Event: 1.770 Thread 0x00007f95c0003000 Threw 0x00000007d713ee80 at /HUDSON/workspace/7u-2-build-linux-amd64/jdk7u80/2329/hotspot/src/share/vm/prims/jvm.cpp:1319
Event: 1.772 Thread 0x00007f95c0003000 Threw 0x00000007d71424d8 at /HUDSON/workspace/7u-2-build-linux-amd64/jdk7u80/2329/hotspot/src/share/vm/prims/jvm.cpp:1319
Event: 1.772 Thread 0x00007f95c0003000 Threw 0x00000007d71458f8 at /HUDSON/workspace/7u-2-build-linux-amd64/jdk7u80/2329/hotspot/src/share/vm/prims/jvm.cpp:1319
Event: 1.773 Thread 0x00007f95c0003000 Threw 0x00000007d7148d90 at /HUDSON/workspace/7u-2-build-linux-amd64/jdk7u80/2329/hotspot/src/share/vm/prims/jvm.cpp:1319
Event: 1.773 Thread 0x00007f95c0003000 Threw 0x00000007d714c290 at /HUDSON/workspace/7u-2-build-linux-amd64/jdk7u80/2329/hotspot/src/share/vm/prims/jvm.cpp:1319

Events (10 events):
Event: 1.771 loading class 0x00007f9620182350
Event: 1.771 loading class 0x00007f9620182350 done
Event: 1.772 loading class 0x00007f9620182300
Event: 1.772 loading class 0x00007f9620182300 done
Event: 1.773 loading class 0x00007f96201823a0
Event: 1.773 loading class 0x00007f96201823a0 done
Event: 1.773 loading class 0x00007f96201696b0
Event: 1.773 loading class 0x00007f96201696b0 done
Event: 1.776 loading class 0x00007f96258c67f0
Event: 1.776 loading class 0x00007f96258c67f0 done


Dynamic libraries:
00400000-00401000 r-xp 00000000 08:02 1365019                            /usr/lib/jvm/java-7-oracle/bin/java
00600000-00601000 rw-p 00000000 08:02 1365019                            /usr/lib/jvm/java-7-oracle/bin/java
02447000-02468000 rw-p 00000000 00:00 0                                  [heap]
77fc00000-781100000 rw-p 00000000 00:00 0 
781100000-784e00000 rw-p 00000000 00:00 0 
784e00000-78a000000 rw-p 00000000 00:00 0 
78a000000-7d6f00000 rw-p 00000000 00:00 0 
7d6f00000-7d9800000 rw-p 00000000 00:00 0 
7d9800000-800000000 rw-p 00000000 00:00 0 
7f9583fe0000-7f9583fe3000 ---p 00000000 00:00 0 
7f9583fe3000-7f95847e1000 rw-p 00000000 00:00 0                          [stack:7780]
7f95847e1000-7f95847e4000 ---p 00000000 00:00 0 
7f95847e4000-7f9584fe2000 rw-p 00000000 00:00 0                          [stack:7779]
7f9584fe2000-7f9584fe5000 ---p 00000000 00:00 0 
7f9584fe5000-7f95857e3000 rw-p 00000000 00:00 0                          [stack:7778]
7f95857e3000-7f95857e6000 ---p 00000000 00:00 0 
7f95857e6000-7f9585fe4000 rw-p 00000000 00:00 0                          [stack:7777]
7f9585fe4000-7f9585fe5000 ---p 00000000 00:00 0 
7f9585fe5000-7f95867e5000 rw-p 00000000 00:00 0                          [stack:7776]
7f95867e5000-7f95867e8000 ---p 00000000 00:00 0 
7f95867e8000-7f9586fe6000 rw-p 00000000 00:00 0                          [stack:7774]
7f9586fe6000-7f9586fe9000 ---p 00000000 00:00 0 
7f9586fe9000-7f95877e7000 rw-p 00000000 00:00 0                          [stack:7773]
7f95877e7000-7f95877ea000 ---p 00000000 00:00 0 
7f95877ea000-7f9587fe8000 rw-p 00000000 00:00 0                          [stack:7772]
7f9587fe8000-7f9587feb000 ---p 00000000 00:00 0 
7f9587feb000-7f95887e9000 rw-p 00000000 00:00 0                          [stack:7771]
7f95887e9000-7f95887ec000 ---p 00000000 00:00 0 
7f95887ec000-7f9588fea000 rw-p 00000000 00:00 0                          [stack:7770]
7f9588fea000-7f9588fed000 ---p 00000000 00:00 0 
7f9588fed000-7f95897eb000 rw-p 00000000 00:00 0                          [stack:7769]
7f95897eb000-7f95897ee000 ---p 00000000 00:00 0 
7f95897ee000-7f9589fec000 rw-p 00000000 00:00 0                          [stack:7768]
7f9589fec000-7f9589fef000 ---p 00000000 00:00 0 
7f9589fef000-7f958a7ed000 rw-p 00000000 00:00 0                          [stack:7767]
7f958a7ed000-7f958a7f0000 ---p 00000000 00:00 0 
7f958a7f0000-7f958afee000 rw-p 00000000 00:00 0                          [stack:7766]
7f958afee000-7f958afef000 ---p 00000000 00:00 0 
7f958afef000-7f958b7ef000 rw-p 00000000 00:00 0                          [stack:7765]
7f958b7ef000-7f958b7f2000 ---p 00000000 00:00 0 
7f958b7f2000-7f958bff0000 rw-p 00000000 00:00 0                          [stack:7763]
7f958bff0000-7f958bff3000 ---p 00000000 00:00 0 
7f958bff3000-7f958c7f1000 rw-p 00000000 00:00 0                          [stack:7762]
7f958c7f1000-7f958c7f4000 ---p 00000000 00:00 0 
7f958c7f4000-7f958cff2000 rw-p 00000000 00:00 0                          [stack:7761]
7f958cff2000-7f958cff5000 ---p 00000000 00:00 0 
7f958cff5000-7f958d7f3000 rw-p 00000000 00:00 0                          [stack:7760]
7f958d7f3000-7f958d7f6000 ---p 00000000 00:00 0 
7f958d7f6000-7f958dff4000 rw-p 00000000 00:00 0                          [stack:7759]
7f958dff4000-7f958dff7000 ---p 00000000 00:00 0 
7f958dff7000-7f958e7f5000 rw-p 00000000 00:00 0                          [stack:7758]
7f958e7f5000-7f958e7f8000 ---p 00000000 00:00 0 
7f958e7f8000-7f958eff6000 rw-p 00000000 00:00 0                          [stack:7757]
7f958eff6000-7f958eff9000 ---p 00000000 00:00 0 
7f958eff9000-7f958f7f7000 rw-p 00000000 00:00 0                          [stack:7756]
7f958f7f7000-7f958f7fa000 ---p 00000000 00:00 0 
7f958f7fa000-7f958fff8000 rw-p 00000000 00:00 0                          [stack:7755]
7f958fff8000-7f958fff9000 ---p 00000000 00:00 0 
7f958fff9000-7f95907f9000 rw-p 00000000 00:00 0                          [stack:7754]
7f95907f9000-7f95907fc000 ---p 00000000 00:00 0 
7f95907fc000-7f9590ffa000 rw-p 00000000 00:00 0                          [stack:7752]
7f9590ffa000-7f9590ffd000 ---p 00000000 00:00 0 
7f9590ffd000-7f95917fb000 rw-p 00000000 00:00 0                          [stack:7751]
7f95917fb000-7f95917fe000 ---p 00000000 00:00 0 
7f95917fe000-7f9591ffc000 rw-p 00000000 00:00 0                          [stack:7750]
7f9591ffc000-7f9591fff000 ---p 00000000 00:00 0 
7f9591fff000-7f95927fd000 rw-p 00000000 00:00 0                          [stack:7749]
7f95927fd000-7f9592800000 ---p 00000000 00:00 0 
7f9592800000-7f9592ffe000 rw-p 00000000 00:00 0                          [stack:7748]
7f9592ffe000-7f9593001000 ---p 00000000 00:00 0 
7f9593001000-7f95937ff000 rw-p 00000000 00:00 0                          [stack:7747]
7f95937ff000-7f9593802000 ---p 00000000 00:00 0 
7f9593802000-7f9594000000 rw-p 00000000 00:00 0                          [stack:7746]
7f9594000000-7f9594022000 rw-p 00000000 00:00 0 
7f9594022000-7f9598000000 ---p 00000000 00:00 0 
7f9598000000-7f9598021000 rw-p 00000000 00:00 0 
7f9598021000-7f959c000000 ---p 00000000 00:00 0 
7f959c000000-7f959c022000 rw-p 00000000 00:00 0 
7f959c022000-7f95a0000000 ---p 00000000 00:00 0 
7f95a0000000-7f95a0022000 rw-p 00000000 00:00 0 
7f95a0022000-7f95a4000000 ---p 00000000 00:00 0 
7f95a4000000-7f95a4022000 rw-p 00000000 00:00 0 
7f95a4022000-7f95a8000000 ---p 00000000 00:00 0 
7f95a87f9000-7f95a87fc000 ---p 00000000 00:00 0 
7f95a87fc000-7f95a8ffa000 rw-p 00000000 00:00 0                          [stack:7745]
7f95a8ffa000-7f95a8ffd000 ---p 00000000 00:00 0 
7f95a8ffd000-7f95a97fb000 rw-p 00000000 00:00 0                          [stack:7744]
7f95a97fb000-7f95a97fc000 ---p 00000000 00:00 0 
7f95a97fc000-7f95a9ffc000 rw-p 00000000 00:00 0                          [stack:7743]
7f95a9ffc000-7f95a9fff000 ---p 00000000 00:00 0 
7f95a9fff000-7f95aa7fd000 rw-p 00000000 00:00 0                          [stack:7741]
7f95aa7fd000-7f95aa800000 ---p 00000000 00:00 0 
7f95aa800000-7f95aaffe000 rw-p 00000000 00:00 0                          [stack:7740]
7f95aaffe000-7f95ab001000 ---p 00000000 00:00 0 
7f95ab001000-7f95ab7ff000 rw-p 00000000 00:00 0                          [stack:7739]
7f95ab7ff000-7f95ab802000 ---p 00000000 00:00 0 
7f95ab802000-7f95ac000000 rw-p 00000000 00:00 0                          [stack:7738]
7f95ac000000-7f95ac022000 rw-p 00000000 00:00 0 
7f95ac022000-7f95b0000000 ---p 00000000 00:00 0 
7f95b0000000-7f95b0022000 rw-p 00000000 00:00 0 
7f95b0022000-7f95b4000000 ---p 00000000 00:00 0 
7f95b4000000-7f95b4022000 rw-p 00000000 00:00 0 
7f95b4022000-7f95b8000000 ---p 00000000 00:00 0 
7f95b8000000-7f95b80ea000 rw-p 00000000 00:00 0 
7f95b80ea000-7f95bc000000 ---p 00000000 00:00 0 
7f95bc000000-7f95bc021000 rw-p 00000000 00:00 0 
7f95bc021000-7f95c0000000 ---p 00000000 00:00 0 
7f95c0000000-7f95c0065000 rw-p 00000000 00:00 0 
7f95c0065000-7f95c4000000 ---p 00000000 00:00 0 
7f95c4000000-7f95c4022000 rw-p 00000000 00:00 0 
7f95c4022000-7f95c8000000 ---p 00000000 00:00 0 
7f95c8000000-7f95c8050000 rw-p 00000000 00:00 0 
7f95c8050000-7f95cc000000 ---p 00000000 00:00 0 
7f95cc000000-7f95cc022000 rw-p 00000000 00:00 0 
7f95cc022000-7f95d0000000 ---p 00000000 00:00 0 
7f95d0000000-7f95d0022000 rw-p 00000000 00:00 0 
7f95d0022000-7f95d4000000 ---p 00000000 00:00 0 
7f95d4000000-7f95d4022000 rw-p 00000000 00:00 0 
7f95d4022000-7f95d8000000 ---p 00000000 00:00 0 
7f95d8000000-7f95d8022000 rw-p 00000000 00:00 0 
7f95d8022000-7f95dc000000 ---p 00000000 00:00 0 
7f95dc000000-7f95dc021000 rw-p 00000000 00:00 0 
7f95dc021000-7f95e0000000 ---p 00000000 00:00 0 
7f95e0000000-7f95e0021000 rw-p 00000000 00:00 0 
7f95e0021000-7f95e4000000 ---p 00000000 00:00 0 
7f95e4000000-7f95e428c000 rw-p 00000000 00:00 0 
7f95e428c000-7f95e8000000 ---p 00000000 00:00 0 
7f95e8000000-7f95e8021000 rw-p 00000000 00:00 0 
7f95e8021000-7f95ec000000 ---p 00000000 00:00 0 
7f95ec000000-7f95ec021000 rw-p 00000000 00:00 0 
7f95ec021000-7f95f0000000 ---p 00000000 00:00 0 
7f95f0000000-7f95f02cb000 rw-p 00000000 00:00 0 
7f95f02cb000-7f95f4000000 ---p 00000000 00:00 0 
7f95f4000000-7f95f4021000 rw-p 00000000 00:00 0 
7f95f4021000-7f95f8000000 ---p 00000000 00:00 0 
7f95f8000000-7f95f8021000 rw-p 00000000 00:00 0 
7f95f8021000-7f95fc000000 ---p 00000000 00:00 0 
7f95fc000000-7f95fc021000 rw-p 00000000 00:00 0 
7f95fc021000-7f9600000000 ---p 00000000 00:00 0 
7f96000fe000-7f9600101000 ---p 00000000 00:00 0 
7f9600101000-7f96003eb000 rw-p 00000000 00:00 0                          [stack:7775]
7f96003eb000-7f96003ee000 ---p 00000000 00:00 0 
7f96003ee000-7f96006d8000 rw-p 00000000 00:00 0                          [stack:7764]
7f96006d8000-7f96006db000 ---p 00000000 00:00 0 
7f96006db000-7f96007d9000 rw-p 00000000 00:00 0                          [stack:7753]
7f96007d9000-7f96007dc000 ---p 00000000 00:00 0 
7f96007dc000-7f9600fda000 rw-p 00000000 00:00 0                          [stack:7737]
7f9600fda000-7f9600fdd000 ---p 00000000 00:00 0 
7f9600fdd000-7f96017db000 rw-p 00000000 00:00 0                          [stack:7736]
7f96017db000-7f96017de000 ---p 00000000 00:00 0 
7f96017de000-7f9601fdc000 rw-p 00000000 00:00 0                          [stack:7735]
7f9601fdc000-7f9601fdf000 ---p 00000000 00:00 0 
7f9601fdf000-7f96027dd000 rw-p 00000000 00:00 0                          [stack:7734]
7f96027dd000-7f96027e0000 ---p 00000000 00:00 0 
7f96027e0000-7f9602fde000 rw-p 00000000 00:00 0                          [stack:7733]
7f9602fde000-7f9602fdf000 ---p 00000000 00:00 0 
7f9602fdf000-7f96037df000 rw-p 00000000 00:00 0                          [stack:7732]
7f96037df000-7f96037e2000 ---p 00000000 00:00 0 
7f96037e2000-7f9608000000 rw-p 00000000 00:00 0                          [stack:7730]
7f9608000000-7f9608021000 rw-p 00000000 00:00 0 
7f9608021000-7f960c000000 ---p 00000000 00:00 0 
7f960c000000-7f960c021000 rw-p 00000000 00:00 0 
7f960c021000-7f9610000000 ---p 00000000 00:00 0 
7f9610000000-7f9610021000 rw-p 00000000 00:00 0 
7f9610021000-7f9614000000 ---p 00000000 00:00 0 
7f9614032000-7f961421e000 rw-p 00000000 00:00 0 
7f961421e000-7f9614221000 ---p 00000000 00:00 0 
7f9614221000-7f961450b000 rw-p 00000000 00:00 0                          [stack:7742]
7f961450b000-7f961450e000 ---p 00000000 00:00 0 
7f961450e000-7f961460c000 rw-p 00000000 00:00 0                          [stack:7731]
7f961460c000-7f961460f000 ---p 00000000 00:00 0 
7f961460f000-7f9614e0d000 rw-p 00000000 00:00 0                          [stack:7729]
7f9614e0d000-7f9614e10000 ---p 00000000 00:00 0 
7f9614e10000-7f961560e000 rw-p 00000000 00:00 0                          [stack:7728]
7f961560e000-7f9615625000 r-xp 00000000 08:02 1318420                    /usr/lib/jvm/java-7-oracle/jre/lib/amd64/libnet.so
7f9615625000-7f9615824000 ---p 00017000 08:02 1318420                    /usr/lib/jvm/java-7-oracle/jre/lib/amd64/libnet.so
7f9615824000-7f9615825000 rw-p 00016000 08:02 1318420                    /usr/lib/jvm/java-7-oracle/jre/lib/amd64/libnet.so
7f9615825000-7f9615835000 r-xp 00000000 08:02 1318421                    /usr/lib/jvm/java-7-oracle/jre/lib/amd64/libnio.so
7f9615835000-7f9615a35000 ---p 00010000 08:02 1318421                    /usr/lib/jvm/java-7-oracle/jre/lib/amd64/libnio.so
7f9615a35000-7f9615a36000 rw-p 00010000 08:02 1318421                    /usr/lib/jvm/java-7-oracle/jre/lib/amd64/libnio.so
7f9615a36000-7f9615ab1000 rw-p 00000000 00:00 0 
7f9615ab1000-7f9615ab4000 ---p 00000000 00:00 0 
7f9615ab4000-7f961632d000 rw-p 00000000 00:00 0                          [stack:7727]
7f961632d000-7f9616330000 ---p 00000000 00:00 0 
7f9616330000-7f9616b2e000 rw-p 00000000 00:00 0                          [stack:7726]
7f9616b2e000-7f9616b2f000 ---p 00000000 00:00 0 
7f9616b2f000-7f961732f000 rw-p 00000000 00:00 0                          [stack:7725]
7f961732f000-7f961742e000 r-xp 00000000 08:02 1842212                    /home/jazen/gams/libGAMS.so.6.3.0
7f961742e000-7f961762e000 ---p 000ff000 08:02 1842212                    /home/jazen/gams/libGAMS.so.6.3.0
7f961762e000-7f9617632000 r--p 000ff000 08:02 1842212                    /home/jazen/gams/libGAMS.so.6.3.0
7f9617632000-7f9617634000 rw-p 00103000 08:02 1842212                    /home/jazen/gams/libGAMS.so.6.3.0
7f9617634000-7f9617649000 rw-p 00000000 00:00 0 
7f9617649000-7f9617838000 r-xp 00000000 08:02 1842119                    /home/jazen/madara/libMADARA.so.6.3.0
7f9617838000-7f9617a38000 ---p 001ef000 08:02 1842119                    /home/jazen/madara/libMADARA.so.6.3.0
7f9617a38000-7f9617a3f000 r--p 001ef000 08:02 1842119                    /home/jazen/madara/libMADARA.so.6.3.0
7f9617a3f000-7f9617a42000 rw-p 001f6000 08:02 1842119                    /home/jazen/madara/libMADARA.so.6.3.0
7f9617a42000-7f9617bd1000 r-xp 00000000 08:02 1704236                    /home/jazen/ace/ACE_wrappers/ace/libACE.so.6.3.0
7f9617bd1000-7f9617dd0000 ---p 0018f000 08:02 1704236                    /home/jazen/ace/ACE_wrappers/ace/libACE.so.6.3.0
7f9617dd0000-7f9617de3000 r--p 0018e000 08:02 1704236                    /home/jazen/ace/ACE_wrappers/ace/libACE.so.6.3.0
7f9617de3000-7f9617de7000 rw-p 001a1000 08:02 1704236                    /home/jazen/ace/ACE_wrappers/ace/libACE.so.6.3.0
7f9617de7000-7f9617de9000 rw-p 00000000 00:00 0 
7f9617de9000-7f9617dff000 r-xp 00000000 08:02 5004209                    /lib/x86_64-linux-gnu/libgcc_s.so.1
7f9617dff000-7f9617ffe000 ---p 00016000 08:02 5004209                    /lib/x86_64-linux-gnu/libgcc_s.so.1
7f9617ffe000-7f9617fff000 r--p 00015000 08:02 5004209                    /lib/x86_64-linux-gnu/libgcc_s.so.1
7f9617fff000-7f9618000000 rw-p 00016000 08:02 5004209                    /lib/x86_64-linux-gnu/libgcc_s.so.1
7f9618000000-7f9618021000 rw-p 00000000 00:00 0 
7f9618021000-7f961c000000 ---p 00000000 00:00 0 
7f961c015000-7f961c10b000 rw-p 00000000 00:00 0 
7f961c10b000-7f961c278000 r-xp 00000000 08:02 1246485                    /usr/lib/x86_64-linux-gnu/libstdc++.so.6.0.21
7f961c278000-7f961c477000 ---p 0016d000 08:02 1246485                    /usr/lib/x86_64-linux-gnu/libstdc++.so.6.0.21
7f961c477000-7f961c481000 r--p 0016c000 08:02 1246485                    /usr/lib/x86_64-linux-gnu/libstdc++.so.6.0.21
7f961c481000-7f961c483000 rw-p 00176000 08:02 1246485                    /usr/lib/x86_64-linux-gnu/libstdc++.so.6.0.21
7f961c483000-7f961c487000 rw-p 00000000 00:00 0 
7f961c4bd000-7f961c4dc000 r-xp 00000000 08:02 1788256                    /home/jazen/v_rep/programming/remoteApiBindings/java/lib/64Bit/libremoteApiJava.so
7f961c4dc000-7f961c6dc000 ---p 0001f000 08:02 1788256                    /home/jazen/v_rep/programming/remoteApiBindings/java/lib/64Bit/libremoteApiJava.so
7f961c6dc000-7f961c6dd000 r--p 0001f000 08:02 1788256                    /home/jazen/v_rep/programming/remoteApiBindings/java/lib/64Bit/libremoteApiJava.so
7f961c6dd000-7f961c6de000 rw-p 00020000 08:02 1788256                    /home/jazen/v_rep/programming/remoteApiBindings/java/lib/64Bit/libremoteApiJava.so
7f961c6de000-7f961c6f3000 rw-p 00000000 00:00 0 
7f961c6f3000-7f961c71c000 r--s 001da000 08:02 4244827                    /home/jazen/Documents/Research/Platypus_Software/MyForks/VREP-Boat-Simulator/VrepSimulation/lib/crwlib_core.jar
7f961c71c000-7f961c71d000 ---p 00000000 00:00 0 
7f961c71d000-7f961c81d000 rw-p 00000000 00:00 0                          [stack:7724]
7f961c81d000-7f961c820000 ---p 00000000 00:00 0 
7f961c820000-7f961c91e000 rw-p 00000000 00:00 0                          [stack:7723]
7f961c91e000-7f961d000000 r--p 00000000 08:02 1186808                    /usr/lib/locale/locale-archive
7f961d000000-7f961d270000 rwxp 00000000 00:00 0 
7f961d270000-7f9620340000 rw-p 00000000 00:00 0 
7f9620340000-7f9624000000 ---p 00000000 00:00 0 
7f9624015000-7f9624028000 r--s 000df000 08:02 4244826                    /home/jazen/Documents/Research/Platypus_Software/MyForks/VREP-Boat-Simulator/VrepSimulation/lib/commons-math-2.2.jar
7f9624028000-7f9624037000 r--s 00098000 08:02 4244888                    /home/jazen/Documents/Research/Platypus_Software/MyForks/VREP-Boat-Simulator/VrepSimulation/lib/jscience-4.3.jar
7f9624037000-7f962403b000 r--s 0003c000 08:02 4216966                    /home/jazen/Documents/Research/Platypus_Software/MyForks/VREP-Boat-Simulator/VrepSimulation/lib/madara.jar
7f962403b000-7f962403e000 ---p 00000000 00:00 0 
7f962403e000-7f962413c000 rw-p 00000000 00:00 0                          [stack:7722]
7f962413c000-7f962413f000 ---p 00000000 00:00 0 
7f962413f000-7f962423d000 rw-p 00000000 00:00 0                          [stack:7721]
7f962423d000-7f9624240000 ---p 00000000 00:00 0 
7f9624240000-7f962433e000 rw-p 00000000 00:00 0                          [stack:7720]
7f962433e000-7f9624341000 ---p 00000000 00:00 0 
7f9624341000-7f962443f000 rw-p 00000000 00:00 0                          [stack:7718]
7f962443f000-7f9624442000 ---p 00000000 00:00 0 
7f9624442000-7f9624540000 rw-p 00000000 00:00 0                          [stack:7717]
7f9624540000-7f9624541000 ---p 00000000 00:00 0 
7f9624541000-7f9625640000 rw-p 00000000 00:00 0                          [stack:7716]
7f9625640000-7f9625800000 r--s 039fb000 08:02 1360694                    /usr/lib/jvm/java-7-oracle/jre/lib/rt.jar
7f9625800000-7f9625d24000 rw-p 00000000 00:00 0 
7f9625d24000-7f9625d25000 ---p 00000000 00:00 0 
7f9625d25000-7f9625e25000 rw-p 00000000 00:00 0                          [stack:7715]
7f9625e25000-7f9625e26000 ---p 00000000 00:00 0 
7f9625e26000-7f9625f26000 rw-p 00000000 00:00 0                          [stack:7714]
7f9625f26000-7f9625f27000 ---p 00000000 00:00 0 
7f9625f27000-7f9626027000 rw-p 00000000 00:00 0                          [stack:7713]
7f9626027000-7f9626028000 ---p 00000000 00:00 0 
7f9626028000-7f9626151000 rw-p 00000000 00:00 0                          [stack:7712]
7f9626151000-7f96263b9000 rw-p 00000000 00:00 0 
7f96263b9000-7f96263c4000 rw-p 00000000 00:00 0 
7f96263c4000-7f96263e2000 rw-p 00000000 00:00 0 
7f96263e2000-7f962640b000 rw-p 00000000 00:00 0 
7f962640b000-7f9626672000 rw-p 00000000 00:00 0 
7f9626672000-7f9626687000 rw-p 00000000 00:00 0 
7f9626687000-7f96267bb000 rw-p 00000000 00:00 0 
7f96267bb000-7f96267bc000 rw-p 00000000 00:00 0 
7f96267bc000-7f96267d3000 r-xp 00000000 08:02 1318427                    /usr/lib/jvm/java-7-oracle/jre/lib/amd64/libzip.so
7f96267d3000-7f96269d3000 ---p 00017000 08:02 1318427                    /usr/lib/jvm/java-7-oracle/jre/lib/amd64/libzip.so
7f96269d3000-7f96269d4000 rw-p 00017000 08:02 1318427                    /usr/lib/jvm/java-7-oracle/jre/lib/amd64/libzip.so
7f96269d4000-7f96269df000 r-xp 00000000 08:02 4980826                    /lib/x86_64-linux-gnu/libnss_files-2.19.so
7f96269df000-7f9626bde000 ---p 0000b000 08:02 4980826                    /lib/x86_64-linux-gnu/libnss_files-2.19.so
7f9626bde000-7f9626bdf000 r--p 0000a000 08:02 4980826                    /lib/x86_64-linux-gnu/libnss_files-2.19.so
7f9626bdf000-7f9626be0000 rw-p 0000b000 08:02 4980826                    /lib/x86_64-linux-gnu/libnss_files-2.19.so
7f9626be0000-7f9626beb000 r-xp 00000000 08:02 4987156                    /lib/x86_64-linux-gnu/libnss_nis-2.19.so
7f9626beb000-7f9626dea000 ---p 0000b000 08:02 4987156                    /lib/x86_64-linux-gnu/libnss_nis-2.19.so
7f9626dea000-7f9626deb000 r--p 0000a000 08:02 4987156                    /lib/x86_64-linux-gnu/libnss_nis-2.19.so
7f9626deb000-7f9626dec000 rw-p 0000b000 08:02 4987156                    /lib/x86_64-linux-gnu/libnss_nis-2.19.so
7f9626dec000-7f9626e03000 r-xp 00000000 08:02 4980835                    /lib/x86_64-linux-gnu/libnsl-2.19.so
7f9626e03000-7f9627002000 ---p 00017000 08:02 4980835                    /lib/x86_64-linux-gnu/libnsl-2.19.so
7f9627002000-7f9627003000 r--p 00016000 08:02 4980835                    /lib/x86_64-linux-gnu/libnsl-2.19.so
7f9627003000-7f9627004000 rw-p 00017000 08:02 4980835                    /lib/x86_64-linux-gnu/libnsl-2.19.so
7f9627004000-7f9627006000 rw-p 00000000 00:00 0 
7f9627006000-7f962700f000 r-xp 00000000 08:02 4980834                    /lib/x86_64-linux-gnu/libnss_compat-2.19.so
7f962700f000-7f962720e000 ---p 00009000 08:02 4980834                    /lib/x86_64-linux-gnu/libnss_compat-2.19.so
7f962720e000-7f962720f000 r--p 00008000 08:02 4980834                    /lib/x86_64-linux-gnu/libnss_compat-2.19.so
7f962720f000-7f9627210000 rw-p 00009000 08:02 4980834                    /lib/x86_64-linux-gnu/libnss_compat-2.19.so
7f9627210000-7f9627239000 r-xp 00000000 08:02 1318400                    /usr/lib/jvm/java-7-oracle/jre/lib/amd64/libjava.so
7f9627239000-7f9627439000 ---p 00029000 08:02 1318400                    /usr/lib/jvm/java-7-oracle/jre/lib/amd64/libjava.so
7f9627439000-7f962743b000 rw-p 00029000 08:02 1318400                    /usr/lib/jvm/java-7-oracle/jre/lib/amd64/libjava.so
7f962743b000-7f9627448000 r-xp 00000000 08:02 1318438                    /usr/lib/jvm/java-7-oracle/jre/lib/amd64/libverify.so
7f9627448000-7f9627647000 ---p 0000d000 08:02 1318438                    /usr/lib/jvm/java-7-oracle/jre/lib/amd64/libverify.so
7f9627647000-7f9627649000 rw-p 0000c000 08:02 1318438                    /usr/lib/jvm/java-7-oracle/jre/lib/amd64/libverify.so
7f9627649000-7f9627650000 r-xp 00000000 08:02 4984752                    /lib/x86_64-linux-gnu/librt-2.19.so
7f9627650000-7f962784f000 ---p 00007000 08:02 4984752                    /lib/x86_64-linux-gnu/librt-2.19.so
7f962784f000-7f9627850000 r--p 00006000 08:02 4984752                    /lib/x86_64-linux-gnu/librt-2.19.so
7f9627850000-7f9627851000 rw-p 00007000 08:02 4984752                    /lib/x86_64-linux-gnu/librt-2.19.so
7f9627851000-7f9627956000 r-xp 00000000 08:02 4980825                    /lib/x86_64-linux-gnu/libm-2.19.so
7f9627956000-7f9627b55000 ---p 00105000 08:02 4980825                    /lib/x86_64-linux-gnu/libm-2.19.so
7f9627b55000-7f9627b56000 r--p 00104000 08:02 4980825                    /lib/x86_64-linux-gnu/libm-2.19.so
7f9627b56000-7f9627b57000 rw-p 00105000 08:02 4980825                    /lib/x86_64-linux-gnu/libm-2.19.so
7f9627b57000-7f96286cd000 r-xp 00000000 08:02 1318388                    /usr/lib/jvm/java-7-oracle/jre/lib/amd64/server/libjvm.so
7f96286cd000-7f96288cc000 ---p 00b76000 08:02 1318388                    /usr/lib/jvm/java-7-oracle/jre/lib/amd64/server/libjvm.so
7f96288cc000-7f9628990000 rw-p 00b75000 08:02 1318388                    /usr/lib/jvm/java-7-oracle/jre/lib/amd64/server/libjvm.so
7f9628990000-7f96289d1000 rw-p 00000000 00:00 0 
7f96289d1000-7f9628b8c000 r-xp 00000000 08:02 4980840                    /lib/x86_64-linux-gnu/libc-2.19.so
7f9628b8c000-7f9628d8b000 ---p 001bb000 08:02 4980840                    /lib/x86_64-linux-gnu/libc-2.19.so
7f9628d8b000-7f9628d8f000 r--p 001ba000 08:02 4980840                    /lib/x86_64-linux-gnu/libc-2.19.so
7f9628d8f000-7f9628d91000 rw-p 001be000 08:02 4980840                    /lib/x86_64-linux-gnu/libc-2.19.so
7f9628d91000-7f9628d96000 rw-p 00000000 00:00 0 
7f9628d96000-7f9628d99000 r-xp 00000000 08:02 4980829                    /lib/x86_64-linux-gnu/libdl-2.19.so
7f9628d99000-7f9628f98000 ---p 00003000 08:02 4980829                    /lib/x86_64-linux-gnu/libdl-2.19.so
7f9628f98000-7f9628f99000 r--p 00002000 08:02 4980829                    /lib/x86_64-linux-gnu/libdl-2.19.so
7f9628f99000-7f9628f9a000 rw-p 00003000 08:02 4980829                    /lib/x86_64-linux-gnu/libdl-2.19.so
7f9628f9a000-7f9628faf000 r-xp 00000000 08:02 1364427                    /usr/lib/jvm/java-7-oracle/lib/amd64/jli/libjli.so
7f9628faf000-7f96291ae000 ---p 00015000 08:02 1364427                    /usr/lib/jvm/java-7-oracle/lib/amd64/jli/libjli.so
7f96291ae000-7f96291af000 rw-p 00014000 08:02 1364427                    /usr/lib/jvm/java-7-oracle/lib/amd64/jli/libjli.so
7f96291af000-7f96291c8000 r-xp 00000000 08:02 4984658                    /lib/x86_64-linux-gnu/libpthread-2.19.so
7f96291c8000-7f96293c7000 ---p 00019000 08:02 4984658                    /lib/x86_64-linux-gnu/libpthread-2.19.so
7f96293c7000-7f96293c8000 r--p 00018000 08:02 4984658                    /lib/x86_64-linux-gnu/libpthread-2.19.so
7f96293c8000-7f96293c9000 rw-p 00019000 08:02 4984658                    /lib/x86_64-linux-gnu/libpthread-2.19.so
7f96293c9000-7f96293cd000 rw-p 00000000 00:00 0 
7f96293cd000-7f96293f0000 r-xp 00000000 08:02 4980837                    /lib/x86_64-linux-gnu/ld-2.19.so
7f96293f1000-7f96293f2000 r--s 00008000 08:02 4244887                    /home/jazen/Documents/Research/Platypus_Software/MyForks/VREP-Boat-Simulator/VrepSimulation/lib/Jama-1.0.3.jar
7f96293f2000-7f96293fc000 rw-p 00000000 00:00 0 
7f96293fc000-7f96294b2000 rw-p 00000000 00:00 0 
7f96294b2000-7f96294b5000 ---p 00000000 00:00 0 
7f96294b5000-7f96295b7000 rw-p 00000000 00:00 0                          [stack:7711]
7f96295b7000-7f96295ba000 r--s 00020000 08:02 4216901                    /home/jazen/Documents/Research/Platypus_Software/MyForks/VREP-Boat-Simulator/VrepSimulation/lib/gams.jar
7f96295ba000-7f96295c5000 rw-p 00000000 00:00 0 
7f96295c5000-7f96295e3000 rw-p 00000000 00:00 0 
7f96295e3000-7f96295eb000 rw-s 00000000 08:02 5129639                    /tmp/hsperfdata_jazen/7706
7f96295eb000-7f96295ec000 rw-p 00000000 00:00 0 
7f96295ec000-7f96295ed000 r--p 00000000 00:00 0 
7f96295ed000-7f96295ef000 rw-p 00000000 00:00 0 
7f96295ef000-7f96295f0000 r--p 00022000 08:02 4980837                    /lib/x86_64-linux-gnu/ld-2.19.so
7f96295f0000-7f96295f1000 rw-p 00023000 08:02 4980837                    /lib/x86_64-linux-gnu/ld-2.19.so
7f96295f1000-7f96295f2000 rw-p 00000000 00:00 0 
7ffe76757000-7ffe76779000 rw-p 00000000 00:00 0                          [stack]
7ffe767a6000-7ffe767a8000 r-xp 00000000 00:00 0                          [vdso]
ffffffffff600000-ffffffffff601000 r-xp 00000000 00:00 0                  [vsyscall]

VM Arguments:
jvm_args: -Dfile.encoding=UTF-8 -Djava.library.path=/home/jazen/v_rep/programming/remoteApiBindings/java/lib/64Bit:/home/jazen/ace/ACE_wrappers/ace:/home/jazen/madara:/home/jazen/gams:/home/jazen/gams/lib
 
java_command: vrepSim.vrepSimMain
Launcher Type: SUN_STANDARD

Environment Variables:
JAVA_HOME=/usr/lib/jvm/java-7-oracle
PATH=/home/jazen/ace/ACE_wrappers/bin:/home/jazen/bin:/opt/ros/indigo/bin:/home/jazen/bin:/usr/local/sbin:/usr/local/bin:/usr/sbin:/usr/bin:/sbin:/bin:/usr/games:/usr/local/games
LD_LIBRARY_PATH=/usr/lib/jvm/java-8-oracle/jre/lib/amd64:/usr/lib/jvm/java-8-oracle/jre/lib/i386:/home/jazen/ace/ACE_wrappers/lib:/home/jazen/madara/lib:/home/jazen/gams/lib:/opt/ros/indigo/lib:/opt/ros/indigo/lib/x86_64-linux-gnu
SHELL=/bin/bash
DISPLAY=:0

Signal Handlers:
SIGSEGV: [libjvm.so+0x9a3b20], sa_mask[0]=0x7ffbfeff, sa_flags=0x10000004
SIGBUS: [libjvm.so+0x9a3b20], sa_mask[0]=0x7ffbfeff, sa_flags=0x10000004
SIGFPE: [libjvm.so+0x81e740], sa_mask[0]=0x7ffbfeff, sa_flags=0x10000004
SIGPIPE: [libjvm.so+0x81e740], sa_mask[0]=0x7ffbfeff, sa_flags=0x10000004
SIGXFSZ: [libjvm.so+0x81e740], sa_mask[0]=0x7ffbfeff, sa_flags=0x10000004
SIGILL: [libjvm.so+0x81e740], sa_mask[0]=0x7ffbfeff, sa_flags=0x10000004
SIGUSR1: SIG_DFL, sa_mask[0]=0x00000000, sa_flags=0x00000000
SIGUSR2: [libjvm.so+0x81ffb0], sa_mask[0]=0x00000004, sa_flags=0x10000004
SIGHUP: [libjvm.so+0x8210d0], sa_mask[0]=0x7ffbfeff, sa_flags=0x10000004
SIGINT: SIG_IGN, sa_mask[0]=0x00000000, sa_flags=0x00000000
SIGTERM: [libjvm.so+0x8210d0], sa_mask[0]=0x7ffbfeff, sa_flags=0x10000004
SIGQUIT: [libjvm.so+0x8210d0], sa_mask[0]=0x7ffbfeff, sa_flags=0x10000004


---------------  S Y S T E M  ---------------

OS:jessie/sid

uname:Linux 3.13.0-63-generic #103-Ubuntu SMP Fri Aug 14 21:42:59 UTC 2015 x86_64
libc:glibc 2.19 NPTL 2.19 
rlimit: STACK 8192k, CORE 0k, NPROC 61293, NOFILE 4096, AS infinity
load average:0.95 1.35 1.18

/proc/meminfo:
MemTotal:        8063700 kB
MemFree:         1324848 kB
Buffers:          160240 kB
Cached:          2024412 kB
SwapCached:            0 kB
Active:          4887832 kB
Inactive:        1571664 kB
Active(anon):    4282080 kB
Inactive(anon):   543912 kB
Active(file):     605752 kB
Inactive(file):  1027752 kB
Unevictable:         108 kB
Mlocked:             108 kB
SwapTotal:       8274940 kB
SwapFree:        8274940 kB
Dirty:              2060 kB
Writeback:             0 kB
AnonPages:       4274992 kB
Mapped:           446704 kB
Shmem:            551128 kB
Slab:             150356 kB
SReclaimable:     113708 kB
SUnreclaim:        36648 kB
KernelStack:        5472 kB
PageTables:        43948 kB
NFS_Unstable:          0 kB
Bounce:                0 kB
WritebackTmp:          0 kB
CommitLimit:    12306788 kB
Committed_AS:    9725412 kB
VmallocTotal:   34359738367 kB
VmallocUsed:      361784 kB
VmallocChunk:   34359368408 kB
HardwareCorrupted:     0 kB
AnonHugePages:   2981888 kB
HugePages_Total:       0
HugePages_Free:        0
HugePages_Rsvd:        0
HugePages_Surp:        0
Hugepagesize:       2048 kB
DirectMap4k:       69168 kB
DirectMap2M:     1914880 kB
DirectMap1G:     6291456 kB


CPU:total 4 (2 cores per cpu, 2 threads per core) family 6 model 69 stepping 1, cmov, cx8, fxsr, mmx, sse, sse2, sse3, ssse3, sse4.1, sse4.2, popcnt, avx, avx2, aes, erms, ht, tsc, tscinvbit

/proc/cpuinfo:
processor	: 0
vendor_id	: GenuineIntel
cpu family	: 6
model		: 69
model name	: Intel(R) Core(TM) i5-4210U CPU @ 1.70GHz
stepping	: 1
microcode	: 0x17
cpu MHz		: 1700.000
cache size	: 3072 KB
physical id	: 0
siblings	: 4
core id		: 0
cpu cores	: 2
apicid		: 0
initial apicid	: 0
fpu		: yes
fpu_exception	: yes
cpuid level	: 13
wp		: yes
flags		: fpu vme de pse tsc msr pae mce cx8 apic sep mtrr pge mca cmov pat pse36 clflush dts acpi mmx fxsr sse sse2 ss ht tm pbe syscall nx pdpe1gb rdtscp lm constant_tsc arch_perfmon pebs bts rep_good nopl xtopology nonstop_tsc aperfmperf eagerfpu pni pclmulqdq dtes64 monitor ds_cpl vmx est tm2 ssse3 fma cx16 xtpr pdcm pcid sse4_1 sse4_2 movbe popcnt tsc_deadline_timer aes xsave avx f16c rdrand lahf_lm abm ida arat epb xsaveopt pln pts dtherm tpr_shadow vnmi flexpriority ept vpid fsgsbase tsc_adjust bmi1 avx2 smep bmi2 erms invpcid
bogomips	: 4788.95
clflush size	: 64
cache_alignment	: 64
address sizes	: 39 bits physical, 48 bits virtual
power management:

processor	: 1
vendor_id	: GenuineIntel
cpu family	: 6
model		: 69
model name	: Intel(R) Core(TM) i5-4210U CPU @ 1.70GHz
stepping	: 1
microcode	: 0x17
cpu MHz		: 1700.000
cache size	: 3072 KB
physical id	: 0
siblings	: 4
core id		: 1
cpu cores	: 2
apicid		: 2
initial apicid	: 2
fpu		: yes
fpu_exception	: yes
cpuid level	: 13
wp		: yes
flags		: fpu vme de pse tsc msr pae mce cx8 apic sep mtrr pge mca cmov pat pse36 clflush dts acpi mmx fxsr sse sse2 ss ht tm pbe syscall nx pdpe1gb rdtscp lm constant_tsc arch_perfmon pebs bts rep_good nopl xtopology nonstop_tsc aperfmperf eagerfpu pni pclmulqdq dtes64 monitor ds_cpl vmx est tm2 ssse3 fma cx16 xtpr pdcm pcid sse4_1 sse4_2 movbe popcnt tsc_deadline_timer aes xsave avx f16c rdrand lahf_lm abm ida arat epb xsaveopt pln pts dtherm tpr_shadow vnmi flexpriority ept vpid fsgsbase tsc_adjust bmi1 avx2 smep bmi2 erms invpcid
bogomips	: 4788.95
clflush size	: 64
cache_alignment	: 64
address sizes	: 39 bits physical, 48 bits virtual
power management:

processor	: 2
vendor_id	: GenuineIntel
cpu family	: 6
model		: 69
model name	: Intel(R) Core(TM) i5-4210U CPU @ 1.70GHz
stepping	: 1
microcode	: 0x17
cpu MHz		: 1700.000
cache size	: 3072 KB
physical id	: 0
siblings	: 4
core id		: 0
cpu cores	: 2
apicid		: 1
initial apicid	: 1
fpu		: yes
fpu_exception	: yes
cpuid level	: 13
wp		: yes
flags		: fpu vme de pse tsc msr pae mce cx8 apic sep mtrr pge mca cmov pat pse36 clflush dts acpi mmx fxsr sse sse2 ss ht tm pbe syscall nx pdpe1gb rdtscp lm constant_tsc arch_perfmon pebs bts rep_good nopl xtopology nonstop_tsc aperfmperf eagerfpu pni pclmulqdq dtes64 monitor ds_cpl vmx est tm2 ssse3 fma cx16 xtpr pdcm pcid sse4_1 sse4_2 movbe popcnt tsc_deadline_timer aes xsave avx f16c rdrand lahf_lm abm ida arat epb xsaveopt pln pts dtherm tpr_shadow vnmi flexpriority ept vpid fsgsbase tsc_adjust bmi1 avx2 smep bmi2 erms invpcid
bogomips	: 4788.95
clflush size	: 64
cache_alignment	: 64
address sizes	: 39 bits physical, 48 bits virtual
power management:

processor	: 3
vendor_id	: GenuineIntel
cpu family	: 6
model		: 69
model name	: Intel(R) Core(TM) i5-4210U CPU @ 1.70GHz
stepping	: 1
microcode	: 0x17
cpu MHz		: 1700.000
cache size	: 3072 KB
physical id	: 0
siblings	: 4
core id		: 1
cpu cores	: 2
apicid		: 3
initial apicid	: 3
fpu		: yes
fpu_exception	: yes
cpuid level	: 13
wp		: yes
flags		: fpu vme de pse tsc msr pae mce cx8 apic sep mtrr pge mca cmov pat pse36 clflush dts acpi mmx fxsr sse sse2 ss ht tm pbe syscall nx pdpe1gb rdtscp lm constant_tsc arch_perfmon pebs bts rep_good nopl xtopology nonstop_tsc aperfmperf eagerfpu pni pclmulqdq dtes64 monitor ds_cpl vmx est tm2 ssse3 fma cx16 xtpr pdcm pcid sse4_1 sse4_2 movbe popcnt tsc_deadline_timer aes xsave avx f16c rdrand lahf_lm abm ida arat epb xsaveopt pln pts dtherm tpr_shadow vnmi flexpriority ept vpid fsgsbase tsc_adjust bmi1 avx2 smep bmi2 erms invpcid
bogomips	: 4788.95
clflush size	: 64
cache_alignment	: 64
address sizes	: 39 bits physical, 48 bits virtual
power management:



Memory: 4k page, physical 8063700k(1324848k free), swap 8274940k(8274940k free)

vm_info: Java HotSpot(TM) 64-Bit Server VM (24.80-b11) for linux-amd64 JRE (1.7.0_80-b15), built on Apr 10 2015 19:53:14 by "java_re" with gcc 4.3.0 20080428 (Red Hat 4.3.0-8)

time: Fri Oct  9 17:06:15 2015
elapsed time: 2 seconds

