#
# A fatal error has been detected by the Java Runtime Environment:
#
#  SIGSEGV (0xb) at pc=0x00007fe3b132bba0, pid=15068, tid=140615888164608
#
# JRE version: Java(TM) SE Runtime Environment (7.0_80-b15) (build 1.7.0_80-b15)
# Java VM: Java HotSpot(TM) 64-Bit Server VM (24.80-b11 mixed mode linux-amd64 compressed oops)
# Problematic frame:
# C  [libGAMS.so.6.3.0+0x37ba0]  Java_com_gams_utility_Position_jni_1getX+0x0
#
# Failed to write core dump. Core dumps have been disabled. To enable core dumping, try "ulimit -c unlimited" before starting Java again
#
# If you would like to submit a bug report, please visit:
#   http://bugreport.java.com/bugreport/crash.jsp
# The crash happened outside the Java Virtual Machine in native code.
# See problematic frame for where to report the bug.
#

---------------  T H R E A D  ---------------

Current thread (0x00007fe3bc22d000):  JavaThread "Thread-3" [_thread_in_native, id=15089, stack(0x00007fe3b0005000,0x00007fe3b0106000)]

siginfo:si_signo=SIGSEGV: si_errno=0, si_code=1 (SEGV_MAPERR), si_addr=0x0000000000000008

Registers:
RAX=0x00007fe3b132bba0, RBX=0x000000077feac4d0, RCX=0x0000000000000021, RDX=0x0000000000000000
RSP=0x00007fe3b0103ca8, RBP=0x00007fe3b0103d08, RSI=0x00007fe3b0103d38, RDI=0x00007fe3bc22d1e8
R8 =0x00007fe3b9010360, R9 =0x00007fe3b0104048, R10=0x00007fe3b9012d6c, R11=0x00007fe3c2273940
R12=0x0000000000000000, R13=0x000000077feac4d0, R14=0x00007fe3b0103d38, R15=0x00007fe3bc22d000
RIP=0x00007fe3b132bba0, EFLAGS=0x0000000000010287, CSGSFS=0x0000000000000033, ERR=0x0000000000000004
  TRAPNO=0x000000000000000e

Top of Stack: (sp=0x00007fe3b0103ca8)
0x00007fe3b0103ca8:   00007fe3b9012d98 00007fe3b0103d88
0x00007fe3b0103cb8:   00007fe3b2004f18 000000077feac260
0x00007fe3b0103cc8:   00007fe3b0103cc8 0000000000000000
0x00007fe3b0103cd8:   00007fe3b0103d38 000000077feaf418
0x00007fe3b0103ce8:   0000000000000000 000000077feac4d0
0x00007fe3b0103cf8:   0000000000000000 00007fe3b0103d28
0x00007fe3b0103d08:   00007fe3b0103d80 00007fe3b90060b7
0x00007fe3b0103d18:   0000000000000000 00007fe3b900ecda
0x00007fe3b0103d28:   0000000000000000 00000007d6fe9e08
0x00007fe3b0103d38:   00000007d6fe9e08 00007fe3b0103d40
0x00007fe3b0103d48:   000000077fead05d 00007fe3b0103d90
0x00007fe3b0103d58:   000000077feaf418 0000000000000000
0x00007fe3b0103d68:   000000077fead068 00007fe3b0103d28
0x00007fe3b0103d78:   00007fe3b0103d90 00007fe3b0103dd8
0x00007fe3b0103d88:   00007fe3b90060b7 00000007d6fe9e08
0x00007fe3b0103d98:   00007fe3b0103d98 000000077feacd59
0x00007fe3b0103da8:   00007fe3b0103df0 000000077feaf418
0x00007fe3b0103db8:   0000000000000000 000000077feacd88
0x00007fe3b0103dc8:   00007fe3b0103d90 00007fe3b0103de8
0x00007fe3b0103dd8:   00007fe3b0103e38 00007fe3b9006350
0x00007fe3b0103de8:   00000007d6feb768 00000007d6fe9e08
0x00007fe3b0103df8:   00007fe3b0103df8 000000077fef4a4d
0x00007fe3b0103e08:   00007fe3b0103e68 000000077ff5a3a0
0x00007fe3b0103e18:   0000000000000000 000000077fef4b08
0x00007fe3b0103e28:   00007fe3b0103de8 00007fe3b0103e50
0x00007fe3b0103e38:   00007fe3b0103ed0 00007fe3b90004e7
0x00007fe3b0103e48:   0000000000000000 3fb999999999999a
0x00007fe3b0103e58:   404437e8233155f1 00000007d6feb768
0x00007fe3b0103e68:   00000007d8e005d0 00007fe300001fa0
0x00007fe3b0103e78:   00007fe3b01041c0 00007fe3b0103f50
0x00007fe3b0103e88:   00007fe3b0104040 00007fe3bc22d000
0x00007fe3b0103e98:   00007fe380009b30 00007fe3b0103f10 

Instructions: (pc=0x00007fe3b132bba0)
0x00007fe3b132bb80:   24 1f e8 69 fd ff ff 48 89 ef e8 31 91 ff ff 48
0x00007fe3b132bb90:   89 c5 48 8b 1d 37 51 29 00 eb d4 0f 1f 44 00 00
0x00007fe3b132bba0:   f2 0f 10 42 08 c3 66 2e 0f 1f 84 00 00 00 00 00
0x00007fe3b132bbb0:   f2 0f 10 42 10 c3 66 2e 0f 1f 84 00 00 00 00 00 

Register to memory mapping:

RAX=0x00007fe3b132bba0: Java_com_gams_utility_Position_jni_1getX+0 in /home/jazen/gams/libGAMS.so.6.3.0 at 0x00007fe3b12f4000
RBX=0x000000077feac4d0 is an oop
{method} 
 - klass: {other class}
RCX=0x0000000000000021 is an unknown value
RDX=0x0000000000000000 is an unknown value
RSP=0x00007fe3b0103ca8 is pointing into the stack for thread: 0x00007fe3bc22d000
RBP=0x00007fe3b0103d08 is pointing into the stack for thread: 0x00007fe3bc22d000
RSI=0x00007fe3b0103d38 is pointing into the stack for thread: 0x00007fe3bc22d000
RDI=0x00007fe3bc22d1e8 is an unknown value
R8 =0x00007fe3b9010360 is at code_begin+0 in an Interpreter codelet
method entry point (kind = zerolocals)  [0x00007fe3b9010360, 0x00007fe3b90106a0]  832 bytes
R9 =0x00007fe3b0104048 is pointing into the stack for thread: 0x00007fe3bc22d000
R10=0x00007fe3b9012d6c is at code_begin+620 in an Interpreter codelet
method entry point (kind = native)  [0x00007fe3b9012b00, 0x00007fe3b9013360]  2144 bytes
R11=0x00007fe3c2273940: <offset 0x8b5940> in /usr/lib/jvm/java-7-oracle/jre/lib/amd64/server/libjvm.so at 0x00007fe3c19be000
R12=0x0000000000000000 is an unknown value
R13=0x000000077feac4d0 is an oop
{method} 
 - klass: {other class}
R14=0x00007fe3b0103d38 is pointing into the stack for thread: 0x00007fe3bc22d000
R15=0x00007fe3bc22d000 is a thread


Stack: [0x00007fe3b0005000,0x00007fe3b0106000],  sp=0x00007fe3b0103ca8,  free space=1019k
Native frames: (J=compiled Java code, j=interpreted, Vv=VM code, C=native code)
C  [libGAMS.so.6.3.0+0x37ba0]  Java_com_gams_utility_Position_jni_1getX+0x0
j  com.gams.utility.Position.getX()D+5
j  com.gams.utility.Position.equals(Lcom/gams/utility/Position;)Z+1
j  vrepSim.LutraPlatform.move(Lcom/gams/utility/Position;D)I+5
v  ~StubRoutines::call_stub
V  [libjvm.so+0x6020a5]  JavaCalls::call_helper(JavaValue*, methodHandle*, JavaCallArguments*, Thread*)+0x365
V  [libjvm.so+0x600b08]  JavaCalls::call(JavaValue*, methodHandle, JavaCallArguments*, Thread*)+0x28
V  [libjvm.so+0x63b684]  jni_invoke_nonstatic(JNIEnv_*, JavaValue*, _jobject*, JNICallType, _jmethodID*, JNI_ArgumentPusher*, Thread*)+0x2b4
V  [libjvm.so+0x64bd29]  jni_CallIntMethodV+0xe9

Java frames: (J=compiled Java code, j=interpreted, Vv=VM code)
j  com.gams.utility.Position.jni_getX(J)D+0
j  com.gams.utility.Position.getX()D+5
j  com.gams.utility.Position.equals(Lcom/gams/utility/Position;)Z+1
j  vrepSim.LutraPlatform.move(Lcom/gams/utility/Position;D)I+5
v  ~StubRoutines::call_stub
j  com.gams.controllers.BaseController.jni_run(JDD)J+0
j  com.gams.controllers.BaseController.run(DD)J+7
j  vrepSim.LutraGAMS$1.run()V+13
j  java.lang.Thread.run()V+11
v  ~StubRoutines::call_stub

---------------  P R O C E S S  ---------------

Java Threads: ( => current thread )
  0x00007fe348003000 JavaThread "Thread-7" [_thread_in_native, id=15094, stack(0x00007fe3a83d1000,0x00007fe3a8bd2000)]
  0x00007fe354003000 JavaThread "Thread-6" [_thread_in_native, id=15093, stack(0x00007fe3a8bd2000,0x00007fe3a93d3000)]
  0x00007fe350003000 JavaThread "Thread-5" [_thread_in_native, id=15092, stack(0x00007fe3a93d3000,0x00007fe3a9bd4000)]
  0x00007fe35c003000 JavaThread "Thread-4" [_thread_in_native, id=15091, stack(0x00007fe3a9bd4000,0x00007fe3aa3d5000)]
=>0x00007fe3bc22d000 JavaThread "Thread-3" [_thread_in_native, id=15089, stack(0x00007fe3b0005000,0x00007fe3b0106000)]
  0x00007fe360003000 JavaThread "Thread-2" [_thread_in_native, id=15088, stack(0x00007fe3aabd6000,0x00007fe3ab3d7000)]
  0x00007fe36c003000 JavaThread "Thread-1" [_thread_in_native, id=15087, stack(0x00007fe3ab7ff000,0x00007fe3ac000000)]
  0x00007fe368003000 JavaThread "Thread-0" [_thread_in_native, id=15086, stack(0x00007fe3b01fc000,0x00007fe3b09fd000)]
  0x00007fe3bc099000 JavaThread "Service Thread" daemon [_thread_blocked, id=15083, stack(0x00007fe3b2688000,0x00007fe3b2789000)]
  0x00007fe3bc097000 JavaThread "C2 CompilerThread1" daemon [_thread_blocked, id=15082, stack(0x00007fe3b2789000,0x00007fe3b288a000)]
  0x00007fe3bc094000 JavaThread "C2 CompilerThread0" daemon [_thread_blocked, id=15081, stack(0x00007fe3b288a000,0x00007fe3b298b000)]
  0x00007fe3bc091800 JavaThread "Signal Dispatcher" daemon [_thread_blocked, id=15080, stack(0x00007fe3b298b000,0x00007fe3b2a8c000)]
  0x00007fe3bc070800 JavaThread "Finalizer" daemon [_thread_blocked, id=15079, stack(0x00007fe3b316e000,0x00007fe3b326f000)]
  0x00007fe3bc06e800 JavaThread "Reference Handler" daemon [_thread_blocked, id=15078, stack(0x00007fe3b326f000,0x00007fe3b3370000)]
  0x00007fe3bc00a800 JavaThread "main" [_thread_in_Java, id=15072, stack(0x00007fe3c331a000,0x00007fe3c341b000)]

Other Threads:
  0x00007fe3bc06a000 VMThread [stack: 0x00007fe3b3370000,0x00007fe3b3471000] [id=15077]
  0x00007fe3bc0ac000 WatcherThread [stack: 0x00007fe3b2587000,0x00007fe3b2688000] [id=15084]

VM state:not at safepoint (normal execution)

VM Mutex/Monitor currently owned by a thread: None

Heap
 PSYoungGen      total 36864K, used 22812K [0x00000007d6f00000, 0x00000007d9800000, 0x0000000800000000)
  eden space 31744K, 69% used [0x00000007d6f00000,0x00000007d846f0e8,0x00000007d8e00000)
  from space 5120K, 16% used [0x00000007d8e00000,0x00000007d8ed8000,0x00000007d9300000)
  to   space 5120K, 0% used [0x00000007d9300000,0x00000007d9300000,0x00000007d9800000)
 ParOldGen       total 83968K, used 24K [0x0000000784e00000, 0x000000078a000000, 0x00000007d6f00000)
  object space 83968K, 0% used [0x0000000784e00000,0x0000000784e06000,0x000000078a000000)
 PSPermGen       total 21504K, used 5507K [0x000000077fc00000, 0x0000000781100000, 0x0000000784e00000)
  object space 21504K, 25% used [0x000000077fc00000,0x0000000780160ff0,0x0000000781100000)

Card table byte_map: [0x00007fe3c0220000,0x00007fe3c0623000] byte_map_base: 0x00007fe3bc622000

Polling page: 0x00007fe3c3453000

Code Cache  [0x00007fe3b9000000, 0x00007fe3b9270000, 0x00007fe3bc000000)
 total_blobs=506 nmethods=231 adapters=228 free_code_cache=47914Kb largest_free_block=49041728

Compilation events (10 events):
Event: 72.505 Thread 0x00007fe3bc094000 nmethod 236 0x00007fe3b9102e90 code [0x00007fe3b9102fe0, 0x00007fe3b9103058]
Event: 72.506 Thread 0x00007fe3bc097000 nmethod 234 0x00007fe3b9105010 code [0x00007fe3b9105160, 0x00007fe3b9105238]
Event: 74.934 Thread 0x00007fe3bc094000  238             java.util.Formatter$FormatSpecifier::printString (105 bytes)
Event: 74.937 Thread 0x00007fe3bc094000 nmethod 238 0x00007fe3b9125790 code [0x00007fe3b9125920, 0x00007fe3b9125b88]
Event: 75.900 Thread 0x00007fe3bc097000  239             sun.misc.VM::addFinalRefCount (24 bytes)
Event: 75.901 Thread 0x00007fe3bc097000 nmethod 239 0x00007fe3b913acd0 code [0x00007fe3b913ae00, 0x00007fe3b913ae78]
Event: 75.901 Thread 0x00007fe3bc097000  240             com.madara.MadaraJNI::setCPtr (6 bytes)
Event: 75.901 Thread 0x00007fe3bc097000 nmethod 240 0x00007fe3b913aad0 code [0x00007fe3b913ac00, 0x00007fe3b913ac58]
Event: 85.454 Thread 0x00007fe3bc097000  241             java.nio.CharBuffer::array (35 bytes)
Event: 85.455 Thread 0x00007fe3bc097000 nmethod 241 0x00007fe3b913a850 code [0x00007fe3b913a9a0, 0x00007fe3b913aa38]

GC Heap History (6 events):
Event: 19.415 GC heap before
{Heap before GC invocations=1 (full 0):
 PSYoungGen      total 36864K, used 31744K [0x00000007d6f00000, 0x00000007d9800000, 0x0000000800000000)
  eden space 31744K, 100% used [0x00000007d6f00000,0x00000007d8e00000,0x00000007d8e00000)
  from space 5120K, 0% used [0x00000007d9300000,0x00000007d9300000,0x00000007d9800000)
  to   space 5120K, 0% used [0x00000007d8e00000,0x00000007d8e00000,0x00000007d9300000)
 ParOldGen       total 83968K, used 0K [0x0000000784e00000, 0x000000078a000000, 0x00000007d6f00000)
  object space 83968K, 0% used [0x0000000784e00000,0x0000000784e00000,0x000000078a000000)
 PSPermGen       total 21504K, used 5435K [0x000000077fc00000, 0x0000000781100000, 0x0000000784e00000)
  object space 21504K, 25% used [0x000000077fc00000,0x000000078014ed88,0x0000000781100000)
Event: 19.421 GC heap after
Heap after GC invocations=1 (full 0):
 PSYoungGen      total 36864K, used 1642K [0x00000007d6f00000, 0x00000007d9800000, 0x0000000800000000)
  eden space 31744K, 0% used [0x00000007d6f00000,0x00000007d6f00000,0x00000007d8e00000)
  from space 5120K, 32% used [0x00000007d8e00000,0x00000007d8f9a9d0,0x00000007d9300000)
  to   space 5120K, 0% used [0x00000007d9300000,0x00000007d9300000,0x00000007d9800000)
 ParOldGen       total 83968K, used 8K [0x0000000784e00000, 0x000000078a000000, 0x00000007d6f00000)
  object space 83968K, 0% used [0x0000000784e00000,0x0000000784e02000,0x000000078a000000)
 PSPermGen       total 21504K, used 5435K [0x000000077fc00000, 0x0000000781100000, 0x0000000784e00000)
  object space 21504K, 25% used [0x000000077fc00000,0x000000078014ed88,0x0000000781100000)
}
Event: 46.888 GC heap before
{Heap before GC invocations=2 (full 0):
 PSYoungGen      total 36864K, used 33386K [0x00000007d6f00000, 0x00000007d9800000, 0x0000000800000000)
  eden space 31744K, 100% used [0x00000007d6f00000,0x00000007d8e00000,0x00000007d8e00000)
  from space 5120K, 32% used [0x00000007d8e00000,0x00000007d8f9a9d0,0x00000007d9300000)
  to   space 5120K, 0% used [0x00000007d9300000,0x00000007d9300000,0x00000007d9800000)
 ParOldGen       total 83968K, used 8K [0x0000000784e00000, 0x000000078a000000, 0x00000007d6f00000)
  object space 83968K, 0% used [0x0000000784e00000,0x0000000784e02000,0x000000078a000000)
 PSPermGen       total 21504K, used 5472K [0x000000077fc00000, 0x0000000781100000, 0x0000000784e00000)
  object space 21504K, 25% used [0x000000077fc00000,0x0000000780158158,0x0000000781100000)
Event: 46.892 GC heap after
Heap after GC invocations=2 (full 0):
 PSYoungGen      total 36864K, used 864K [0x00000007d6f00000, 0x00000007d9800000, 0x0000000800000000)
  eden space 31744K, 0% used [0x00000007d6f00000,0x00000007d6f00000,0x00000007d8e00000)
  from space 5120K, 16% used [0x00000007d9300000,0x00000007d93d8020,0x00000007d9800000)
  to   space 5120K, 0% used [0x00000007d8e00000,0x00000007d8e00000,0x00000007d9300000)
 ParOldGen       total 83968K, used 16K [0x0000000784e00000, 0x000000078a000000, 0x00000007d6f00000)
  object space 83968K, 0% used [0x0000000784e00000,0x0000000784e04000,0x000000078a000000)
 PSPermGen       total 21504K, used 5472K [0x000000077fc00000, 0x0000000781100000, 0x0000000784e00000)
  object space 21504K, 25% used [0x000000077fc00000,0x0000000780158158,0x0000000781100000)
}
Event: 75.887 GC heap before
{Heap before GC invocations=3 (full 0):
 PSYoungGen      total 36864K, used 32608K [0x00000007d6f00000, 0x00000007d9800000, 0x0000000800000000)
  eden space 31744K, 100% used [0x00000007d6f00000,0x00000007d8e00000,0x00000007d8e00000)
  from space 5120K, 16% used [0x00000007d9300000,0x00000007d93d8020,0x00000007d9800000)
  to   space 5120K, 0% used [0x00000007d8e00000,0x00000007d8e00000,0x00000007d9300000)
 ParOldGen       total 83968K, used 16K [0x0000000784e00000, 0x000000078a000000, 0x00000007d6f00000)
  object space 83968K, 0% used [0x0000000784e00000,0x0000000784e04000,0x000000078a000000)
 PSPermGen       total 21504K, used 5493K [0x000000077fc00000, 0x0000000781100000, 0x0000000784e00000)
  object space 21504K, 25% used [0x000000077fc00000,0x000000078015d6a8,0x0000000781100000)
Event: 75.890 GC heap after
Heap after GC invocations=3 (full 0):
 PSYoungGen      total 36864K, used 864K [0x00000007d6f00000, 0x00000007d9800000, 0x0000000800000000)
  eden space 31744K, 0% used [0x00000007d6f00000,0x00000007d6f00000,0x00000007d8e00000)
  from space 5120K, 16% used [0x00000007d8e00000,0x00000007d8ed8000,0x00000007d9300000)
  to   space 5120K, 0% used [0x00000007d9300000,0x00000007d9300000,0x00000007d9800000)
 ParOldGen       total 83968K, used 24K [0x0000000784e00000, 0x000000078a000000, 0x00000007d6f00000)
  object space 83968K, 0% used [0x0000000784e00000,0x0000000784e06000,0x000000078a000000)
 PSPermGen       total 21504K, used 5493K [0x000000077fc00000, 0x0000000781100000, 0x0000000784e00000)
  object space 21504K, 25% used [0x000000077fc00000,0x000000078015d6a8,0x0000000781100000)
}

Deoptimization events (10 events):
Event: 68.888 Thread 0x00007fe354003000 Uncommon trap: reason=unstable_if action=reinterpret pc=0x00007fe3b9117808 method=sun.misc.FormattedFloatingDecimal.dtoa(IJI)V @ 27
Event: 82.737 Thread 0x00007fe3bc22d000 Uncommon trap: reason=unstable_if action=reinterpret pc=0x00007fe3b908ea40 method=java.lang.String.substring(II)Ljava/lang/String; @ 58
Event: 95.056 Thread 0x00007fe360003000 Uncommon trap: reason=unstable_if action=reinterpret pc=0x00007fe3b90cc794 method=java.util.Formatter$FormatSpecifier.checkNumeric()V @ 5
Event: 95.056 Thread 0x00007fe360003000 Uncommon trap: reason=unstable_if action=reinterpret pc=0x00007fe3b90ff3ac method=java.util.Formatter$FormatSpecifier.print(Ljava/lang/StringBuilder;DLjava/util/Locale;Ljava/util/Formatter$Flags;CIZ)V @ 140
Event: 95.056 Thread 0x00007fe360003000 Uncommon trap: reason=unstable_if action=reinterpret pc=0x00007fe3b9088fb0 method=java.util.Formatter$FormatSpecifier.localizedMagnitude(Ljava/lang/StringBuilder;[CLjava/util/Formatter$Flags;ILjava/util/Locale;)Ljava/lang/StringBuilder; @ 284
Event: 95.057 Thread 0x00007fe360003000 Uncommon trap: reason=unstable_if action=reinterpret pc=0x00007fe3b90e4a1c method=java.util.Formatter$FormatSpecifier.justify(Ljava/lang/String;)Ljava/lang/String; @ 5
Event: 95.057 Thread 0x00007fe360003000 Uncommon trap: reason=unstable_if action=reinterpret pc=0x00007fe3b90ef584 method=java.util.Formatter$FormatSpecifier.justify(Ljava/lang/String;)Ljava/lang/String; @ 5
Event: 95.057 Thread 0x00007fe360003000 Uncommon trap: reason=unstable_if action=reinterpret pc=0x00007fe3b90a17dc method=java.util.Formatter$FormatSpecifier.justify(Ljava/lang/String;)Ljava/lang/String; @ 5
Event: 95.057 Thread 0x00007fe360003000 Uncommon trap: reason=unstable_if action=reinterpret pc=0x00007fe3b90df544 method=sun.misc.FormattedFloatingDecimal.getChars([C)I @ 561
Event: 95.057 Thread 0x00007fe360003000 Uncommon trap: reason=unstable_if action=reinterpret pc=0x00007fe3b909fa3c method=java.util.Formatter$FormatSpecifier.addZeros([CI)[C @ 5

Internal exceptions (10 events):
Event: 0.839 Thread 0x00007fe354003000 Threw 0x00000007d77b2d68 at /HUDSON/workspace/7u-2-build-linux-amd64/jdk7u80/2329/hotspot/src/share/vm/prims/jvm.cpp:1319
Event: 0.854 Thread 0x00007fe360003000 Threw 0x00000007d73f7108 at /HUDSON/workspace/7u-2-build-linux-amd64/jdk7u80/2329/hotspot/src/share/vm/prims/jvm.cpp:1319
Event: 0.855 Thread 0x00007fe360003000 Threw 0x00000007d73fa560 at /HUDSON/workspace/7u-2-build-linux-amd64/jdk7u80/2329/hotspot/src/share/vm/prims/jvm.cpp:1319
Event: 0.857 Thread 0x00007fe360003000 Threw 0x00000007d74012f8 at /HUDSON/workspace/7u-2-build-linux-amd64/jdk7u80/2329/hotspot/src/share/vm/prims/jvm.cpp:1319
Event: 0.857 Thread 0x00007fe360003000 Threw 0x00000007d7406880 at /HUDSON/workspace/7u-2-build-linux-amd64/jdk7u80/2329/hotspot/src/share/vm/prims/jvm.cpp:1319
Event: 0.862 Thread 0x00007fe360003000 Threw 0x00000007d7409208 at /HUDSON/workspace/7u-2-build-linux-amd64/jdk7u80/2329/hotspot/src/share/vm/prims/jvm.cpp:1319
Event: 0.863 Thread 0x00007fe360003000 Threw 0x00000007d740bdb8 at /HUDSON/workspace/7u-2-build-linux-amd64/jdk7u80/2329/hotspot/src/share/vm/prims/jvm.cpp:1319
Event: 0.991 Thread 0x00007fe360003000 Threw 0x00000007d79ce0d8 at /HUDSON/workspace/7u-2-build-linux-amd64/jdk7u80/2329/hotspot/src/share/vm/prims/jvm.cpp:1319
Event: 0.992 Thread 0x00007fe360003000 Threw 0x00000007d79d40e0 at /HUDSON/workspace/7u-2-build-linux-amd64/jdk7u80/2329/hotspot/src/share/vm/prims/jvm.cpp:1319
Event: 82.736 Thread 0x00007fe3bc22d000 Threw 0x00000007d6fde8e8 at /HUDSON/workspace/7u-2-build-linux-amd64/jdk7u80/2329/hotspot/src/share/vm/prims/jvm.cpp:1319

Events (10 events):
Event: 95.057 Thread 0x00007fe360003000 DEOPT UNPACKING pc=0x00007fe3b9039445 sp=0x00007fe3ab3d5268 mode 2
Event: 95.057 Thread 0x00007fe360003000 Uncommon trap: trap_request=0xffffff75 fr.pc=0x00007fe3b90a17dc
Event: 95.057 Thread 0x00007fe360003000 DEOPT PACKING pc=0x00007fe3b90a17dc sp=0x00007fe3ab3d52c0
Event: 95.057 Thread 0x00007fe360003000 DEOPT UNPACKING pc=0x00007fe3b9039445 sp=0x00007fe3ab3d5260 mode 2
Event: 95.057 Thread 0x00007fe360003000 Uncommon trap: trap_request=0xffffff75 fr.pc=0x00007fe3b90df544
Event: 95.057 Thread 0x00007fe360003000 DEOPT PACKING pc=0x00007fe3b90df544 sp=0x00007fe3ab3d51b0
Event: 95.057 Thread 0x00007fe360003000 DEOPT UNPACKING pc=0x00007fe3b9039445 sp=0x00007fe3ab3d5178 mode 2
Event: 95.057 Thread 0x00007fe360003000 Uncommon trap: trap_request=0xffffff75 fr.pc=0x00007fe3b909fa3c
Event: 95.057 Thread 0x00007fe360003000 DEOPT PACKING pc=0x00007fe3b909fa3c sp=0x00007fe3ab3d51b0
Event: 95.057 Thread 0x00007fe360003000 DEOPT UNPACKING pc=0x00007fe3b9039445 sp=0x00007fe3ab3d5170 mode 2


Dynamic libraries:
00400000-00401000 r-xp 00000000 08:02 1365019                            /usr/lib/jvm/java-7-oracle/bin/java
00600000-00601000 rw-p 00000000 08:02 1365019                            /usr/lib/jvm/java-7-oracle/bin/java
014d5000-014f6000 rw-p 00000000 00:00 0                                  [heap]
77fc00000-781100000 rw-p 00000000 00:00 0 
781100000-784e00000 rw-p 00000000 00:00 0 
784e00000-78a000000 rw-p 00000000 00:00 0 
78a000000-7d6f00000 rw-p 00000000 00:00 0 
7d6f00000-7d9800000 rw-p 00000000 00:00 0 
7d9800000-800000000 rw-p 00000000 00:00 0 
7fe348000000-7fe348022000 rw-p 00000000 00:00 0 
7fe348022000-7fe34c000000 ---p 00000000 00:00 0 
7fe350000000-7fe350022000 rw-p 00000000 00:00 0 
7fe350022000-7fe354000000 ---p 00000000 00:00 0 
7fe354000000-7fe354022000 rw-p 00000000 00:00 0 
7fe354022000-7fe358000000 ---p 00000000 00:00 0 
7fe358000000-7fe358021000 rw-p 00000000 00:00 0 
7fe358021000-7fe35c000000 ---p 00000000 00:00 0 
7fe35c000000-7fe35c022000 rw-p 00000000 00:00 0 
7fe35c022000-7fe360000000 ---p 00000000 00:00 0 
7fe360000000-7fe36025a000 rw-p 00000000 00:00 0 
7fe36025a000-7fe364000000 ---p 00000000 00:00 0 
7fe364000000-7fe364286000 rw-p 00000000 00:00 0 
7fe364286000-7fe368000000 ---p 00000000 00:00 0 
7fe368000000-7fe368022000 rw-p 00000000 00:00 0 
7fe368022000-7fe36c000000 ---p 00000000 00:00 0 
7fe36c000000-7fe36c022000 rw-p 00000000 00:00 0 
7fe36c022000-7fe370000000 ---p 00000000 00:00 0 
7fe370000000-7fe370021000 rw-p 00000000 00:00 0 
7fe370021000-7fe374000000 ---p 00000000 00:00 0 
7fe374000000-7fe374021000 rw-p 00000000 00:00 0 
7fe374021000-7fe378000000 ---p 00000000 00:00 0 
7fe378000000-7fe378021000 rw-p 00000000 00:00 0 
7fe378021000-7fe37c000000 ---p 00000000 00:00 0 
7fe380000000-7fe380ccf000 rw-p 00000000 00:00 0 
7fe380ccf000-7fe384000000 ---p 00000000 00:00 0 
7fe384000000-7fe384e8b000 rw-p 00000000 00:00 0 
7fe384e8b000-7fe388000000 ---p 00000000 00:00 0 
7fe388000000-7fe388021000 rw-p 00000000 00:00 0 
7fe388021000-7fe38c000000 ---p 00000000 00:00 0 
7fe38c000000-7fe38c021000 rw-p 00000000 00:00 0 
7fe38c021000-7fe390000000 ---p 00000000 00:00 0 
7fe390000000-7fe390021000 rw-p 00000000 00:00 0 
7fe390021000-7fe394000000 ---p 00000000 00:00 0 
7fe397fe0000-7fe39c000000 rw-p 00000000 00:00 0 
7fe39c000000-7fe39c021000 rw-p 00000000 00:00 0 
7fe39c021000-7fe3a0000000 ---p 00000000 00:00 0 
7fe3a0000000-7fe3a0021000 rw-p 00000000 00:00 0 
7fe3a0021000-7fe3a4000000 ---p 00000000 00:00 0 
7fe3a4000000-7fe3a4021000 rw-p 00000000 00:00 0 
7fe3a4021000-7fe3a8000000 ---p 00000000 00:00 0 
7fe3a83d1000-7fe3a83d4000 ---p 00000000 00:00 0 
7fe3a83d4000-7fe3a8bd2000 rw-p 00000000 00:00 0                          [stack:15094]
7fe3a8bd2000-7fe3a8bd5000 ---p 00000000 00:00 0 
7fe3a8bd5000-7fe3a93d3000 rw-p 00000000 00:00 0                          [stack:15093]
7fe3a93d3000-7fe3a93d6000 ---p 00000000 00:00 0 
7fe3a93d6000-7fe3a9bd4000 rw-p 00000000 00:00 0                          [stack:15092]
7fe3a9bd4000-7fe3a9bd7000 ---p 00000000 00:00 0 
7fe3a9bd7000-7fe3aa3d5000 rw-p 00000000 00:00 0                          [stack:15091]
7fe3aa3d5000-7fe3aa3d6000 ---p 00000000 00:00 0 
7fe3aa3d6000-7fe3aabd6000 rw-p 00000000 00:00 0                          [stack:15090]
7fe3aabd6000-7fe3aabd9000 ---p 00000000 00:00 0 
7fe3aabd9000-7fe3ab3d7000 rw-p 00000000 00:00 0                          [stack:15088]
7fe3ab3d7000-7fe3ab3ee000 r-xp 00000000 08:02 1318420                    /usr/lib/jvm/java-7-oracle/jre/lib/amd64/libnet.so
7fe3ab3ee000-7fe3ab5ed000 ---p 00017000 08:02 1318420                    /usr/lib/jvm/java-7-oracle/jre/lib/amd64/libnet.so
7fe3ab5ed000-7fe3ab5ee000 rw-p 00016000 08:02 1318420                    /usr/lib/jvm/java-7-oracle/jre/lib/amd64/libnet.so
7fe3ab5ee000-7fe3ab5fe000 r-xp 00000000 08:02 1318421                    /usr/lib/jvm/java-7-oracle/jre/lib/amd64/libnio.so
7fe3ab5fe000-7fe3ab7fe000 ---p 00010000 08:02 1318421                    /usr/lib/jvm/java-7-oracle/jre/lib/amd64/libnio.so
7fe3ab7fe000-7fe3ab7ff000 rw-p 00010000 08:02 1318421                    /usr/lib/jvm/java-7-oracle/jre/lib/amd64/libnio.so
7fe3ab7ff000-7fe3ab802000 ---p 00000000 00:00 0 
7fe3ab802000-7fe3ac000000 rw-p 00000000 00:00 0                          [stack:15087]
7fe3ac000000-7fe3ac021000 rw-p 00000000 00:00 0 
7fe3ac021000-7fe3b0000000 ---p 00000000 00:00 0 
7fe3b0005000-7fe3b0008000 ---p 00000000 00:00 0 
7fe3b0008000-7fe3b01fc000 rw-p 00000000 00:00 0                          [stack:15089]
7fe3b01fc000-7fe3b01ff000 ---p 00000000 00:00 0 
7fe3b01ff000-7fe3b0af3000 rw-p 00000000 00:00 0                          [stack:15086]
7fe3b0af3000-7fe3b0af4000 ---p 00000000 00:00 0 
7fe3b0af4000-7fe3b12f4000 rw-p 00000000 00:00 0                          [stack:15085]
7fe3b12f4000-7fe3b13be000 r-xp 00000000 08:02 1859401                    /home/jazen/gams/libGAMS.so.6.3.0
7fe3b13be000-7fe3b15be000 ---p 000ca000 08:02 1859401                    /home/jazen/gams/libGAMS.so.6.3.0
7fe3b15be000-7fe3b15c1000 r--p 000ca000 08:02 1859401                    /home/jazen/gams/libGAMS.so.6.3.0
7fe3b15c1000-7fe3b15c3000 rw-p 000cd000 08:02 1859401                    /home/jazen/gams/libGAMS.so.6.3.0
7fe3b15c3000-7fe3b17b0000 r-xp 00000000 08:02 1859117                    /home/jazen/madara/libMADARA.so.6.3.0
7fe3b17b0000-7fe3b19af000 ---p 001ed000 08:02 1859117                    /home/jazen/madara/libMADARA.so.6.3.0
7fe3b19af000-7fe3b19b6000 r--p 001ec000 08:02 1859117                    /home/jazen/madara/libMADARA.so.6.3.0
7fe3b19b6000-7fe3b19b9000 rw-p 001f3000 08:02 1859117                    /home/jazen/madara/libMADARA.so.6.3.0
7fe3b19b9000-7fe3b1b48000 r-xp 00000000 08:02 1705810                    /home/jazen/ace/ACE_wrappers/ace/libACE.so.6.3.0
7fe3b1b48000-7fe3b1d47000 ---p 0018f000 08:02 1705810                    /home/jazen/ace/ACE_wrappers/ace/libACE.so.6.3.0
7fe3b1d47000-7fe3b1d5a000 r--p 0018e000 08:02 1705810                    /home/jazen/ace/ACE_wrappers/ace/libACE.so.6.3.0
7fe3b1d5a000-7fe3b1d5e000 rw-p 001a1000 08:02 1705810                    /home/jazen/ace/ACE_wrappers/ace/libACE.so.6.3.0
7fe3b1d5e000-7fe3b1d60000 rw-p 00000000 00:00 0 
7fe3b1d60000-7fe3b1d76000 r-xp 00000000 08:02 5004209                    /lib/x86_64-linux-gnu/libgcc_s.so.1
7fe3b1d76000-7fe3b1f75000 ---p 00016000 08:02 5004209                    /lib/x86_64-linux-gnu/libgcc_s.so.1
7fe3b1f75000-7fe3b1f76000 r--p 00015000 08:02 5004209                    /lib/x86_64-linux-gnu/libgcc_s.so.1
7fe3b1f76000-7fe3b1f77000 rw-p 00016000 08:02 5004209                    /lib/x86_64-linux-gnu/libgcc_s.so.1
7fe3b1f77000-7fe3b20e4000 r-xp 00000000 08:02 1246485                    /usr/lib/x86_64-linux-gnu/libstdc++.so.6.0.21
7fe3b20e4000-7fe3b22e3000 ---p 0016d000 08:02 1246485                    /usr/lib/x86_64-linux-gnu/libstdc++.so.6.0.21
7fe3b22e3000-7fe3b22ed000 r--p 0016c000 08:02 1246485                    /usr/lib/x86_64-linux-gnu/libstdc++.so.6.0.21
7fe3b22ed000-7fe3b22ef000 rw-p 00176000 08:02 1246485                    /usr/lib/x86_64-linux-gnu/libstdc++.so.6.0.21
7fe3b22ef000-7fe3b22f3000 rw-p 00000000 00:00 0 
7fe3b2328000-7fe3b2347000 r-xp 00000000 08:02 1788256                    /home/jazen/v_rep/programming/remoteApiBindings/java/lib/64Bit/libremoteApiJava.so
7fe3b2347000-7fe3b2547000 ---p 0001f000 08:02 1788256                    /home/jazen/v_rep/programming/remoteApiBindings/java/lib/64Bit/libremoteApiJava.so
7fe3b2547000-7fe3b2548000 r--p 0001f000 08:02 1788256                    /home/jazen/v_rep/programming/remoteApiBindings/java/lib/64Bit/libremoteApiJava.so
7fe3b2548000-7fe3b2549000 rw-p 00020000 08:02 1788256                    /home/jazen/v_rep/programming/remoteApiBindings/java/lib/64Bit/libremoteApiJava.so
7fe3b2549000-7fe3b255e000 rw-p 00000000 00:00 0 
7fe3b255e000-7fe3b2587000 r--s 001da000 08:02 4244827                    /home/jazen/Documents/Research/Platypus_Software/MyForks/VREP-Boat-Simulator/VrepSimulation/lib/crwlib_core.jar
7fe3b2587000-7fe3b2588000 ---p 00000000 00:00 0 
7fe3b2588000-7fe3b2688000 rw-p 00000000 00:00 0                          [stack:15084]
7fe3b2688000-7fe3b268b000 ---p 00000000 00:00 0 
7fe3b268b000-7fe3b2789000 rw-p 00000000 00:00 0                          [stack:15083]
7fe3b2789000-7fe3b278c000 ---p 00000000 00:00 0 
7fe3b278c000-7fe3b288a000 rw-p 00000000 00:00 0                          [stack:15082]
7fe3b288a000-7fe3b288d000 ---p 00000000 00:00 0 
7fe3b288d000-7fe3b298b000 rw-p 00000000 00:00 0                          [stack:15081]
7fe3b298b000-7fe3b298e000 ---p 00000000 00:00 0 
7fe3b298e000-7fe3b2a8c000 rw-p 00000000 00:00 0                          [stack:15080]
7fe3b2a8c000-7fe3b316e000 r--p 00000000 08:02 1186808                    /usr/lib/locale/locale-archive
7fe3b316e000-7fe3b3171000 ---p 00000000 00:00 0 
7fe3b3171000-7fe3b326f000 rw-p 00000000 00:00 0                          [stack:15079]
7fe3b326f000-7fe3b3272000 ---p 00000000 00:00 0 
7fe3b3272000-7fe3b3370000 rw-p 00000000 00:00 0                          [stack:15078]
7fe3b3370000-7fe3b3371000 ---p 00000000 00:00 0 
7fe3b3371000-7fe3b4000000 rw-p 00000000 00:00 0                          [stack:15077]
7fe3b4000000-7fe3b4021000 rw-p 00000000 00:00 0 
7fe3b4021000-7fe3b8000000 ---p 00000000 00:00 0 
7fe3b8006000-7fe3b8019000 r--s 000df000 08:02 4244826                    /home/jazen/Documents/Research/Platypus_Software/MyForks/VREP-Boat-Simulator/VrepSimulation/lib/commons-math-2.2.jar
7fe3b8019000-7fe3b8489000 rw-p 00000000 00:00 0 
7fe3b8489000-7fe3b8649000 r--s 039fb000 08:02 1360694                    /usr/lib/jvm/java-7-oracle/jre/lib/rt.jar
7fe3b8649000-7fe3b8b6d000 rw-p 00000000 00:00 0 
7fe3b8b6d000-7fe3b8b6e000 ---p 00000000 00:00 0 
7fe3b8b6e000-7fe3b8c6e000 rw-p 00000000 00:00 0                          [stack:15076]
7fe3b8c6e000-7fe3b8c6f000 ---p 00000000 00:00 0 
7fe3b8c6f000-7fe3b8d98000 rw-p 00000000 00:00 0                          [stack:15075]
7fe3b8d98000-7fe3b9000000 rw-p 00000000 00:00 0 
7fe3b9000000-7fe3b9270000 rwxp 00000000 00:00 0 
7fe3b9270000-7fe3bc233000 rw-p 00000000 00:00 0 
7fe3bc233000-7fe3c0000000 ---p 00000000 00:00 0 
7fe3c000b000-7fe3c001a000 r--s 00098000 08:02 4244888                    /home/jazen/Documents/Research/Platypus_Software/MyForks/VREP-Boat-Simulator/VrepSimulation/lib/jscience-4.3.jar
7fe3c001a000-7fe3c001e000 r--s 0003c000 08:02 4244883                    /home/jazen/Documents/Research/Platypus_Software/MyForks/VREP-Boat-Simulator/VrepSimulation/lib/madara.jar
7fe3c001e000-7fe3c001f000 ---p 00000000 00:00 0 
7fe3c001f000-7fe3c011f000 rw-p 00000000 00:00 0                          [stack:15074]
7fe3c011f000-7fe3c0120000 ---p 00000000 00:00 0 
7fe3c0120000-7fe3c022b000 rw-p 00000000 00:00 0                          [stack:15073]
7fe3c022b000-7fe3c0249000 rw-p 00000000 00:00 0 
7fe3c0249000-7fe3c0272000 rw-p 00000000 00:00 0 
7fe3c0272000-7fe3c04d9000 rw-p 00000000 00:00 0 
7fe3c04d9000-7fe3c04ee000 rw-p 00000000 00:00 0 
7fe3c04ee000-7fe3c0622000 rw-p 00000000 00:00 0 
7fe3c0622000-7fe3c0623000 rw-p 00000000 00:00 0 
7fe3c0623000-7fe3c063a000 r-xp 00000000 08:02 1318427                    /usr/lib/jvm/java-7-oracle/jre/lib/amd64/libzip.so
7fe3c063a000-7fe3c083a000 ---p 00017000 08:02 1318427                    /usr/lib/jvm/java-7-oracle/jre/lib/amd64/libzip.so
7fe3c083a000-7fe3c083b000 rw-p 00017000 08:02 1318427                    /usr/lib/jvm/java-7-oracle/jre/lib/amd64/libzip.so
7fe3c083b000-7fe3c0846000 r-xp 00000000 08:02 4980826                    /lib/x86_64-linux-gnu/libnss_files-2.19.so
7fe3c0846000-7fe3c0a45000 ---p 0000b000 08:02 4980826                    /lib/x86_64-linux-gnu/libnss_files-2.19.so
7fe3c0a45000-7fe3c0a46000 r--p 0000a000 08:02 4980826                    /lib/x86_64-linux-gnu/libnss_files-2.19.so
7fe3c0a46000-7fe3c0a47000 rw-p 0000b000 08:02 4980826                    /lib/x86_64-linux-gnu/libnss_files-2.19.so
7fe3c0a47000-7fe3c0a52000 r-xp 00000000 08:02 4987156                    /lib/x86_64-linux-gnu/libnss_nis-2.19.so
7fe3c0a52000-7fe3c0c51000 ---p 0000b000 08:02 4987156                    /lib/x86_64-linux-gnu/libnss_nis-2.19.so
7fe3c0c51000-7fe3c0c52000 r--p 0000a000 08:02 4987156                    /lib/x86_64-linux-gnu/libnss_nis-2.19.so
7fe3c0c52000-7fe3c0c53000 rw-p 0000b000 08:02 4987156                    /lib/x86_64-linux-gnu/libnss_nis-2.19.so
7fe3c0c53000-7fe3c0c6a000 r-xp 00000000 08:02 4980835                    /lib/x86_64-linux-gnu/libnsl-2.19.so
7fe3c0c6a000-7fe3c0e69000 ---p 00017000 08:02 4980835                    /lib/x86_64-linux-gnu/libnsl-2.19.so
7fe3c0e69000-7fe3c0e6a000 r--p 00016000 08:02 4980835                    /lib/x86_64-linux-gnu/libnsl-2.19.so
7fe3c0e6a000-7fe3c0e6b000 rw-p 00017000 08:02 4980835                    /lib/x86_64-linux-gnu/libnsl-2.19.so
7fe3c0e6b000-7fe3c0e6d000 rw-p 00000000 00:00 0 
7fe3c0e6d000-7fe3c0e76000 r-xp 00000000 08:02 4980834                    /lib/x86_64-linux-gnu/libnss_compat-2.19.so
7fe3c0e76000-7fe3c1075000 ---p 00009000 08:02 4980834                    /lib/x86_64-linux-gnu/libnss_compat-2.19.so
7fe3c1075000-7fe3c1076000 r--p 00008000 08:02 4980834                    /lib/x86_64-linux-gnu/libnss_compat-2.19.so
7fe3c1076000-7fe3c1077000 rw-p 00009000 08:02 4980834                    /lib/x86_64-linux-gnu/libnss_compat-2.19.so
7fe3c1077000-7fe3c10a0000 r-xp 00000000 08:02 1318400                    /usr/lib/jvm/java-7-oracle/jre/lib/amd64/libjava.so
7fe3c10a0000-7fe3c12a0000 ---p 00029000 08:02 1318400                    /usr/lib/jvm/java-7-oracle/jre/lib/amd64/libjava.so
7fe3c12a0000-7fe3c12a2000 rw-p 00029000 08:02 1318400                    /usr/lib/jvm/java-7-oracle/jre/lib/amd64/libjava.so
7fe3c12a2000-7fe3c12af000 r-xp 00000000 08:02 1318438                    /usr/lib/jvm/java-7-oracle/jre/lib/amd64/libverify.so
7fe3c12af000-7fe3c14ae000 ---p 0000d000 08:02 1318438                    /usr/lib/jvm/java-7-oracle/jre/lib/amd64/libverify.so
7fe3c14ae000-7fe3c14b0000 rw-p 0000c000 08:02 1318438                    /usr/lib/jvm/java-7-oracle/jre/lib/amd64/libverify.so
7fe3c14b0000-7fe3c14b7000 r-xp 00000000 08:02 4984752                    /lib/x86_64-linux-gnu/librt-2.19.so
7fe3c14b7000-7fe3c16b6000 ---p 00007000 08:02 4984752                    /lib/x86_64-linux-gnu/librt-2.19.so
7fe3c16b6000-7fe3c16b7000 r--p 00006000 08:02 4984752                    /lib/x86_64-linux-gnu/librt-2.19.so
7fe3c16b7000-7fe3c16b8000 rw-p 00007000 08:02 4984752                    /lib/x86_64-linux-gnu/librt-2.19.so
7fe3c16b8000-7fe3c17bd000 r-xp 00000000 08:02 4980825                    /lib/x86_64-linux-gnu/libm-2.19.so
7fe3c17bd000-7fe3c19bc000 ---p 00105000 08:02 4980825                    /lib/x86_64-linux-gnu/libm-2.19.so
7fe3c19bc000-7fe3c19bd000 r--p 00104000 08:02 4980825                    /lib/x86_64-linux-gnu/libm-2.19.so
7fe3c19bd000-7fe3c19be000 rw-p 00105000 08:02 4980825                    /lib/x86_64-linux-gnu/libm-2.19.so
7fe3c19be000-7fe3c2534000 r-xp 00000000 08:02 1318388                    /usr/lib/jvm/java-7-oracle/jre/lib/amd64/server/libjvm.so
7fe3c2534000-7fe3c2733000 ---p 00b76000 08:02 1318388                    /usr/lib/jvm/java-7-oracle/jre/lib/amd64/server/libjvm.so
7fe3c2733000-7fe3c27f7000 rw-p 00b75000 08:02 1318388                    /usr/lib/jvm/java-7-oracle/jre/lib/amd64/server/libjvm.so
7fe3c27f7000-7fe3c2838000 rw-p 00000000 00:00 0 
7fe3c2838000-7fe3c29f3000 r-xp 00000000 08:02 4980840                    /lib/x86_64-linux-gnu/libc-2.19.so
7fe3c29f3000-7fe3c2bf2000 ---p 001bb000 08:02 4980840                    /lib/x86_64-linux-gnu/libc-2.19.so
7fe3c2bf2000-7fe3c2bf6000 r--p 001ba000 08:02 4980840                    /lib/x86_64-linux-gnu/libc-2.19.so
7fe3c2bf6000-7fe3c2bf8000 rw-p 001be000 08:02 4980840                    /lib/x86_64-linux-gnu/libc-2.19.so
7fe3c2bf8000-7fe3c2bfd000 rw-p 00000000 00:00 0 
7fe3c2bfd000-7fe3c2c00000 r-xp 00000000 08:02 4980829                    /lib/x86_64-linux-gnu/libdl-2.19.so
7fe3c2c00000-7fe3c2dff000 ---p 00003000 08:02 4980829                    /lib/x86_64-linux-gnu/libdl-2.19.so
7fe3c2dff000-7fe3c2e00000 r--p 00002000 08:02 4980829                    /lib/x86_64-linux-gnu/libdl-2.19.so
7fe3c2e00000-7fe3c2e01000 rw-p 00003000 08:02 4980829                    /lib/x86_64-linux-gnu/libdl-2.19.so
7fe3c2e01000-7fe3c2e16000 r-xp 00000000 08:02 1364427                    /usr/lib/jvm/java-7-oracle/lib/amd64/jli/libjli.so
7fe3c2e16000-7fe3c3015000 ---p 00015000 08:02 1364427                    /usr/lib/jvm/java-7-oracle/lib/amd64/jli/libjli.so
7fe3c3015000-7fe3c3016000 rw-p 00014000 08:02 1364427                    /usr/lib/jvm/java-7-oracle/lib/amd64/jli/libjli.so
7fe3c3016000-7fe3c302f000 r-xp 00000000 08:02 4984658                    /lib/x86_64-linux-gnu/libpthread-2.19.so
7fe3c302f000-7fe3c322e000 ---p 00019000 08:02 4984658                    /lib/x86_64-linux-gnu/libpthread-2.19.so
7fe3c322e000-7fe3c322f000 r--p 00018000 08:02 4984658                    /lib/x86_64-linux-gnu/libpthread-2.19.so
7fe3c322f000-7fe3c3230000 rw-p 00019000 08:02 4984658                    /lib/x86_64-linux-gnu/libpthread-2.19.so
7fe3c3230000-7fe3c3234000 rw-p 00000000 00:00 0 
7fe3c3234000-7fe3c3257000 r-xp 00000000 08:02 4980837                    /lib/x86_64-linux-gnu/ld-2.19.so
7fe3c3257000-7fe3c325a000 r--s 0001f000 08:02 4244884                    /home/jazen/Documents/Research/Platypus_Software/MyForks/VREP-Boat-Simulator/VrepSimulation/lib/gams.jar
7fe3c325a000-7fe3c3264000 rw-p 00000000 00:00 0 
7fe3c3264000-7fe3c331a000 rw-p 00000000 00:00 0 
7fe3c331a000-7fe3c331d000 ---p 00000000 00:00 0 
7fe3c331d000-7fe3c3420000 rw-p 00000000 00:00 0                          [stack:15072]
7fe3c3420000-7fe3c3421000 r--s 00008000 08:02 4244887                    /home/jazen/Documents/Research/Platypus_Software/MyForks/VREP-Boat-Simulator/VrepSimulation/lib/Jama-1.0.3.jar
7fe3c3421000-7fe3c342c000 rw-p 00000000 00:00 0 
7fe3c342c000-7fe3c344a000 rw-p 00000000 00:00 0 
7fe3c344a000-7fe3c3452000 rw-s 00000000 08:02 5129610                    /tmp/hsperfdata_jazen/15068
7fe3c3452000-7fe3c3453000 rw-p 00000000 00:00 0 
7fe3c3453000-7fe3c3454000 r--p 00000000 00:00 0 
7fe3c3454000-7fe3c3456000 rw-p 00000000 00:00 0 
7fe3c3456000-7fe3c3457000 r--p 00022000 08:02 4980837                    /lib/x86_64-linux-gnu/ld-2.19.so
7fe3c3457000-7fe3c3458000 rw-p 00023000 08:02 4980837                    /lib/x86_64-linux-gnu/ld-2.19.so
7fe3c3458000-7fe3c3459000 rw-p 00000000 00:00 0 
7ffca8046000-7ffca8068000 rw-p 00000000 00:00 0                          [stack]
7ffca81b0000-7ffca81b2000 r-xp 00000000 00:00 0                          [vdso]
ffffffffff600000-ffffffffff601000 r-xp 00000000 00:00 0                  [vsyscall]

VM Arguments:
jvm_args: -Dfile.encoding=UTF-8 -Djava.library.path=/home/jazen/v_rep/programming/remoteApiBindings/java/lib/64Bit:/home/jazen/ace/ACE_wrappers/ace:/home/jazen/madara:/home/jazen/gams:/home/jazen/gams/lib
 
java_command: vrepSim.vrepSimMain
Launcher Type: SUN_STANDARD

Environment Variables:
JAVA_HOME=/usr/lib/jvm/java-7-oracle
PATH=/home/jazen/ace/ACE_wrappers/bin:/home/jazen/bin:/opt/ros/indigo/bin:/home/jazen/bin:/usr/local/sbin:/usr/local/bin:/usr/sbin:/usr/bin:/sbin:/bin:/usr/games:/usr/local/games
LD_LIBRARY_PATH=/usr/lib/jvm/java-8-oracle/jre/lib/amd64:/usr/lib/jvm/java-8-oracle/jre/lib/i386:/home/jazen/ace/ACE_wrappers/lib:/home/jazen/madara/lib:/home/jazen/gams/lib:/opt/ros/indigo/lib:/opt/ros/indigo/lib/x86_64-linux-gnu
SHELL=/bin/bash
DISPLAY=:0

Signal Handlers:
SIGSEGV: [libjvm.so+0x9a3b20], sa_mask[0]=0x7ffbfeff, sa_flags=0x10000004
SIGBUS: [libjvm.so+0x9a3b20], sa_mask[0]=0x7ffbfeff, sa_flags=0x10000004
SIGFPE: [libjvm.so+0x81e740], sa_mask[0]=0x7ffbfeff, sa_flags=0x10000004
SIGPIPE: [libjvm.so+0x81e740], sa_mask[0]=0x7ffbfeff, sa_flags=0x10000004
SIGXFSZ: [libjvm.so+0x81e740], sa_mask[0]=0x7ffbfeff, sa_flags=0x10000004
SIGILL: [libjvm.so+0x81e740], sa_mask[0]=0x7ffbfeff, sa_flags=0x10000004
SIGUSR1: SIG_DFL, sa_mask[0]=0x00000000, sa_flags=0x00000000
SIGUSR2: [libjvm.so+0x81ffb0], sa_mask[0]=0x00000004, sa_flags=0x10000004
SIGHUP: [libjvm.so+0x8210d0], sa_mask[0]=0x7ffbfeff, sa_flags=0x10000004
SIGINT: SIG_IGN, sa_mask[0]=0x00000000, sa_flags=0x00000000
SIGTERM: [libjvm.so+0x8210d0], sa_mask[0]=0x7ffbfeff, sa_flags=0x10000004
SIGQUIT: [libjvm.so+0x8210d0], sa_mask[0]=0x7ffbfeff, sa_flags=0x10000004


---------------  S Y S T E M  ---------------

OS:jessie/sid

uname:Linux 3.13.0-61-generic #100-Ubuntu SMP Wed Jul 29 11:21:34 UTC 2015 x86_64
libc:glibc 2.19 NPTL 2.19 
rlimit: STACK 8192k, CORE 0k, NPROC 61293, NOFILE 4096, AS infinity
load average:3.51 2.07 1.84

/proc/meminfo:
MemTotal:        8063704 kB
MemFree:          325784 kB
Buffers:          221076 kB
Cached:          2312672 kB
SwapCached:           16 kB
Active:          5094668 kB
Inactive:        2024488 kB
Active(anon):    4403804 kB
Inactive(anon):  1408928 kB
Active(file):     690864 kB
Inactive(file):   615560 kB
Unevictable:         104 kB
Mlocked:             104 kB
SwapTotal:       8274940 kB
SwapFree:        8264000 kB
Dirty:              6620 kB
Writeback:             0 kB
AnonPages:       4585552 kB
Mapped:           960352 kB
Shmem:           1227324 kB
Slab:             465732 kB
SReclaimable:     419508 kB
SUnreclaim:        46224 kB
KernelStack:        5648 kB
PageTables:        53900 kB
NFS_Unstable:          0 kB
Bounce:                0 kB
WritebackTmp:          0 kB
CommitLimit:    12306792 kB
Committed_AS:   11712436 kB
VmallocTotal:   34359738367 kB
VmallocUsed:      367664 kB
VmallocChunk:   34359284192 kB
HardwareCorrupted:     0 kB
AnonHugePages:   1880064 kB
HugePages_Total:       0
HugePages_Free:        0
HugePages_Rsvd:        0
HugePages_Surp:        0
Hugepagesize:       2048 kB
DirectMap4k:      136752 kB
DirectMap2M:     8138752 kB
DirectMap1G:           0 kB


CPU:total 4 (2 cores per cpu, 2 threads per core) family 6 model 69 stepping 1, cmov, cx8, fxsr, mmx, sse, sse2, sse3, ssse3, sse4.1, sse4.2, popcnt, avx, avx2, aes, erms, ht, tsc, tscinvbit

/proc/cpuinfo:
processor	: 0
vendor_id	: GenuineIntel
cpu family	: 6
model		: 69
model name	: Intel(R) Core(TM) i5-4210U CPU @ 1.70GHz
stepping	: 1
microcode	: 0x17
cpu MHz		: 1700.000
cache size	: 3072 KB
physical id	: 0
siblings	: 4
core id		: 0
cpu cores	: 2
apicid		: 0
initial apicid	: 0
fpu		: yes
fpu_exception	: yes
cpuid level	: 13
wp		: yes
flags		: fpu vme de pse tsc msr pae mce cx8 apic sep mtrr pge mca cmov pat pse36 clflush dts acpi mmx fxsr sse sse2 ss ht tm pbe syscall nx pdpe1gb rdtscp lm constant_tsc arch_perfmon pebs bts rep_good nopl xtopology nonstop_tsc aperfmperf eagerfpu pni pclmulqdq dtes64 monitor ds_cpl vmx est tm2 ssse3 fma cx16 xtpr pdcm pcid sse4_1 sse4_2 movbe popcnt tsc_deadline_timer aes xsave avx f16c rdrand lahf_lm abm ida arat epb xsaveopt pln pts dtherm tpr_shadow vnmi flexpriority ept vpid fsgsbase tsc_adjust bmi1 avx2 smep bmi2 erms invpcid
bogomips	: 4789.14
clflush size	: 64
cache_alignment	: 64
address sizes	: 39 bits physical, 48 bits virtual
power management:

processor	: 1
vendor_id	: GenuineIntel
cpu family	: 6
model		: 69
model name	: Intel(R) Core(TM) i5-4210U CPU @ 1.70GHz
stepping	: 1
microcode	: 0x17
cpu MHz		: 1700.000
cache size	: 3072 KB
physical id	: 0
siblings	: 4
core id		: 1
cpu cores	: 2
apicid		: 2
initial apicid	: 2
fpu		: yes
fpu_exception	: yes
cpuid level	: 13
wp		: yes
flags		: fpu vme de pse tsc msr pae mce cx8 apic sep mtrr pge mca cmov pat pse36 clflush dts acpi mmx fxsr sse sse2 ss ht tm pbe syscall nx pdpe1gb rdtscp lm constant_tsc arch_perfmon pebs bts rep_good nopl xtopology nonstop_tsc aperfmperf eagerfpu pni pclmulqdq dtes64 monitor ds_cpl vmx est tm2 ssse3 fma cx16 xtpr pdcm pcid sse4_1 sse4_2 movbe popcnt tsc_deadline_timer aes xsave avx f16c rdrand lahf_lm abm ida arat epb xsaveopt pln pts dtherm tpr_shadow vnmi flexpriority ept vpid fsgsbase tsc_adjust bmi1 avx2 smep bmi2 erms invpcid
bogomips	: 4789.14
clflush size	: 64
cache_alignment	: 64
address sizes	: 39 bits physical, 48 bits virtual
power management:

processor	: 2
vendor_id	: GenuineIntel
cpu family	: 6
model		: 69
model name	: Intel(R) Core(TM) i5-4210U CPU @ 1.70GHz
stepping	: 1
microcode	: 0x17
cpu MHz		: 1700.000
cache size	: 3072 KB
physical id	: 0
siblings	: 4
core id		: 0
cpu cores	: 2
apicid		: 1
initial apicid	: 1
fpu		: yes
fpu_exception	: yes
cpuid level	: 13
wp		: yes
flags		: fpu vme de pse tsc msr pae mce cx8 apic sep mtrr pge mca cmov pat pse36 clflush dts acpi mmx fxsr sse sse2 ss ht tm pbe syscall nx pdpe1gb rdtscp lm constant_tsc arch_perfmon pebs bts rep_good nopl xtopology nonstop_tsc aperfmperf eagerfpu pni pclmulqdq dtes64 monitor ds_cpl vmx est tm2 ssse3 fma cx16 xtpr pdcm pcid sse4_1 sse4_2 movbe popcnt tsc_deadline_timer aes xsave avx f16c rdrand lahf_lm abm ida arat epb xsaveopt pln pts dtherm tpr_shadow vnmi flexpriority ept vpid fsgsbase tsc_adjust bmi1 avx2 smep bmi2 erms invpcid
bogomips	: 4789.14
clflush size	: 64
cache_alignment	: 64
address sizes	: 39 bits physical, 48 bits virtual
power management:

processor	: 3
vendor_id	: GenuineIntel
cpu family	: 6
model		: 69
model name	: Intel(R) Core(TM) i5-4210U CPU @ 1.70GHz
stepping	: 1
microcode	: 0x17
cpu MHz		: 1700.000
cache size	: 3072 KB
physical id	: 0
siblings	: 4
core id		: 1
cpu cores	: 2
apicid		: 3
initial apicid	: 3
fpu		: yes
fpu_exception	: yes
cpuid level	: 13
wp		: yes
flags		: fpu vme de pse tsc msr pae mce cx8 apic sep mtrr pge mca cmov pat pse36 clflush dts acpi mmx fxsr sse sse2 ss ht tm pbe syscall nx pdpe1gb rdtscp lm constant_tsc arch_perfmon pebs bts rep_good nopl xtopology nonstop_tsc aperfmperf eagerfpu pni pclmulqdq dtes64 monitor ds_cpl vmx est tm2 ssse3 fma cx16 xtpr pdcm pcid sse4_1 sse4_2 movbe popcnt tsc_deadline_timer aes xsave avx f16c rdrand lahf_lm abm ida arat epb xsaveopt pln pts dtherm tpr_shadow vnmi flexpriority ept vpid fsgsbase tsc_adjust bmi1 avx2 smep bmi2 erms invpcid
bogomips	: 4789.14
clflush size	: 64
cache_alignment	: 64
address sizes	: 39 bits physical, 48 bits virtual
power management:



Memory: 4k page, physical 8063704k(325784k free), swap 8274940k(8264000k free)

vm_info: Java HotSpot(TM) 64-Bit Server VM (24.80-b11) for linux-amd64 JRE (1.7.0_80-b15), built on Apr 10 2015 19:53:14 by "java_re" with gcc 4.3.0 20080428 (Red Hat 4.3.0-8)

time: Tue Aug 18 18:48:33 2015
elapsed time: 95 seconds

