#
# A fatal error has been detected by the Java Runtime Environment:
#
#  SIGSEGV (0xb) at pc=0x00007feac2e02ba0, pid=4019, tid=140646229378816
#
# JRE version: Java(TM) SE Runtime Environment (7.0_80-b15) (build 1.7.0_80-b15)
# Java VM: Java HotSpot(TM) 64-Bit Server VM (24.80-b11 mixed mode linux-amd64 compressed oops)
# Problematic frame:
# C  [libGAMS.so.6.3.0+0x37ba0]  Java_com_gams_utility_Position_jni_1getX+0x0
#
# Failed to write core dump. Core dumps have been disabled. To enable core dumping, try "ulimit -c unlimited" before starting Java again
#
# If you would like to submit a bug report, please visit:
#   http://bugreport.java.com/bugreport/crash.jsp
# The crash happened outside the Java Virtual Machine in native code.
# See problematic frame for where to report the bug.
#

---------------  T H R E A D  ---------------

Current thread (0x00007feacc215000):  JavaThread "Thread-3" [_thread_in_native, id=4040, stack(0x00007feac07a8000,0x00007feac08a9000)]

siginfo:si_signo=SIGSEGV: si_errno=0, si_code=1 (SEGV_MAPERR), si_addr=0x0000000000000008

Registers:
RAX=0x00007feac2e02ba0, RBX=0x000000077feac4d0, RCX=0x0000000000000021, RDX=0x0000000000000000
RSP=0x00007feac08a6928, RBP=0x00007feac08a6988, RSI=0x00007feac08a69b8, RDI=0x00007feacc2151e8
R8 =0x00007feac9010360, R9 =0x00007feac08a6cc8, R10=0x00007feac9012d6c, R11=0x00007fead3e69940
R12=0x0000000000000000, R13=0x000000077feac4d0, R14=0x00007feac08a69b8, R15=0x00007feacc215000
RIP=0x00007feac2e02ba0, EFLAGS=0x0000000000010287, CSGSFS=0x0000000000000033, ERR=0x0000000000000004
  TRAPNO=0x000000000000000e

Top of Stack: (sp=0x00007feac08a6928)
0x00007feac08a6928:   00007feac9012d98 00007feac08a6a08
0x00007feac08a6938:   00007feac3adbf18 000000077feac260
0x00007feac08a6948:   00007feac08a6948 0000000000000000
0x00007feac08a6958:   00007feac08a69b8 000000077feaf418
0x00007feac08a6968:   0000000000000000 000000077feac4d0
0x00007feac08a6978:   0000000000000000 00007feac08a69a8
0x00007feac08a6988:   00007feac08a6a00 00007feac90060b7
0x00007feac08a6998:   0000000000000000 00007feac900ecda
0x00007feac08a69a8:   0000000000000000 00000007d70cd620
0x00007feac08a69b8:   00000007d70cd620 00007feac08a69c0
0x00007feac08a69c8:   000000077fead05d 00007feac08a6a10
0x00007feac08a69d8:   000000077feaf418 0000000000000000
0x00007feac08a69e8:   000000077fead068 00007feac08a69a8
0x00007feac08a69f8:   00007feac08a6a10 00007feac08a6a58
0x00007feac08a6a08:   00007feac90060b7 00000007d70cd620
0x00007feac08a6a18:   00007feac08a6a18 000000077feacd59
0x00007feac08a6a28:   00007feac08a6a70 000000077feaf418
0x00007feac08a6a38:   0000000000000000 000000077feacd88
0x00007feac08a6a48:   00007feac08a6a10 00007feac08a6a68
0x00007feac08a6a58:   00007feac08a6ab8 00007feac9006350
0x00007feac08a6a68:   00000007d70cef80 00000007d70cd620
0x00007feac08a6a78:   00007feac08a6a78 000000077fef486d
0x00007feac08a6a88:   00007feac08a6ae8 000000077ff5a1b8
0x00007feac08a6a98:   0000000000000000 000000077fef4928
0x00007feac08a6aa8:   00007feac08a6a68 00007feac08a6ad0
0x00007feac08a6ab8:   00007feac08a6b50 00007feac90004e7
0x00007feac08a6ac8:   0000000000000000 3fb999999999999a
0x00007feac08a6ad8:   404437f18243a55d 00000007d70cef80
0x00007feac08a6ae8:   00000007d8e105d0 00007fea00001fa0
0x00007feac08a6af8:   00007feac08a6e40 00007feac08a6bd0
0x00007feac08a6b08:   00007feac08a6cc0 00007feacc215000
0x00007feac08a6b18:   00007fea90000fa0 00007feac08a6b90 

Instructions: (pc=0x00007feac2e02ba0)
0x00007feac2e02b80:   24 1f e8 69 fd ff ff 48 89 ef e8 31 91 ff ff 48
0x00007feac2e02b90:   89 c5 48 8b 1d 37 51 29 00 eb d4 0f 1f 44 00 00
0x00007feac2e02ba0:   f2 0f 10 42 08 c3 66 2e 0f 1f 84 00 00 00 00 00
0x00007feac2e02bb0:   f2 0f 10 42 10 c3 66 2e 0f 1f 84 00 00 00 00 00 

Register to memory mapping:

RAX=0x00007feac2e02ba0: Java_com_gams_utility_Position_jni_1getX+0 in /home/jazen/gams/libGAMS.so.6.3.0 at 0x00007feac2dcb000
RBX=0x000000077feac4d0 is an oop
{method} 
 - klass: {other class}
RCX=0x0000000000000021 is an unknown value
RDX=0x0000000000000000 is an unknown value
RSP=0x00007feac08a6928 is pointing into the stack for thread: 0x00007feacc215000
RBP=0x00007feac08a6988 is pointing into the stack for thread: 0x00007feacc215000
RSI=0x00007feac08a69b8 is pointing into the stack for thread: 0x00007feacc215000
RDI=0x00007feacc2151e8 is an unknown value
R8 =0x00007feac9010360 is at code_begin+0 in an Interpreter codelet
method entry point (kind = zerolocals)  [0x00007feac9010360, 0x00007feac90106a0]  832 bytes
R9 =0x00007feac08a6cc8 is pointing into the stack for thread: 0x00007feacc215000
R10=0x00007feac9012d6c is at code_begin+620 in an Interpreter codelet
method entry point (kind = native)  [0x00007feac9012b00, 0x00007feac9013360]  2144 bytes
R11=0x00007fead3e69940: <offset 0x8b5940> in /usr/lib/jvm/java-7-oracle/jre/lib/amd64/server/libjvm.so at 0x00007fead35b4000
R12=0x0000000000000000 is an unknown value
R13=0x000000077feac4d0 is an oop
{method} 
 - klass: {other class}
R14=0x00007feac08a69b8 is pointing into the stack for thread: 0x00007feacc215000
R15=0x00007feacc215000 is a thread


Stack: [0x00007feac07a8000,0x00007feac08a9000],  sp=0x00007feac08a6928,  free space=1018k
Native frames: (J=compiled Java code, j=interpreted, Vv=VM code, C=native code)
C  [libGAMS.so.6.3.0+0x37ba0]  Java_com_gams_utility_Position_jni_1getX+0x0
j  com.gams.utility.Position.getX()D+5
j  com.gams.utility.Position.equals(Lcom/gams/utility/Position;)Z+1
j  vrepSim.LutraPlatform.move(Lcom/gams/utility/Position;D)I+5
v  ~StubRoutines::call_stub
V  [libjvm.so+0x6020a5]  JavaCalls::call_helper(JavaValue*, methodHandle*, JavaCallArguments*, Thread*)+0x365
V  [libjvm.so+0x600b08]  JavaCalls::call(JavaValue*, methodHandle, JavaCallArguments*, Thread*)+0x28
V  [libjvm.so+0x63b684]  jni_invoke_nonstatic(JNIEnv_*, JavaValue*, _jobject*, JNICallType, _jmethodID*, JNI_ArgumentPusher*, Thread*)+0x2b4
V  [libjvm.so+0x64bd29]  jni_CallIntMethodV+0xe9

Java frames: (J=compiled Java code, j=interpreted, Vv=VM code)
j  com.gams.utility.Position.jni_getX(J)D+0
j  com.gams.utility.Position.getX()D+5
j  com.gams.utility.Position.equals(Lcom/gams/utility/Position;)Z+1
j  vrepSim.LutraPlatform.move(Lcom/gams/utility/Position;D)I+5
v  ~StubRoutines::call_stub
j  com.gams.controllers.BaseController.jni_run(JDD)J+0
j  com.gams.controllers.BaseController.run(DD)J+7
j  vrepSim.LutraGAMS$1.run()V+13
j  java.lang.Thread.run()V+11
v  ~StubRoutines::call_stub

---------------  P R O C E S S  ---------------

Java Threads: ( => current thread )
  0x00007fea60003000 JavaThread "Thread-7" [_thread_in_native, id=4043, stack(0x00007feaae7dd000,0x00007feaaefde000)]
  0x00007fea6c003000 JavaThread "Thread-6" [_thread_in_native, id=4045, stack(0x00007feaad7db000,0x00007feaadfdc000)]
  0x00007fea68003000 JavaThread "Thread-5" [_thread_in_native, id=4044, stack(0x00007feaadfdc000,0x00007feaae7dd000)]
  0x00007fea74003000 JavaThread "Thread-4" [_thread_in_native, id=4042, stack(0x00007feaaefde000,0x00007feaaf7df000)]
=>0x00007feacc215000 JavaThread "Thread-3" [_thread_in_native, id=4040, stack(0x00007feac07a8000,0x00007feac08a9000)]
  0x00007fea78003000 JavaThread "Thread-2" [_thread_in_native, id=4039, stack(0x00007feac08a9000,0x00007feac10aa000)]
  0x00007fea84003000 JavaThread "Thread-1" [_thread_in_native, id=4038, stack(0x00007feac154d000,0x00007feac1d4e000)]
  0x00007fea80003000 JavaThread "Thread-0" [_thread_in_native, id=4037, stack(0x00007feac1dc9000,0x00007feac25ca000)]
  0x00007feacc099000 JavaThread "Service Thread" daemon [_thread_blocked, id=4034, stack(0x00007feac8217000,0x00007feac8318000)]
  0x00007feacc097000 JavaThread "C2 CompilerThread1" daemon [_thread_blocked, id=4033, stack(0x00007feac8318000,0x00007feac8419000)]
  0x00007feacc094000 JavaThread "C2 CompilerThread0" daemon [_thread_blocked, id=4032, stack(0x00007feac8419000,0x00007feac851a000)]
  0x00007feacc091800 JavaThread "Signal Dispatcher" daemon [_thread_blocked, id=4031, stack(0x00007feac851a000,0x00007feac861b000)]
  0x00007feacc070800 JavaThread "Finalizer" daemon [_thread_blocked, id=4030, stack(0x00007feac8cfd000,0x00007feac8dfe000)]
  0x00007feacc06e800 JavaThread "Reference Handler" daemon [_thread_blocked, id=4029, stack(0x00007feac8dfe000,0x00007feac8eff000)]
  0x00007feacc00a800 JavaThread "main" [_thread_in_Java, id=4021, stack(0x00007fead4f10000,0x00007fead5011000)]

Other Threads:
  0x00007feacc06a000 VMThread [stack: 0x00007feac8eff000,0x00007feac9000000] [id=4028]
  0x00007feacc0ac000 WatcherThread [stack: 0x00007feac8116000,0x00007feac8217000] [id=4035]

VM state:not at safepoint (normal execution)

VM Mutex/Monitor currently owned by a thread: None

Heap
 PSYoungGen      total 36864K, used 6077K [0x00000007d6f00000, 0x00000007d9800000, 0x0000000800000000)
  eden space 31744K, 13% used [0x00000007d6f00000,0x00000007d7348df8,0x00000007d8e00000)
  from space 5120K, 33% used [0x00000007d8e00000,0x00000007d8fa69e0,0x00000007d9300000)
  to   space 5120K, 0% used [0x00000007d9300000,0x00000007d9300000,0x00000007d9800000)
 ParOldGen       total 83968K, used 8K [0x0000000784e00000, 0x000000078a000000, 0x00000007d6f00000)
  object space 83968K, 0% used [0x0000000784e00000,0x0000000784e02000,0x000000078a000000)
 PSPermGen       total 21504K, used 5417K [0x000000077fc00000, 0x0000000781100000, 0x0000000784e00000)
  object space 21504K, 25% used [0x000000077fc00000,0x000000078014a450,0x0000000781100000)

Card table byte_map: [0x00007fead1e16000,0x00007fead2219000] byte_map_base: 0x00007feace218000

Polling page: 0x00007fead5049000

Code Cache  [0x00007feac9000000, 0x00007feac9270000, 0x00007feacc000000)
 total_blobs=370 nmethods=96 adapters=227 free_code_cache=48508Kb largest_free_block=49652288

Compilation events (10 events):
Event: 27.685 Thread 0x00007feacc097000   92             org.apache.commons.math.linear.Array2DRowRealMatrix::copy (13 bytes)
Event: 27.712 Thread 0x00007feacc097000 nmethod 92 0x00007feac9092b50 code [0x00007feac9092ce0, 0x00007feac9093138]
Event: 27.727 Thread 0x00007feacc094000   93             java.util.regex.Pattern$GroupTail::match (111 bytes)
Event: 27.733 Thread 0x00007feacc094000 nmethod 93 0x00007feac908eb10 code [0x00007feac908eca0, 0x00007feac908efe8]
Event: 27.733 Thread 0x00007feacc094000   94             java.lang.String::subSequence (7 bytes)
Event: 27.747 Thread 0x00007feacc094000 nmethod 94 0x00007feac908e290 code [0x00007feac908e400, 0x00007feac908e798]
Event: 29.088 Thread 0x00007feacc097000   95             java.lang.AbstractStringBuilder::append (48 bytes)
Event: 29.095 Thread 0x00007feacc097000 nmethod 95 0x00007feac90a3a50 code [0x00007feac90a3bc0, 0x00007feac90a3fb8]
Event: 29.128 Thread 0x00007feacc094000   96             java.util.Formatter$FormatSpecifier::addZeros (161 bytes)
Event: 29.134 Thread 0x00007feacc094000 nmethod 96 0x00007feac90a3390 code [0x00007feac90a34e0, 0x00007feac90a38b8]

GC Heap History (2 events):
Event: 25.887 GC heap before
{Heap before GC invocations=1 (full 0):
 PSYoungGen      total 36864K, used 31744K [0x00000007d6f00000, 0x00000007d9800000, 0x0000000800000000)
  eden space 31744K, 100% used [0x00000007d6f00000,0x00000007d8e00000,0x00000007d8e00000)
  from space 5120K, 0% used [0x00000007d9300000,0x00000007d9300000,0x00000007d9800000)
  to   space 5120K, 0% used [0x00000007d8e00000,0x00000007d8e00000,0x00000007d9300000)
 ParOldGen       total 83968K, used 0K [0x0000000784e00000, 0x000000078a000000, 0x00000007d6f00000)
  object space 83968K, 0% used [0x0000000784e00000,0x0000000784e00000,0x000000078a000000)
 PSPermGen       total 21504K, used 5412K [0x000000077fc00000, 0x0000000781100000, 0x0000000784e00000)
  object space 21504K, 25% used [0x000000077fc00000,0x00000007801493b0,0x0000000781100000)
Event: 25.899 GC heap after
Heap after GC invocations=1 (full 0):
 PSYoungGen      total 36864K, used 1690K [0x00000007d6f00000, 0x00000007d9800000, 0x0000000800000000)
  eden space 31744K, 0% used [0x00000007d6f00000,0x00000007d6f00000,0x00000007d8e00000)
  from space 5120K, 33% used [0x00000007d8e00000,0x00000007d8fa69e0,0x00000007d9300000)
  to   space 5120K, 0% used [0x00000007d9300000,0x00000007d9300000,0x00000007d9800000)
 ParOldGen       total 83968K, used 8K [0x0000000784e00000, 0x000000078a000000, 0x00000007d6f00000)
  object space 83968K, 0% used [0x0000000784e00000,0x0000000784e02000,0x000000078a000000)
 PSPermGen       total 21504K, used 5412K [0x000000077fc00000, 0x0000000781100000, 0x0000000784e00000)
  object space 21504K, 25% used [0x000000077fc00000,0x00000007801493b0,0x0000000781100000)
}

Deoptimization events (10 events):
Event: 0.932 Thread 0x00007fea68003000 Uncommon trap: reason=uninitialized action=reinterpret pc=0x00007feac90759f8 method=org.apache.commons.math.util.FastMath.slowexp(D[D)D @ 67
Event: 0.935 Thread 0x00007fea68003000 Uncommon trap: reason=uninitialized action=reinterpret pc=0x00007feac9073bc4 method=org.apache.commons.math.util.FastMath.slowexp(D[D)D @ 67
Event: 0.948 Thread 0x00007fea68003000 Uncommon trap: reason=uninitialized action=reinterpret pc=0x00007feac90752b8 method=org.apache.commons.math.util.FastMath.slowexp(D[D)D @ 67
Event: 0.976 Thread 0x00007fea68003000 Uncommon trap: reason=uninitialized action=reinterpret pc=0x00007feac9076484 method=org.apache.commons.math.util.FastMath.slowLog(D)[D @ 84
Event: 11.368 Thread 0x00007fea78003000 Uncommon trap: reason=unstable_if action=reinterpret pc=0x00007feac90862a0 method=sun.misc.FormattedFloatingDecimal.applyPrecision(I)[C @ 66
Event: 12.652 Thread 0x00007fea78003000 Uncommon trap: reason=unstable_if action=reinterpret pc=0x00007feac907ec60 method=sun.misc.FDBigInt.cmp(Lsun/misc/FDBigInt;)I @ 58
Event: 20.128 Thread 0x00007fea78003000 Uncommon trap: reason=unstable_if action=reinterpret pc=0x00007feac909be28 method=sun.misc.FormattedFloatingDecimal.dtoa(IJI)V @ 832
Event: 24.487 Thread 0x00007fea78003000 Uncommon trap: reason=unstable_if action=reinterpret pc=0x00007feac9095e4c method=sun.misc.FormattedFloatingDecimal.applyPrecision(I)[C @ 112
Event: 28.971 Thread 0x00007fea78003000 Uncommon trap: reason=unstable_if action=reinterpret pc=0x00007feac908da30 method=java.util.Formatter$FormatSpecifier.mantissa([CI)[C @ 12
Event: 28.971 Thread 0x00007fea78003000 Uncommon trap: reason=unstable_if action=reinterpret pc=0x00007feac9089c9c method=java.util.Formatter$FormatSpecifier.localizedMagnitude(Ljava/lang/StringBuilder;[CLjava/util/Formatter$Flags;ILjava/util/Locale;)Ljava/lang/StringBuilder; @ 284

Internal exceptions (10 events):
Event: 0.835 Thread 0x00007fea68003000 Threw 0x00000007d77115e8 at /HUDSON/workspace/7u-2-build-linux-amd64/jdk7u80/2329/hotspot/src/share/vm/prims/jvm.cpp:1319
Event: 0.836 Thread 0x00007fea74003000 Threw 0x00000007d7673658 at /HUDSON/workspace/7u-2-build-linux-amd64/jdk7u80/2329/hotspot/src/share/vm/prims/jvm.cpp:1319
Event: 0.840 Thread 0x00007fea68003000 Threw 0x00000007d7715398 at /HUDSON/workspace/7u-2-build-linux-amd64/jdk7u80/2329/hotspot/src/share/vm/prims/jvm.cpp:1319
Event: 0.841 Thread 0x00007fea68003000 Threw 0x00000007d77187f0 at /HUDSON/workspace/7u-2-build-linux-amd64/jdk7u80/2329/hotspot/src/share/vm/prims/jvm.cpp:1319
Event: 0.842 Thread 0x00007fea68003000 Threw 0x00000007d771c7d8 at /HUDSON/workspace/7u-2-build-linux-amd64/jdk7u80/2329/hotspot/src/share/vm/prims/jvm.cpp:1319
Event: 0.845 Thread 0x00007fea68003000 Threw 0x00000007d7721d60 at /HUDSON/workspace/7u-2-build-linux-amd64/jdk7u80/2329/hotspot/src/share/vm/prims/jvm.cpp:1319
Event: 0.845 Thread 0x00007fea68003000 Threw 0x00000007d77246e8 at /HUDSON/workspace/7u-2-build-linux-amd64/jdk7u80/2329/hotspot/src/share/vm/prims/jvm.cpp:1319
Event: 0.846 Thread 0x00007fea68003000 Threw 0x00000007d7727298 at /HUDSON/workspace/7u-2-build-linux-amd64/jdk7u80/2329/hotspot/src/share/vm/prims/jvm.cpp:1319
Event: 0.991 Thread 0x00007fea68003000 Threw 0x00000007d79cf130 at /HUDSON/workspace/7u-2-build-linux-amd64/jdk7u80/2329/hotspot/src/share/vm/prims/jvm.cpp:1319
Event: 0.992 Thread 0x00007fea68003000 Threw 0x00000007d79d5138 at /HUDSON/workspace/7u-2-build-linux-amd64/jdk7u80/2329/hotspot/src/share/vm/prims/jvm.cpp:1319

Events (10 events):
Event: 25.916 Executing VM operation: RevokeBias
Event: 25.916 Executing VM operation: RevokeBias done
Event: 25.916 Executing VM operation: BulkRevokeBias
Event: 25.916 Executing VM operation: BulkRevokeBias done
Event: 28.971 Thread 0x00007fea78003000 Uncommon trap: trap_request=0xffffff75 fr.pc=0x00007feac908da30
Event: 28.971 Thread 0x00007fea78003000 DEOPT PACKING pc=0x00007feac908da30 sp=0x00007feac10a80f0
Event: 28.971 Thread 0x00007fea78003000 DEOPT UNPACKING pc=0x00007feac9039445 sp=0x00007feac10a80b0 mode 2
Event: 28.971 Thread 0x00007fea78003000 Uncommon trap: trap_request=0xffffff75 fr.pc=0x00007feac9089c9c
Event: 28.971 Thread 0x00007fea78003000 DEOPT PACKING pc=0x00007feac9089c9c sp=0x00007feac10a8090
Event: 28.971 Thread 0x00007fea78003000 DEOPT UNPACKING pc=0x00007feac9039445 sp=0x00007feac10a8068 mode 2


Dynamic libraries:
00400000-00401000 r-xp 00000000 08:02 1365019                            /usr/lib/jvm/java-7-oracle/bin/java
00600000-00601000 rw-p 00000000 08:02 1365019                            /usr/lib/jvm/java-7-oracle/bin/java
01a3c000-01a5d000 rw-p 00000000 00:00 0                                  [heap]
77fc00000-781100000 rw-p 00000000 00:00 0 
781100000-784e00000 rw-p 00000000 00:00 0 
784e00000-78a000000 rw-p 00000000 00:00 0 
78a000000-7d6f00000 rw-p 00000000 00:00 0 
7d6f00000-7d9800000 rw-p 00000000 00:00 0 
7d9800000-800000000 rw-p 00000000 00:00 0 
7fea60000000-7fea60022000 rw-p 00000000 00:00 0 
7fea60022000-7fea64000000 ---p 00000000 00:00 0 
7fea68000000-7fea680e4000 rw-p 00000000 00:00 0 
7fea680e4000-7fea6c000000 ---p 00000000 00:00 0 
7fea6c000000-7fea6c022000 rw-p 00000000 00:00 0 
7fea6c022000-7fea70000000 ---p 00000000 00:00 0 
7fea70000000-7fea70021000 rw-p 00000000 00:00 0 
7fea70021000-7fea74000000 ---p 00000000 00:00 0 
7fea74000000-7fea74022000 rw-p 00000000 00:00 0 
7fea74022000-7fea78000000 ---p 00000000 00:00 0 
7fea78000000-7fea78022000 rw-p 00000000 00:00 0 
7fea78022000-7fea7c000000 ---p 00000000 00:00 0 
7fea7c000000-7fea7c111000 rw-p 00000000 00:00 0 
7fea7c111000-7fea80000000 ---p 00000000 00:00 0 
7fea80000000-7fea80022000 rw-p 00000000 00:00 0 
7fea80022000-7fea84000000 ---p 00000000 00:00 0 
7fea84000000-7fea84022000 rw-p 00000000 00:00 0 
7fea84022000-7fea88000000 ---p 00000000 00:00 0 
7fea88000000-7fea88021000 rw-p 00000000 00:00 0 
7fea88021000-7fea8c000000 ---p 00000000 00:00 0 
7fea8c000000-7fea8c021000 rw-p 00000000 00:00 0 
7fea8c021000-7fea90000000 ---p 00000000 00:00 0 
7fea90000000-7fea90b6a000 rw-p 00000000 00:00 0 
7fea90b6a000-7fea94000000 ---p 00000000 00:00 0 
7fea94000000-7fea94021000 rw-p 00000000 00:00 0 
7fea94021000-7fea98000000 ---p 00000000 00:00 0 
7fea98000000-7fea98021000 rw-p 00000000 00:00 0 
7fea98021000-7fea9c000000 ---p 00000000 00:00 0 
7fea9c000000-7fea9c354000 rw-p 00000000 00:00 0 
7fea9c354000-7feaa0000000 ---p 00000000 00:00 0 
7feaa0000000-7feaa0021000 rw-p 00000000 00:00 0 
7feaa0021000-7feaa4000000 ---p 00000000 00:00 0 
7feaa4000000-7feaa4021000 rw-p 00000000 00:00 0 
7feaa4021000-7feaa8000000 ---p 00000000 00:00 0 
7feaa8000000-7feaa8021000 rw-p 00000000 00:00 0 
7feaa8021000-7feaac000000 ---p 00000000 00:00 0 
7feaad7db000-7feaad7de000 ---p 00000000 00:00 0 
7feaad7de000-7feaadfdc000 rw-p 00000000 00:00 0                          [stack:4045]
7feaadfdc000-7feaadfdf000 ---p 00000000 00:00 0 
7feaadfdf000-7feaae7dd000 rw-p 00000000 00:00 0                          [stack:4044]
7feaae7dd000-7feaae7e0000 ---p 00000000 00:00 0 
7feaae7e0000-7feaaefde000 rw-p 00000000 00:00 0                          [stack:4043]
7feaaefde000-7feaaefe1000 ---p 00000000 00:00 0 
7feaaefe1000-7feaaf7df000 rw-p 00000000 00:00 0                          [stack:4042]
7feaaf7df000-7feaaf7e0000 ---p 00000000 00:00 0 
7feaaf7e0000-7feab4000000 rw-p 00000000 00:00 0                          [stack:4041]
7feab4000000-7feab4021000 rw-p 00000000 00:00 0 
7feab4021000-7feab8000000 ---p 00000000 00:00 0 
7feab8000000-7feab8021000 rw-p 00000000 00:00 0 
7feab8021000-7feabc000000 ---p 00000000 00:00 0 
7feabc000000-7feabc021000 rw-p 00000000 00:00 0 
7feabc021000-7feac0000000 ---p 00000000 00:00 0 
7feac063b000-7feac07a8000 rw-p 00000000 00:00 0 
7feac07a8000-7feac07ab000 ---p 00000000 00:00 0 
7feac07ab000-7feac08a9000 rw-p 00000000 00:00 0                          [stack:4040]
7feac08a9000-7feac08ac000 ---p 00000000 00:00 0 
7feac08ac000-7feac10aa000 rw-p 00000000 00:00 0                          [stack:4039]
7feac10aa000-7feac10c1000 r-xp 00000000 08:02 1318420                    /usr/lib/jvm/java-7-oracle/jre/lib/amd64/libnet.so
7feac10c1000-7feac12c0000 ---p 00017000 08:02 1318420                    /usr/lib/jvm/java-7-oracle/jre/lib/amd64/libnet.so
7feac12c0000-7feac12c1000 rw-p 00016000 08:02 1318420                    /usr/lib/jvm/java-7-oracle/jre/lib/amd64/libnet.so
7feac12c1000-7feac12d1000 r-xp 00000000 08:02 1318421                    /usr/lib/jvm/java-7-oracle/jre/lib/amd64/libnio.so
7feac12d1000-7feac14d1000 ---p 00010000 08:02 1318421                    /usr/lib/jvm/java-7-oracle/jre/lib/amd64/libnio.so
7feac14d1000-7feac14d2000 rw-p 00010000 08:02 1318421                    /usr/lib/jvm/java-7-oracle/jre/lib/amd64/libnio.so
7feac14d2000-7feac154d000 rw-p 00000000 00:00 0 
7feac154d000-7feac1550000 ---p 00000000 00:00 0 
7feac1550000-7feac1dc9000 rw-p 00000000 00:00 0                          [stack:4038]
7feac1dc9000-7feac1dcc000 ---p 00000000 00:00 0 
7feac1dcc000-7feac25ca000 rw-p 00000000 00:00 0                          [stack:4037]
7feac25ca000-7feac25cb000 ---p 00000000 00:00 0 
7feac25cb000-7feac2dcb000 rw-p 00000000 00:00 0                          [stack:4036]
7feac2dcb000-7feac2e95000 r-xp 00000000 08:02 1859401                    /home/jazen/gams/libGAMS.so.6.3.0
7feac2e95000-7feac3095000 ---p 000ca000 08:02 1859401                    /home/jazen/gams/libGAMS.so.6.3.0
7feac3095000-7feac3098000 r--p 000ca000 08:02 1859401                    /home/jazen/gams/libGAMS.so.6.3.0
7feac3098000-7feac309a000 rw-p 000cd000 08:02 1859401                    /home/jazen/gams/libGAMS.so.6.3.0
7feac309a000-7feac3287000 r-xp 00000000 08:02 1859117                    /home/jazen/madara/libMADARA.so.6.3.0
7feac3287000-7feac3486000 ---p 001ed000 08:02 1859117                    /home/jazen/madara/libMADARA.so.6.3.0
7feac3486000-7feac348d000 r--p 001ec000 08:02 1859117                    /home/jazen/madara/libMADARA.so.6.3.0
7feac348d000-7feac3490000 rw-p 001f3000 08:02 1859117                    /home/jazen/madara/libMADARA.so.6.3.0
7feac3490000-7feac361f000 r-xp 00000000 08:02 1705810                    /home/jazen/ace/ACE_wrappers/ace/libACE.so.6.3.0
7feac361f000-7feac381e000 ---p 0018f000 08:02 1705810                    /home/jazen/ace/ACE_wrappers/ace/libACE.so.6.3.0
7feac381e000-7feac3831000 r--p 0018e000 08:02 1705810                    /home/jazen/ace/ACE_wrappers/ace/libACE.so.6.3.0
7feac3831000-7feac3835000 rw-p 001a1000 08:02 1705810                    /home/jazen/ace/ACE_wrappers/ace/libACE.so.6.3.0
7feac3835000-7feac3837000 rw-p 00000000 00:00 0 
7feac3837000-7feac384d000 r-xp 00000000 08:02 5004209                    /lib/x86_64-linux-gnu/libgcc_s.so.1
7feac384d000-7feac3a4c000 ---p 00016000 08:02 5004209                    /lib/x86_64-linux-gnu/libgcc_s.so.1
7feac3a4c000-7feac3a4d000 r--p 00015000 08:02 5004209                    /lib/x86_64-linux-gnu/libgcc_s.so.1
7feac3a4d000-7feac3a4e000 rw-p 00016000 08:02 5004209                    /lib/x86_64-linux-gnu/libgcc_s.so.1
7feac3a4e000-7feac3bbb000 r-xp 00000000 08:02 1246485                    /usr/lib/x86_64-linux-gnu/libstdc++.so.6.0.21
7feac3bbb000-7feac3dba000 ---p 0016d000 08:02 1246485                    /usr/lib/x86_64-linux-gnu/libstdc++.so.6.0.21
7feac3dba000-7feac3dc4000 r--p 0016c000 08:02 1246485                    /usr/lib/x86_64-linux-gnu/libstdc++.so.6.0.21
7feac3dc4000-7feac3dc6000 rw-p 00176000 08:02 1246485                    /usr/lib/x86_64-linux-gnu/libstdc++.so.6.0.21
7feac3dc6000-7feac3dca000 rw-p 00000000 00:00 0 
7feac3dca000-7feac3de9000 r-xp 00000000 08:02 1788256                    /home/jazen/v_rep/programming/remoteApiBindings/java/lib/64Bit/libremoteApiJava.so
7feac3de9000-7feac3fe9000 ---p 0001f000 08:02 1788256                    /home/jazen/v_rep/programming/remoteApiBindings/java/lib/64Bit/libremoteApiJava.so
7feac3fe9000-7feac3fea000 r--p 0001f000 08:02 1788256                    /home/jazen/v_rep/programming/remoteApiBindings/java/lib/64Bit/libremoteApiJava.so
7feac3fea000-7feac3feb000 rw-p 00020000 08:02 1788256                    /home/jazen/v_rep/programming/remoteApiBindings/java/lib/64Bit/libremoteApiJava.so
7feac3feb000-7feac4000000 rw-p 00000000 00:00 0 
7feac4000000-7feac4021000 rw-p 00000000 00:00 0 
7feac4021000-7feac8000000 ---p 00000000 00:00 0 
7feac8020000-7feac8116000 rw-p 00000000 00:00 0 
7feac8116000-7feac8117000 ---p 00000000 00:00 0 
7feac8117000-7feac8217000 rw-p 00000000 00:00 0                          [stack:4035]
7feac8217000-7feac821a000 ---p 00000000 00:00 0 
7feac821a000-7feac8318000 rw-p 00000000 00:00 0                          [stack:4034]
7feac8318000-7feac831b000 ---p 00000000 00:00 0 
7feac831b000-7feac8419000 rw-p 00000000 00:00 0                          [stack:4033]
7feac8419000-7feac841c000 ---p 00000000 00:00 0 
7feac841c000-7feac851a000 rw-p 00000000 00:00 0                          [stack:4032]
7feac851a000-7feac851d000 ---p 00000000 00:00 0 
7feac851d000-7feac861b000 rw-p 00000000 00:00 0                          [stack:4031]
7feac861b000-7feac8cfd000 r--p 00000000 08:02 1186808                    /usr/lib/locale/locale-archive
7feac8cfd000-7feac8d00000 ---p 00000000 00:00 0 
7feac8d00000-7feac8dfe000 rw-p 00000000 00:00 0                          [stack:4030]
7feac8dfe000-7feac8e01000 ---p 00000000 00:00 0 
7feac8e01000-7feac8eff000 rw-p 00000000 00:00 0                          [stack:4029]
7feac8eff000-7feac8f00000 ---p 00000000 00:00 0 
7feac8f00000-7feac9000000 rw-p 00000000 00:00 0                          [stack:4028]
7feac9000000-7feac9270000 rwxp 00000000 00:00 0 
7feac9270000-7feacc21b000 rw-p 00000000 00:00 0 
7feacc21b000-7fead0000000 ---p 00000000 00:00 0 
7fead004f000-7fead0078000 r--s 001da000 08:02 4244827                    /home/jazen/Documents/Research/Platypus_Software/MyForks/VREP-Boat-Simulator/VrepSimulation/lib/crwlib_core.jar
7fead0078000-7fead008b000 r--s 000df000 08:02 4244826                    /home/jazen/Documents/Research/Platypus_Software/MyForks/VREP-Boat-Simulator/VrepSimulation/lib/commons-math-2.2.jar
7fead008b000-7fead009a000 r--s 00098000 08:02 4244888                    /home/jazen/Documents/Research/Platypus_Software/MyForks/VREP-Boat-Simulator/VrepSimulation/lib/jscience-4.3.jar
7fead009a000-7fead009e000 r--s 0003c000 08:02 4244883                    /home/jazen/Documents/Research/Platypus_Software/MyForks/VREP-Boat-Simulator/VrepSimulation/lib/madara.jar
7fead009e000-7fead109d000 rw-p 00000000 00:00 0 
7fead109d000-7fead125d000 r--s 039fb000 08:02 1360694                    /usr/lib/jvm/java-7-oracle/jre/lib/rt.jar
7fead125d000-7fead1781000 rw-p 00000000 00:00 0 
7fead1781000-7fead1782000 ---p 00000000 00:00 0 
7fead1782000-7fead1882000 rw-p 00000000 00:00 0                          [stack:4025]
7fead1882000-7fead1883000 ---p 00000000 00:00 0 
7fead1883000-7fead1983000 rw-p 00000000 00:00 0                          [stack:4024]
7fead1983000-7fead1984000 ---p 00000000 00:00 0 
7fead1984000-7fead1a84000 rw-p 00000000 00:00 0                          [stack:4023]
7fead1a84000-7fead1a85000 ---p 00000000 00:00 0 
7fead1a85000-7fead1bae000 rw-p 00000000 00:00 0                          [stack:4022]
7fead1bae000-7fead1e16000 rw-p 00000000 00:00 0 
7fead1e16000-7fead1e21000 rw-p 00000000 00:00 0 
7fead1e21000-7fead1e3f000 rw-p 00000000 00:00 0 
7fead1e3f000-7fead1e68000 rw-p 00000000 00:00 0 
7fead1e68000-7fead20cf000 rw-p 00000000 00:00 0 
7fead20cf000-7fead20e4000 rw-p 00000000 00:00 0 
7fead20e4000-7fead2218000 rw-p 00000000 00:00 0 
7fead2218000-7fead2219000 rw-p 00000000 00:00 0 
7fead2219000-7fead2230000 r-xp 00000000 08:02 1318427                    /usr/lib/jvm/java-7-oracle/jre/lib/amd64/libzip.so
7fead2230000-7fead2430000 ---p 00017000 08:02 1318427                    /usr/lib/jvm/java-7-oracle/jre/lib/amd64/libzip.so
7fead2430000-7fead2431000 rw-p 00017000 08:02 1318427                    /usr/lib/jvm/java-7-oracle/jre/lib/amd64/libzip.so
7fead2431000-7fead243c000 r-xp 00000000 08:02 4980826                    /lib/x86_64-linux-gnu/libnss_files-2.19.so
7fead243c000-7fead263b000 ---p 0000b000 08:02 4980826                    /lib/x86_64-linux-gnu/libnss_files-2.19.so
7fead263b000-7fead263c000 r--p 0000a000 08:02 4980826                    /lib/x86_64-linux-gnu/libnss_files-2.19.so
7fead263c000-7fead263d000 rw-p 0000b000 08:02 4980826                    /lib/x86_64-linux-gnu/libnss_files-2.19.so
7fead263d000-7fead2648000 r-xp 00000000 08:02 4987156                    /lib/x86_64-linux-gnu/libnss_nis-2.19.so
7fead2648000-7fead2847000 ---p 0000b000 08:02 4987156                    /lib/x86_64-linux-gnu/libnss_nis-2.19.so
7fead2847000-7fead2848000 r--p 0000a000 08:02 4987156                    /lib/x86_64-linux-gnu/libnss_nis-2.19.so
7fead2848000-7fead2849000 rw-p 0000b000 08:02 4987156                    /lib/x86_64-linux-gnu/libnss_nis-2.19.so
7fead2849000-7fead2860000 r-xp 00000000 08:02 4980835                    /lib/x86_64-linux-gnu/libnsl-2.19.so
7fead2860000-7fead2a5f000 ---p 00017000 08:02 4980835                    /lib/x86_64-linux-gnu/libnsl-2.19.so
7fead2a5f000-7fead2a60000 r--p 00016000 08:02 4980835                    /lib/x86_64-linux-gnu/libnsl-2.19.so
7fead2a60000-7fead2a61000 rw-p 00017000 08:02 4980835                    /lib/x86_64-linux-gnu/libnsl-2.19.so
7fead2a61000-7fead2a63000 rw-p 00000000 00:00 0 
7fead2a63000-7fead2a6c000 r-xp 00000000 08:02 4980834                    /lib/x86_64-linux-gnu/libnss_compat-2.19.so
7fead2a6c000-7fead2c6b000 ---p 00009000 08:02 4980834                    /lib/x86_64-linux-gnu/libnss_compat-2.19.so
7fead2c6b000-7fead2c6c000 r--p 00008000 08:02 4980834                    /lib/x86_64-linux-gnu/libnss_compat-2.19.so
7fead2c6c000-7fead2c6d000 rw-p 00009000 08:02 4980834                    /lib/x86_64-linux-gnu/libnss_compat-2.19.so
7fead2c6d000-7fead2c96000 r-xp 00000000 08:02 1318400                    /usr/lib/jvm/java-7-oracle/jre/lib/amd64/libjava.so
7fead2c96000-7fead2e96000 ---p 00029000 08:02 1318400                    /usr/lib/jvm/java-7-oracle/jre/lib/amd64/libjava.so
7fead2e96000-7fead2e98000 rw-p 00029000 08:02 1318400                    /usr/lib/jvm/java-7-oracle/jre/lib/amd64/libjava.so
7fead2e98000-7fead2ea5000 r-xp 00000000 08:02 1318438                    /usr/lib/jvm/java-7-oracle/jre/lib/amd64/libverify.so
7fead2ea5000-7fead30a4000 ---p 0000d000 08:02 1318438                    /usr/lib/jvm/java-7-oracle/jre/lib/amd64/libverify.so
7fead30a4000-7fead30a6000 rw-p 0000c000 08:02 1318438                    /usr/lib/jvm/java-7-oracle/jre/lib/amd64/libverify.so
7fead30a6000-7fead30ad000 r-xp 00000000 08:02 4984752                    /lib/x86_64-linux-gnu/librt-2.19.so
7fead30ad000-7fead32ac000 ---p 00007000 08:02 4984752                    /lib/x86_64-linux-gnu/librt-2.19.so
7fead32ac000-7fead32ad000 r--p 00006000 08:02 4984752                    /lib/x86_64-linux-gnu/librt-2.19.so
7fead32ad000-7fead32ae000 rw-p 00007000 08:02 4984752                    /lib/x86_64-linux-gnu/librt-2.19.so
7fead32ae000-7fead33b3000 r-xp 00000000 08:02 4980825                    /lib/x86_64-linux-gnu/libm-2.19.so
7fead33b3000-7fead35b2000 ---p 00105000 08:02 4980825                    /lib/x86_64-linux-gnu/libm-2.19.so
7fead35b2000-7fead35b3000 r--p 00104000 08:02 4980825                    /lib/x86_64-linux-gnu/libm-2.19.so
7fead35b3000-7fead35b4000 rw-p 00105000 08:02 4980825                    /lib/x86_64-linux-gnu/libm-2.19.so
7fead35b4000-7fead412a000 r-xp 00000000 08:02 1318388                    /usr/lib/jvm/java-7-oracle/jre/lib/amd64/server/libjvm.so
7fead412a000-7fead4329000 ---p 00b76000 08:02 1318388                    /usr/lib/jvm/java-7-oracle/jre/lib/amd64/server/libjvm.so
7fead4329000-7fead43ed000 rw-p 00b75000 08:02 1318388                    /usr/lib/jvm/java-7-oracle/jre/lib/amd64/server/libjvm.so
7fead43ed000-7fead442e000 rw-p 00000000 00:00 0 
7fead442e000-7fead45e9000 r-xp 00000000 08:02 4980840                    /lib/x86_64-linux-gnu/libc-2.19.so
7fead45e9000-7fead47e8000 ---p 001bb000 08:02 4980840                    /lib/x86_64-linux-gnu/libc-2.19.so
7fead47e8000-7fead47ec000 r--p 001ba000 08:02 4980840                    /lib/x86_64-linux-gnu/libc-2.19.so
7fead47ec000-7fead47ee000 rw-p 001be000 08:02 4980840                    /lib/x86_64-linux-gnu/libc-2.19.so
7fead47ee000-7fead47f3000 rw-p 00000000 00:00 0 
7fead47f3000-7fead47f6000 r-xp 00000000 08:02 4980829                    /lib/x86_64-linux-gnu/libdl-2.19.so
7fead47f6000-7fead49f5000 ---p 00003000 08:02 4980829                    /lib/x86_64-linux-gnu/libdl-2.19.so
7fead49f5000-7fead49f6000 r--p 00002000 08:02 4980829                    /lib/x86_64-linux-gnu/libdl-2.19.so
7fead49f6000-7fead49f7000 rw-p 00003000 08:02 4980829                    /lib/x86_64-linux-gnu/libdl-2.19.so
7fead49f7000-7fead4a0c000 r-xp 00000000 08:02 1364427                    /usr/lib/jvm/java-7-oracle/lib/amd64/jli/libjli.so
7fead4a0c000-7fead4c0b000 ---p 00015000 08:02 1364427                    /usr/lib/jvm/java-7-oracle/lib/amd64/jli/libjli.so
7fead4c0b000-7fead4c0c000 rw-p 00014000 08:02 1364427                    /usr/lib/jvm/java-7-oracle/lib/amd64/jli/libjli.so
7fead4c0c000-7fead4c25000 r-xp 00000000 08:02 4984658                    /lib/x86_64-linux-gnu/libpthread-2.19.so
7fead4c25000-7fead4e24000 ---p 00019000 08:02 4984658                    /lib/x86_64-linux-gnu/libpthread-2.19.so
7fead4e24000-7fead4e25000 r--p 00018000 08:02 4984658                    /lib/x86_64-linux-gnu/libpthread-2.19.so
7fead4e25000-7fead4e26000 rw-p 00019000 08:02 4984658                    /lib/x86_64-linux-gnu/libpthread-2.19.so
7fead4e26000-7fead4e2a000 rw-p 00000000 00:00 0 
7fead4e2a000-7fead4e4d000 r-xp 00000000 08:02 4980837                    /lib/x86_64-linux-gnu/ld-2.19.so
7fead4e4d000-7fead4e50000 r--s 0001f000 08:02 4244884                    /home/jazen/Documents/Research/Platypus_Software/MyForks/VREP-Boat-Simulator/VrepSimulation/lib/gams.jar
7fead4e50000-7fead4e5a000 rw-p 00000000 00:00 0 
7fead4e5a000-7fead4f10000 rw-p 00000000 00:00 0 
7fead4f10000-7fead4f13000 ---p 00000000 00:00 0 
7fead4f13000-7fead5016000 rw-p 00000000 00:00 0                          [stack:4021]
7fead5016000-7fead5017000 r--s 00008000 08:02 4244887                    /home/jazen/Documents/Research/Platypus_Software/MyForks/VREP-Boat-Simulator/VrepSimulation/lib/Jama-1.0.3.jar
7fead5017000-7fead5022000 rw-p 00000000 00:00 0 
7fead5022000-7fead5040000 rw-p 00000000 00:00 0 
7fead5040000-7fead5048000 rw-s 00000000 08:02 5129181                    /tmp/hsperfdata_jazen/4019
7fead5048000-7fead5049000 rw-p 00000000 00:00 0 
7fead5049000-7fead504a000 r--p 00000000 00:00 0 
7fead504a000-7fead504c000 rw-p 00000000 00:00 0 
7fead504c000-7fead504d000 r--p 00022000 08:02 4980837                    /lib/x86_64-linux-gnu/ld-2.19.so
7fead504d000-7fead504e000 rw-p 00023000 08:02 4980837                    /lib/x86_64-linux-gnu/ld-2.19.so
7fead504e000-7fead504f000 rw-p 00000000 00:00 0 
7fff77349000-7fff7736b000 rw-p 00000000 00:00 0                          [stack]
7fff773cf000-7fff773d1000 r-xp 00000000 00:00 0                          [vdso]
ffffffffff600000-ffffffffff601000 r-xp 00000000 00:00 0                  [vsyscall]

VM Arguments:
jvm_args: -Dfile.encoding=UTF-8 -Djava.library.path=/home/jazen/v_rep/programming/remoteApiBindings/java/lib/64Bit:/home/jazen/ace/ACE_wrappers/ace:/home/jazen/madara:/home/jazen/gams:/home/jazen/gams/lib
 
java_command: vrepSim.vrepSimMain
Launcher Type: SUN_STANDARD

Environment Variables:
JAVA_HOME=/usr/lib/jvm/java-7-oracle
PATH=/home/jazen/ace/ACE_wrappers/bin:/home/jazen/bin:/opt/ros/indigo/bin:/home/jazen/bin:/usr/local/sbin:/usr/local/bin:/usr/sbin:/usr/bin:/sbin:/bin:/usr/games:/usr/local/games
LD_LIBRARY_PATH=/usr/lib/jvm/java-8-oracle/jre/lib/amd64:/usr/lib/jvm/java-8-oracle/jre/lib/i386:/home/jazen/ace/ACE_wrappers/lib:/home/jazen/madara/lib:/home/jazen/gams/lib:/opt/ros/indigo/lib:/opt/ros/indigo/lib/x86_64-linux-gnu
SHELL=/bin/bash
DISPLAY=:0

Signal Handlers:
SIGSEGV: [libjvm.so+0x9a3b20], sa_mask[0]=0x7ffbfeff, sa_flags=0x10000004
SIGBUS: [libjvm.so+0x9a3b20], sa_mask[0]=0x7ffbfeff, sa_flags=0x10000004
SIGFPE: [libjvm.so+0x81e740], sa_mask[0]=0x7ffbfeff, sa_flags=0x10000004
SIGPIPE: [libjvm.so+0x81e740], sa_mask[0]=0x7ffbfeff, sa_flags=0x10000004
SIGXFSZ: [libjvm.so+0x81e740], sa_mask[0]=0x7ffbfeff, sa_flags=0x10000004
SIGILL: [libjvm.so+0x81e740], sa_mask[0]=0x7ffbfeff, sa_flags=0x10000004
SIGUSR1: SIG_DFL, sa_mask[0]=0x00000000, sa_flags=0x00000000
SIGUSR2: [libjvm.so+0x81ffb0], sa_mask[0]=0x00000004, sa_flags=0x10000004
SIGHUP: [libjvm.so+0x8210d0], sa_mask[0]=0x7ffbfeff, sa_flags=0x10000004
SIGINT: SIG_IGN, sa_mask[0]=0x00000000, sa_flags=0x00000000
SIGTERM: [libjvm.so+0x8210d0], sa_mask[0]=0x7ffbfeff, sa_flags=0x10000004
SIGQUIT: [libjvm.so+0x8210d0], sa_mask[0]=0x7ffbfeff, sa_flags=0x10000004


---------------  S Y S T E M  ---------------

OS:jessie/sid

uname:Linux 3.13.0-62-generic #102-Ubuntu SMP Tue Aug 11 14:29:36 UTC 2015 x86_64
libc:glibc 2.19 NPTL 2.19 
rlimit: STACK 8192k, CORE 0k, NPROC 61293, NOFILE 4096, AS infinity
load average:3.91 2.54 1.40

/proc/meminfo:
MemTotal:        8063700 kB
MemFree:         2819304 kB
Buffers:          108388 kB
Cached:          1808052 kB
SwapCached:            0 kB
Active:          3506196 kB
Inactive:        1509100 kB
Active(anon):    3103720 kB
Inactive(anon):   696800 kB
Active(file):     402476 kB
Inactive(file):   812300 kB
Unevictable:          88 kB
Mlocked:              88 kB
SwapTotal:       8274940 kB
SwapFree:        8274940 kB
Dirty:              1884 kB
Writeback:             0 kB
AnonPages:       3099012 kB
Mapped:           460624 kB
Shmem:            701668 kB
Slab:              99092 kB
SReclaimable:      64304 kB
SUnreclaim:        34788 kB
KernelStack:        4912 kB
PageTables:        41956 kB
NFS_Unstable:          0 kB
Bounce:                0 kB
WritebackTmp:          0 kB
CommitLimit:    12306788 kB
Committed_AS:    8835448 kB
VmallocTotal:   34359738367 kB
VmallocUsed:      361720 kB
VmallocChunk:   34359369304 kB
HardwareCorrupted:     0 kB
AnonHugePages:   1454080 kB
HugePages_Total:       0
HugePages_Free:        0
HugePages_Rsvd:        0
HugePages_Surp:        0
Hugepagesize:       2048 kB
DirectMap4k:       71216 kB
DirectMap2M:     1912832 kB
DirectMap1G:     6291456 kB


CPU:total 4 (2 cores per cpu, 2 threads per core) family 6 model 69 stepping 1, cmov, cx8, fxsr, mmx, sse, sse2, sse3, ssse3, sse4.1, sse4.2, popcnt, avx, avx2, aes, erms, ht, tsc, tscinvbit

/proc/cpuinfo:
processor	: 0
vendor_id	: GenuineIntel
cpu family	: 6
model		: 69
model name	: Intel(R) Core(TM) i5-4210U CPU @ 1.70GHz
stepping	: 1
microcode	: 0x17
cpu MHz		: 1700.000
cache size	: 3072 KB
physical id	: 0
siblings	: 4
core id		: 0
cpu cores	: 2
apicid		: 0
initial apicid	: 0
fpu		: yes
fpu_exception	: yes
cpuid level	: 13
wp		: yes
flags		: fpu vme de pse tsc msr pae mce cx8 apic sep mtrr pge mca cmov pat pse36 clflush dts acpi mmx fxsr sse sse2 ss ht tm pbe syscall nx pdpe1gb rdtscp lm constant_tsc arch_perfmon pebs bts rep_good nopl xtopology nonstop_tsc aperfmperf eagerfpu pni pclmulqdq dtes64 monitor ds_cpl vmx est tm2 ssse3 fma cx16 xtpr pdcm pcid sse4_1 sse4_2 movbe popcnt tsc_deadline_timer aes xsave avx f16c rdrand lahf_lm abm ida arat epb xsaveopt pln pts dtherm tpr_shadow vnmi flexpriority ept vpid fsgsbase tsc_adjust bmi1 avx2 smep bmi2 erms invpcid
bogomips	: 4788.85
clflush size	: 64
cache_alignment	: 64
address sizes	: 39 bits physical, 48 bits virtual
power management:

processor	: 1
vendor_id	: GenuineIntel
cpu family	: 6
model		: 69
model name	: Intel(R) Core(TM) i5-4210U CPU @ 1.70GHz
stepping	: 1
microcode	: 0x17
cpu MHz		: 1700.000
cache size	: 3072 KB
physical id	: 0
siblings	: 4
core id		: 1
cpu cores	: 2
apicid		: 2
initial apicid	: 2
fpu		: yes
fpu_exception	: yes
cpuid level	: 13
wp		: yes
flags		: fpu vme de pse tsc msr pae mce cx8 apic sep mtrr pge mca cmov pat pse36 clflush dts acpi mmx fxsr sse sse2 ss ht tm pbe syscall nx pdpe1gb rdtscp lm constant_tsc arch_perfmon pebs bts rep_good nopl xtopology nonstop_tsc aperfmperf eagerfpu pni pclmulqdq dtes64 monitor ds_cpl vmx est tm2 ssse3 fma cx16 xtpr pdcm pcid sse4_1 sse4_2 movbe popcnt tsc_deadline_timer aes xsave avx f16c rdrand lahf_lm abm ida arat epb xsaveopt pln pts dtherm tpr_shadow vnmi flexpriority ept vpid fsgsbase tsc_adjust bmi1 avx2 smep bmi2 erms invpcid
bogomips	: 4788.85
clflush size	: 64
cache_alignment	: 64
address sizes	: 39 bits physical, 48 bits virtual
power management:

processor	: 2
vendor_id	: GenuineIntel
cpu family	: 6
model		: 69
model name	: Intel(R) Core(TM) i5-4210U CPU @ 1.70GHz
stepping	: 1
microcode	: 0x17
cpu MHz		: 1700.000
cache size	: 3072 KB
physical id	: 0
siblings	: 4
core id		: 0
cpu cores	: 2
apicid		: 1
initial apicid	: 1
fpu		: yes
fpu_exception	: yes
cpuid level	: 13
wp		: yes
flags		: fpu vme de pse tsc msr pae mce cx8 apic sep mtrr pge mca cmov pat pse36 clflush dts acpi mmx fxsr sse sse2 ss ht tm pbe syscall nx pdpe1gb rdtscp lm constant_tsc arch_perfmon pebs bts rep_good nopl xtopology nonstop_tsc aperfmperf eagerfpu pni pclmulqdq dtes64 monitor ds_cpl vmx est tm2 ssse3 fma cx16 xtpr pdcm pcid sse4_1 sse4_2 movbe popcnt tsc_deadline_timer aes xsave avx f16c rdrand lahf_lm abm ida arat epb xsaveopt pln pts dtherm tpr_shadow vnmi flexpriority ept vpid fsgsbase tsc_adjust bmi1 avx2 smep bmi2 erms invpcid
bogomips	: 4788.85
clflush size	: 64
cache_alignment	: 64
address sizes	: 39 bits physical, 48 bits virtual
power management:

processor	: 3
vendor_id	: GenuineIntel
cpu family	: 6
model		: 69
model name	: Intel(R) Core(TM) i5-4210U CPU @ 1.70GHz
stepping	: 1
microcode	: 0x17
cpu MHz		: 1700.000
cache size	: 3072 KB
physical id	: 0
siblings	: 4
core id		: 1
cpu cores	: 2
apicid		: 3
initial apicid	: 3
fpu		: yes
fpu_exception	: yes
cpuid level	: 13
wp		: yes
flags		: fpu vme de pse tsc msr pae mce cx8 apic sep mtrr pge mca cmov pat pse36 clflush dts acpi mmx fxsr sse sse2 ss ht tm pbe syscall nx pdpe1gb rdtscp lm constant_tsc arch_perfmon pebs bts rep_good nopl xtopology nonstop_tsc aperfmperf eagerfpu pni pclmulqdq dtes64 monitor ds_cpl vmx est tm2 ssse3 fma cx16 xtpr pdcm pcid sse4_1 sse4_2 movbe popcnt tsc_deadline_timer aes xsave avx f16c rdrand lahf_lm abm ida arat epb xsaveopt pln pts dtherm tpr_shadow vnmi flexpriority ept vpid fsgsbase tsc_adjust bmi1 avx2 smep bmi2 erms invpcid
bogomips	: 4788.85
clflush size	: 64
cache_alignment	: 64
address sizes	: 39 bits physical, 48 bits virtual
power management:



Memory: 4k page, physical 8063700k(2819304k free), swap 8274940k(8274940k free)

vm_info: Java HotSpot(TM) 64-Bit Server VM (24.80-b11) for linux-amd64 JRE (1.7.0_80-b15), built on Apr 10 2015 19:53:14 by "java_re" with gcc 4.3.0 20080428 (Red Hat 4.3.0-8)

time: Tue Aug 18 22:31:29 2015
elapsed time: 29 seconds

