#
# A fatal error has been detected by the Java Runtime Environment:
#
#  SIGSEGV (0xb) at pc=0x00007fb9a73b4ba0, pid=7051, tid=140435311183616
#
# JRE version: Java(TM) SE Runtime Environment (7.0_80-b15) (build 1.7.0_80-b15)
# Java VM: Java HotSpot(TM) 64-Bit Server VM (24.80-b11 mixed mode linux-amd64 compressed oops)
# Problematic frame:
# C  [libGAMS.so.6.3.0+0x37ba0]  Java_com_gams_utility_Position_jni_1getX+0x0
#
# Failed to write core dump. Core dumps have been disabled. To enable core dumping, try "ulimit -c unlimited" before starting Java again
#
# If you would like to submit a bug report, please visit:
#   http://bugreport.java.com/bugreport/crash.jsp
# The crash happened outside the Java Virtual Machine in native code.
# See problematic frame for where to report the bug.
#

---------------  T H R E A D  ---------------

Current thread (0x00007fb9b4215800):  JavaThread "Thread-3" [_thread_in_native, id=7083, stack(0x00007fb9a4c64000,0x00007fb9a4d65000)]

siginfo:si_signo=SIGSEGV: si_errno=0, si_code=1 (SEGV_MAPERR), si_addr=0x0000000000000008

Registers:
RAX=0x00007fb9a73b4ba0, RBX=0x000000077feb5548, RCX=0x0000000000000029, RDX=0x0000000000000000
RSP=0x00007fb9a4d62a88, RBP=0x00007fb9a4d62ae8, RSI=0x00007fb9a4d62b18, RDI=0x00007fb9b42159e8
R8 =0x00000007d764d2e0, R9 =0x0000000000000002, R10=0x00007fb9af463c0d, R11=0x00007fb9b8c82940
R12=0x0000000000000000, R13=0x000000077feb5548, R14=0x00007fb9a4d62b18, R15=0x00007fb9b4215800
RIP=0x00007fb9a73b4ba0, EFLAGS=0x0000000000010287, CSGSFS=0x0000000000000033, ERR=0x0000000000000004
  TRAPNO=0x000000000000000e

Top of Stack: (sp=0x00007fb9a4d62a88)
0x00007fb9a4d62a88:   00007fb9af463c39 00007fb9b4215800
0x00007fb9a4d62a98:   00007fb9b42142d0 00007fb970086878
0x00007fb9a4d62aa8:   00007fb9a4d62aa8 0000000000000000
0x00007fb9a4d62ab8:   00007fb9a4d62b18 000000077feb85c0
0x00007fb9a4d62ac8:   0000000000000000 000000077feb5548
0x00007fb9a4d62ad8:   0000000000000000 00007fb9a4d62b08
0x00007fb9a4d62ae8:   00007fb9a4d62b60 00007fb9af451137
0x00007fb9a4d62af8:   0000000000000000 00007fb9af45df3a
0x00007fb9a4d62b08:   0000000000000000 00000007d764c9a8
0x00007fb9a4d62b18:   00000007d764c9a8 00007fb9a4d62b20
0x00007fb9a4d62b28:   000000077feb60d5 00007fb9a4d62b70
0x00007fb9a4d62b38:   000000077feb85c0 0000000000000000
0x00007fb9a4d62b48:   000000077feb60e0 00007fb9a4d62b08
0x00007fb9a4d62b58:   00007fb9a4d62b70 00007fb9a4d62bc8
0x00007fb9a4d62b68:   00007fb9af451137 00000007d764c9a8
0x00007fb9a4d62b78:   0000000000000000 00000007d764d2d0
0x00007fb9a4d62b88:   00007fb9a4d62b88 000000077feb65b7
0x00007fb9a4d62b98:   00007fb9a4d62be0 000000077feb85c0
0x00007fb9a4d62ba8:   0000000000000000 000000077feb65d8
0x00007fb9a4d62bb8:   00007fb9a4d62b70 00007fb9a4d62be0
0x00007fb9a4d62bc8:   00007fb9a4d62c28 00007fb9af4512b3
0x00007fb9a4d62bd8:   00000007d764d2d0 00000007d764c9a8
0x00007fb9a4d62be8:   00007fb9a4d62be8 000000077fefe8c2
0x00007fb9a4d62bf8:   00007fb9a4d62c68 000000077ff65560
0x00007fb9a4d62c08:   0000000000000000 000000077fefe9a0
0x00007fb9a4d62c18:   00007fb9a4d62be0 00007fb9a4d62c50
0x00007fb9a4d62c28:   00007fb9a4d62cd0 00007fb9af44b4e7
0x00007fb9a4d62c38:   0000000000000000 0000000000000000
0x00007fb9a4d62c48:   00000007d764d2a8 3fb999999999999a
0x00007fb9a4d62c58:   404437f0e30bac5a 00000007d764d260
0x00007fb9a4d62c68:   00000007d7169df0 00007fb900001fa0
0x00007fb9a4d62c78:   00007fb9a4d62fc0 00007fb9a4d62d50 

Instructions: (pc=0x00007fb9a73b4ba0)
0x00007fb9a73b4b80:   24 1f e8 69 fd ff ff 48 89 ef e8 31 91 ff ff 48
0x00007fb9a73b4b90:   89 c5 48 8b 1d 37 51 29 00 eb d4 0f 1f 44 00 00
0x00007fb9a73b4ba0:   f2 0f 10 42 08 c3 66 2e 0f 1f 84 00 00 00 00 00
0x00007fb9a73b4bb0:   f2 0f 10 42 10 c3 66 2e 0f 1f 84 00 00 00 00 00 

Register to memory mapping:

RAX=0x00007fb9a73b4ba0: Java_com_gams_utility_Position_jni_1getX+0 in /home/jazen/gams/libGAMS.so.6.3.0 at 0x00007fb9a737d000
RBX=0x000000077feb5548 is an oop
{method} 
 - klass: {other class}
RCX=0x0000000000000029 is an unknown value
RDX=0x0000000000000000 is an unknown value
RSP=0x00007fb9a4d62a88 is pointing into the stack for thread: 0x00007fb9b4215800
RBP=0x00007fb9a4d62ae8 is pointing into the stack for thread: 0x00007fb9b4215800
RSI=0x00007fb9a4d62b18 is pointing into the stack for thread: 0x00007fb9b4215800
RDI=0x00007fb9b42159e8 is an unknown value
R8 =0x00000007d764d2e0 is an unknown value
R9 =0x0000000000000002 is an unknown value
R10=0x00007fb9af463c0d is at code_begin+1197 in an Interpreter codelet
method entry point (kind = native)  [0x00007fb9af463760, 0x00007fb9af464560]  3584 bytes
R11=0x00007fb9b8c82940: <offset 0x8b5940> in /usr/lib/jvm/java-7-oracle/jre/lib/amd64/server/libjvm.so at 0x00007fb9b83cd000
R12=0x0000000000000000 is an unknown value
R13=0x000000077feb5548 is an oop
{method} 
 - klass: {other class}
R14=0x00007fb9a4d62b18 is pointing into the stack for thread: 0x00007fb9b4215800
R15=0x00007fb9b4215800 is a thread


Stack: [0x00007fb9a4c64000,0x00007fb9a4d65000],  sp=0x00007fb9a4d62a88,  free space=1018k
Native frames: (J=compiled Java code, j=interpreted, Vv=VM code, C=native code)
C  [libGAMS.so.6.3.0+0x37ba0]  Java_com_gams_utility_Position_jni_1getX+0x0
j  com.gams.utility.Position.getX()D+5
j  com.gams.utility.Position.toArray()[D+7
j  vrepSim.LutraPlatform.move(Lcom/gams/utility/Position;D)I+10
v  ~StubRoutines::call_stub
V  [libjvm.so+0x6020a5]  JavaCalls::call_helper(JavaValue*, methodHandle*, JavaCallArguments*, Thread*)+0x365
V  [libjvm.so+0x600b08]  JavaCalls::call(JavaValue*, methodHandle, JavaCallArguments*, Thread*)+0x28
V  [libjvm.so+0x63b684]  jni_invoke_nonstatic(JNIEnv_*, JavaValue*, _jobject*, JNICallType, _jmethodID*, JNI_ArgumentPusher*, Thread*)+0x2b4
V  [libjvm.so+0x64bd29]  jni_CallIntMethodV+0xe9

Java frames: (J=compiled Java code, j=interpreted, Vv=VM code)
j  com.gams.utility.Position.jni_getX(J)D+0
j  com.gams.utility.Position.getX()D+5
j  com.gams.utility.Position.toArray()[D+7
j  vrepSim.LutraPlatform.move(Lcom/gams/utility/Position;D)I+10
v  ~StubRoutines::call_stub
j  com.gams.controllers.BaseController.jni_run(JDD)J+0
j  com.gams.controllers.BaseController.run(DD)J+7
j  vrepSim.LutraGAMS$1.run()V+13
j  java.lang.Thread.run()V+11
v  ~StubRoutines::call_stub

---------------  P R O C E S S  ---------------

Java Threads: ( => current thread )
  0x00007fb934003000 JavaThread "Thread-7" [_thread_in_native, id=7088, stack(0x00007fb99dffc000,0x00007fb99e7fd000)]
  0x00007fb940003000 JavaThread "Thread-6" [_thread_in_native, id=7087, stack(0x00007fb99e7fd000,0x00007fb99effe000)]
  0x00007fb93c003000 JavaThread "Thread-5" [_thread_blocked, id=7086, stack(0x00007fb99effe000,0x00007fb99f7ff000)]
  0x00007fb948003000 JavaThread "Thread-4" [_thread_blocked, id=7085, stack(0x00007fb99f7ff000,0x00007fb9a0000000)]
=>0x00007fb9b4215800 JavaThread "Thread-3" [_thread_in_native, id=7083, stack(0x00007fb9a4c64000,0x00007fb9a4d65000)]
  0x00007fb94c003000 JavaThread "Thread-2" [_thread_blocked, id=7082, stack(0x00007fb9a4d65000,0x00007fb9a5566000)]
  0x00007fb958003000 JavaThread "Thread-1" [_thread_in_native, id=7081, stack(0x00007fb9a5a09000,0x00007fb9a620a000)]
  0x00007fb954003000 JavaThread "Thread-0" [_thread_in_native, id=7080, stack(0x00007fb9a6285000,0x00007fb9a6a86000)]
  0x00007fb9b40ab800 JavaThread "Service Thread" daemon [_thread_blocked, id=7077, stack(0x00007fb9ac76e000,0x00007fb9ac86f000)]
  0x00007fb9b40a9800 JavaThread "C2 CompilerThread1" daemon [_thread_blocked, id=7075, stack(0x00007fb9ac86f000,0x00007fb9ac970000)]
  0x00007fb9b40a6800 JavaThread "C2 CompilerThread0" daemon [_thread_blocked, id=7074, stack(0x00007fb9ac970000,0x00007fb9aca71000)]
  0x00007fb974001000 JavaThread "JDWP Command Reader" daemon [_thread_in_native, id=7072, stack(0x00007fb9aca71000,0x00007fb9acb72000)]
  0x00007fb9b40a4000 JavaThread "JDWP Event Helper Thread" daemon [_thread_blocked, id=7070, stack(0x00007fb9acb72000,0x00007fb9acc73000)]
  0x00007fb9b40a0800 JavaThread "JDWP Transport Listener: dt_socket" daemon [_thread_blocked, id=7068, stack(0x00007fb9acc73000,0x00007fb9acd74000)]
  0x00007fb9b4093000 JavaThread "Signal Dispatcher" daemon [_thread_blocked, id=7067, stack(0x00007fb9acf78000,0x00007fb9ad079000)]
  0x00007fb9b4073000 JavaThread "Finalizer" daemon [_thread_blocked, id=7064, stack(0x00007fb9ad079000,0x00007fb9ad17a000)]
  0x00007fb9b4071000 JavaThread "Reference Handler" daemon [_thread_blocked, id=7063, stack(0x00007fb9ad17a000,0x00007fb9ad27b000)]
  0x00007fb9b400c800 JavaThread "main" [_thread_in_Java, id=7053, stack(0x00007fb9b9d29000,0x00007fb9b9e2a000)]

Other Threads:
  0x00007fb9b406c800 VMThread [stack: 0x00007fb9ad27b000,0x00007fb9ad37c000] [id=7061]
  0x00007fb9b40b6800 WatcherThread [stack: 0x00007fb9ac66d000,0x00007fb9ac76e000] [id=7078]

VM state:not at safepoint (normal execution)

VM Mutex/Monitor currently owned by a thread: None

Heap
 PSYoungGen      total 36864K, used 18415K [0x00000007d6f00000, 0x00000007d9800000, 0x0000000800000000)
  eden space 31744K, 58% used [0x00000007d6f00000,0x00000007d80fbfc8,0x00000007d8e00000)
  from space 5120K, 0% used [0x00000007d9300000,0x00000007d9300000,0x00000007d9800000)
  to   space 5120K, 0% used [0x00000007d8e00000,0x00000007d8e00000,0x00000007d9300000)
 ParOldGen       total 83968K, used 0K [0x0000000784e00000, 0x000000078a000000, 0x00000007d6f00000)
  object space 83968K, 0% used [0x0000000784e00000,0x0000000784e00000,0x000000078a000000)
 PSPermGen       total 21504K, used 5457K [0x000000077fc00000, 0x0000000781100000, 0x0000000784e00000)
  object space 21504K, 25% used [0x000000077fc00000,0x0000000780154728,0x0000000781100000)

Card table byte_map: [0x00007fb9af048000,0x00007fb9af44b000] byte_map_base: 0x00007fb9ab44a000

Polling page: 0x00007fb9b9e62000

Code Cache  [0x00007fb9af44b000, 0x00007fb9af6bb000, 0x00007fb9b244b000)
 total_blobs=339 nmethods=72 adapters=228 free_code_cache=48485Kb largest_free_block=49591680

Compilation events (10 events):
Event: 7.499 Thread 0x00007fb9b40a9800   68             java.util.Formatter$FormatSpecifier::mantissa (41 bytes)
Event: 7.519 Thread 0x00007fb9b40a9800 nmethod 68 0x00007fb9af4db850 code [0x00007fb9af4db9a0, 0x00007fb9af4dbcd8]
Event: 7.575 Thread 0x00007fb9b40a6800   69 %           sun.misc.FormattedFloatingDecimal::applyPrecision @ 9 (183 bytes)
Event: 7.634 Thread 0x00007fb9b40a6800 nmethod 69% 0x00007fb9af4dcb10 code [0x00007fb9af4dccc0, 0x00007fb9af4dd4d8]
Event: 7.637 Thread 0x00007fb9b40a9800   70             sun.misc.FormattedFloatingDecimal::applyPrecision (183 bytes)
Event: 7.682 Thread 0x00007fb9b40a9800 nmethod 70 0x00007fb9af4dbf90 code [0x00007fb9af4dc120, 0x00007fb9af4dc7b8]
Event: 7.703 Thread 0x00007fb9b40a6800   71             java.util.regex.Pattern$Curly::match (86 bytes)
Event: 7.733 Thread 0x00007fb9b40a6800 nmethod 71 0x00007fb9af4e8b90 code [0x00007fb9af4e8d60, 0x00007fb9af4e9668]
Event: 7.940 Thread 0x00007fb9b40a9800   72             java.lang.String::substring (79 bytes)
Event: 7.949 Thread 0x00007fb9b40a9800 nmethod 72 0x00007fb9af4e8250 code [0x00007fb9af4e83c0, 0x00007fb9af4e8858]

GC Heap History (0 events):
No events

Deoptimization events (10 events):
Event: 1.362 Thread 0x00007fb9b4215800 Uncommon trap: reason=unstable_if action=reinterpret pc=0x00007fb9af4b33a0 method=java.lang.String.replace(CC)Ljava/lang/String; @ 26
Event: 1.731 Thread 0x00007fb940003000 Uncommon trap: reason=unstable_if action=reinterpret pc=0x00007fb9af4bce60 method=org.apache.commons.math.util.FastMath.resplit([D)V @ 24
Event: 1.768 Thread 0x00007fb940003000 Uncommon trap: reason=uninitialized action=reinterpret pc=0x00007fb9af4bc8a8 method=org.apache.commons.math.util.FastMath.slowexp(D[D)D @ 67
Event: 1.785 Thread 0x00007fb940003000 Uncommon trap: reason=uninitialized action=reinterpret pc=0x00007fb9af4c0320 method=org.apache.commons.math.util.FastMath.slowexp(D[D)D @ 67
Event: 1.787 Thread 0x00007fb940003000 Uncommon trap: reason=uninitialized action=reinterpret pc=0x00007fb9af4bfce8 method=org.apache.commons.math.util.FastMath.slowexp(D[D)D @ 67
Event: 1.831 Thread 0x00007fb940003000 Uncommon trap: reason=uninitialized action=reinterpret pc=0x00007fb9af4c523c method=org.apache.commons.math.util.FastMath.slowLog(D)[D @ 84
Event: 4.114 Thread 0x00007fb94c003000 Uncommon trap: reason=unstable_if action=reinterpret pc=0x00007fb9af4ca6b4 method=sun.misc.FDBigInt.add(Lsun/misc/FDBigInt;)Lsun/misc/FDBigInt; @ 134
Event: 5.375 Thread 0x00007fb94c003000 Uncommon trap: reason=unstable_if action=reinterpret pc=0x00007fb9af4cff70 method=sun.misc.FormattedFloatingDecimal.applyPrecision(I)[C @ 55
Event: 6.660 Thread 0x00007fb94c003000 Uncommon trap: reason=unstable_if action=reinterpret pc=0x00007fb9af4f43b0 method=sun.misc.FormattedFloatingDecimal.dtoa(IJI)V @ 365
Event: 8.374 Thread 0x00007fb94c003000 Uncommon trap: reason=unstable_if action=reinterpret pc=0x00007fb9af4d9b3c method=java.util.Formatter$FormatSpecifier.localizedMagnitude(Ljava/lang/StringBuilder;[CLjava/util/Formatter$Flags;ILjava/util/Locale;)Ljava/lang/StringBuilder; @ 284

Internal exceptions (10 events):
Event: 1.592 Thread 0x00007fb948003000 Threw 0x00000007d7672a90 at /HUDSON/workspace/7u-2-build-linux-amd64/jdk7u80/2329/hotspot/src/share/vm/prims/jvm.cpp:1319
Event: 1.593 Thread 0x00007fb948003000 Threw 0x00000007d7675db8 at /HUDSON/workspace/7u-2-build-linux-amd64/jdk7u80/2329/hotspot/src/share/vm/prims/jvm.cpp:1319
Event: 1.613 Thread 0x00007fb940003000 Threw 0x00000007d77b17f0 at /HUDSON/workspace/7u-2-build-linux-amd64/jdk7u80/2329/hotspot/src/share/vm/prims/jvm.cpp:1319
Event: 1.613 Thread 0x00007fb940003000 Threw 0x00000007d77b4c48 at /HUDSON/workspace/7u-2-build-linux-amd64/jdk7u80/2329/hotspot/src/share/vm/prims/jvm.cpp:1319
Event: 1.614 Thread 0x00007fb940003000 Threw 0x00000007d77b8c30 at /HUDSON/workspace/7u-2-build-linux-amd64/jdk7u80/2329/hotspot/src/share/vm/prims/jvm.cpp:1319
Event: 1.615 Thread 0x00007fb940003000 Threw 0x00000007d77be1b8 at /HUDSON/workspace/7u-2-build-linux-amd64/jdk7u80/2329/hotspot/src/share/vm/prims/jvm.cpp:1319
Event: 1.646 Thread 0x00007fb940003000 Threw 0x00000007d77c0b40 at /HUDSON/workspace/7u-2-build-linux-amd64/jdk7u80/2329/hotspot/src/share/vm/prims/jvm.cpp:1319
Event: 1.656 Thread 0x00007fb940003000 Threw 0x00000007d77c36f0 at /HUDSON/workspace/7u-2-build-linux-amd64/jdk7u80/2329/hotspot/src/share/vm/prims/jvm.cpp:1319
Event: 1.834 Thread 0x00007fb940003000 Threw 0x00000007d79cc9a0 at /HUDSON/workspace/7u-2-build-linux-amd64/jdk7u80/2329/hotspot/src/share/vm/prims/jvm.cpp:1319
Event: 1.835 Thread 0x00007fb940003000 Threw 0x00000007d79d29a8 at /HUDSON/workspace/7u-2-build-linux-amd64/jdk7u80/2329/hotspot/src/share/vm/prims/jvm.cpp:1319

Events (10 events):
Event: 19.846 Executing VM operation: ChangeSingleStep
Event: 19.846 Executing VM operation: ChangeSingleStep done
Event: 19.996 Executing VM operation: GetOrSetLocal
Event: 19.996 Executing VM operation: GetOrSetLocal done
Event: 19.997 Executing VM operation: GetOrSetLocal
Event: 19.997 Executing VM operation: GetOrSetLocal done
Event: 19.997 Executing VM operation: GetOrSetLocal
Event: 19.997 Executing VM operation: GetOrSetLocal done
Event: 19.997 Executing VM operation: GetOrSetLocal
Event: 19.997 Executing VM operation: GetOrSetLocal done


Dynamic libraries:
00400000-00401000 r-xp 00000000 08:02 1365019                            /usr/lib/jvm/java-7-oracle/bin/java
00600000-00601000 rw-p 00000000 08:02 1365019                            /usr/lib/jvm/java-7-oracle/bin/java
01ebb000-01edc000 rw-p 00000000 00:00 0                                  [heap]
77fc00000-781100000 rw-p 00000000 00:00 0 
781100000-784e00000 rw-p 00000000 00:00 0 
784e00000-78a000000 rw-p 00000000 00:00 0 
78a000000-7d6f00000 rw-p 00000000 00:00 0 
7d6f00000-7d9800000 rw-p 00000000 00:00 0 
7d9800000-800000000 rw-p 00000000 00:00 0 
7fb934000000-7fb934022000 rw-p 00000000 00:00 0 
7fb934022000-7fb938000000 ---p 00000000 00:00 0 
7fb93c000000-7fb93c022000 rw-p 00000000 00:00 0 
7fb93c022000-7fb940000000 ---p 00000000 00:00 0 
7fb940000000-7fb9400e4000 rw-p 00000000 00:00 0 
7fb9400e4000-7fb944000000 ---p 00000000 00:00 0 
7fb944000000-7fb944021000 rw-p 00000000 00:00 0 
7fb944021000-7fb948000000 ---p 00000000 00:00 0 
7fb948000000-7fb948022000 rw-p 00000000 00:00 0 
7fb948022000-7fb94c000000 ---p 00000000 00:00 0 
7fb94c000000-7fb94c022000 rw-p 00000000 00:00 0 
7fb94c022000-7fb950000000 ---p 00000000 00:00 0 
7fb950000000-7fb950285000 rw-p 00000000 00:00 0 
7fb950285000-7fb954000000 ---p 00000000 00:00 0 
7fb954000000-7fb954022000 rw-p 00000000 00:00 0 
7fb954022000-7fb958000000 ---p 00000000 00:00 0 
7fb958000000-7fb958022000 rw-p 00000000 00:00 0 
7fb958022000-7fb95c000000 ---p 00000000 00:00 0 
7fb95c000000-7fb95c021000 rw-p 00000000 00:00 0 
7fb95c021000-7fb960000000 ---p 00000000 00:00 0 
7fb960000000-7fb960021000 rw-p 00000000 00:00 0 
7fb960021000-7fb964000000 ---p 00000000 00:00 0 
7fb964000000-7fb966350000 rw-p 00000000 00:00 0 
7fb966350000-7fb968000000 ---p 00000000 00:00 0 
7fb968000000-7fb968021000 rw-p 00000000 00:00 0 
7fb968021000-7fb96c000000 ---p 00000000 00:00 0 
7fb96c000000-7fb96c021000 rw-p 00000000 00:00 0 
7fb96c021000-7fb970000000 ---p 00000000 00:00 0 
7fb970000000-7fb970515000 rw-p 00000000 00:00 0 
7fb970515000-7fb974000000 ---p 00000000 00:00 0 
7fb974000000-7fb974021000 rw-p 00000000 00:00 0 
7fb974021000-7fb978000000 ---p 00000000 00:00 0 
7fb978000000-7fb978021000 rw-p 00000000 00:00 0 
7fb978021000-7fb97c000000 ---p 00000000 00:00 0 
7fb97c000000-7fb97c021000 rw-p 00000000 00:00 0 
7fb97c021000-7fb980000000 ---p 00000000 00:00 0 
7fb980000000-7fb980021000 rw-p 00000000 00:00 0 
7fb980021000-7fb984000000 ---p 00000000 00:00 0 
7fb984000000-7fb984021000 rw-p 00000000 00:00 0 
7fb984021000-7fb988000000 ---p 00000000 00:00 0 
7fb98bfe0000-7fb990000000 rw-p 00000000 00:00 0 
7fb990000000-7fb990021000 rw-p 00000000 00:00 0 
7fb990021000-7fb994000000 ---p 00000000 00:00 0 
7fb994000000-7fb994021000 rw-p 00000000 00:00 0 
7fb994021000-7fb998000000 ---p 00000000 00:00 0 
7fb998000000-7fb998021000 rw-p 00000000 00:00 0 
7fb998021000-7fb99c000000 ---p 00000000 00:00 0 
7fb99dffc000-7fb99dfff000 ---p 00000000 00:00 0 
7fb99dfff000-7fb99e7fd000 rw-p 00000000 00:00 0                          [stack:7088]
7fb99e7fd000-7fb99e800000 ---p 00000000 00:00 0 
7fb99e800000-7fb99effe000 rw-p 00000000 00:00 0                          [stack:7087]
7fb99effe000-7fb99f001000 ---p 00000000 00:00 0 
7fb99f001000-7fb99f7ff000 rw-p 00000000 00:00 0                          [stack:7086]
7fb99f7ff000-7fb99f802000 ---p 00000000 00:00 0 
7fb99f802000-7fb9a0000000 rw-p 00000000 00:00 0                          [stack:7085]
7fb9a0000000-7fb9a0021000 rw-p 00000000 00:00 0 
7fb9a0021000-7fb9a4000000 ---p 00000000 00:00 0 
7fb9a4463000-7fb9a4464000 ---p 00000000 00:00 0 
7fb9a4464000-7fb9a4c64000 rw-p 00000000 00:00 0                          [stack:7084]
7fb9a4c64000-7fb9a4c67000 ---p 00000000 00:00 0 
7fb9a4c67000-7fb9a4d65000 rw-p 00000000 00:00 0                          [stack:7083]
7fb9a4d65000-7fb9a4d68000 ---p 00000000 00:00 0 
7fb9a4d68000-7fb9a5566000 rw-p 00000000 00:00 0                          [stack:7082]
7fb9a5566000-7fb9a557d000 r-xp 00000000 08:02 1318420                    /usr/lib/jvm/java-7-oracle/jre/lib/amd64/libnet.so
7fb9a557d000-7fb9a577c000 ---p 00017000 08:02 1318420                    /usr/lib/jvm/java-7-oracle/jre/lib/amd64/libnet.so
7fb9a577c000-7fb9a577d000 rw-p 00016000 08:02 1318420                    /usr/lib/jvm/java-7-oracle/jre/lib/amd64/libnet.so
7fb9a577d000-7fb9a578d000 r-xp 00000000 08:02 1318421                    /usr/lib/jvm/java-7-oracle/jre/lib/amd64/libnio.so
7fb9a578d000-7fb9a598d000 ---p 00010000 08:02 1318421                    /usr/lib/jvm/java-7-oracle/jre/lib/amd64/libnio.so
7fb9a598d000-7fb9a598e000 rw-p 00010000 08:02 1318421                    /usr/lib/jvm/java-7-oracle/jre/lib/amd64/libnio.so
7fb9a598e000-7fb9a5a09000 rw-p 00000000 00:00 0 
7fb9a5a09000-7fb9a5a0c000 ---p 00000000 00:00 0 
7fb9a5a0c000-7fb9a6285000 rw-p 00000000 00:00 0                          [stack:7081]
7fb9a6285000-7fb9a6288000 ---p 00000000 00:00 0 
7fb9a6288000-7fb9a6b7c000 rw-p 00000000 00:00 0                          [stack:7080]
7fb9a6b7c000-7fb9a6b7d000 ---p 00000000 00:00 0 
7fb9a6b7d000-7fb9a737d000 rw-p 00000000 00:00 0                          [stack:7079]
7fb9a737d000-7fb9a7447000 r-xp 00000000 08:02 1859401                    /home/jazen/gams/libGAMS.so.6.3.0
7fb9a7447000-7fb9a7647000 ---p 000ca000 08:02 1859401                    /home/jazen/gams/libGAMS.so.6.3.0
7fb9a7647000-7fb9a764a000 r--p 000ca000 08:02 1859401                    /home/jazen/gams/libGAMS.so.6.3.0
7fb9a764a000-7fb9a764c000 rw-p 000cd000 08:02 1859401                    /home/jazen/gams/libGAMS.so.6.3.0
7fb9a764c000-7fb9a7839000 r-xp 00000000 08:02 1859117                    /home/jazen/madara/libMADARA.so.6.3.0
7fb9a7839000-7fb9a7a38000 ---p 001ed000 08:02 1859117                    /home/jazen/madara/libMADARA.so.6.3.0
7fb9a7a38000-7fb9a7a3f000 r--p 001ec000 08:02 1859117                    /home/jazen/madara/libMADARA.so.6.3.0
7fb9a7a3f000-7fb9a7a42000 rw-p 001f3000 08:02 1859117                    /home/jazen/madara/libMADARA.so.6.3.0
7fb9a7a42000-7fb9a7bd1000 r-xp 00000000 08:02 1705810                    /home/jazen/ace/ACE_wrappers/ace/libACE.so.6.3.0
7fb9a7bd1000-7fb9a7dd0000 ---p 0018f000 08:02 1705810                    /home/jazen/ace/ACE_wrappers/ace/libACE.so.6.3.0
7fb9a7dd0000-7fb9a7de3000 r--p 0018e000 08:02 1705810                    /home/jazen/ace/ACE_wrappers/ace/libACE.so.6.3.0
7fb9a7de3000-7fb9a7de7000 rw-p 001a1000 08:02 1705810                    /home/jazen/ace/ACE_wrappers/ace/libACE.so.6.3.0
7fb9a7de7000-7fb9a7de9000 rw-p 00000000 00:00 0 
7fb9a7de9000-7fb9a7dff000 r-xp 00000000 08:02 5004209                    /lib/x86_64-linux-gnu/libgcc_s.so.1
7fb9a7dff000-7fb9a7ffe000 ---p 00016000 08:02 5004209                    /lib/x86_64-linux-gnu/libgcc_s.so.1
7fb9a7ffe000-7fb9a7fff000 r--p 00015000 08:02 5004209                    /lib/x86_64-linux-gnu/libgcc_s.so.1
7fb9a7fff000-7fb9a8000000 rw-p 00016000 08:02 5004209                    /lib/x86_64-linux-gnu/libgcc_s.so.1
7fb9a8000000-7fb9a8021000 rw-p 00000000 00:00 0 
7fb9a8021000-7fb9ac000000 ---p 00000000 00:00 0 
7fb9ac04a000-7fb9ac1b7000 r-xp 00000000 08:02 1246485                    /usr/lib/x86_64-linux-gnu/libstdc++.so.6.0.21
7fb9ac1b7000-7fb9ac3b6000 ---p 0016d000 08:02 1246485                    /usr/lib/x86_64-linux-gnu/libstdc++.so.6.0.21
7fb9ac3b6000-7fb9ac3c0000 r--p 0016c000 08:02 1246485                    /usr/lib/x86_64-linux-gnu/libstdc++.so.6.0.21
7fb9ac3c0000-7fb9ac3c2000 rw-p 00176000 08:02 1246485                    /usr/lib/x86_64-linux-gnu/libstdc++.so.6.0.21
7fb9ac3c2000-7fb9ac3c6000 rw-p 00000000 00:00 0 
7fb9ac3fb000-7fb9ac41a000 r-xp 00000000 08:02 1788256                    /home/jazen/v_rep/programming/remoteApiBindings/java/lib/64Bit/libremoteApiJava.so
7fb9ac41a000-7fb9ac61a000 ---p 0001f000 08:02 1788256                    /home/jazen/v_rep/programming/remoteApiBindings/java/lib/64Bit/libremoteApiJava.so
7fb9ac61a000-7fb9ac61b000 r--p 0001f000 08:02 1788256                    /home/jazen/v_rep/programming/remoteApiBindings/java/lib/64Bit/libremoteApiJava.so
7fb9ac61b000-7fb9ac61c000 rw-p 00020000 08:02 1788256                    /home/jazen/v_rep/programming/remoteApiBindings/java/lib/64Bit/libremoteApiJava.so
7fb9ac61c000-7fb9ac631000 rw-p 00000000 00:00 0 
7fb9ac631000-7fb9ac65a000 r--s 001da000 08:02 4244827                    /home/jazen/Documents/Research/Platypus_Software/MyForks/VREP-Boat-Simulator/VrepSimulation/lib/crwlib_core.jar
7fb9ac65a000-7fb9ac66d000 r--s 000df000 08:02 4244826                    /home/jazen/Documents/Research/Platypus_Software/MyForks/VREP-Boat-Simulator/VrepSimulation/lib/commons-math-2.2.jar
7fb9ac66d000-7fb9ac66e000 ---p 00000000 00:00 0 
7fb9ac66e000-7fb9ac76e000 rw-p 00000000 00:00 0                          [stack:7078]
7fb9ac76e000-7fb9ac771000 ---p 00000000 00:00 0 
7fb9ac771000-7fb9ac86f000 rw-p 00000000 00:00 0                          [stack:7077]
7fb9ac86f000-7fb9ac872000 ---p 00000000 00:00 0 
7fb9ac872000-7fb9ac970000 rw-p 00000000 00:00 0                          [stack:7075]
7fb9ac970000-7fb9ac973000 ---p 00000000 00:00 0 
7fb9ac973000-7fb9aca71000 rw-p 00000000 00:00 0                          [stack:7074]
7fb9aca71000-7fb9aca74000 ---p 00000000 00:00 0 
7fb9aca74000-7fb9acb72000 rw-p 00000000 00:00 0                          [stack:7072]
7fb9acb72000-7fb9acb75000 ---p 00000000 00:00 0 
7fb9acb75000-7fb9acc73000 rw-p 00000000 00:00 0                          [stack:7070]
7fb9acc73000-7fb9acc76000 ---p 00000000 00:00 0 
7fb9acc76000-7fb9acd74000 rw-p 00000000 00:00 0                          [stack:7068]
7fb9acd74000-7fb9acd78000 r-xp 00000000 08:02 1318397                    /usr/lib/jvm/java-7-oracle/jre/lib/amd64/libdt_socket.so
7fb9acd78000-7fb9acf77000 ---p 00004000 08:02 1318397                    /usr/lib/jvm/java-7-oracle/jre/lib/amd64/libdt_socket.so
7fb9acf77000-7fb9acf78000 rw-p 00003000 08:02 1318397                    /usr/lib/jvm/java-7-oracle/jre/lib/amd64/libdt_socket.so
7fb9acf78000-7fb9acf7b000 ---p 00000000 00:00 0 
7fb9acf7b000-7fb9ad079000 rw-p 00000000 00:00 0                          [stack:7067]
7fb9ad079000-7fb9ad07c000 ---p 00000000 00:00 0 
7fb9ad07c000-7fb9ad17a000 rw-p 00000000 00:00 0                          [stack:7064]
7fb9ad17a000-7fb9ad17d000 ---p 00000000 00:00 0 
7fb9ad17d000-7fb9ad27b000 rw-p 00000000 00:00 0                          [stack:7063]
7fb9ad27b000-7fb9ad27c000 ---p 00000000 00:00 0 
7fb9ad27c000-7fb9ae37b000 rw-p 00000000 00:00 0                          [stack:7061]
7fb9ae37b000-7fb9ae53b000 r--s 039fb000 08:02 1360694                    /usr/lib/jvm/java-7-oracle/jre/lib/rt.jar
7fb9ae53b000-7fb9ae9b3000 rw-p 00000000 00:00 0 
7fb9ae9b3000-7fb9ae9b4000 ---p 00000000 00:00 0 
7fb9ae9b4000-7fb9aeab4000 rw-p 00000000 00:00 0                          [stack:7060]
7fb9aeab4000-7fb9aeab5000 ---p 00000000 00:00 0 
7fb9aeab5000-7fb9aebb5000 rw-p 00000000 00:00 0                          [stack:7058]
7fb9aebb5000-7fb9aebb6000 ---p 00000000 00:00 0 
7fb9aebb6000-7fb9aecb6000 rw-p 00000000 00:00 0                          [stack:7056]
7fb9aecb6000-7fb9aecb7000 ---p 00000000 00:00 0 
7fb9aecb7000-7fb9aede0000 rw-p 00000000 00:00 0                          [stack:7054]
7fb9aede0000-7fb9af048000 rw-p 00000000 00:00 0 
7fb9af048000-7fb9af053000 rw-p 00000000 00:00 0 
7fb9af053000-7fb9af071000 rw-p 00000000 00:00 0 
7fb9af071000-7fb9af09a000 rw-p 00000000 00:00 0 
7fb9af09a000-7fb9af301000 rw-p 00000000 00:00 0 
7fb9af301000-7fb9af316000 rw-p 00000000 00:00 0 
7fb9af316000-7fb9af44a000 rw-p 00000000 00:00 0 
7fb9af44a000-7fb9af44b000 rw-p 00000000 00:00 0 
7fb9af44b000-7fb9af6bb000 rwxp 00000000 00:00 0 
7fb9af6bb000-7fb9b244b000 rw-p 00000000 00:00 0 
7fb9b244b000-7fb9b2462000 r-xp 00000000 08:02 1318427                    /usr/lib/jvm/java-7-oracle/jre/lib/amd64/libzip.so
7fb9b2462000-7fb9b2662000 ---p 00017000 08:02 1318427                    /usr/lib/jvm/java-7-oracle/jre/lib/amd64/libzip.so
7fb9b2662000-7fb9b2663000 rw-p 00017000 08:02 1318427                    /usr/lib/jvm/java-7-oracle/jre/lib/amd64/libzip.so
7fb9b2663000-7fb9b266e000 r-xp 00000000 08:02 4980826                    /lib/x86_64-linux-gnu/libnss_files-2.19.so
7fb9b266e000-7fb9b286d000 ---p 0000b000 08:02 4980826                    /lib/x86_64-linux-gnu/libnss_files-2.19.so
7fb9b286d000-7fb9b286e000 r--p 0000a000 08:02 4980826                    /lib/x86_64-linux-gnu/libnss_files-2.19.so
7fb9b286e000-7fb9b286f000 rw-p 0000b000 08:02 4980826                    /lib/x86_64-linux-gnu/libnss_files-2.19.so
7fb9b286f000-7fb9b287a000 r-xp 00000000 08:02 4987156                    /lib/x86_64-linux-gnu/libnss_nis-2.19.so
7fb9b287a000-7fb9b2a79000 ---p 0000b000 08:02 4987156                    /lib/x86_64-linux-gnu/libnss_nis-2.19.so
7fb9b2a79000-7fb9b2a7a000 r--p 0000a000 08:02 4987156                    /lib/x86_64-linux-gnu/libnss_nis-2.19.so
7fb9b2a7a000-7fb9b2a7b000 rw-p 0000b000 08:02 4987156                    /lib/x86_64-linux-gnu/libnss_nis-2.19.so
7fb9b2a7b000-7fb9b2a92000 r-xp 00000000 08:02 4980835                    /lib/x86_64-linux-gnu/libnsl-2.19.so
7fb9b2a92000-7fb9b2c91000 ---p 00017000 08:02 4980835                    /lib/x86_64-linux-gnu/libnsl-2.19.so
7fb9b2c91000-7fb9b2c92000 r--p 00016000 08:02 4980835                    /lib/x86_64-linux-gnu/libnsl-2.19.so
7fb9b2c92000-7fb9b2c93000 rw-p 00017000 08:02 4980835                    /lib/x86_64-linux-gnu/libnsl-2.19.so
7fb9b2c93000-7fb9b2c95000 rw-p 00000000 00:00 0 
7fb9b2c95000-7fb9b2c9e000 r-xp 00000000 08:02 4980834                    /lib/x86_64-linux-gnu/libnss_compat-2.19.so
7fb9b2c9e000-7fb9b2e9d000 ---p 00009000 08:02 4980834                    /lib/x86_64-linux-gnu/libnss_compat-2.19.so
7fb9b2e9d000-7fb9b2e9e000 r--p 00008000 08:02 4980834                    /lib/x86_64-linux-gnu/libnss_compat-2.19.so
7fb9b2e9e000-7fb9b2e9f000 rw-p 00009000 08:02 4980834                    /lib/x86_64-linux-gnu/libnss_compat-2.19.so
7fb9b2e9f000-7fb9b3581000 r--p 00000000 08:02 1186808                    /usr/lib/locale/locale-archive
7fb9b3581000-7fb9b3583000 r-xp 00000000 08:02 1318419                    /usr/lib/jvm/java-7-oracle/jre/lib/amd64/libnpt.so
7fb9b3583000-7fb9b3783000 ---p 00002000 08:02 1318419                    /usr/lib/jvm/java-7-oracle/jre/lib/amd64/libnpt.so
7fb9b3783000-7fb9b3784000 rw-p 00002000 08:02 1318419                    /usr/lib/jvm/java-7-oracle/jre/lib/amd64/libnpt.so
7fb9b3784000-7fb9b37bd000 r-xp 00000000 08:02 1318431                    /usr/lib/jvm/java-7-oracle/jre/lib/amd64/libjdwp.so
7fb9b37bd000-7fb9b39bd000 ---p 00039000 08:02 1318431                    /usr/lib/jvm/java-7-oracle/jre/lib/amd64/libjdwp.so
7fb9b39bd000-7fb9b39be000 rw-p 00039000 08:02 1318431                    /usr/lib/jvm/java-7-oracle/jre/lib/amd64/libjdwp.so
7fb9b39be000-7fb9b39bf000 rw-p 00000000 00:00 0 
7fb9b39bf000-7fb9b39e8000 r-xp 00000000 08:02 1318400                    /usr/lib/jvm/java-7-oracle/jre/lib/amd64/libjava.so
7fb9b39e8000-7fb9b3be8000 ---p 00029000 08:02 1318400                    /usr/lib/jvm/java-7-oracle/jre/lib/amd64/libjava.so
7fb9b3be8000-7fb9b3bea000 rw-p 00029000 08:02 1318400                    /usr/lib/jvm/java-7-oracle/jre/lib/amd64/libjava.so
7fb9b3bea000-7fb9b3bf7000 r-xp 00000000 08:02 1318438                    /usr/lib/jvm/java-7-oracle/jre/lib/amd64/libverify.so
7fb9b3bf7000-7fb9b3df6000 ---p 0000d000 08:02 1318438                    /usr/lib/jvm/java-7-oracle/jre/lib/amd64/libverify.so
7fb9b3df6000-7fb9b3df8000 rw-p 0000c000 08:02 1318438                    /usr/lib/jvm/java-7-oracle/jre/lib/amd64/libverify.so
7fb9b3df8000-7fb9b3dff000 r-xp 00000000 08:02 4984752                    /lib/x86_64-linux-gnu/librt-2.19.so
7fb9b3dff000-7fb9b3ffe000 ---p 00007000 08:02 4984752                    /lib/x86_64-linux-gnu/librt-2.19.so
7fb9b3ffe000-7fb9b3fff000 r--p 00006000 08:02 4984752                    /lib/x86_64-linux-gnu/librt-2.19.so
7fb9b3fff000-7fb9b4000000 rw-p 00007000 08:02 4984752                    /lib/x86_64-linux-gnu/librt-2.19.so
7fb9b4000000-7fb9b421c000 rw-p 00000000 00:00 0 
7fb9b421c000-7fb9b8000000 ---p 00000000 00:00 0 
7fb9b8008000-7fb9b8017000 r--s 00098000 08:02 4244888                    /home/jazen/Documents/Research/Platypus_Software/MyForks/VREP-Boat-Simulator/VrepSimulation/lib/jscience-4.3.jar
7fb9b8017000-7fb9b801b000 r--s 0003c000 08:02 4244883                    /home/jazen/Documents/Research/Platypus_Software/MyForks/VREP-Boat-Simulator/VrepSimulation/lib/madara.jar
7fb9b801b000-7fb9b80c7000 rw-p 00000000 00:00 0 
7fb9b80c7000-7fb9b81cc000 r-xp 00000000 08:02 4980825                    /lib/x86_64-linux-gnu/libm-2.19.so
7fb9b81cc000-7fb9b83cb000 ---p 00105000 08:02 4980825                    /lib/x86_64-linux-gnu/libm-2.19.so
7fb9b83cb000-7fb9b83cc000 r--p 00104000 08:02 4980825                    /lib/x86_64-linux-gnu/libm-2.19.so
7fb9b83cc000-7fb9b83cd000 rw-p 00105000 08:02 4980825                    /lib/x86_64-linux-gnu/libm-2.19.so
7fb9b83cd000-7fb9b8f43000 r-xp 00000000 08:02 1318388                    /usr/lib/jvm/java-7-oracle/jre/lib/amd64/server/libjvm.so
7fb9b8f43000-7fb9b9142000 ---p 00b76000 08:02 1318388                    /usr/lib/jvm/java-7-oracle/jre/lib/amd64/server/libjvm.so
7fb9b9142000-7fb9b9206000 rw-p 00b75000 08:02 1318388                    /usr/lib/jvm/java-7-oracle/jre/lib/amd64/server/libjvm.so
7fb9b9206000-7fb9b9247000 rw-p 00000000 00:00 0 
7fb9b9247000-7fb9b9402000 r-xp 00000000 08:02 4980840                    /lib/x86_64-linux-gnu/libc-2.19.so
7fb9b9402000-7fb9b9601000 ---p 001bb000 08:02 4980840                    /lib/x86_64-linux-gnu/libc-2.19.so
7fb9b9601000-7fb9b9605000 r--p 001ba000 08:02 4980840                    /lib/x86_64-linux-gnu/libc-2.19.so
7fb9b9605000-7fb9b9607000 rw-p 001be000 08:02 4980840                    /lib/x86_64-linux-gnu/libc-2.19.so
7fb9b9607000-7fb9b960c000 rw-p 00000000 00:00 0 
7fb9b960c000-7fb9b960f000 r-xp 00000000 08:02 4980829                    /lib/x86_64-linux-gnu/libdl-2.19.so
7fb9b960f000-7fb9b980e000 ---p 00003000 08:02 4980829                    /lib/x86_64-linux-gnu/libdl-2.19.so
7fb9b980e000-7fb9b980f000 r--p 00002000 08:02 4980829                    /lib/x86_64-linux-gnu/libdl-2.19.so
7fb9b980f000-7fb9b9810000 rw-p 00003000 08:02 4980829                    /lib/x86_64-linux-gnu/libdl-2.19.so
7fb9b9810000-7fb9b9825000 r-xp 00000000 08:02 1364427                    /usr/lib/jvm/java-7-oracle/lib/amd64/jli/libjli.so
7fb9b9825000-7fb9b9a24000 ---p 00015000 08:02 1364427                    /usr/lib/jvm/java-7-oracle/lib/amd64/jli/libjli.so
7fb9b9a24000-7fb9b9a25000 rw-p 00014000 08:02 1364427                    /usr/lib/jvm/java-7-oracle/lib/amd64/jli/libjli.so
7fb9b9a25000-7fb9b9a3e000 r-xp 00000000 08:02 4984658                    /lib/x86_64-linux-gnu/libpthread-2.19.so
7fb9b9a3e000-7fb9b9c3d000 ---p 00019000 08:02 4984658                    /lib/x86_64-linux-gnu/libpthread-2.19.so
7fb9b9c3d000-7fb9b9c3e000 r--p 00018000 08:02 4984658                    /lib/x86_64-linux-gnu/libpthread-2.19.so
7fb9b9c3e000-7fb9b9c3f000 rw-p 00019000 08:02 4984658                    /lib/x86_64-linux-gnu/libpthread-2.19.so
7fb9b9c3f000-7fb9b9c43000 rw-p 00000000 00:00 0 
7fb9b9c43000-7fb9b9c66000 r-xp 00000000 08:02 4980837                    /lib/x86_64-linux-gnu/ld-2.19.so
7fb9b9c66000-7fb9b9c69000 r--s 0001f000 08:02 4244884                    /home/jazen/Documents/Research/Platypus_Software/MyForks/VREP-Boat-Simulator/VrepSimulation/lib/gams.jar
7fb9b9c69000-7fb9b9c73000 rw-p 00000000 00:00 0 
7fb9b9c73000-7fb9b9d29000 rw-p 00000000 00:00 0 
7fb9b9d29000-7fb9b9d2c000 ---p 00000000 00:00 0 
7fb9b9d2c000-7fb9b9e2f000 rw-p 00000000 00:00 0                          [stack:7053]
7fb9b9e2f000-7fb9b9e30000 r--s 00008000 08:02 4244887                    /home/jazen/Documents/Research/Platypus_Software/MyForks/VREP-Boat-Simulator/VrepSimulation/lib/Jama-1.0.3.jar
7fb9b9e30000-7fb9b9e3b000 rw-p 00000000 00:00 0 
7fb9b9e3b000-7fb9b9e59000 rw-p 00000000 00:00 0 
7fb9b9e59000-7fb9b9e61000 rw-s 00000000 08:02 5129631                    /tmp/hsperfdata_jazen/7051
7fb9b9e61000-7fb9b9e62000 rw-p 00000000 00:00 0 
7fb9b9e62000-7fb9b9e63000 r--p 00000000 00:00 0 
7fb9b9e63000-7fb9b9e65000 rw-p 00000000 00:00 0 
7fb9b9e65000-7fb9b9e66000 r--p 00022000 08:02 4980837                    /lib/x86_64-linux-gnu/ld-2.19.so
7fb9b9e66000-7fb9b9e67000 rw-p 00023000 08:02 4980837                    /lib/x86_64-linux-gnu/ld-2.19.so
7fb9b9e67000-7fb9b9e68000 rw-p 00000000 00:00 0 
7ffd189c5000-7ffd189e7000 rw-p 00000000 00:00 0                          [stack]
7ffd189f9000-7ffd189fb000 r-xp 00000000 00:00 0                          [vdso]
ffffffffff600000-ffffffffff601000 r-xp 00000000 00:00 0                  [vsyscall]

VM Arguments:
jvm_args: -Xdebug -Xrunjdwp:transport=dt_socket,address=localhost:45034 -Dfile.encoding=UTF-8 -Djava.library.path=/home/jazen/v_rep/programming/remoteApiBindings/java/lib/64Bit:/home/jazen/ace/ACE_wrappers/ace:/home/jazen/madara:/home/jazen/gams:/home/jazen/gams/lib
 
java_command: vrepSim.vrepSimMain
Launcher Type: SUN_STANDARD

Environment Variables:
JAVA_HOME=/usr/lib/jvm/java-7-oracle
PATH=/home/jazen/ace/ACE_wrappers/bin:/home/jazen/bin:/opt/ros/indigo/bin:/home/jazen/bin:/usr/local/sbin:/usr/local/bin:/usr/sbin:/usr/bin:/sbin:/bin:/usr/games:/usr/local/games
LD_LIBRARY_PATH=/usr/lib/jvm/java-8-oracle/jre/lib/amd64:/usr/lib/jvm/java-8-oracle/jre/lib/i386:/home/jazen/ace/ACE_wrappers/lib:/home/jazen/madara/lib:/home/jazen/gams/lib:/opt/ros/indigo/lib:/opt/ros/indigo/lib/x86_64-linux-gnu
SHELL=/bin/bash
DISPLAY=:0

Signal Handlers:
SIGSEGV: [libjvm.so+0x9a3b20], sa_mask[0]=0x7ffbfeff, sa_flags=0x10000004
SIGBUS: [libjvm.so+0x9a3b20], sa_mask[0]=0x7ffbfeff, sa_flags=0x10000004
SIGFPE: [libjvm.so+0x81e740], sa_mask[0]=0x7ffbfeff, sa_flags=0x10000004
SIGPIPE: [libjvm.so+0x81e740], sa_mask[0]=0x7ffbfeff, sa_flags=0x10000004
SIGXFSZ: [libjvm.so+0x81e740], sa_mask[0]=0x7ffbfeff, sa_flags=0x10000004
SIGILL: [libjvm.so+0x81e740], sa_mask[0]=0x7ffbfeff, sa_flags=0x10000004
SIGUSR1: SIG_DFL, sa_mask[0]=0x00000000, sa_flags=0x00000000
SIGUSR2: [libjvm.so+0x81ffb0], sa_mask[0]=0x00000004, sa_flags=0x10000004
SIGHUP: [libjvm.so+0x8210d0], sa_mask[0]=0x7ffbfeff, sa_flags=0x10000004
SIGINT: SIG_IGN, sa_mask[0]=0x00000000, sa_flags=0x00000000
SIGTERM: [libjvm.so+0x8210d0], sa_mask[0]=0x7ffbfeff, sa_flags=0x10000004
SIGQUIT: [libjvm.so+0x8210d0], sa_mask[0]=0x7ffbfeff, sa_flags=0x10000004


---------------  S Y S T E M  ---------------

OS:jessie/sid

uname:Linux 3.13.0-62-generic #102-Ubuntu SMP Tue Aug 11 14:29:36 UTC 2015 x86_64
libc:glibc 2.19 NPTL 2.19 
rlimit: STACK 8192k, CORE 0k, NPROC 61293, NOFILE 4096, AS infinity
load average:4.12 3.89 2.86

/proc/meminfo:
MemTotal:        8063700 kB
MemFree:          512112 kB
Buffers:          158376 kB
Cached:          2427900 kB
SwapCached:            0 kB
Active:          5339064 kB
Inactive:        1926672 kB
Active(anon):    4687592 kB
Inactive(anon):   820788 kB
Active(file):     651472 kB
Inactive(file):  1105884 kB
Unevictable:          88 kB
Mlocked:              88 kB
SwapTotal:       8274940 kB
SwapFree:        8274940 kB
Dirty:              2416 kB
Writeback:             0 kB
AnonPages:       4679556 kB
Mapped:           581840 kB
Shmem:            828924 kB
Slab:             147612 kB
SReclaimable:     109004 kB
SUnreclaim:        38608 kB
KernelStack:        5592 kB
PageTables:        48652 kB
NFS_Unstable:          0 kB
Bounce:                0 kB
WritebackTmp:          0 kB
CommitLimit:    12306788 kB
Committed_AS:   10908996 kB
VmallocTotal:   34359738367 kB
VmallocUsed:      361752 kB
VmallocChunk:   34359369304 kB
HardwareCorrupted:     0 kB
AnonHugePages:   2711552 kB
HugePages_Total:       0
HugePages_Free:        0
HugePages_Rsvd:        0
HugePages_Surp:        0
Hugepagesize:       2048 kB
DirectMap4k:       71216 kB
DirectMap2M:     1912832 kB
DirectMap1G:     6291456 kB


CPU:total 4 (2 cores per cpu, 2 threads per core) family 6 model 69 stepping 1, cmov, cx8, fxsr, mmx, sse, sse2, sse3, ssse3, sse4.1, sse4.2, popcnt, avx, avx2, aes, erms, ht, tsc, tscinvbit

/proc/cpuinfo:
processor	: 0
vendor_id	: GenuineIntel
cpu family	: 6
model		: 69
model name	: Intel(R) Core(TM) i5-4210U CPU @ 1.70GHz
stepping	: 1
microcode	: 0x17
cpu MHz		: 1700.000
cache size	: 3072 KB
physical id	: 0
siblings	: 4
core id		: 0
cpu cores	: 2
apicid		: 0
initial apicid	: 0
fpu		: yes
fpu_exception	: yes
cpuid level	: 13
wp		: yes
flags		: fpu vme de pse tsc msr pae mce cx8 apic sep mtrr pge mca cmov pat pse36 clflush dts acpi mmx fxsr sse sse2 ss ht tm pbe syscall nx pdpe1gb rdtscp lm constant_tsc arch_perfmon pebs bts rep_good nopl xtopology nonstop_tsc aperfmperf eagerfpu pni pclmulqdq dtes64 monitor ds_cpl vmx est tm2 ssse3 fma cx16 xtpr pdcm pcid sse4_1 sse4_2 movbe popcnt tsc_deadline_timer aes xsave avx f16c rdrand lahf_lm abm ida arat epb xsaveopt pln pts dtherm tpr_shadow vnmi flexpriority ept vpid fsgsbase tsc_adjust bmi1 avx2 smep bmi2 erms invpcid
bogomips	: 4788.85
clflush size	: 64
cache_alignment	: 64
address sizes	: 39 bits physical, 48 bits virtual
power management:

processor	: 1
vendor_id	: GenuineIntel
cpu family	: 6
model		: 69
model name	: Intel(R) Core(TM) i5-4210U CPU @ 1.70GHz
stepping	: 1
microcode	: 0x17
cpu MHz		: 1700.000
cache size	: 3072 KB
physical id	: 0
siblings	: 4
core id		: 1
cpu cores	: 2
apicid		: 2
initial apicid	: 2
fpu		: yes
fpu_exception	: yes
cpuid level	: 13
wp		: yes
flags		: fpu vme de pse tsc msr pae mce cx8 apic sep mtrr pge mca cmov pat pse36 clflush dts acpi mmx fxsr sse sse2 ss ht tm pbe syscall nx pdpe1gb rdtscp lm constant_tsc arch_perfmon pebs bts rep_good nopl xtopology nonstop_tsc aperfmperf eagerfpu pni pclmulqdq dtes64 monitor ds_cpl vmx est tm2 ssse3 fma cx16 xtpr pdcm pcid sse4_1 sse4_2 movbe popcnt tsc_deadline_timer aes xsave avx f16c rdrand lahf_lm abm ida arat epb xsaveopt pln pts dtherm tpr_shadow vnmi flexpriority ept vpid fsgsbase tsc_adjust bmi1 avx2 smep bmi2 erms invpcid
bogomips	: 4788.85
clflush size	: 64
cache_alignment	: 64
address sizes	: 39 bits physical, 48 bits virtual
power management:

processor	: 2
vendor_id	: GenuineIntel
cpu family	: 6
model		: 69
model name	: Intel(R) Core(TM) i5-4210U CPU @ 1.70GHz
stepping	: 1
microcode	: 0x17
cpu MHz		: 1400.000
cache size	: 3072 KB
physical id	: 0
siblings	: 4
core id		: 0
cpu cores	: 2
apicid		: 1
initial apicid	: 1
fpu		: yes
fpu_exception	: yes
cpuid level	: 13
wp		: yes
flags		: fpu vme de pse tsc msr pae mce cx8 apic sep mtrr pge mca cmov pat pse36 clflush dts acpi mmx fxsr sse sse2 ss ht tm pbe syscall nx pdpe1gb rdtscp lm constant_tsc arch_perfmon pebs bts rep_good nopl xtopology nonstop_tsc aperfmperf eagerfpu pni pclmulqdq dtes64 monitor ds_cpl vmx est tm2 ssse3 fma cx16 xtpr pdcm pcid sse4_1 sse4_2 movbe popcnt tsc_deadline_timer aes xsave avx f16c rdrand lahf_lm abm ida arat epb xsaveopt pln pts dtherm tpr_shadow vnmi flexpriority ept vpid fsgsbase tsc_adjust bmi1 avx2 smep bmi2 erms invpcid
bogomips	: 4788.85
clflush size	: 64
cache_alignment	: 64
address sizes	: 39 bits physical, 48 bits virtual
power management:

processor	: 3
vendor_id	: GenuineIntel
cpu family	: 6
model		: 69
model name	: Intel(R) Core(TM) i5-4210U CPU @ 1.70GHz
stepping	: 1
microcode	: 0x17
cpu MHz		: 1700.000
cache size	: 3072 KB
physical id	: 0
siblings	: 4
core id		: 1
cpu cores	: 2
apicid		: 3
initial apicid	: 3
fpu		: yes
fpu_exception	: yes
cpuid level	: 13
wp		: yes
flags		: fpu vme de pse tsc msr pae mce cx8 apic sep mtrr pge mca cmov pat pse36 clflush dts acpi mmx fxsr sse sse2 ss ht tm pbe syscall nx pdpe1gb rdtscp lm constant_tsc arch_perfmon pebs bts rep_good nopl xtopology nonstop_tsc aperfmperf eagerfpu pni pclmulqdq dtes64 monitor ds_cpl vmx est tm2 ssse3 fma cx16 xtpr pdcm pcid sse4_1 sse4_2 movbe popcnt tsc_deadline_timer aes xsave avx f16c rdrand lahf_lm abm ida arat epb xsaveopt pln pts dtherm tpr_shadow vnmi flexpriority ept vpid fsgsbase tsc_adjust bmi1 avx2 smep bmi2 erms invpcid
bogomips	: 4788.85
clflush size	: 64
cache_alignment	: 64
address sizes	: 39 bits physical, 48 bits virtual
power management:



Memory: 4k page, physical 8063700k(512112k free), swap 8274940k(8274940k free)

vm_info: Java HotSpot(TM) 64-Bit Server VM (24.80-b11) for linux-amd64 JRE (1.7.0_80-b15), built on Apr 10 2015 19:53:14 by "java_re" with gcc 4.3.0 20080428 (Red Hat 4.3.0-8)

time: Tue Aug 18 23:20:55 2015
elapsed time: 27 seconds

