#
# A fatal error has been detected by the Java Runtime Environment:
#
#  SIGSEGV (0xb) at pc=0x00007fa9c6e02ba0, pid=6795, tid=140367123613440
#
# JRE version: Java(TM) SE Runtime Environment (7.0_80-b15) (build 1.7.0_80-b15)
# Java VM: Java HotSpot(TM) 64-Bit Server VM (24.80-b11 mixed mode linux-amd64 compressed oops)
# Problematic frame:
# C  [libGAMS.so.6.3.0+0x37ba0]  Java_com_gams_utility_Position_jni_1getX+0x0
#
# Failed to write core dump. Core dumps have been disabled. To enable core dumping, try "ulimit -c unlimited" before starting Java again
#
# If you would like to submit a bug report, please visit:
#   http://bugreport.java.com/bugreport/crash.jsp
# The crash happened outside the Java Virtual Machine in native code.
# See problematic frame for where to report the bug.
#

---------------  T H R E A D  ---------------

Current thread (0x00007fa9d0216000):  JavaThread "Thread-2" [_thread_in_native, id=6823, stack(0x00007fa9c47a8000,0x00007fa9c48a9000)]

siginfo:si_signo=SIGSEGV: si_errno=0, si_code=1 (SEGV_MAPERR), si_addr=0x0000000000000008

Registers:
RAX=0x00007fa9c6e02ba0, RBX=0x000000077feb5548, RCX=0x00007fa9d979d320, RDX=0x0000000000000000
RSP=0x00007fa9c48a6a88, RBP=0x00007fa9c48a6ae8, RSI=0x00007fa9c48a6b18, RDI=0x00007fa9d02161e8
R8 =0x0000000000000001, R9 =0x0000000000005300, R10=0x00007fa9cd018c0d, R11=0x00007fa9d87e1940
R12=0x0000000000000000, R13=0x000000077feb5548, R14=0x00007fa9c48a6b18, R15=0x00007fa9d0216000
RIP=0x00007fa9c6e02ba0, EFLAGS=0x0000000000010287, CSGSFS=0x0000000000000033, ERR=0x0000000000000004
  TRAPNO=0x000000000000000e

Top of Stack: (sp=0x00007fa9c48a6a88)
0x00007fa9c48a6a88:   00007fa9cd018c39 00007fa9c48a6ae8
0x00007fa9c48a6a98:   00007fa9cd018848 00007fa9cd018806
0x00007fa9c48a6aa8:   00007fa9c48a6aa8 000000077feb5548
0x00007fa9c48a6ab8:   00007fa9c48a6b18 000000077feb85c0
0x00007fa9c48a6ac8:   0000000000000000 000000077feb5548
0x00007fa9c48a6ad8:   0000000000000000 00007fa9c48a6b08
0x00007fa9c48a6ae8:   00007fa9c48a6b60 00007fa9cd006137
0x00007fa9c48a6af8:   0000000000000000 00007fa9cd012f3a
0x00007fa9c48a6b08:   0000000000000000 00000007d7966020
0x00007fa9c48a6b18:   00000007d7966020 00007fa9c48a6b20
0x00007fa9c48a6b28:   000000077feb60d5 00007fa9c48a6b70
0x00007fa9c48a6b38:   000000077feb85c0 0000000000000000
0x00007fa9c48a6b48:   000000077feb60e0 00007fa9c48a6b08
0x00007fa9c48a6b58:   00007fa9c48a6b70 00007fa9c48a6bc8
0x00007fa9c48a6b68:   00007fa9cd006137 00000007d7966020
0x00007fa9c48a6b78:   0000000000000000 00000007d79669e8
0x00007fa9c48a6b88:   00007fa9c48a6b88 000000077feb65b7
0x00007fa9c48a6b98:   00007fa9c48a6be0 000000077feb85c0
0x00007fa9c48a6ba8:   0000000000000000 000000077feb65d8
0x00007fa9c48a6bb8:   00007fa9c48a6b70 00007fa9c48a6be0
0x00007fa9c48a6bc8:   00007fa9c48a6c28 00007fa9cd0062b3
0x00007fa9c48a6bd8:   00000007d79669e8 00000007d7966020
0x00007fa9c48a6be8:   00007fa9c48a6be8 000000077fefe8cc
0x00007fa9c48a6bf8:   00007fa9c48a6c68 000000077ff65568
0x00007fa9c48a6c08:   0000000000000000 000000077fefe9a8
0x00007fa9c48a6c18:   00007fa9c48a6be0 00007fa9c48a6c50
0x00007fa9c48a6c28:   00007fa9c48a6cd0 00007fa9cd0004e7
0x00007fa9c48a6c38:   0000000000000000 00000007d7966998
0x00007fa9c48a6c48:   00000007d79669c0 3fb999999999999a
0x00007fa9c48a6c58:   404437f09bfb7be1 00000007d7966928
0x00007fa9c48a6c68:   00000007d7208898 00007fa900001fa0
0x00007fa9c48a6c78:   00007fa9c48a6fc0 00007fa9c48a6d50 

Instructions: (pc=0x00007fa9c6e02ba0)
0x00007fa9c6e02b80:   24 1f e8 69 fd ff ff 48 89 ef e8 31 91 ff ff 48
0x00007fa9c6e02b90:   89 c5 48 8b 1d 37 51 29 00 eb d4 0f 1f 44 00 00
0x00007fa9c6e02ba0:   f2 0f 10 42 08 c3 66 2e 0f 1f 84 00 00 00 00 00
0x00007fa9c6e02bb0:   f2 0f 10 42 10 c3 66 2e 0f 1f 84 00 00 00 00 00 

Register to memory mapping:

RAX=0x00007fa9c6e02ba0: Java_com_gams_utility_Position_jni_1getX+0 in /home/jazen/gams/libGAMS.so.6.3.0 at 0x00007fa9c6dcb000
RBX=0x000000077feb5548 is an oop
{method} 
 - klass: {other class}
RCX=0x00007fa9d979d320: <offset 0x219320> in /lib/x86_64-linux-gnu/libpthread.so.0 at 0x00007fa9d9584000
RDX=0x0000000000000000 is an unknown value
RSP=0x00007fa9c48a6a88 is pointing into the stack for thread: 0x00007fa9d0216000
RBP=0x00007fa9c48a6ae8 is pointing into the stack for thread: 0x00007fa9d0216000
RSI=0x00007fa9c48a6b18 is pointing into the stack for thread: 0x00007fa9d0216000
RDI=0x00007fa9d02161e8 is an unknown value
R8 =0x0000000000000001 is an unknown value
R9 =0x0000000000005300 is an unknown value
R10=0x00007fa9cd018c0d is at code_begin+1197 in an Interpreter codelet
method entry point (kind = native)  [0x00007fa9cd018760, 0x00007fa9cd019560]  3584 bytes
R11=0x00007fa9d87e1940: <offset 0x8b5940> in /usr/lib/jvm/java-7-oracle/jre/lib/amd64/server/libjvm.so at 0x00007fa9d7f2c000
R12=0x0000000000000000 is an unknown value
R13=0x000000077feb5548 is an oop
{method} 
 - klass: {other class}
R14=0x00007fa9c48a6b18 is pointing into the stack for thread: 0x00007fa9d0216000
R15=0x00007fa9d0216000 is a thread


Stack: [0x00007fa9c47a8000,0x00007fa9c48a9000],  sp=0x00007fa9c48a6a88,  free space=1018k
Native frames: (J=compiled Java code, j=interpreted, Vv=VM code, C=native code)
C  [libGAMS.so.6.3.0+0x37ba0]  Java_com_gams_utility_Position_jni_1getX+0x0
j  com.gams.utility.Position.getX()D+5
j  com.gams.utility.Position.toArray()[D+7
j  vrepSim.LutraPlatform.move(Lcom/gams/utility/Position;D)I+20
v  ~StubRoutines::call_stub
V  [libjvm.so+0x6020a5]  JavaCalls::call_helper(JavaValue*, methodHandle*, JavaCallArguments*, Thread*)+0x365
V  [libjvm.so+0x600b08]  JavaCalls::call(JavaValue*, methodHandle, JavaCallArguments*, Thread*)+0x28
V  [libjvm.so+0x63b684]  jni_invoke_nonstatic(JNIEnv_*, JavaValue*, _jobject*, JNICallType, _jmethodID*, JNI_ArgumentPusher*, Thread*)+0x2b4
V  [libjvm.so+0x64bd29]  jni_CallIntMethodV+0xe9

Java frames: (J=compiled Java code, j=interpreted, Vv=VM code)
j  com.gams.utility.Position.jni_getX(J)D+0
j  com.gams.utility.Position.getX()D+5
j  com.gams.utility.Position.toArray()[D+7
j  vrepSim.LutraPlatform.move(Lcom/gams/utility/Position;D)I+20
v  ~StubRoutines::call_stub
j  com.gams.controllers.BaseController.jni_run(JDD)J+0
j  com.gams.controllers.BaseController.run(DD)J+7
j  vrepSim.LutraGAMS$1.run()V+13
j  java.lang.Thread.run()V+11
v  ~StubRoutines::call_stub

---------------  P R O C E S S  ---------------

Java Threads: ( => current thread )
  0x00007fa960003000 JavaThread "Thread-7" [_thread_in_native, id=6826, stack(0x00007fa9b27dd000,0x00007fa9b2fde000)]
  0x00007fa95c003000 JavaThread "Thread-6" [_thread_in_native, id=6828, stack(0x00007fa9b17db000,0x00007fa9b1fdc000)]
  0x00007fa968003000 JavaThread "Thread-5" [_thread_blocked, id=6827, stack(0x00007fa9b1fdc000,0x00007fa9b27dd000)]
  0x00007fa964003000 JavaThread "Thread-4" [_thread_in_native, id=6825, stack(0x00007fa9b2fde000,0x00007fa9b37df000)]
  0x00007fa978003000 JavaThread "Thread-3" [_thread_in_native, id=6822, stack(0x00007fa9c48a9000,0x00007fa9c50aa000)]
=>0x00007fa9d0216000 JavaThread "Thread-2" [_thread_in_native, id=6823, stack(0x00007fa9c47a8000,0x00007fa9c48a9000)]
  0x00007fa974003000 JavaThread "Thread-1" [_thread_in_native, id=6820, stack(0x00007fa9c5dc9000,0x00007fa9c65ca000)]
  0x00007fa980003000 JavaThread "Thread-0" [_thread_in_native, id=6821, stack(0x00007fa9c554d000,0x00007fa9c5d4e000)]
  0x00007fa9d00ab800 JavaThread "Service Thread" daemon [_thread_blocked, id=6817, stack(0x00007fa9cc1f0000,0x00007fa9cc2f1000)]
  0x00007fa9d00a9800 JavaThread "C2 CompilerThread1" daemon [_thread_blocked, id=6816, stack(0x00007fa9cc2f1000,0x00007fa9cc3f2000)]
  0x00007fa9d00a6800 JavaThread "C2 CompilerThread0" daemon [_thread_blocked, id=6815, stack(0x00007fa9cc3f2000,0x00007fa9cc4f3000)]
  0x00007fa9a0001000 JavaThread "JDWP Command Reader" daemon [_thread_in_native, id=6813, stack(0x00007fa9cc4f3000,0x00007fa9cc5f4000)]
  0x00007fa9d00a4000 JavaThread "JDWP Event Helper Thread" daemon [_thread_blocked, id=6812, stack(0x00007fa9cc5f4000,0x00007fa9cc6f5000)]
  0x00007fa9d00a0800 JavaThread "JDWP Transport Listener: dt_socket" daemon [_thread_blocked, id=6809, stack(0x00007fa9cc6f5000,0x00007fa9cc7f6000)]
  0x00007fa9d0093000 JavaThread "Signal Dispatcher" daemon [_thread_blocked, id=6808, stack(0x00007fa9cc9fa000,0x00007fa9ccafb000)]
  0x00007fa9d0073000 JavaThread "Finalizer" daemon [_thread_blocked, id=6806, stack(0x00007fa9ccafb000,0x00007fa9ccbfc000)]
  0x00007fa9d0071000 JavaThread "Reference Handler" daemon [_thread_blocked, id=6805, stack(0x00007fa9ccbfc000,0x00007fa9cccfd000)]
  0x00007fa9d000c800 JavaThread "main" [_thread_in_Java, id=6797, stack(0x00007fa9d9888000,0x00007fa9d9989000)]

Other Threads:
  0x00007fa9d006c800 VMThread [stack: 0x00007fa9cccfd000,0x00007fa9ccdfe000] [id=6804]
  0x00007fa9d00b6800 WatcherThread [stack: 0x00007fa9cc0ef000,0x00007fa9cc1f0000] [id=6818]

VM state:not at safepoint (normal execution)

VM Mutex/Monitor currently owned by a thread: None

Heap
 PSYoungGen      total 36864K, used 18416K [0x00000007d6f00000, 0x00000007d9800000, 0x0000000800000000)
  eden space 31744K, 58% used [0x00000007d6f00000,0x00000007d80fc370,0x00000007d8e00000)
  from space 5120K, 0% used [0x00000007d9300000,0x00000007d9300000,0x00000007d9800000)
  to   space 5120K, 0% used [0x00000007d8e00000,0x00000007d8e00000,0x00000007d9300000)
 ParOldGen       total 83968K, used 0K [0x0000000784e00000, 0x000000078a000000, 0x00000007d6f00000)
  object space 83968K, 0% used [0x0000000784e00000,0x0000000784e00000,0x000000078a000000)
 PSPermGen       total 21504K, used 5455K [0x000000077fc00000, 0x0000000781100000, 0x0000000784e00000)
  object space 21504K, 25% used [0x000000077fc00000,0x0000000780153cf0,0x0000000781100000)

Card table byte_map: [0x00007fa9d5c6e000,0x00007fa9d6071000] byte_map_base: 0x00007fa9d2070000

Polling page: 0x00007fa9d99c1000

Code Cache  [0x00007fa9cd000000, 0x00007fa9cd270000, 0x00007fa9d0000000)
 total_blobs=340 nmethods=73 adapters=228 free_code_cache=48482Kb largest_free_block=49592000

Compilation events (10 events):
Event: 6.999 Thread 0x00007fa9d00a6800   69             java.util.Formatter$FormatSpecifier::mantissa (41 bytes)
Event: 7.008 Thread 0x00007fa9d00a6800 nmethod 69 0x00007fa9cd092490 code [0x00007fa9cd0925e0, 0x00007fa9cd092918]
Event: 7.126 Thread 0x00007fa9d00a9800   70 %           sun.misc.FormattedFloatingDecimal::applyPrecision @ 9 (183 bytes)
Event: 7.192 Thread 0x00007fa9d00a9800 nmethod 70% 0x00007fa9cd093750 code [0x00007fa9cd093900, 0x00007fa9cd094118]
Event: 7.196 Thread 0x00007fa9d00a6800   71             sun.misc.FormattedFloatingDecimal::applyPrecision (183 bytes)
Event: 7.210 Thread 0x00007fa9d00a9800   72             java.util.regex.Pattern$Curly::match (86 bytes)
Event: 7.255 Thread 0x00007fa9d00a6800 nmethod 71 0x00007fa9cd092bd0 code [0x00007fa9cd092d60, 0x00007fa9cd0933f8]
Event: 7.292 Thread 0x00007fa9d00a9800 nmethod 72 0x00007fa9cd09e250 code [0x00007fa9cd09e420, 0x00007fa9cd09ed28]
Event: 7.358 Thread 0x00007fa9d00a6800   73             java.lang.String::substring (79 bytes)
Event: 7.364 Thread 0x00007fa9d00a6800 nmethod 73 0x00007fa9cd09d910 code [0x00007fa9cd09da80, 0x00007fa9cd09df18]

GC Heap History (0 events):
No events

Deoptimization events (10 events):
Event: 0.978 Thread 0x00007fa9d0216000 Uncommon trap: reason=unstable_if action=reinterpret pc=0x00007fa9cd06b1a0 method=java.lang.String.replace(CC)Ljava/lang/String; @ 26
Event: 1.155 Thread 0x00007fa978003000 Uncommon trap: reason=unstable_if action=reinterpret pc=0x00007fa9cd0762a0 method=org.apache.commons.math.util.FastMath.resplit([D)V @ 24
Event: 1.207 Thread 0x00007fa978003000 Uncommon trap: reason=uninitialized action=reinterpret pc=0x00007fa9cd074468 method=org.apache.commons.math.util.FastMath.slowexp(D[D)D @ 67
Event: 1.229 Thread 0x00007fa978003000 Uncommon trap: reason=uninitialized action=reinterpret pc=0x00007fa9cd078720 method=org.apache.commons.math.util.FastMath.slowexp(D[D)D @ 67
Event: 1.235 Thread 0x00007fa978003000 Uncommon trap: reason=uninitialized action=reinterpret pc=0x00007fa9cd0780e8 method=org.apache.commons.math.util.FastMath.slowexp(D[D)D @ 67
Event: 1.277 Thread 0x00007fa978003000 Uncommon trap: reason=uninitialized action=reinterpret pc=0x00007fa9cd074dbc method=org.apache.commons.math.util.FastMath.slowLog(D)[D @ 84
Event: 3.717 Thread 0x00007fa978003000 Uncommon trap: reason=unstable_if action=reinterpret pc=0x00007fa9cd080574 method=sun.misc.FDBigInt.add(Lsun/misc/FDBigInt;)Lsun/misc/FDBigInt; @ 134
Event: 4.956 Thread 0x00007fa978003000 Uncommon trap: reason=unstable_if action=reinterpret pc=0x00007fa9cd088ff0 method=sun.misc.FormattedFloatingDecimal.applyPrecision(I)[C @ 55
Event: 6.236 Thread 0x00007fa978003000 Uncommon trap: reason=unstable_if action=reinterpret pc=0x00007fa9cd0a9734 method=sun.misc.FormattedFloatingDecimal.dtoa(IJI)V @ 365
Event: 7.277 Thread 0x00007fa978003000 Uncommon trap: reason=unstable_if action=reinterpret pc=0x00007fa9cd09079c method=java.util.Formatter$FormatSpecifier.localizedMagnitude(Ljava/lang/StringBuilder;[CLjava/util/Formatter$Flags;ILjava/util/Locale;)Ljava/lang/StringBuilder; @ 284

Internal exceptions (10 events):
Event: 1.075 Thread 0x00007fa968003000 Threw 0x00000007d7710468 at /HUDSON/workspace/7u-2-build-linux-amd64/jdk7u80/2329/hotspot/src/share/vm/prims/jvm.cpp:1319
Event: 1.076 Thread 0x00007fa960003000 Threw 0x00000007d784dd00 at /HUDSON/workspace/7u-2-build-linux-amd64/jdk7u80/2329/hotspot/src/share/vm/prims/jvm.cpp:1319
Event: 1.117 Thread 0x00007fa978003000 Threw 0x00000007d7495bc0 at /HUDSON/workspace/7u-2-build-linux-amd64/jdk7u80/2329/hotspot/src/share/vm/prims/jvm.cpp:1319
Event: 1.117 Thread 0x00007fa978003000 Threw 0x00000007d7499018 at /HUDSON/workspace/7u-2-build-linux-amd64/jdk7u80/2329/hotspot/src/share/vm/prims/jvm.cpp:1319
Event: 1.119 Thread 0x00007fa978003000 Threw 0x00000007d749fdb0 at /HUDSON/workspace/7u-2-build-linux-amd64/jdk7u80/2329/hotspot/src/share/vm/prims/jvm.cpp:1319
Event: 1.120 Thread 0x00007fa978003000 Threw 0x00000007d74a5338 at /HUDSON/workspace/7u-2-build-linux-amd64/jdk7u80/2329/hotspot/src/share/vm/prims/jvm.cpp:1319
Event: 1.121 Thread 0x00007fa978003000 Threw 0x00000007d74a7cc0 at /HUDSON/workspace/7u-2-build-linux-amd64/jdk7u80/2329/hotspot/src/share/vm/prims/jvm.cpp:1319
Event: 1.122 Thread 0x00007fa978003000 Threw 0x00000007d74aa870 at /HUDSON/workspace/7u-2-build-linux-amd64/jdk7u80/2329/hotspot/src/share/vm/prims/jvm.cpp:1319
Event: 1.297 Thread 0x00007fa978003000 Threw 0x00000007d7a6ccc8 at /HUDSON/workspace/7u-2-build-linux-amd64/jdk7u80/2329/hotspot/src/share/vm/prims/jvm.cpp:1319
Event: 1.298 Thread 0x00007fa978003000 Threw 0x00000007d7a72cd0 at /HUDSON/workspace/7u-2-build-linux-amd64/jdk7u80/2329/hotspot/src/share/vm/prims/jvm.cpp:1319

Events (10 events):
Event: 57.569 Executing VM operation: GetOrSetLocal
Event: 57.570 Executing VM operation: GetOrSetLocal done
Event: 58.514 Executing VM operation: EnterInterpOnlyMode
Event: 58.519 Executing VM operation: EnterInterpOnlyMode done
Event: 58.519 Executing VM operation: GetCurrentLocation
Event: 58.519 Executing VM operation: GetCurrentLocation done
Event: 58.519 Executing VM operation: ChangeSingleStep
Event: 58.519 Executing VM operation: ChangeSingleStep done
Event: 58.531 Executing VM operation: ChangeSingleStep
Event: 58.534 Executing VM operation: ChangeSingleStep done


Dynamic libraries:
00400000-00401000 r-xp 00000000 08:02 1365019                            /usr/lib/jvm/java-7-oracle/bin/java
00600000-00601000 rw-p 00000000 08:02 1365019                            /usr/lib/jvm/java-7-oracle/bin/java
016bd000-016de000 rw-p 00000000 00:00 0                                  [heap]
77fc00000-781100000 rw-p 00000000 00:00 0 
781100000-784e00000 rw-p 00000000 00:00 0 
784e00000-78a000000 rw-p 00000000 00:00 0 
78a000000-7d6f00000 rw-p 00000000 00:00 0 
7d6f00000-7d9800000 rw-p 00000000 00:00 0 
7d9800000-800000000 rw-p 00000000 00:00 0 
7fa95c000000-7fa95c022000 rw-p 00000000 00:00 0 
7fa95c022000-7fa960000000 ---p 00000000 00:00 0 
7fa960000000-7fa960022000 rw-p 00000000 00:00 0 
7fa960022000-7fa964000000 ---p 00000000 00:00 0 
7fa964000000-7fa964022000 rw-p 00000000 00:00 0 
7fa964022000-7fa968000000 ---p 00000000 00:00 0 
7fa968000000-7fa968022000 rw-p 00000000 00:00 0 
7fa968022000-7fa96c000000 ---p 00000000 00:00 0 
7fa96c000000-7fa96c286000 rw-p 00000000 00:00 0 
7fa96c286000-7fa970000000 ---p 00000000 00:00 0 
7fa970000000-7fa970021000 rw-p 00000000 00:00 0 
7fa970021000-7fa974000000 ---p 00000000 00:00 0 
7fa974000000-7fa974022000 rw-p 00000000 00:00 0 
7fa974022000-7fa978000000 ---p 00000000 00:00 0 
7fa978000000-7fa9780e4000 rw-p 00000000 00:00 0 
7fa9780e4000-7fa97c000000 ---p 00000000 00:00 0 
7fa97c000000-7fa97c021000 rw-p 00000000 00:00 0 
7fa97c021000-7fa980000000 ---p 00000000 00:00 0 
7fa980000000-7fa980022000 rw-p 00000000 00:00 0 
7fa980022000-7fa984000000 ---p 00000000 00:00 0 
7fa984000000-7fa984021000 rw-p 00000000 00:00 0 
7fa984021000-7fa988000000 ---p 00000000 00:00 0 
7fa988000000-7fa988021000 rw-p 00000000 00:00 0 
7fa988021000-7fa98c000000 ---p 00000000 00:00 0 
7fa98c000000-7fa98e117000 rw-p 00000000 00:00 0 
7fa98e117000-7fa990000000 ---p 00000000 00:00 0 
7fa990000000-7fa990520000 rw-p 00000000 00:00 0 
7fa990520000-7fa994000000 ---p 00000000 00:00 0 
7fa994000000-7fa994021000 rw-p 00000000 00:00 0 
7fa994021000-7fa998000000 ---p 00000000 00:00 0 
7fa998000000-7fa998021000 rw-p 00000000 00:00 0 
7fa998021000-7fa99c000000 ---p 00000000 00:00 0 
7fa99c000000-7fa99c021000 rw-p 00000000 00:00 0 
7fa99c021000-7fa9a0000000 ---p 00000000 00:00 0 
7fa9a0000000-7fa9a0021000 rw-p 00000000 00:00 0 
7fa9a0021000-7fa9a4000000 ---p 00000000 00:00 0 
7fa9a4000000-7fa9a4021000 rw-p 00000000 00:00 0 
7fa9a4021000-7fa9a8000000 ---p 00000000 00:00 0 
7fa9a8000000-7fa9a8021000 rw-p 00000000 00:00 0 
7fa9a8021000-7fa9ac000000 ---p 00000000 00:00 0 
7fa9ac000000-7fa9ac021000 rw-p 00000000 00:00 0 
7fa9ac021000-7fa9b0000000 ---p 00000000 00:00 0 
7fa9b17db000-7fa9b17de000 ---p 00000000 00:00 0 
7fa9b17de000-7fa9b1fdc000 rw-p 00000000 00:00 0                          [stack:6828]
7fa9b1fdc000-7fa9b1fdf000 ---p 00000000 00:00 0 
7fa9b1fdf000-7fa9b27dd000 rw-p 00000000 00:00 0                          [stack:6827]
7fa9b27dd000-7fa9b27e0000 ---p 00000000 00:00 0 
7fa9b27e0000-7fa9b2fde000 rw-p 00000000 00:00 0                          [stack:6826]
7fa9b2fde000-7fa9b2fe1000 ---p 00000000 00:00 0 
7fa9b2fe1000-7fa9b37df000 rw-p 00000000 00:00 0                          [stack:6825]
7fa9b37df000-7fa9b37e0000 ---p 00000000 00:00 0 
7fa9b37e0000-7fa9b8000000 rw-p 00000000 00:00 0                          [stack:6824]
7fa9b8000000-7fa9b8021000 rw-p 00000000 00:00 0 
7fa9b8021000-7fa9bc000000 ---p 00000000 00:00 0 
7fa9bc000000-7fa9bc021000 rw-p 00000000 00:00 0 
7fa9bc021000-7fa9c0000000 ---p 00000000 00:00 0 
7fa9c0000000-7fa9c0021000 rw-p 00000000 00:00 0 
7fa9c0021000-7fa9c4000000 ---p 00000000 00:00 0 
7fa9c47a8000-7fa9c47ab000 ---p 00000000 00:00 0 
7fa9c47ab000-7fa9c48a9000 rw-p 00000000 00:00 0                          [stack:6823]
7fa9c48a9000-7fa9c48ac000 ---p 00000000 00:00 0 
7fa9c48ac000-7fa9c50aa000 rw-p 00000000 00:00 0                          [stack:6822]
7fa9c50aa000-7fa9c50c1000 r-xp 00000000 08:02 1318420                    /usr/lib/jvm/java-7-oracle/jre/lib/amd64/libnet.so
7fa9c50c1000-7fa9c52c0000 ---p 00017000 08:02 1318420                    /usr/lib/jvm/java-7-oracle/jre/lib/amd64/libnet.so
7fa9c52c0000-7fa9c52c1000 rw-p 00016000 08:02 1318420                    /usr/lib/jvm/java-7-oracle/jre/lib/amd64/libnet.so
7fa9c52c1000-7fa9c52d1000 r-xp 00000000 08:02 1318421                    /usr/lib/jvm/java-7-oracle/jre/lib/amd64/libnio.so
7fa9c52d1000-7fa9c54d1000 ---p 00010000 08:02 1318421                    /usr/lib/jvm/java-7-oracle/jre/lib/amd64/libnio.so
7fa9c54d1000-7fa9c54d2000 rw-p 00010000 08:02 1318421                    /usr/lib/jvm/java-7-oracle/jre/lib/amd64/libnio.so
7fa9c54d2000-7fa9c554d000 rw-p 00000000 00:00 0 
7fa9c554d000-7fa9c5550000 ---p 00000000 00:00 0 
7fa9c5550000-7fa9c5dc9000 rw-p 00000000 00:00 0                          [stack:6821]
7fa9c5dc9000-7fa9c5dcc000 ---p 00000000 00:00 0 
7fa9c5dcc000-7fa9c65ca000 rw-p 00000000 00:00 0                          [stack:6820]
7fa9c65ca000-7fa9c65cb000 ---p 00000000 00:00 0 
7fa9c65cb000-7fa9c6dcb000 rw-p 00000000 00:00 0                          [stack:6819]
7fa9c6dcb000-7fa9c6e95000 r-xp 00000000 08:02 1859401                    /home/jazen/gams/libGAMS.so.6.3.0
7fa9c6e95000-7fa9c7095000 ---p 000ca000 08:02 1859401                    /home/jazen/gams/libGAMS.so.6.3.0
7fa9c7095000-7fa9c7098000 r--p 000ca000 08:02 1859401                    /home/jazen/gams/libGAMS.so.6.3.0
7fa9c7098000-7fa9c709a000 rw-p 000cd000 08:02 1859401                    /home/jazen/gams/libGAMS.so.6.3.0
7fa9c709a000-7fa9c7287000 r-xp 00000000 08:02 1859117                    /home/jazen/madara/libMADARA.so.6.3.0
7fa9c7287000-7fa9c7486000 ---p 001ed000 08:02 1859117                    /home/jazen/madara/libMADARA.so.6.3.0
7fa9c7486000-7fa9c748d000 r--p 001ec000 08:02 1859117                    /home/jazen/madara/libMADARA.so.6.3.0
7fa9c748d000-7fa9c7490000 rw-p 001f3000 08:02 1859117                    /home/jazen/madara/libMADARA.so.6.3.0
7fa9c7490000-7fa9c761f000 r-xp 00000000 08:02 1705810                    /home/jazen/ace/ACE_wrappers/ace/libACE.so.6.3.0
7fa9c761f000-7fa9c781e000 ---p 0018f000 08:02 1705810                    /home/jazen/ace/ACE_wrappers/ace/libACE.so.6.3.0
7fa9c781e000-7fa9c7831000 r--p 0018e000 08:02 1705810                    /home/jazen/ace/ACE_wrappers/ace/libACE.so.6.3.0
7fa9c7831000-7fa9c7835000 rw-p 001a1000 08:02 1705810                    /home/jazen/ace/ACE_wrappers/ace/libACE.so.6.3.0
7fa9c7835000-7fa9c7837000 rw-p 00000000 00:00 0 
7fa9c7837000-7fa9c784d000 r-xp 00000000 08:02 5004209                    /lib/x86_64-linux-gnu/libgcc_s.so.1
7fa9c784d000-7fa9c7a4c000 ---p 00016000 08:02 5004209                    /lib/x86_64-linux-gnu/libgcc_s.so.1
7fa9c7a4c000-7fa9c7a4d000 r--p 00015000 08:02 5004209                    /lib/x86_64-linux-gnu/libgcc_s.so.1
7fa9c7a4d000-7fa9c7a4e000 rw-p 00016000 08:02 5004209                    /lib/x86_64-linux-gnu/libgcc_s.so.1
7fa9c7a4e000-7fa9c7bbb000 r-xp 00000000 08:02 1246485                    /usr/lib/x86_64-linux-gnu/libstdc++.so.6.0.21
7fa9c7bbb000-7fa9c7dba000 ---p 0016d000 08:02 1246485                    /usr/lib/x86_64-linux-gnu/libstdc++.so.6.0.21
7fa9c7dba000-7fa9c7dc4000 r--p 0016c000 08:02 1246485                    /usr/lib/x86_64-linux-gnu/libstdc++.so.6.0.21
7fa9c7dc4000-7fa9c7dc6000 rw-p 00176000 08:02 1246485                    /usr/lib/x86_64-linux-gnu/libstdc++.so.6.0.21
7fa9c7dc6000-7fa9c7dca000 rw-p 00000000 00:00 0 
7fa9c7dca000-7fa9c7de9000 r-xp 00000000 08:02 1788256                    /home/jazen/v_rep/programming/remoteApiBindings/java/lib/64Bit/libremoteApiJava.so
7fa9c7de9000-7fa9c7fe9000 ---p 0001f000 08:02 1788256                    /home/jazen/v_rep/programming/remoteApiBindings/java/lib/64Bit/libremoteApiJava.so
7fa9c7fe9000-7fa9c7fea000 r--p 0001f000 08:02 1788256                    /home/jazen/v_rep/programming/remoteApiBindings/java/lib/64Bit/libremoteApiJava.so
7fa9c7fea000-7fa9c7feb000 rw-p 00020000 08:02 1788256                    /home/jazen/v_rep/programming/remoteApiBindings/java/lib/64Bit/libremoteApiJava.so
7fa9c7feb000-7fa9c8000000 rw-p 00000000 00:00 0 
7fa9c8000000-7fa9c8021000 rw-p 00000000 00:00 0 
7fa9c8021000-7fa9cc000000 ---p 00000000 00:00 0 
7fa9cc074000-7fa9cc0ef000 rw-p 00000000 00:00 0 
7fa9cc0ef000-7fa9cc0f0000 ---p 00000000 00:00 0 
7fa9cc0f0000-7fa9cc1f0000 rw-p 00000000 00:00 0                          [stack:6818]
7fa9cc1f0000-7fa9cc1f3000 ---p 00000000 00:00 0 
7fa9cc1f3000-7fa9cc2f1000 rw-p 00000000 00:00 0                          [stack:6817]
7fa9cc2f1000-7fa9cc2f4000 ---p 00000000 00:00 0 
7fa9cc2f4000-7fa9cc3f2000 rw-p 00000000 00:00 0                          [stack:6816]
7fa9cc3f2000-7fa9cc3f5000 ---p 00000000 00:00 0 
7fa9cc3f5000-7fa9cc4f3000 rw-p 00000000 00:00 0                          [stack:6815]
7fa9cc4f3000-7fa9cc4f6000 ---p 00000000 00:00 0 
7fa9cc4f6000-7fa9cc5f4000 rw-p 00000000 00:00 0                          [stack:6813]
7fa9cc5f4000-7fa9cc5f7000 ---p 00000000 00:00 0 
7fa9cc5f7000-7fa9cc6f5000 rw-p 00000000 00:00 0                          [stack:6812]
7fa9cc6f5000-7fa9cc6f8000 ---p 00000000 00:00 0 
7fa9cc6f8000-7fa9cc7f6000 rw-p 00000000 00:00 0                          [stack:6809]
7fa9cc7f6000-7fa9cc7fa000 r-xp 00000000 08:02 1318397                    /usr/lib/jvm/java-7-oracle/jre/lib/amd64/libdt_socket.so
7fa9cc7fa000-7fa9cc9f9000 ---p 00004000 08:02 1318397                    /usr/lib/jvm/java-7-oracle/jre/lib/amd64/libdt_socket.so
7fa9cc9f9000-7fa9cc9fa000 rw-p 00003000 08:02 1318397                    /usr/lib/jvm/java-7-oracle/jre/lib/amd64/libdt_socket.so
7fa9cc9fa000-7fa9cc9fd000 ---p 00000000 00:00 0 
7fa9cc9fd000-7fa9ccafb000 rw-p 00000000 00:00 0                          [stack:6808]
7fa9ccafb000-7fa9ccafe000 ---p 00000000 00:00 0 
7fa9ccafe000-7fa9ccbfc000 rw-p 00000000 00:00 0                          [stack:6806]
7fa9ccbfc000-7fa9ccbff000 ---p 00000000 00:00 0 
7fa9ccbff000-7fa9cccfd000 rw-p 00000000 00:00 0                          [stack:6805]
7fa9cccfd000-7fa9cccfe000 ---p 00000000 00:00 0 
7fa9cccfe000-7fa9cd000000 rw-p 00000000 00:00 0                          [stack:6804]
7fa9cd000000-7fa9cd270000 rwxp 00000000 00:00 0 
7fa9cd270000-7fa9d021d000 rw-p 00000000 00:00 0 
7fa9d021d000-7fa9d4000000 ---p 00000000 00:00 0 
7fa9d402e000-7fa9d40a9000 rw-p 00000000 00:00 0 
7fa9d40a9000-7fa9d40d2000 r--s 001da000 08:02 4244827                    /home/jazen/Documents/Research/Platypus_Software/MyForks/VREP-Boat-Simulator/VrepSimulation/lib/crwlib_core.jar
7fa9d40d2000-7fa9d40e5000 r--s 000df000 08:02 4244826                    /home/jazen/Documents/Research/Platypus_Software/MyForks/VREP-Boat-Simulator/VrepSimulation/lib/commons-math-2.2.jar
7fa9d40e5000-7fa9d40f4000 r--s 00098000 08:02 4244888                    /home/jazen/Documents/Research/Platypus_Software/MyForks/VREP-Boat-Simulator/VrepSimulation/lib/jscience-4.3.jar
7fa9d40f4000-7fa9d40f8000 r--s 0003c000 08:02 4244883                    /home/jazen/Documents/Research/Platypus_Software/MyForks/VREP-Boat-Simulator/VrepSimulation/lib/madara.jar
7fa9d40f8000-7fa9d4ef5000 rw-p 00000000 00:00 0 
7fa9d4ef5000-7fa9d50b5000 r--s 039fb000 08:02 1360694                    /usr/lib/jvm/java-7-oracle/jre/lib/rt.jar
7fa9d50b5000-7fa9d55d9000 rw-p 00000000 00:00 0 
7fa9d55d9000-7fa9d55da000 ---p 00000000 00:00 0 
7fa9d55da000-7fa9d56da000 rw-p 00000000 00:00 0                          [stack:6803]
7fa9d56da000-7fa9d56db000 ---p 00000000 00:00 0 
7fa9d56db000-7fa9d57db000 rw-p 00000000 00:00 0                          [stack:6802]
7fa9d57db000-7fa9d57dc000 ---p 00000000 00:00 0 
7fa9d57dc000-7fa9d58dc000 rw-p 00000000 00:00 0                          [stack:6801]
7fa9d58dc000-7fa9d58dd000 ---p 00000000 00:00 0 
7fa9d58dd000-7fa9d5a06000 rw-p 00000000 00:00 0                          [stack:6800]
7fa9d5a06000-7fa9d5c6e000 rw-p 00000000 00:00 0 
7fa9d5c6e000-7fa9d5c79000 rw-p 00000000 00:00 0 
7fa9d5c79000-7fa9d5c97000 rw-p 00000000 00:00 0 
7fa9d5c97000-7fa9d5cc0000 rw-p 00000000 00:00 0 
7fa9d5cc0000-7fa9d5f27000 rw-p 00000000 00:00 0 
7fa9d5f27000-7fa9d5f3c000 rw-p 00000000 00:00 0 
7fa9d5f3c000-7fa9d6070000 rw-p 00000000 00:00 0 
7fa9d6070000-7fa9d6071000 rw-p 00000000 00:00 0 
7fa9d6071000-7fa9d6088000 r-xp 00000000 08:02 1318427                    /usr/lib/jvm/java-7-oracle/jre/lib/amd64/libzip.so
7fa9d6088000-7fa9d6288000 ---p 00017000 08:02 1318427                    /usr/lib/jvm/java-7-oracle/jre/lib/amd64/libzip.so
7fa9d6288000-7fa9d6289000 rw-p 00017000 08:02 1318427                    /usr/lib/jvm/java-7-oracle/jre/lib/amd64/libzip.so
7fa9d6289000-7fa9d6294000 r-xp 00000000 08:02 4980826                    /lib/x86_64-linux-gnu/libnss_files-2.19.so
7fa9d6294000-7fa9d6493000 ---p 0000b000 08:02 4980826                    /lib/x86_64-linux-gnu/libnss_files-2.19.so
7fa9d6493000-7fa9d6494000 r--p 0000a000 08:02 4980826                    /lib/x86_64-linux-gnu/libnss_files-2.19.so
7fa9d6494000-7fa9d6495000 rw-p 0000b000 08:02 4980826                    /lib/x86_64-linux-gnu/libnss_files-2.19.so
7fa9d6495000-7fa9d64a0000 r-xp 00000000 08:02 4987156                    /lib/x86_64-linux-gnu/libnss_nis-2.19.so
7fa9d64a0000-7fa9d669f000 ---p 0000b000 08:02 4987156                    /lib/x86_64-linux-gnu/libnss_nis-2.19.so
7fa9d669f000-7fa9d66a0000 r--p 0000a000 08:02 4987156                    /lib/x86_64-linux-gnu/libnss_nis-2.19.so
7fa9d66a0000-7fa9d66a1000 rw-p 0000b000 08:02 4987156                    /lib/x86_64-linux-gnu/libnss_nis-2.19.so
7fa9d66a1000-7fa9d66b8000 r-xp 00000000 08:02 4980835                    /lib/x86_64-linux-gnu/libnsl-2.19.so
7fa9d66b8000-7fa9d68b7000 ---p 00017000 08:02 4980835                    /lib/x86_64-linux-gnu/libnsl-2.19.so
7fa9d68b7000-7fa9d68b8000 r--p 00016000 08:02 4980835                    /lib/x86_64-linux-gnu/libnsl-2.19.so
7fa9d68b8000-7fa9d68b9000 rw-p 00017000 08:02 4980835                    /lib/x86_64-linux-gnu/libnsl-2.19.so
7fa9d68b9000-7fa9d68bb000 rw-p 00000000 00:00 0 
7fa9d68bb000-7fa9d68c4000 r-xp 00000000 08:02 4980834                    /lib/x86_64-linux-gnu/libnss_compat-2.19.so
7fa9d68c4000-7fa9d6ac3000 ---p 00009000 08:02 4980834                    /lib/x86_64-linux-gnu/libnss_compat-2.19.so
7fa9d6ac3000-7fa9d6ac4000 r--p 00008000 08:02 4980834                    /lib/x86_64-linux-gnu/libnss_compat-2.19.so
7fa9d6ac4000-7fa9d6ac5000 rw-p 00009000 08:02 4980834                    /lib/x86_64-linux-gnu/libnss_compat-2.19.so
7fa9d6ac5000-7fa9d71a7000 r--p 00000000 08:02 1186808                    /usr/lib/locale/locale-archive
7fa9d71a7000-7fa9d71a9000 r-xp 00000000 08:02 1318419                    /usr/lib/jvm/java-7-oracle/jre/lib/amd64/libnpt.so
7fa9d71a9000-7fa9d73a9000 ---p 00002000 08:02 1318419                    /usr/lib/jvm/java-7-oracle/jre/lib/amd64/libnpt.so
7fa9d73a9000-7fa9d73aa000 rw-p 00002000 08:02 1318419                    /usr/lib/jvm/java-7-oracle/jre/lib/amd64/libnpt.so
7fa9d73aa000-7fa9d73e3000 r-xp 00000000 08:02 1318431                    /usr/lib/jvm/java-7-oracle/jre/lib/amd64/libjdwp.so
7fa9d73e3000-7fa9d75e3000 ---p 00039000 08:02 1318431                    /usr/lib/jvm/java-7-oracle/jre/lib/amd64/libjdwp.so
7fa9d75e3000-7fa9d75e4000 rw-p 00039000 08:02 1318431                    /usr/lib/jvm/java-7-oracle/jre/lib/amd64/libjdwp.so
7fa9d75e4000-7fa9d75e5000 rw-p 00000000 00:00 0 
7fa9d75e5000-7fa9d760e000 r-xp 00000000 08:02 1318400                    /usr/lib/jvm/java-7-oracle/jre/lib/amd64/libjava.so
7fa9d760e000-7fa9d780e000 ---p 00029000 08:02 1318400                    /usr/lib/jvm/java-7-oracle/jre/lib/amd64/libjava.so
7fa9d780e000-7fa9d7810000 rw-p 00029000 08:02 1318400                    /usr/lib/jvm/java-7-oracle/jre/lib/amd64/libjava.so
7fa9d7810000-7fa9d781d000 r-xp 00000000 08:02 1318438                    /usr/lib/jvm/java-7-oracle/jre/lib/amd64/libverify.so
7fa9d781d000-7fa9d7a1c000 ---p 0000d000 08:02 1318438                    /usr/lib/jvm/java-7-oracle/jre/lib/amd64/libverify.so
7fa9d7a1c000-7fa9d7a1e000 rw-p 0000c000 08:02 1318438                    /usr/lib/jvm/java-7-oracle/jre/lib/amd64/libverify.so
7fa9d7a1e000-7fa9d7a25000 r-xp 00000000 08:02 4984752                    /lib/x86_64-linux-gnu/librt-2.19.so
7fa9d7a25000-7fa9d7c24000 ---p 00007000 08:02 4984752                    /lib/x86_64-linux-gnu/librt-2.19.so
7fa9d7c24000-7fa9d7c25000 r--p 00006000 08:02 4984752                    /lib/x86_64-linux-gnu/librt-2.19.so
7fa9d7c25000-7fa9d7c26000 rw-p 00007000 08:02 4984752                    /lib/x86_64-linux-gnu/librt-2.19.so
7fa9d7c26000-7fa9d7d2b000 r-xp 00000000 08:02 4980825                    /lib/x86_64-linux-gnu/libm-2.19.so
7fa9d7d2b000-7fa9d7f2a000 ---p 00105000 08:02 4980825                    /lib/x86_64-linux-gnu/libm-2.19.so
7fa9d7f2a000-7fa9d7f2b000 r--p 00104000 08:02 4980825                    /lib/x86_64-linux-gnu/libm-2.19.so
7fa9d7f2b000-7fa9d7f2c000 rw-p 00105000 08:02 4980825                    /lib/x86_64-linux-gnu/libm-2.19.so
7fa9d7f2c000-7fa9d8aa2000 r-xp 00000000 08:02 1318388                    /usr/lib/jvm/java-7-oracle/jre/lib/amd64/server/libjvm.so
7fa9d8aa2000-7fa9d8ca1000 ---p 00b76000 08:02 1318388                    /usr/lib/jvm/java-7-oracle/jre/lib/amd64/server/libjvm.so
7fa9d8ca1000-7fa9d8d65000 rw-p 00b75000 08:02 1318388                    /usr/lib/jvm/java-7-oracle/jre/lib/amd64/server/libjvm.so
7fa9d8d65000-7fa9d8da6000 rw-p 00000000 00:00 0 
7fa9d8da6000-7fa9d8f61000 r-xp 00000000 08:02 4980840                    /lib/x86_64-linux-gnu/libc-2.19.so
7fa9d8f61000-7fa9d9160000 ---p 001bb000 08:02 4980840                    /lib/x86_64-linux-gnu/libc-2.19.so
7fa9d9160000-7fa9d9164000 r--p 001ba000 08:02 4980840                    /lib/x86_64-linux-gnu/libc-2.19.so
7fa9d9164000-7fa9d9166000 rw-p 001be000 08:02 4980840                    /lib/x86_64-linux-gnu/libc-2.19.so
7fa9d9166000-7fa9d916b000 rw-p 00000000 00:00 0 
7fa9d916b000-7fa9d916e000 r-xp 00000000 08:02 4980829                    /lib/x86_64-linux-gnu/libdl-2.19.so
7fa9d916e000-7fa9d936d000 ---p 00003000 08:02 4980829                    /lib/x86_64-linux-gnu/libdl-2.19.so
7fa9d936d000-7fa9d936e000 r--p 00002000 08:02 4980829                    /lib/x86_64-linux-gnu/libdl-2.19.so
7fa9d936e000-7fa9d936f000 rw-p 00003000 08:02 4980829                    /lib/x86_64-linux-gnu/libdl-2.19.so
7fa9d936f000-7fa9d9384000 r-xp 00000000 08:02 1364427                    /usr/lib/jvm/java-7-oracle/lib/amd64/jli/libjli.so
7fa9d9384000-7fa9d9583000 ---p 00015000 08:02 1364427                    /usr/lib/jvm/java-7-oracle/lib/amd64/jli/libjli.so
7fa9d9583000-7fa9d9584000 rw-p 00014000 08:02 1364427                    /usr/lib/jvm/java-7-oracle/lib/amd64/jli/libjli.so
7fa9d9584000-7fa9d959d000 r-xp 00000000 08:02 4984658                    /lib/x86_64-linux-gnu/libpthread-2.19.so
7fa9d959d000-7fa9d979c000 ---p 00019000 08:02 4984658                    /lib/x86_64-linux-gnu/libpthread-2.19.so
7fa9d979c000-7fa9d979d000 r--p 00018000 08:02 4984658                    /lib/x86_64-linux-gnu/libpthread-2.19.so
7fa9d979d000-7fa9d979e000 rw-p 00019000 08:02 4984658                    /lib/x86_64-linux-gnu/libpthread-2.19.so
7fa9d979e000-7fa9d97a2000 rw-p 00000000 00:00 0 
7fa9d97a2000-7fa9d97c5000 r-xp 00000000 08:02 4980837                    /lib/x86_64-linux-gnu/ld-2.19.so
7fa9d97c5000-7fa9d97c8000 r--s 0001f000 08:02 4244884                    /home/jazen/Documents/Research/Platypus_Software/MyForks/VREP-Boat-Simulator/VrepSimulation/lib/gams.jar
7fa9d97c8000-7fa9d97d2000 rw-p 00000000 00:00 0 
7fa9d97d2000-7fa9d9888000 rw-p 00000000 00:00 0 
7fa9d9888000-7fa9d988b000 ---p 00000000 00:00 0 
7fa9d988b000-7fa9d998e000 rw-p 00000000 00:00 0                          [stack:6797]
7fa9d998e000-7fa9d998f000 r--s 00008000 08:02 4244887                    /home/jazen/Documents/Research/Platypus_Software/MyForks/VREP-Boat-Simulator/VrepSimulation/lib/Jama-1.0.3.jar
7fa9d998f000-7fa9d999a000 rw-p 00000000 00:00 0 
7fa9d999a000-7fa9d99b8000 rw-p 00000000 00:00 0 
7fa9d99b8000-7fa9d99c0000 rw-s 00000000 08:02 5129631                    /tmp/hsperfdata_jazen/6795
7fa9d99c0000-7fa9d99c1000 rw-p 00000000 00:00 0 
7fa9d99c1000-7fa9d99c2000 r--p 00000000 00:00 0 
7fa9d99c2000-7fa9d99c4000 rw-p 00000000 00:00 0 
7fa9d99c4000-7fa9d99c5000 r--p 00022000 08:02 4980837                    /lib/x86_64-linux-gnu/ld-2.19.so
7fa9d99c5000-7fa9d99c6000 rw-p 00023000 08:02 4980837                    /lib/x86_64-linux-gnu/ld-2.19.so
7fa9d99c6000-7fa9d99c7000 rw-p 00000000 00:00 0 
7ffe53d89000-7ffe53dab000 rw-p 00000000 00:00 0                          [stack]
7ffe53dc6000-7ffe53dc8000 r-xp 00000000 00:00 0                          [vdso]
ffffffffff600000-ffffffffff601000 r-xp 00000000 00:00 0                  [vsyscall]

VM Arguments:
jvm_args: -Xdebug -Xrunjdwp:transport=dt_socket,address=localhost:51477 -Dfile.encoding=UTF-8 -Djava.library.path=/home/jazen/v_rep/programming/remoteApiBindings/java/lib/64Bit:/home/jazen/ace/ACE_wrappers/ace:/home/jazen/madara:/home/jazen/gams:/home/jazen/gams/lib
 
java_command: vrepSim.vrepSimMain
Launcher Type: SUN_STANDARD

Environment Variables:
JAVA_HOME=/usr/lib/jvm/java-7-oracle
PATH=/home/jazen/ace/ACE_wrappers/bin:/home/jazen/bin:/opt/ros/indigo/bin:/home/jazen/bin:/usr/local/sbin:/usr/local/bin:/usr/sbin:/usr/bin:/sbin:/bin:/usr/games:/usr/local/games
LD_LIBRARY_PATH=/usr/lib/jvm/java-8-oracle/jre/lib/amd64:/usr/lib/jvm/java-8-oracle/jre/lib/i386:/home/jazen/ace/ACE_wrappers/lib:/home/jazen/madara/lib:/home/jazen/gams/lib:/opt/ros/indigo/lib:/opt/ros/indigo/lib/x86_64-linux-gnu
SHELL=/bin/bash
DISPLAY=:0

Signal Handlers:
SIGSEGV: [libjvm.so+0x9a3b20], sa_mask[0]=0x7ffbfeff, sa_flags=0x10000004
SIGBUS: [libjvm.so+0x9a3b20], sa_mask[0]=0x7ffbfeff, sa_flags=0x10000004
SIGFPE: [libjvm.so+0x81e740], sa_mask[0]=0x7ffbfeff, sa_flags=0x10000004
SIGPIPE: [libjvm.so+0x81e740], sa_mask[0]=0x7ffbfeff, sa_flags=0x10000004
SIGXFSZ: [libjvm.so+0x81e740], sa_mask[0]=0x7ffbfeff, sa_flags=0x10000004
SIGILL: [libjvm.so+0x81e740], sa_mask[0]=0x7ffbfeff, sa_flags=0x10000004
SIGUSR1: SIG_DFL, sa_mask[0]=0x00000000, sa_flags=0x00000000
SIGUSR2: [libjvm.so+0x81ffb0], sa_mask[0]=0x00000004, sa_flags=0x10000004
SIGHUP: [libjvm.so+0x8210d0], sa_mask[0]=0x7ffbfeff, sa_flags=0x10000004
SIGINT: SIG_IGN, sa_mask[0]=0x00000000, sa_flags=0x00000000
SIGTERM: [libjvm.so+0x8210d0], sa_mask[0]=0x7ffbfeff, sa_flags=0x10000004
SIGQUIT: [libjvm.so+0x8210d0], sa_mask[0]=0x7ffbfeff, sa_flags=0x10000004


---------------  S Y S T E M  ---------------

OS:jessie/sid

uname:Linux 3.13.0-62-generic #102-Ubuntu SMP Tue Aug 11 14:29:36 UTC 2015 x86_64
libc:glibc 2.19 NPTL 2.19 
rlimit: STACK 8192k, CORE 0k, NPROC 61293, NOFILE 4096, AS infinity
load average:5.53 4.22 2.86

/proc/meminfo:
MemTotal:        8063700 kB
MemFree:          329572 kB
Buffers:          157996 kB
Cached:          2471868 kB
SwapCached:            0 kB
Active:          5478740 kB
Inactive:        1969968 kB
Active(anon):    4827392 kB
Inactive(anon):   864684 kB
Active(file):     651348 kB
Inactive(file):  1105284 kB
Unevictable:          88 kB
Mlocked:              88 kB
SwapTotal:       8274940 kB
SwapFree:        8274940 kB
Dirty:               228 kB
Writeback:             0 kB
AnonPages:       4818928 kB
Mapped:           630732 kB
Shmem:            873236 kB
Slab:             147448 kB
SReclaimable:     108816 kB
SUnreclaim:        38632 kB
KernelStack:        5616 kB
PageTables:        49020 kB
NFS_Unstable:          0 kB
Bounce:                0 kB
WritebackTmp:          0 kB
CommitLimit:    12306788 kB
Committed_AS:   11005036 kB
VmallocTotal:   34359738367 kB
VmallocUsed:      361752 kB
VmallocChunk:   34359369304 kB
HardwareCorrupted:     0 kB
AnonHugePages:   2869248 kB
HugePages_Total:       0
HugePages_Free:        0
HugePages_Rsvd:        0
HugePages_Surp:        0
Hugepagesize:       2048 kB
DirectMap4k:       71216 kB
DirectMap2M:     1912832 kB
DirectMap1G:     6291456 kB


CPU:total 4 (2 cores per cpu, 2 threads per core) family 6 model 69 stepping 1, cmov, cx8, fxsr, mmx, sse, sse2, sse3, ssse3, sse4.1, sse4.2, popcnt, avx, avx2, aes, erms, ht, tsc, tscinvbit

/proc/cpuinfo:
processor	: 0
vendor_id	: GenuineIntel
cpu family	: 6
model		: 69
model name	: Intel(R) Core(TM) i5-4210U CPU @ 1.70GHz
stepping	: 1
microcode	: 0x17
cpu MHz		: 1700.000
cache size	: 3072 KB
physical id	: 0
siblings	: 4
core id		: 0
cpu cores	: 2
apicid		: 0
initial apicid	: 0
fpu		: yes
fpu_exception	: yes
cpuid level	: 13
wp		: yes
flags		: fpu vme de pse tsc msr pae mce cx8 apic sep mtrr pge mca cmov pat pse36 clflush dts acpi mmx fxsr sse sse2 ss ht tm pbe syscall nx pdpe1gb rdtscp lm constant_tsc arch_perfmon pebs bts rep_good nopl xtopology nonstop_tsc aperfmperf eagerfpu pni pclmulqdq dtes64 monitor ds_cpl vmx est tm2 ssse3 fma cx16 xtpr pdcm pcid sse4_1 sse4_2 movbe popcnt tsc_deadline_timer aes xsave avx f16c rdrand lahf_lm abm ida arat epb xsaveopt pln pts dtherm tpr_shadow vnmi flexpriority ept vpid fsgsbase tsc_adjust bmi1 avx2 smep bmi2 erms invpcid
bogomips	: 4788.85
clflush size	: 64
cache_alignment	: 64
address sizes	: 39 bits physical, 48 bits virtual
power management:

processor	: 1
vendor_id	: GenuineIntel
cpu family	: 6
model		: 69
model name	: Intel(R) Core(TM) i5-4210U CPU @ 1.70GHz
stepping	: 1
microcode	: 0x17
cpu MHz		: 1700.000
cache size	: 3072 KB
physical id	: 0
siblings	: 4
core id		: 1
cpu cores	: 2
apicid		: 2
initial apicid	: 2
fpu		: yes
fpu_exception	: yes
cpuid level	: 13
wp		: yes
flags		: fpu vme de pse tsc msr pae mce cx8 apic sep mtrr pge mca cmov pat pse36 clflush dts acpi mmx fxsr sse sse2 ss ht tm pbe syscall nx pdpe1gb rdtscp lm constant_tsc arch_perfmon pebs bts rep_good nopl xtopology nonstop_tsc aperfmperf eagerfpu pni pclmulqdq dtes64 monitor ds_cpl vmx est tm2 ssse3 fma cx16 xtpr pdcm pcid sse4_1 sse4_2 movbe popcnt tsc_deadline_timer aes xsave avx f16c rdrand lahf_lm abm ida arat epb xsaveopt pln pts dtherm tpr_shadow vnmi flexpriority ept vpid fsgsbase tsc_adjust bmi1 avx2 smep bmi2 erms invpcid
bogomips	: 4788.85
clflush size	: 64
cache_alignment	: 64
address sizes	: 39 bits physical, 48 bits virtual
power management:

processor	: 2
vendor_id	: GenuineIntel
cpu family	: 6
model		: 69
model name	: Intel(R) Core(TM) i5-4210U CPU @ 1.70GHz
stepping	: 1
microcode	: 0x17
cpu MHz		: 1700.000
cache size	: 3072 KB
physical id	: 0
siblings	: 4
core id		: 0
cpu cores	: 2
apicid		: 1
initial apicid	: 1
fpu		: yes
fpu_exception	: yes
cpuid level	: 13
wp		: yes
flags		: fpu vme de pse tsc msr pae mce cx8 apic sep mtrr pge mca cmov pat pse36 clflush dts acpi mmx fxsr sse sse2 ss ht tm pbe syscall nx pdpe1gb rdtscp lm constant_tsc arch_perfmon pebs bts rep_good nopl xtopology nonstop_tsc aperfmperf eagerfpu pni pclmulqdq dtes64 monitor ds_cpl vmx est tm2 ssse3 fma cx16 xtpr pdcm pcid sse4_1 sse4_2 movbe popcnt tsc_deadline_timer aes xsave avx f16c rdrand lahf_lm abm ida arat epb xsaveopt pln pts dtherm tpr_shadow vnmi flexpriority ept vpid fsgsbase tsc_adjust bmi1 avx2 smep bmi2 erms invpcid
bogomips	: 4788.85
clflush size	: 64
cache_alignment	: 64
address sizes	: 39 bits physical, 48 bits virtual
power management:

processor	: 3
vendor_id	: GenuineIntel
cpu family	: 6
model		: 69
model name	: Intel(R) Core(TM) i5-4210U CPU @ 1.70GHz
stepping	: 1
microcode	: 0x17
cpu MHz		: 1700.000
cache size	: 3072 KB
physical id	: 0
siblings	: 4
core id		: 1
cpu cores	: 2
apicid		: 3
initial apicid	: 3
fpu		: yes
fpu_exception	: yes
cpuid level	: 13
wp		: yes
flags		: fpu vme de pse tsc msr pae mce cx8 apic sep mtrr pge mca cmov pat pse36 clflush dts acpi mmx fxsr sse sse2 ss ht tm pbe syscall nx pdpe1gb rdtscp lm constant_tsc arch_perfmon pebs bts rep_good nopl xtopology nonstop_tsc aperfmperf eagerfpu pni pclmulqdq dtes64 monitor ds_cpl vmx est tm2 ssse3 fma cx16 xtpr pdcm pcid sse4_1 sse4_2 movbe popcnt tsc_deadline_timer aes xsave avx f16c rdrand lahf_lm abm ida arat epb xsaveopt pln pts dtherm tpr_shadow vnmi flexpriority ept vpid fsgsbase tsc_adjust bmi1 avx2 smep bmi2 erms invpcid
bogomips	: 4788.85
clflush size	: 64
cache_alignment	: 64
address sizes	: 39 bits physical, 48 bits virtual
power management:



Memory: 4k page, physical 8063700k(329572k free), swap 8274940k(8274940k free)

vm_info: Java HotSpot(TM) 64-Bit Server VM (24.80-b11) for linux-amd64 JRE (1.7.0_80-b15), built on Apr 10 2015 19:53:14 by "java_re" with gcc 4.3.0 20080428 (Red Hat 4.3.0-8)

time: Tue Aug 18 23:19:23 2015
elapsed time: 58 seconds

