#
# A fatal error has been detected by the Java Runtime Environment:
#
#  SIGSEGV (0xb) at pc=0x00007fe5b26dbba0, pid=5315, tid=140623604610816
#
# JRE version: Java(TM) SE Runtime Environment (7.0_80-b15) (build 1.7.0_80-b15)
# Java VM: Java HotSpot(TM) 64-Bit Server VM (24.80-b11 mixed mode linux-amd64 compressed oops)
# Problematic frame:
# C  [libGAMS.so.6.3.0+0x37ba0]  Java_com_gams_utility_Position_jni_1getX+0x0
#
# Failed to write core dump. Core dumps have been disabled. To enable core dumping, try "ulimit -c unlimited" before starting Java again
#
# If you would like to submit a bug report, please visit:
#   http://bugreport.java.com/bugreport/crash.jsp
# The crash happened outside the Java Virtual Machine in native code.
# See problematic frame for where to report the bug.
#

---------------  T H R E A D  ---------------

Current thread (0x00007fe5d021d800):  JavaThread "Thread-2" [_thread_in_native, id=5349, stack(0x00007fe57beff000,0x00007fe57c000000)]

siginfo:si_signo=SIGSEGV: si_errno=0, si_code=1 (SEGV_MAPERR), si_addr=0x0000000000000008

Registers:
RAX=0x00007fe5b26dbba0, RBX=0x000000077feb5548, RCX=0x0000000000000021, RDX=0x0000000000000000
RSP=0x00007fe57bffdaa8, RBP=0x00007fe57bffdb08, RSI=0x00007fe57bffdb38, RDI=0x00007fe5d021d9e8
R8 =0x00007fe5cd015380, R9 =0x00007fe57bffde48, R10=0x00007fe5cd018c0d, R11=0x00007fe5d7fa9940
R12=0x0000000000000000, R13=0x000000077feb5548, R14=0x00007fe57bffdb38, R15=0x00007fe5d021d800
RIP=0x00007fe5b26dbba0, EFLAGS=0x0000000000010287, CSGSFS=0x0000000000000033, ERR=0x0000000000000004
  TRAPNO=0x000000000000000e

Top of Stack: (sp=0x00007fe57bffdaa8)
0x00007fe57bffdaa8:   00007fe5cd018c39 00007fe57bffdb88
0x00007fe57bffdab8:   00007fe5b33b4f18 000000077feb52d8
0x00007fe57bffdac8:   00007fe57bffdac8 0000000000000000
0x00007fe57bffdad8:   00007fe57bffdb38 000000077feb85c0
0x00007fe57bffdae8:   0000000000000000 000000077feb5548
0x00007fe57bffdaf8:   0000000000000000 00007fe57bffdb28
0x00007fe57bffdb08:   00007fe57bffdb80 00007fe5cd006137
0x00007fe57bffdb18:   0000000000000000 00007fe5cd012f3a
0x00007fe57bffdb28:   0000000000000000 00000007d6faa640
0x00007fe57bffdb38:   00000007d6faa640 00007fe57bffdb40
0x00007fe57bffdb48:   000000077feb60d5 00007fe57bffdb90
0x00007fe57bffdb58:   000000077feb85c0 0000000000000000
0x00007fe57bffdb68:   000000077feb60e0 00007fe57bffdb28
0x00007fe57bffdb78:   00007fe57bffdb90 00007fe57bffdbd8
0x00007fe57bffdb88:   00007fe5cd006137 00000007d6faa640
0x00007fe57bffdb98:   00007fe57bffdb98 000000077feb5dd1
0x00007fe57bffdba8:   00007fe57bffdbf0 000000077feb85c0
0x00007fe57bffdbb8:   0000000000000000 000000077feb5e00
0x00007fe57bffdbc8:   00007fe57bffdb90 00007fe57bffdbe8
0x00007fe57bffdbd8:   00007fe57bffdc38 00007fe5cd0063d0
0x00007fe57bffdbe8:   00000007d6faacb0 00000007d6faa640
0x00007fe57bffdbf8:   00007fe57bffdbf8 000000077fefe845
0x00007fe57bffdc08:   00007fe57bffdc68 000000077ff654b8
0x00007fe57bffdc18:   0000000000000000 000000077fefe900
0x00007fe57bffdc28:   00007fe57bffdbe8 00007fe57bffdc50
0x00007fe57bffdc38:   00007fe57bffdcd0 00007fe5cd0004e7
0x00007fe57bffdc48:   0000000000000000 3fb999999999999a
0x00007fe57bffdc58:   404437f0476cc763 00000007d6faacb0
0x00007fe57bffdc68:   00000007d8e347f0 00007fe500001fa0
0x00007fe57bffdc78:   00007fe57bffdfc0 00007fe57bffdd50
0x00007fe57bffdc88:   00007fe57bffde40 00007fe5d021d800
0x00007fe57bffdc98:   00007fe59807df80 00007fe57bffdd10 

Instructions: (pc=0x00007fe5b26dbba0)
0x00007fe5b26dbb80:   24 1f e8 69 fd ff ff 48 89 ef e8 31 91 ff ff 48
0x00007fe5b26dbb90:   89 c5 48 8b 1d 37 51 29 00 eb d4 0f 1f 44 00 00
0x00007fe5b26dbba0:   f2 0f 10 42 08 c3 66 2e 0f 1f 84 00 00 00 00 00
0x00007fe5b26dbbb0:   f2 0f 10 42 10 c3 66 2e 0f 1f 84 00 00 00 00 00 

Register to memory mapping:

RAX=0x00007fe5b26dbba0: Java_com_gams_utility_Position_jni_1getX+0 in /home/jazen/gams/libGAMS.so.6.3.0 at 0x00007fe5b26a4000
RBX=0x000000077feb5548 is an oop
{method} 
 - klass: {other class}
RCX=0x0000000000000021 is an unknown value
RDX=0x0000000000000000 is an unknown value
RSP=0x00007fe57bffdaa8 is pointing into the stack for thread: 0x00007fe5d021d800
RBP=0x00007fe57bffdb08 is pointing into the stack for thread: 0x00007fe5d021d800
RSI=0x00007fe57bffdb38 is pointing into the stack for thread: 0x00007fe5d021d800
RDI=0x00007fe5d021d9e8 is an unknown value
R8 =0x00007fe5cd015380 is at code_begin+0 in an Interpreter codelet
method entry point (kind = zerolocals)  [0x00007fe5cd015380, 0x00007fe5cd015900]  1408 bytes
R9 =0x00007fe57bffde48 is pointing into the stack for thread: 0x00007fe5d021d800
R10=0x00007fe5cd018c0d is at code_begin+1197 in an Interpreter codelet
method entry point (kind = native)  [0x00007fe5cd018760, 0x00007fe5cd019560]  3584 bytes
R11=0x00007fe5d7fa9940: <offset 0x8b5940> in /usr/lib/jvm/java-7-oracle/jre/lib/amd64/server/libjvm.so at 0x00007fe5d76f4000
R12=0x0000000000000000 is an unknown value
R13=0x000000077feb5548 is an oop
{method} 
 - klass: {other class}
R14=0x00007fe57bffdb38 is pointing into the stack for thread: 0x00007fe5d021d800
R15=0x00007fe5d021d800 is a thread


Stack: [0x00007fe57beff000,0x00007fe57c000000],  sp=0x00007fe57bffdaa8,  free space=1018k
Native frames: (J=compiled Java code, j=interpreted, Vv=VM code, C=native code)
C  [libGAMS.so.6.3.0+0x37ba0]  Java_com_gams_utility_Position_jni_1getX+0x0
j  com.gams.utility.Position.getX()D+5
j  com.gams.utility.Position.equals(Lcom/gams/utility/Position;)Z+1
j  vrepSim.LutraPlatform.move(Lcom/gams/utility/Position;D)I+5
v  ~StubRoutines::call_stub
V  [libjvm.so+0x6020a5]  JavaCalls::call_helper(JavaValue*, methodHandle*, JavaCallArguments*, Thread*)+0x365
V  [libjvm.so+0x600b08]  JavaCalls::call(JavaValue*, methodHandle, JavaCallArguments*, Thread*)+0x28
V  [libjvm.so+0x63b684]  jni_invoke_nonstatic(JNIEnv_*, JavaValue*, _jobject*, JNICallType, _jmethodID*, JNI_ArgumentPusher*, Thread*)+0x2b4
V  [libjvm.so+0x64bd29]  jni_CallIntMethodV+0xe9

Java frames: (J=compiled Java code, j=interpreted, Vv=VM code)
j  com.gams.utility.Position.jni_getX(J)D+0
j  com.gams.utility.Position.getX()D+5
j  com.gams.utility.Position.equals(Lcom/gams/utility/Position;)Z+1
j  vrepSim.LutraPlatform.move(Lcom/gams/utility/Position;D)I+5
v  ~StubRoutines::call_stub
j  com.gams.controllers.BaseController.jni_run(JDD)J+0
j  com.gams.controllers.BaseController.run(DD)J+7
j  vrepSim.LutraGAMS$1.run()V+13
j  java.lang.Thread.run()V+11
v  ~StubRoutines::call_stub

---------------  P R O C E S S  ---------------

Java Threads: ( => current thread )
  0x00007fe554003000 JavaThread "Thread-7" [_thread_in_native, id=5351, stack(0x00007fe57aefd000,0x00007fe57b6fe000)]
  0x00007fe54c003000 JavaThread "Thread-6" [_thread_in_native, id=5352, stack(0x00007fe57a6fc000,0x00007fe57aefd000)]
  0x00007fe564003000 JavaThread "Thread-4" [_thread_in_native, id=5354, stack(0x00007fe5796fa000,0x00007fe579efb000)]
  0x00007fe55c003000 JavaThread "Thread-5" [_thread_in_native, id=5353, stack(0x00007fe579efb000,0x00007fe57a6fc000)]
  0x00007fe56c003000 JavaThread "Thread-3" [_thread_blocked, id=5348, stack(0x00007fe5b008c000,0x00007fe5b088d000)]
=>0x00007fe5d021d800 JavaThread "Thread-2" [_thread_in_native, id=5349, stack(0x00007fe57beff000,0x00007fe57c000000)]
  0x00007fe580003000 JavaThread "Thread-1" [_thread_in_native, id=5347, stack(0x00007fe5b0d30000,0x00007fe5b1531000)]
  0x00007fe57c003000 JavaThread "Thread-0" [_thread_in_native, id=5346, stack(0x00007fe5b15ac000,0x00007fe5b1dad000)]
  0x00007fe5d00ab800 JavaThread "Service Thread" daemon [_thread_blocked, id=5341, stack(0x00007fe5b39da000,0x00007fe5b3adb000)]
  0x00007fe5d00a9800 JavaThread "C2 CompilerThread1" daemon [_thread_blocked, id=5340, stack(0x00007fe5b3adb000,0x00007fe5b3bdc000)]
  0x00007fe5d00a6800 JavaThread "C2 CompilerThread0" daemon [_thread_blocked, id=5339, stack(0x00007fe5b3bdc000,0x00007fe5b3cdd000)]
  0x00007fe59c001000 JavaThread "JDWP Command Reader" daemon [_thread_in_native, id=5335, stack(0x00007fe5b3cdd000,0x00007fe5b3dde000)]
  0x00007fe5d00a4000 JavaThread "JDWP Event Helper Thread" daemon [_thread_blocked, id=5334, stack(0x00007fe5b3dde000,0x00007fe5b3edf000)]
  0x00007fe5d00a0800 JavaThread "JDWP Transport Listener: dt_socket" daemon [_thread_blocked, id=5333, stack(0x00007fe5b3edf000,0x00007fe5b3fe0000)]
  0x00007fe5d0093000 JavaThread "Signal Dispatcher" daemon [_thread_blocked, id=5330, stack(0x00007fe5cc2b1000,0x00007fe5cc3b2000)]
  0x00007fe5d0073000 JavaThread "Finalizer" daemon [_thread_blocked, id=5329, stack(0x00007fe5cc3b2000,0x00007fe5cc4b3000)]
  0x00007fe5d0071000 JavaThread "Reference Handler" daemon [_thread_blocked, id=5327, stack(0x00007fe5cc4b3000,0x00007fe5cc5b4000)]
  0x00007fe5d000c800 JavaThread "main" [_thread_in_Java, id=5318, stack(0x00007fe5d9050000,0x00007fe5d9151000)]

Other Threads:
  0x00007fe5d006c800 VMThread [stack: 0x00007fe5cc5b4000,0x00007fe5cc6b5000] [id=5325]
  0x00007fe5d00b6000 WatcherThread [stack: 0x00007fe5b38d9000,0x00007fe5b39da000] [id=5342]

VM state:not at safepoint (normal execution)

VM Mutex/Monitor currently owned by a thread: None

Heap
 PSYoungGen      total 36864K, used 20022K [0x00000007d6f00000, 0x00000007d9800000, 0x0000000800000000)
  eden space 31744K, 57% used [0x00000007d6f00000,0x00000007d80da278,0x00000007d8e00000)
  from space 5120K, 34% used [0x00000007d8e00000,0x00000007d8fb3658,0x00000007d9300000)
  to   space 5120K, 0% used [0x00000007d9300000,0x00000007d9300000,0x00000007d9800000)
 ParOldGen       total 83968K, used 8K [0x0000000784e00000, 0x000000078a000000, 0x00000007d6f00000)
  object space 83968K, 0% used [0x0000000784e00000,0x0000000784e02000,0x000000078a000000)
 PSPermGen       total 21504K, used 5517K [0x000000077fc00000, 0x0000000781100000, 0x0000000784e00000)
  object space 21504K, 25% used [0x000000077fc00000,0x0000000780163758,0x0000000781100000)

Card table byte_map: [0x00007fe5d5436000,0x00007fe5d5839000] byte_map_base: 0x00007fe5d1838000

Polling page: 0x00007fe5d9189000

Code Cache  [0x00007fe5cd000000, 0x00007fe5cd270000, 0x00007fe5d0000000)
 total_blobs=417 nmethods=150 adapters=228 free_code_cache=48282Kb largest_free_block=49376320

Compilation events (10 events):
Event: 33.306 Thread 0x00007fe5d00a6800  157             org.apache.commons.math.linear.AbstractRealMatrix::transpose (33 bytes)
Event: 33.307 Thread 0x00007fe5d00a9800  158             org.apache.commons.math.linear.DefaultRealMatrixPreservingVisitor::<init> (5 bytes)
Event: 33.311 Thread 0x00007fe5d00a9800 nmethod 158 0x00007fe5cd0ddb50 code [0x00007fe5cd0ddc80, 0x00007fe5cd0ddcd8]
Event: 33.311 Thread 0x00007fe5d00a9800  159             org.apache.commons.math.linear.AbstractRealMatrix::walkInOptimizedOrder (6 bytes)
Event: 33.311 Thread 0x00007fe5d00a9800 nmethod 159 0x00007fe5cd0da050 code [0x00007fe5cd0da1a0, 0x00007fe5cd0da248]
Event: 33.322 Thread 0x00007fe5d00a6800 nmethod 157 0x00007fe5cd0d9890 code [0x00007fe5cd0d9a00, 0x00007fe5cd0d9ca8]
Event: 33.578 Thread 0x00007fe5d00a9800  160             org.apache.commons.math.linear.MatrixUtils::createRealMatrix (31 bytes)
Event: 33.580 Thread 0x00007fe5d00a9800 nmethod 160 0x00007fe5cd0d9450 code [0x00007fe5cd0d95a0, 0x00007fe5cd0d96f8]
Event: 33.778 Thread 0x00007fe5d00a6800  161   !         java.text.SimpleDateFormat::zeroPaddingNumber (270 bytes)
Event: 33.805 Thread 0x00007fe5d00a6800 nmethod 161 0x00007fe5cd0ab790 code [0x00007fe5cd0aba20, 0x00007fe5cd0ac598]

GC Heap History (2 events):
Event: 20.541 GC heap before
{Heap before GC invocations=1 (full 0):
 PSYoungGen      total 36864K, used 31744K [0x00000007d6f00000, 0x00000007d9800000, 0x0000000800000000)
  eden space 31744K, 100% used [0x00000007d6f00000,0x00000007d8e00000,0x00000007d8e00000)
  from space 5120K, 0% used [0x00000007d9300000,0x00000007d9300000,0x00000007d9800000)
  to   space 5120K, 0% used [0x00000007d8e00000,0x00000007d8e00000,0x00000007d9300000)
 ParOldGen       total 83968K, used 0K [0x0000000784e00000, 0x000000078a000000, 0x00000007d6f00000)
  object space 83968K, 0% used [0x0000000784e00000,0x0000000784e00000,0x000000078a000000)
 PSPermGen       total 21504K, used 5499K [0x000000077fc00000, 0x0000000781100000, 0x0000000784e00000)
  object space 21504K, 25% used [0x000000077fc00000,0x000000078015ef70,0x0000000781100000)
Event: 20.567 GC heap after
Heap after GC invocations=1 (full 0):
 PSYoungGen      total 36864K, used 1741K [0x00000007d6f00000, 0x00000007d9800000, 0x0000000800000000)
  eden space 31744K, 0% used [0x00000007d6f00000,0x00000007d6f00000,0x00000007d8e00000)
  from space 5120K, 34% used [0x00000007d8e00000,0x00000007d8fb3658,0x00000007d9300000)
  to   space 5120K, 0% used [0x00000007d9300000,0x00000007d9300000,0x00000007d9800000)
 ParOldGen       total 83968K, used 8K [0x0000000784e00000, 0x000000078a000000, 0x00000007d6f00000)
  object space 83968K, 0% used [0x0000000784e00000,0x0000000784e02000,0x000000078a000000)
 PSPermGen       total 21504K, used 5499K [0x000000077fc00000, 0x0000000781100000, 0x0000000784e00000)
  object space 21504K, 25% used [0x000000077fc00000,0x000000078015ef70,0x0000000781100000)
}

Deoptimization events (10 events):
Event: 2.152 Thread 0x00007fe56c003000 Uncommon trap: reason=uninitialized action=reinterpret pc=0x00007fe5cd07a0a0 method=org.apache.commons.math.util.FastMath.slowexp(D[D)D @ 67
Event: 2.153 Thread 0x00007fe56c003000 Uncommon trap: reason=uninitialized action=reinterpret pc=0x00007fe5cd07a9a8 method=org.apache.commons.math.util.FastMath.slowexp(D[D)D @ 67
Event: 2.185 Thread 0x00007fe56c003000 Uncommon trap: reason=uninitialized action=reinterpret pc=0x00007fe5cd078ebc method=org.apache.commons.math.util.FastMath.slowLog(D)[D @ 84
Event: 4.746 Thread 0x00007fe56c003000 Uncommon trap: reason=unstable_if action=reinterpret pc=0x00007fe5cd07dfb4 method=sun.misc.FDBigInt.add(Lsun/misc/FDBigInt;)Lsun/misc/FDBigInt; @ 134
Event: 5.705 Thread 0x00007fe56c003000 Uncommon trap: reason=unstable_if action=reinterpret pc=0x00007fe5cd0817ec method=sun.misc.FormattedFloatingDecimal.applyPrecision(I)[C @ 55
Event: 7.825 Thread 0x00007fe56c003000 Uncommon trap: reason=unstable_if action=reinterpret pc=0x00007fe5cd0a9ef4 method=sun.misc.FormattedFloatingDecimal.dtoa(IJI)V @ 365
Event: 9.709 Thread 0x00007fe55c003000 Uncommon trap: reason=unstable_if action=reinterpret pc=0x00007fe5cd09eb2c method=sun.misc.FormattedFloatingDecimal.applyPrecision(I)[C @ 66
Event: 11.818 Thread 0x00007fe56c003000 Uncommon trap: reason=unstable_if action=reinterpret pc=0x00007fe5cd0bf440 method=sun.misc.FormattedFloatingDecimal.dtoa(IJI)V @ 954
Event: 21.259 Thread 0x00007fe56c003000 Uncommon trap: reason=unstable_if action=reinterpret pc=0x00007fe5cd0d3dd4 method=sun.misc.FormattedFloatingDecimal.dtoa(IJI)V @ 832
Event: 34.489 Thread 0x00007fe55c003000 Uncommon trap: reason=unstable_if action=reinterpret pc=0x00007fe5cd0e2da0 method=sun.misc.FormattedFloatingDecimal.dtoa(IJI)V @ 27

Internal exceptions (10 events):
Event: 1.995 Thread 0x00007fe55c003000 Threw 0x00000007d7710d50 at /HUDSON/workspace/7u-2-build-linux-amd64/jdk7u80/2329/hotspot/src/share/vm/prims/jvm.cpp:1319
Event: 1.997 Thread 0x00007fe55c003000 Threw 0x00000007d77140e0 at /HUDSON/workspace/7u-2-build-linux-amd64/jdk7u80/2329/hotspot/src/share/vm/prims/jvm.cpp:1319
Event: 2.018 Thread 0x00007fe56c003000 Threw 0x00000007d75347c8 at /HUDSON/workspace/7u-2-build-linux-amd64/jdk7u80/2329/hotspot/src/share/vm/prims/jvm.cpp:1319
Event: 2.018 Thread 0x00007fe56c003000 Threw 0x00000007d7537c20 at /HUDSON/workspace/7u-2-build-linux-amd64/jdk7u80/2329/hotspot/src/share/vm/prims/jvm.cpp:1319
Event: 2.029 Thread 0x00007fe56c003000 Threw 0x00000007d753e9b8 at /HUDSON/workspace/7u-2-build-linux-amd64/jdk7u80/2329/hotspot/src/share/vm/prims/jvm.cpp:1319
Event: 2.032 Thread 0x00007fe56c003000 Threw 0x00000007d7543f40 at /HUDSON/workspace/7u-2-build-linux-amd64/jdk7u80/2329/hotspot/src/share/vm/prims/jvm.cpp:1319
Event: 2.037 Thread 0x00007fe56c003000 Threw 0x00000007d75468c8 at /HUDSON/workspace/7u-2-build-linux-amd64/jdk7u80/2329/hotspot/src/share/vm/prims/jvm.cpp:1319
Event: 2.041 Thread 0x00007fe56c003000 Threw 0x00000007d7549478 at /HUDSON/workspace/7u-2-build-linux-amd64/jdk7u80/2329/hotspot/src/share/vm/prims/jvm.cpp:1319
Event: 2.198 Thread 0x00007fe56c003000 Threw 0x00000007d7a6cd40 at /HUDSON/workspace/7u-2-build-linux-amd64/jdk7u80/2329/hotspot/src/share/vm/prims/jvm.cpp:1319
Event: 2.212 Thread 0x00007fe56c003000 Threw 0x00000007d7a72d48 at /HUDSON/workspace/7u-2-build-linux-amd64/jdk7u80/2329/hotspot/src/share/vm/prims/jvm.cpp:1319

Events (10 events):
Event: 20.580 Executing VM operation: BulkRevokeBias done
Event: 21.258 Thread 0x00007fe56c003000 Uncommon trap: trap_request=0xffffff75 fr.pc=0x00007fe5cd0d3dd4
Event: 21.259 Thread 0x00007fe56c003000 DEOPT PACKING pc=0x00007fe5cd0d3dd4 sp=0x00007fe5b088adf0
Event: 21.259 Thread 0x00007fe56c003000 DEOPT UNPACKING pc=0x00007fe5cd039445 sp=0x00007fe5b088af08 mode 2
Event: 21.930 Thread 0x00007fe5d00a6800 flushing nmethod 0x00007fe5cd07d7d0
Event: 29.475 Thread 0x00007fe5d00a6800 flushing nmethod 0x00007fe5cd081150
Event: 31.119 Thread 0x00007fe5d00a6800 flushing nmethod 0x00007fe5cd0a1dd0
Event: 34.489 Thread 0x00007fe55c003000 Uncommon trap: trap_request=0xffffff75 fr.pc=0x00007fe5cd0e2da0
Event: 34.489 Thread 0x00007fe55c003000 DEOPT PACKING pc=0x00007fe5cd0e2da0 sp=0x00007fe57a6f9db0
Event: 34.489 Thread 0x00007fe55c003000 DEOPT UNPACKING pc=0x00007fe5cd039445 sp=0x00007fe57a6f9ec0 mode 2


Dynamic libraries:
00400000-00401000 r-xp 00000000 08:02 1365019                            /usr/lib/jvm/java-7-oracle/bin/java
00600000-00601000 rw-p 00000000 08:02 1365019                            /usr/lib/jvm/java-7-oracle/bin/java
00749000-0076a000 rw-p 00000000 00:00 0                                  [heap]
77fc00000-781100000 rw-p 00000000 00:00 0 
781100000-784e00000 rw-p 00000000 00:00 0 
784e00000-78a000000 rw-p 00000000 00:00 0 
78a000000-7d6f00000 rw-p 00000000 00:00 0 
7d6f00000-7d9800000 rw-p 00000000 00:00 0 
7d9800000-800000000 rw-p 00000000 00:00 0 
7fe54c000000-7fe54c022000 rw-p 00000000 00:00 0 
7fe54c022000-7fe550000000 ---p 00000000 00:00 0 
7fe554000000-7fe554022000 rw-p 00000000 00:00 0 
7fe554022000-7fe558000000 ---p 00000000 00:00 0 
7fe55c000000-7fe55c022000 rw-p 00000000 00:00 0 
7fe55c022000-7fe560000000 ---p 00000000 00:00 0 
7fe564000000-7fe564022000 rw-p 00000000 00:00 0 
7fe564022000-7fe568000000 ---p 00000000 00:00 0 
7fe56c000000-7fe56c0e4000 rw-p 00000000 00:00 0 
7fe56c0e4000-7fe570000000 ---p 00000000 00:00 0 
7fe570000000-7fe570021000 rw-p 00000000 00:00 0 
7fe570021000-7fe574000000 ---p 00000000 00:00 0 
7fe574000000-7fe57427d000 rw-p 00000000 00:00 0 
7fe57427d000-7fe578000000 ---p 00000000 00:00 0 
7fe5796fa000-7fe5796fd000 ---p 00000000 00:00 0 
7fe5796fd000-7fe579efb000 rw-p 00000000 00:00 0                          [stack:5354]
7fe579efb000-7fe579efe000 ---p 00000000 00:00 0 
7fe579efe000-7fe57a6fc000 rw-p 00000000 00:00 0                          [stack:5353]
7fe57a6fc000-7fe57a6ff000 ---p 00000000 00:00 0 
7fe57a6ff000-7fe57aefd000 rw-p 00000000 00:00 0                          [stack:5352]
7fe57aefd000-7fe57af00000 ---p 00000000 00:00 0 
7fe57af00000-7fe57b6fe000 rw-p 00000000 00:00 0                          [stack:5351]
7fe57b6fe000-7fe57b6ff000 ---p 00000000 00:00 0 
7fe57b6ff000-7fe57beff000 rw-p 00000000 00:00 0                          [stack:5350]
7fe57beff000-7fe57bf02000 ---p 00000000 00:00 0 
7fe57bf02000-7fe57c000000 rw-p 00000000 00:00 0                          [stack:5349]
7fe57c000000-7fe57c022000 rw-p 00000000 00:00 0 
7fe57c022000-7fe580000000 ---p 00000000 00:00 0 
7fe580000000-7fe580022000 rw-p 00000000 00:00 0 
7fe580022000-7fe584000000 ---p 00000000 00:00 0 
7fe584000000-7fe584021000 rw-p 00000000 00:00 0 
7fe584021000-7fe588000000 ---p 00000000 00:00 0 
7fe588000000-7fe588021000 rw-p 00000000 00:00 0 
7fe588021000-7fe58c000000 ---p 00000000 00:00 0 
7fe58c000000-7fe58e37b000 rw-p 00000000 00:00 0 
7fe58e37b000-7fe590000000 ---p 00000000 00:00 0 
7fe590000000-7fe590021000 rw-p 00000000 00:00 0 
7fe590021000-7fe594000000 ---p 00000000 00:00 0 
7fe594000000-7fe594021000 rw-p 00000000 00:00 0 
7fe594021000-7fe598000000 ---p 00000000 00:00 0 
7fe598000000-7fe5985a6000 rw-p 00000000 00:00 0 
7fe5985a6000-7fe59c000000 ---p 00000000 00:00 0 
7fe59c000000-7fe59c021000 rw-p 00000000 00:00 0 
7fe59c021000-7fe5a0000000 ---p 00000000 00:00 0 
7fe5a0000000-7fe5a0021000 rw-p 00000000 00:00 0 
7fe5a0021000-7fe5a4000000 ---p 00000000 00:00 0 
7fe5a4000000-7fe5a4021000 rw-p 00000000 00:00 0 
7fe5a4021000-7fe5a8000000 ---p 00000000 00:00 0 
7fe5a8000000-7fe5a8021000 rw-p 00000000 00:00 0 
7fe5a8021000-7fe5ac000000 ---p 00000000 00:00 0 
7fe5ac000000-7fe5ac021000 rw-p 00000000 00:00 0 
7fe5ac021000-7fe5b0000000 ---p 00000000 00:00 0 
7fe5b008c000-7fe5b008f000 ---p 00000000 00:00 0 
7fe5b008f000-7fe5b088d000 rw-p 00000000 00:00 0                          [stack:5348]
7fe5b088d000-7fe5b08a4000 r-xp 00000000 08:02 1318420                    /usr/lib/jvm/java-7-oracle/jre/lib/amd64/libnet.so
7fe5b08a4000-7fe5b0aa3000 ---p 00017000 08:02 1318420                    /usr/lib/jvm/java-7-oracle/jre/lib/amd64/libnet.so
7fe5b0aa3000-7fe5b0aa4000 rw-p 00016000 08:02 1318420                    /usr/lib/jvm/java-7-oracle/jre/lib/amd64/libnet.so
7fe5b0aa4000-7fe5b0ab4000 r-xp 00000000 08:02 1318421                    /usr/lib/jvm/java-7-oracle/jre/lib/amd64/libnio.so
7fe5b0ab4000-7fe5b0cb4000 ---p 00010000 08:02 1318421                    /usr/lib/jvm/java-7-oracle/jre/lib/amd64/libnio.so
7fe5b0cb4000-7fe5b0cb5000 rw-p 00010000 08:02 1318421                    /usr/lib/jvm/java-7-oracle/jre/lib/amd64/libnio.so
7fe5b0cb5000-7fe5b0d30000 rw-p 00000000 00:00 0 
7fe5b0d30000-7fe5b0d33000 ---p 00000000 00:00 0 
7fe5b0d33000-7fe5b15ac000 rw-p 00000000 00:00 0                          [stack:5347]
7fe5b15ac000-7fe5b15af000 ---p 00000000 00:00 0 
7fe5b15af000-7fe5b1ea3000 rw-p 00000000 00:00 0                          [stack:5346]
7fe5b1ea3000-7fe5b1ea4000 ---p 00000000 00:00 0 
7fe5b1ea4000-7fe5b26a4000 rw-p 00000000 00:00 0                          [stack:5343]
7fe5b26a4000-7fe5b276e000 r-xp 00000000 08:02 1859401                    /home/jazen/gams/libGAMS.so.6.3.0
7fe5b276e000-7fe5b296e000 ---p 000ca000 08:02 1859401                    /home/jazen/gams/libGAMS.so.6.3.0
7fe5b296e000-7fe5b2971000 r--p 000ca000 08:02 1859401                    /home/jazen/gams/libGAMS.so.6.3.0
7fe5b2971000-7fe5b2973000 rw-p 000cd000 08:02 1859401                    /home/jazen/gams/libGAMS.so.6.3.0
7fe5b2973000-7fe5b2b60000 r-xp 00000000 08:02 1859117                    /home/jazen/madara/libMADARA.so.6.3.0
7fe5b2b60000-7fe5b2d5f000 ---p 001ed000 08:02 1859117                    /home/jazen/madara/libMADARA.so.6.3.0
7fe5b2d5f000-7fe5b2d66000 r--p 001ec000 08:02 1859117                    /home/jazen/madara/libMADARA.so.6.3.0
7fe5b2d66000-7fe5b2d69000 rw-p 001f3000 08:02 1859117                    /home/jazen/madara/libMADARA.so.6.3.0
7fe5b2d69000-7fe5b2ef8000 r-xp 00000000 08:02 1705810                    /home/jazen/ace/ACE_wrappers/ace/libACE.so.6.3.0
7fe5b2ef8000-7fe5b30f7000 ---p 0018f000 08:02 1705810                    /home/jazen/ace/ACE_wrappers/ace/libACE.so.6.3.0
7fe5b30f7000-7fe5b310a000 r--p 0018e000 08:02 1705810                    /home/jazen/ace/ACE_wrappers/ace/libACE.so.6.3.0
7fe5b310a000-7fe5b310e000 rw-p 001a1000 08:02 1705810                    /home/jazen/ace/ACE_wrappers/ace/libACE.so.6.3.0
7fe5b310e000-7fe5b3110000 rw-p 00000000 00:00 0 
7fe5b3110000-7fe5b3126000 r-xp 00000000 08:02 5004209                    /lib/x86_64-linux-gnu/libgcc_s.so.1
7fe5b3126000-7fe5b3325000 ---p 00016000 08:02 5004209                    /lib/x86_64-linux-gnu/libgcc_s.so.1
7fe5b3325000-7fe5b3326000 r--p 00015000 08:02 5004209                    /lib/x86_64-linux-gnu/libgcc_s.so.1
7fe5b3326000-7fe5b3327000 rw-p 00016000 08:02 5004209                    /lib/x86_64-linux-gnu/libgcc_s.so.1
7fe5b3327000-7fe5b3494000 r-xp 00000000 08:02 1246485                    /usr/lib/x86_64-linux-gnu/libstdc++.so.6.0.21
7fe5b3494000-7fe5b3693000 ---p 0016d000 08:02 1246485                    /usr/lib/x86_64-linux-gnu/libstdc++.so.6.0.21
7fe5b3693000-7fe5b369d000 r--p 0016c000 08:02 1246485                    /usr/lib/x86_64-linux-gnu/libstdc++.so.6.0.21
7fe5b369d000-7fe5b369f000 rw-p 00176000 08:02 1246485                    /usr/lib/x86_64-linux-gnu/libstdc++.so.6.0.21
7fe5b369f000-7fe5b36a3000 rw-p 00000000 00:00 0 
7fe5b36a3000-7fe5b36c2000 r-xp 00000000 08:02 1788256                    /home/jazen/v_rep/programming/remoteApiBindings/java/lib/64Bit/libremoteApiJava.so
7fe5b36c2000-7fe5b38c2000 ---p 0001f000 08:02 1788256                    /home/jazen/v_rep/programming/remoteApiBindings/java/lib/64Bit/libremoteApiJava.so
7fe5b38c2000-7fe5b38c3000 r--p 0001f000 08:02 1788256                    /home/jazen/v_rep/programming/remoteApiBindings/java/lib/64Bit/libremoteApiJava.so
7fe5b38c3000-7fe5b38c4000 rw-p 00020000 08:02 1788256                    /home/jazen/v_rep/programming/remoteApiBindings/java/lib/64Bit/libremoteApiJava.so
7fe5b38c4000-7fe5b38d9000 rw-p 00000000 00:00 0 
7fe5b38d9000-7fe5b38da000 ---p 00000000 00:00 0 
7fe5b38da000-7fe5b39da000 rw-p 00000000 00:00 0                          [stack:5342]
7fe5b39da000-7fe5b39dd000 ---p 00000000 00:00 0 
7fe5b39dd000-7fe5b3adb000 rw-p 00000000 00:00 0                          [stack:5341]
7fe5b3adb000-7fe5b3ade000 ---p 00000000 00:00 0 
7fe5b3ade000-7fe5b3bdc000 rw-p 00000000 00:00 0                          [stack:5340]
7fe5b3bdc000-7fe5b3bdf000 ---p 00000000 00:00 0 
7fe5b3bdf000-7fe5b3cdd000 rw-p 00000000 00:00 0                          [stack:5339]
7fe5b3cdd000-7fe5b3ce0000 ---p 00000000 00:00 0 
7fe5b3ce0000-7fe5b3dde000 rw-p 00000000 00:00 0                          [stack:5335]
7fe5b3dde000-7fe5b3de1000 ---p 00000000 00:00 0 
7fe5b3de1000-7fe5b3edf000 rw-p 00000000 00:00 0                          [stack:5334]
7fe5b3edf000-7fe5b3ee2000 ---p 00000000 00:00 0 
7fe5b3ee2000-7fe5b8000000 rw-p 00000000 00:00 0                          [stack:5333]
7fe5b8000000-7fe5b8021000 rw-p 00000000 00:00 0 
7fe5b8021000-7fe5bc000000 ---p 00000000 00:00 0 
7fe5bc000000-7fe5bc021000 rw-p 00000000 00:00 0 
7fe5bc021000-7fe5c0000000 ---p 00000000 00:00 0 
7fe5c0000000-7fe5c0021000 rw-p 00000000 00:00 0 
7fe5c0021000-7fe5c4000000 ---p 00000000 00:00 0 
7fe5c4000000-7fe5c4021000 rw-p 00000000 00:00 0 
7fe5c4021000-7fe5c8000000 ---p 00000000 00:00 0 
7fe5c8000000-7fe5c8021000 rw-p 00000000 00:00 0 
7fe5c8021000-7fe5cc000000 ---p 00000000 00:00 0 
7fe5cc062000-7fe5cc08b000 r--s 001da000 08:02 4244827                    /home/jazen/Documents/Research/Platypus_Software/MyForks/VREP-Boat-Simulator/VrepSimulation/lib/crwlib_core.jar
7fe5cc08b000-7fe5cc09e000 r--s 000df000 08:02 4244826                    /home/jazen/Documents/Research/Platypus_Software/MyForks/VREP-Boat-Simulator/VrepSimulation/lib/commons-math-2.2.jar
7fe5cc09e000-7fe5cc0ad000 r--s 00098000 08:02 4244888                    /home/jazen/Documents/Research/Platypus_Software/MyForks/VREP-Boat-Simulator/VrepSimulation/lib/jscience-4.3.jar
7fe5cc0ad000-7fe5cc0b1000 r-xp 00000000 08:02 1318397                    /usr/lib/jvm/java-7-oracle/jre/lib/amd64/libdt_socket.so
7fe5cc0b1000-7fe5cc2b0000 ---p 00004000 08:02 1318397                    /usr/lib/jvm/java-7-oracle/jre/lib/amd64/libdt_socket.so
7fe5cc2b0000-7fe5cc2b1000 rw-p 00003000 08:02 1318397                    /usr/lib/jvm/java-7-oracle/jre/lib/amd64/libdt_socket.so
7fe5cc2b1000-7fe5cc2b4000 ---p 00000000 00:00 0 
7fe5cc2b4000-7fe5cc3b2000 rw-p 00000000 00:00 0                          [stack:5330]
7fe5cc3b2000-7fe5cc3b5000 ---p 00000000 00:00 0 
7fe5cc3b5000-7fe5cc4b3000 rw-p 00000000 00:00 0                          [stack:5329]
7fe5cc4b3000-7fe5cc4b6000 ---p 00000000 00:00 0 
7fe5cc4b6000-7fe5cc5b4000 rw-p 00000000 00:00 0                          [stack:5327]
7fe5cc5b4000-7fe5cc5b5000 ---p 00000000 00:00 0 
7fe5cc5b5000-7fe5cd000000 rw-p 00000000 00:00 0                          [stack:5325]
7fe5cd000000-7fe5cd270000 rwxp 00000000 00:00 0 
7fe5cd270000-7fe5d0225000 rw-p 00000000 00:00 0 
7fe5d0225000-7fe5d4000000 ---p 00000000 00:00 0 
7fe5d4005000-7fe5d4009000 r--s 0003c000 08:02 4244883                    /home/jazen/Documents/Research/Platypus_Software/MyForks/VREP-Boat-Simulator/VrepSimulation/lib/madara.jar
7fe5d4009000-7fe5d46bd000 rw-p 00000000 00:00 0 
7fe5d46bd000-7fe5d487d000 r--s 039fb000 08:02 1360694                    /usr/lib/jvm/java-7-oracle/jre/lib/rt.jar
7fe5d487d000-7fe5d4da1000 rw-p 00000000 00:00 0 
7fe5d4da1000-7fe5d4da2000 ---p 00000000 00:00 0 
7fe5d4da2000-7fe5d4ea2000 rw-p 00000000 00:00 0                          [stack:5324]
7fe5d4ea2000-7fe5d4ea3000 ---p 00000000 00:00 0 
7fe5d4ea3000-7fe5d4fa3000 rw-p 00000000 00:00 0                          [stack:5323]
7fe5d4fa3000-7fe5d4fa4000 ---p 00000000 00:00 0 
7fe5d4fa4000-7fe5d50a4000 rw-p 00000000 00:00 0                          [stack:5322]
7fe5d50a4000-7fe5d50a5000 ---p 00000000 00:00 0 
7fe5d50a5000-7fe5d51ce000 rw-p 00000000 00:00 0                          [stack:5321]
7fe5d51ce000-7fe5d5436000 rw-p 00000000 00:00 0 
7fe5d5436000-7fe5d5441000 rw-p 00000000 00:00 0 
7fe5d5441000-7fe5d545f000 rw-p 00000000 00:00 0 
7fe5d545f000-7fe5d5488000 rw-p 00000000 00:00 0 
7fe5d5488000-7fe5d56ef000 rw-p 00000000 00:00 0 
7fe5d56ef000-7fe5d5704000 rw-p 00000000 00:00 0 
7fe5d5704000-7fe5d5838000 rw-p 00000000 00:00 0 
7fe5d5838000-7fe5d5839000 rw-p 00000000 00:00 0 
7fe5d5839000-7fe5d5850000 r-xp 00000000 08:02 1318427                    /usr/lib/jvm/java-7-oracle/jre/lib/amd64/libzip.so
7fe5d5850000-7fe5d5a50000 ---p 00017000 08:02 1318427                    /usr/lib/jvm/java-7-oracle/jre/lib/amd64/libzip.so
7fe5d5a50000-7fe5d5a51000 rw-p 00017000 08:02 1318427                    /usr/lib/jvm/java-7-oracle/jre/lib/amd64/libzip.so
7fe5d5a51000-7fe5d5a5c000 r-xp 00000000 08:02 4980826                    /lib/x86_64-linux-gnu/libnss_files-2.19.so
7fe5d5a5c000-7fe5d5c5b000 ---p 0000b000 08:02 4980826                    /lib/x86_64-linux-gnu/libnss_files-2.19.so
7fe5d5c5b000-7fe5d5c5c000 r--p 0000a000 08:02 4980826                    /lib/x86_64-linux-gnu/libnss_files-2.19.so
7fe5d5c5c000-7fe5d5c5d000 rw-p 0000b000 08:02 4980826                    /lib/x86_64-linux-gnu/libnss_files-2.19.so
7fe5d5c5d000-7fe5d5c68000 r-xp 00000000 08:02 4987156                    /lib/x86_64-linux-gnu/libnss_nis-2.19.so
7fe5d5c68000-7fe5d5e67000 ---p 0000b000 08:02 4987156                    /lib/x86_64-linux-gnu/libnss_nis-2.19.so
7fe5d5e67000-7fe5d5e68000 r--p 0000a000 08:02 4987156                    /lib/x86_64-linux-gnu/libnss_nis-2.19.so
7fe5d5e68000-7fe5d5e69000 rw-p 0000b000 08:02 4987156                    /lib/x86_64-linux-gnu/libnss_nis-2.19.so
7fe5d5e69000-7fe5d5e80000 r-xp 00000000 08:02 4980835                    /lib/x86_64-linux-gnu/libnsl-2.19.so
7fe5d5e80000-7fe5d607f000 ---p 00017000 08:02 4980835                    /lib/x86_64-linux-gnu/libnsl-2.19.so
7fe5d607f000-7fe5d6080000 r--p 00016000 08:02 4980835                    /lib/x86_64-linux-gnu/libnsl-2.19.so
7fe5d6080000-7fe5d6081000 rw-p 00017000 08:02 4980835                    /lib/x86_64-linux-gnu/libnsl-2.19.so
7fe5d6081000-7fe5d6083000 rw-p 00000000 00:00 0 
7fe5d6083000-7fe5d608c000 r-xp 00000000 08:02 4980834                    /lib/x86_64-linux-gnu/libnss_compat-2.19.so
7fe5d608c000-7fe5d628b000 ---p 00009000 08:02 4980834                    /lib/x86_64-linux-gnu/libnss_compat-2.19.so
7fe5d628b000-7fe5d628c000 r--p 00008000 08:02 4980834                    /lib/x86_64-linux-gnu/libnss_compat-2.19.so
7fe5d628c000-7fe5d628d000 rw-p 00009000 08:02 4980834                    /lib/x86_64-linux-gnu/libnss_compat-2.19.so
7fe5d628d000-7fe5d696f000 r--p 00000000 08:02 1186808                    /usr/lib/locale/locale-archive
7fe5d696f000-7fe5d6971000 r-xp 00000000 08:02 1318419                    /usr/lib/jvm/java-7-oracle/jre/lib/amd64/libnpt.so
7fe5d6971000-7fe5d6b71000 ---p 00002000 08:02 1318419                    /usr/lib/jvm/java-7-oracle/jre/lib/amd64/libnpt.so
7fe5d6b71000-7fe5d6b72000 rw-p 00002000 08:02 1318419                    /usr/lib/jvm/java-7-oracle/jre/lib/amd64/libnpt.so
7fe5d6b72000-7fe5d6bab000 r-xp 00000000 08:02 1318431                    /usr/lib/jvm/java-7-oracle/jre/lib/amd64/libjdwp.so
7fe5d6bab000-7fe5d6dab000 ---p 00039000 08:02 1318431                    /usr/lib/jvm/java-7-oracle/jre/lib/amd64/libjdwp.so
7fe5d6dab000-7fe5d6dac000 rw-p 00039000 08:02 1318431                    /usr/lib/jvm/java-7-oracle/jre/lib/amd64/libjdwp.so
7fe5d6dac000-7fe5d6dad000 rw-p 00000000 00:00 0 
7fe5d6dad000-7fe5d6dd6000 r-xp 00000000 08:02 1318400                    /usr/lib/jvm/java-7-oracle/jre/lib/amd64/libjava.so
7fe5d6dd6000-7fe5d6fd6000 ---p 00029000 08:02 1318400                    /usr/lib/jvm/java-7-oracle/jre/lib/amd64/libjava.so
7fe5d6fd6000-7fe5d6fd8000 rw-p 00029000 08:02 1318400                    /usr/lib/jvm/java-7-oracle/jre/lib/amd64/libjava.so
7fe5d6fd8000-7fe5d6fe5000 r-xp 00000000 08:02 1318438                    /usr/lib/jvm/java-7-oracle/jre/lib/amd64/libverify.so
7fe5d6fe5000-7fe5d71e4000 ---p 0000d000 08:02 1318438                    /usr/lib/jvm/java-7-oracle/jre/lib/amd64/libverify.so
7fe5d71e4000-7fe5d71e6000 rw-p 0000c000 08:02 1318438                    /usr/lib/jvm/java-7-oracle/jre/lib/amd64/libverify.so
7fe5d71e6000-7fe5d71ed000 r-xp 00000000 08:02 4984752                    /lib/x86_64-linux-gnu/librt-2.19.so
7fe5d71ed000-7fe5d73ec000 ---p 00007000 08:02 4984752                    /lib/x86_64-linux-gnu/librt-2.19.so
7fe5d73ec000-7fe5d73ed000 r--p 00006000 08:02 4984752                    /lib/x86_64-linux-gnu/librt-2.19.so
7fe5d73ed000-7fe5d73ee000 rw-p 00007000 08:02 4984752                    /lib/x86_64-linux-gnu/librt-2.19.so
7fe5d73ee000-7fe5d74f3000 r-xp 00000000 08:02 4980825                    /lib/x86_64-linux-gnu/libm-2.19.so
7fe5d74f3000-7fe5d76f2000 ---p 00105000 08:02 4980825                    /lib/x86_64-linux-gnu/libm-2.19.so
7fe5d76f2000-7fe5d76f3000 r--p 00104000 08:02 4980825                    /lib/x86_64-linux-gnu/libm-2.19.so
7fe5d76f3000-7fe5d76f4000 rw-p 00105000 08:02 4980825                    /lib/x86_64-linux-gnu/libm-2.19.so
7fe5d76f4000-7fe5d826a000 r-xp 00000000 08:02 1318388                    /usr/lib/jvm/java-7-oracle/jre/lib/amd64/server/libjvm.so
7fe5d826a000-7fe5d8469000 ---p 00b76000 08:02 1318388                    /usr/lib/jvm/java-7-oracle/jre/lib/amd64/server/libjvm.so
7fe5d8469000-7fe5d852d000 rw-p 00b75000 08:02 1318388                    /usr/lib/jvm/java-7-oracle/jre/lib/amd64/server/libjvm.so
7fe5d852d000-7fe5d856e000 rw-p 00000000 00:00 0 
7fe5d856e000-7fe5d8729000 r-xp 00000000 08:02 4980840                    /lib/x86_64-linux-gnu/libc-2.19.so
7fe5d8729000-7fe5d8928000 ---p 001bb000 08:02 4980840                    /lib/x86_64-linux-gnu/libc-2.19.so
7fe5d8928000-7fe5d892c000 r--p 001ba000 08:02 4980840                    /lib/x86_64-linux-gnu/libc-2.19.so
7fe5d892c000-7fe5d892e000 rw-p 001be000 08:02 4980840                    /lib/x86_64-linux-gnu/libc-2.19.so
7fe5d892e000-7fe5d8933000 rw-p 00000000 00:00 0 
7fe5d8933000-7fe5d8936000 r-xp 00000000 08:02 4980829                    /lib/x86_64-linux-gnu/libdl-2.19.so
7fe5d8936000-7fe5d8b35000 ---p 00003000 08:02 4980829                    /lib/x86_64-linux-gnu/libdl-2.19.so
7fe5d8b35000-7fe5d8b36000 r--p 00002000 08:02 4980829                    /lib/x86_64-linux-gnu/libdl-2.19.so
7fe5d8b36000-7fe5d8b37000 rw-p 00003000 08:02 4980829                    /lib/x86_64-linux-gnu/libdl-2.19.so
7fe5d8b37000-7fe5d8b4c000 r-xp 00000000 08:02 1364427                    /usr/lib/jvm/java-7-oracle/lib/amd64/jli/libjli.so
7fe5d8b4c000-7fe5d8d4b000 ---p 00015000 08:02 1364427                    /usr/lib/jvm/java-7-oracle/lib/amd64/jli/libjli.so
7fe5d8d4b000-7fe5d8d4c000 rw-p 00014000 08:02 1364427                    /usr/lib/jvm/java-7-oracle/lib/amd64/jli/libjli.so
7fe5d8d4c000-7fe5d8d65000 r-xp 00000000 08:02 4984658                    /lib/x86_64-linux-gnu/libpthread-2.19.so
7fe5d8d65000-7fe5d8f64000 ---p 00019000 08:02 4984658                    /lib/x86_64-linux-gnu/libpthread-2.19.so
7fe5d8f64000-7fe5d8f65000 r--p 00018000 08:02 4984658                    /lib/x86_64-linux-gnu/libpthread-2.19.so
7fe5d8f65000-7fe5d8f66000 rw-p 00019000 08:02 4984658                    /lib/x86_64-linux-gnu/libpthread-2.19.so
7fe5d8f66000-7fe5d8f6a000 rw-p 00000000 00:00 0 
7fe5d8f6a000-7fe5d8f8d000 r-xp 00000000 08:02 4980837                    /lib/x86_64-linux-gnu/ld-2.19.so
7fe5d8f8d000-7fe5d8f90000 r--s 0001f000 08:02 4244884                    /home/jazen/Documents/Research/Platypus_Software/MyForks/VREP-Boat-Simulator/VrepSimulation/lib/gams.jar
7fe5d8f90000-7fe5d8f9a000 rw-p 00000000 00:00 0 
7fe5d8f9a000-7fe5d9050000 rw-p 00000000 00:00 0 
7fe5d9050000-7fe5d9053000 ---p 00000000 00:00 0 
7fe5d9053000-7fe5d9156000 rw-p 00000000 00:00 0                          [stack:5318]
7fe5d9156000-7fe5d9157000 r--s 00008000 08:02 4244887                    /home/jazen/Documents/Research/Platypus_Software/MyForks/VREP-Boat-Simulator/VrepSimulation/lib/Jama-1.0.3.jar
7fe5d9157000-7fe5d9162000 rw-p 00000000 00:00 0 
7fe5d9162000-7fe5d9180000 rw-p 00000000 00:00 0 
7fe5d9180000-7fe5d9188000 rw-s 00000000 08:02 5129616                    /tmp/hsperfdata_jazen/5315
7fe5d9188000-7fe5d9189000 rw-p 00000000 00:00 0 
7fe5d9189000-7fe5d918a000 r--p 00000000 00:00 0 
7fe5d918a000-7fe5d918c000 rw-p 00000000 00:00 0 
7fe5d918c000-7fe5d918d000 r--p 00022000 08:02 4980837                    /lib/x86_64-linux-gnu/ld-2.19.so
7fe5d918d000-7fe5d918e000 rw-p 00023000 08:02 4980837                    /lib/x86_64-linux-gnu/ld-2.19.so
7fe5d918e000-7fe5d918f000 rw-p 00000000 00:00 0 
7ffcbbe3d000-7ffcbbe5f000 rw-p 00000000 00:00 0                          [stack]
7ffcbbe60000-7ffcbbe62000 r-xp 00000000 00:00 0                          [vdso]
ffffffffff600000-ffffffffff601000 r-xp 00000000 00:00 0                  [vsyscall]

VM Arguments:
jvm_args: -Xdebug -Xrunjdwp:transport=dt_socket,address=localhost:54637 -Dfile.encoding=UTF-8 -Djava.library.path=/home/jazen/v_rep/programming/remoteApiBindings/java/lib/64Bit:/home/jazen/ace/ACE_wrappers/ace:/home/jazen/madara:/home/jazen/gams:/home/jazen/gams/lib
 
java_command: vrepSim.vrepSimMain
Launcher Type: SUN_STANDARD

Environment Variables:
JAVA_HOME=/usr/lib/jvm/java-7-oracle
PATH=/home/jazen/ace/ACE_wrappers/bin:/home/jazen/bin:/opt/ros/indigo/bin:/home/jazen/bin:/usr/local/sbin:/usr/local/bin:/usr/sbin:/usr/bin:/sbin:/bin:/usr/games:/usr/local/games
LD_LIBRARY_PATH=/usr/lib/jvm/java-8-oracle/jre/lib/amd64:/usr/lib/jvm/java-8-oracle/jre/lib/i386:/home/jazen/ace/ACE_wrappers/lib:/home/jazen/madara/lib:/home/jazen/gams/lib:/opt/ros/indigo/lib:/opt/ros/indigo/lib/x86_64-linux-gnu
SHELL=/bin/bash
DISPLAY=:0

Signal Handlers:
SIGSEGV: [libjvm.so+0x9a3b20], sa_mask[0]=0x7ffbfeff, sa_flags=0x10000004
SIGBUS: [libjvm.so+0x9a3b20], sa_mask[0]=0x7ffbfeff, sa_flags=0x10000004
SIGFPE: [libjvm.so+0x81e740], sa_mask[0]=0x7ffbfeff, sa_flags=0x10000004
SIGPIPE: [libjvm.so+0x81e740], sa_mask[0]=0x7ffbfeff, sa_flags=0x10000004
SIGXFSZ: [libjvm.so+0x81e740], sa_mask[0]=0x7ffbfeff, sa_flags=0x10000004
SIGILL: [libjvm.so+0x81e740], sa_mask[0]=0x7ffbfeff, sa_flags=0x10000004
SIGUSR1: SIG_DFL, sa_mask[0]=0x00000000, sa_flags=0x00000000
SIGUSR2: [libjvm.so+0x81ffb0], sa_mask[0]=0x00000004, sa_flags=0x10000004
SIGHUP: [libjvm.so+0x8210d0], sa_mask[0]=0x7ffbfeff, sa_flags=0x10000004
SIGINT: SIG_IGN, sa_mask[0]=0x00000000, sa_flags=0x00000000
SIGTERM: [libjvm.so+0x8210d0], sa_mask[0]=0x7ffbfeff, sa_flags=0x10000004
SIGQUIT: [libjvm.so+0x8210d0], sa_mask[0]=0x7ffbfeff, sa_flags=0x10000004


---------------  S Y S T E M  ---------------

OS:jessie/sid

uname:Linux 3.13.0-62-generic #102-Ubuntu SMP Tue Aug 11 14:29:36 UTC 2015 x86_64
libc:glibc 2.19 NPTL 2.19 
rlimit: STACK 8192k, CORE 0k, NPROC 61293, NOFILE 4096, AS infinity
load average:3.40 1.97 1.71

/proc/meminfo:
MemTotal:        8063700 kB
MemFree:         2165852 kB
Buffers:          112696 kB
Cached:          1975724 kB
SwapCached:            0 kB
Active:          4022872 kB
Inactive:        1637520 kB
Active(anon):    3579184 kB
Inactive(anon):   802452 kB
Active(file):     443688 kB
Inactive(file):   835068 kB
Unevictable:          88 kB
Mlocked:              88 kB
SwapTotal:       8274940 kB
SwapFree:        8274940 kB
Dirty:              1428 kB
Writeback:             0 kB
AnonPages:       3572504 kB
Mapped:           546156 kB
Shmem:            809664 kB
Slab:             103572 kB
SReclaimable:      67360 kB
SUnreclaim:        36212 kB
KernelStack:        4952 kB
PageTables:        43992 kB
NFS_Unstable:          0 kB
Bounce:                0 kB
WritebackTmp:          0 kB
CommitLimit:    12306788 kB
Committed_AS:    9322416 kB
VmallocTotal:   34359738367 kB
VmallocUsed:      361720 kB
VmallocChunk:   34359369304 kB
HardwareCorrupted:     0 kB
AnonHugePages:   1961984 kB
HugePages_Total:       0
HugePages_Free:        0
HugePages_Rsvd:        0
HugePages_Surp:        0
Hugepagesize:       2048 kB
DirectMap4k:       71216 kB
DirectMap2M:     1912832 kB
DirectMap1G:     6291456 kB


CPU:total 4 (2 cores per cpu, 2 threads per core) family 6 model 69 stepping 1, cmov, cx8, fxsr, mmx, sse, sse2, sse3, ssse3, sse4.1, sse4.2, popcnt, avx, avx2, aes, erms, ht, tsc, tscinvbit

/proc/cpuinfo:
processor	: 0
vendor_id	: GenuineIntel
cpu family	: 6
model		: 69
model name	: Intel(R) Core(TM) i5-4210U CPU @ 1.70GHz
stepping	: 1
microcode	: 0x17
cpu MHz		: 1700.000
cache size	: 3072 KB
physical id	: 0
siblings	: 4
core id		: 0
cpu cores	: 2
apicid		: 0
initial apicid	: 0
fpu		: yes
fpu_exception	: yes
cpuid level	: 13
wp		: yes
flags		: fpu vme de pse tsc msr pae mce cx8 apic sep mtrr pge mca cmov pat pse36 clflush dts acpi mmx fxsr sse sse2 ss ht tm pbe syscall nx pdpe1gb rdtscp lm constant_tsc arch_perfmon pebs bts rep_good nopl xtopology nonstop_tsc aperfmperf eagerfpu pni pclmulqdq dtes64 monitor ds_cpl vmx est tm2 ssse3 fma cx16 xtpr pdcm pcid sse4_1 sse4_2 movbe popcnt tsc_deadline_timer aes xsave avx f16c rdrand lahf_lm abm ida arat epb xsaveopt pln pts dtherm tpr_shadow vnmi flexpriority ept vpid fsgsbase tsc_adjust bmi1 avx2 smep bmi2 erms invpcid
bogomips	: 4788.85
clflush size	: 64
cache_alignment	: 64
address sizes	: 39 bits physical, 48 bits virtual
power management:

processor	: 1
vendor_id	: GenuineIntel
cpu family	: 6
model		: 69
model name	: Intel(R) Core(TM) i5-4210U CPU @ 1.70GHz
stepping	: 1
microcode	: 0x17
cpu MHz		: 1700.000
cache size	: 3072 KB
physical id	: 0
siblings	: 4
core id		: 1
cpu cores	: 2
apicid		: 2
initial apicid	: 2
fpu		: yes
fpu_exception	: yes
cpuid level	: 13
wp		: yes
flags		: fpu vme de pse tsc msr pae mce cx8 apic sep mtrr pge mca cmov pat pse36 clflush dts acpi mmx fxsr sse sse2 ss ht tm pbe syscall nx pdpe1gb rdtscp lm constant_tsc arch_perfmon pebs bts rep_good nopl xtopology nonstop_tsc aperfmperf eagerfpu pni pclmulqdq dtes64 monitor ds_cpl vmx est tm2 ssse3 fma cx16 xtpr pdcm pcid sse4_1 sse4_2 movbe popcnt tsc_deadline_timer aes xsave avx f16c rdrand lahf_lm abm ida arat epb xsaveopt pln pts dtherm tpr_shadow vnmi flexpriority ept vpid fsgsbase tsc_adjust bmi1 avx2 smep bmi2 erms invpcid
bogomips	: 4788.85
clflush size	: 64
cache_alignment	: 64
address sizes	: 39 bits physical, 48 bits virtual
power management:

processor	: 2
vendor_id	: GenuineIntel
cpu family	: 6
model		: 69
model name	: Intel(R) Core(TM) i5-4210U CPU @ 1.70GHz
stepping	: 1
microcode	: 0x17
cpu MHz		: 1700.000
cache size	: 3072 KB
physical id	: 0
siblings	: 4
core id		: 0
cpu cores	: 2
apicid		: 1
initial apicid	: 1
fpu		: yes
fpu_exception	: yes
cpuid level	: 13
wp		: yes
flags		: fpu vme de pse tsc msr pae mce cx8 apic sep mtrr pge mca cmov pat pse36 clflush dts acpi mmx fxsr sse sse2 ss ht tm pbe syscall nx pdpe1gb rdtscp lm constant_tsc arch_perfmon pebs bts rep_good nopl xtopology nonstop_tsc aperfmperf eagerfpu pni pclmulqdq dtes64 monitor ds_cpl vmx est tm2 ssse3 fma cx16 xtpr pdcm pcid sse4_1 sse4_2 movbe popcnt tsc_deadline_timer aes xsave avx f16c rdrand lahf_lm abm ida arat epb xsaveopt pln pts dtherm tpr_shadow vnmi flexpriority ept vpid fsgsbase tsc_adjust bmi1 avx2 smep bmi2 erms invpcid
bogomips	: 4788.85
clflush size	: 64
cache_alignment	: 64
address sizes	: 39 bits physical, 48 bits virtual
power management:

processor	: 3
vendor_id	: GenuineIntel
cpu family	: 6
model		: 69
model name	: Intel(R) Core(TM) i5-4210U CPU @ 1.70GHz
stepping	: 1
microcode	: 0x17
cpu MHz		: 1700.000
cache size	: 3072 KB
physical id	: 0
siblings	: 4
core id		: 1
cpu cores	: 2
apicid		: 3
initial apicid	: 3
fpu		: yes
fpu_exception	: yes
cpuid level	: 13
wp		: yes
flags		: fpu vme de pse tsc msr pae mce cx8 apic sep mtrr pge mca cmov pat pse36 clflush dts acpi mmx fxsr sse sse2 ss ht tm pbe syscall nx pdpe1gb rdtscp lm constant_tsc arch_perfmon pebs bts rep_good nopl xtopology nonstop_tsc aperfmperf eagerfpu pni pclmulqdq dtes64 monitor ds_cpl vmx est tm2 ssse3 fma cx16 xtpr pdcm pcid sse4_1 sse4_2 movbe popcnt tsc_deadline_timer aes xsave avx f16c rdrand lahf_lm abm ida arat epb xsaveopt pln pts dtherm tpr_shadow vnmi flexpriority ept vpid fsgsbase tsc_adjust bmi1 avx2 smep bmi2 erms invpcid
bogomips	: 4788.85
clflush size	: 64
cache_alignment	: 64
address sizes	: 39 bits physical, 48 bits virtual
power management:



Memory: 4k page, physical 8063700k(2165852k free), swap 8274940k(8274940k free)

vm_info: Java HotSpot(TM) 64-Bit Server VM (24.80-b11) for linux-amd64 JRE (1.7.0_80-b15), built on Apr 10 2015 19:53:14 by "java_re" with gcc 4.3.0 20080428 (Red Hat 4.3.0-8)

time: Tue Aug 18 22:50:34 2015
elapsed time: 35 seconds

