#
# A fatal error has been detected by the Java Runtime Environment:
#
#  SIGSEGV (0xb) at pc=0x00007efed5cefba0, pid=5708, tid=139631792125696
#
# JRE version: Java(TM) SE Runtime Environment (7.0_80-b15) (build 1.7.0_80-b15)
# Java VM: Java HotSpot(TM) 64-Bit Server VM (24.80-b11 mixed mode linux-amd64 compressed oops)
# Problematic frame:
# C  [libGAMS.so.6.3.0+0x37ba0]  Java_com_gams_utility_Position_jni_1getX+0x0
#
# Failed to write core dump. Core dumps have been disabled. To enable core dumping, try "ulimit -c unlimited" before starting Java again
#
# If you would like to submit a bug report, please visit:
#   http://bugreport.java.com/bugreport/crash.jsp
# The crash happened outside the Java Virtual Machine in native code.
# See problematic frame for where to report the bug.
#

---------------  T H R E A D  ---------------

Current thread (0x00007efee422d800):  JavaThread "Thread-3" [_thread_in_native, id=5741, stack(0x00007efe8f4e7000,0x00007efe8f5e8000)]

siginfo:si_signo=SIGSEGV: si_errno=0, si_code=1 (SEGV_MAPERR), si_addr=0x0000000000000008

Registers:
RAX=0x00007efed5cefba0, RBX=0x000000077feb5548, RCX=0x0000000000000031, RDX=0x0000000000000000
RSP=0x00007efe8f5e53d8, RBP=0x00007efe8f5e5440, RSI=0x00007efe8f5e5470, RDI=0x00007efee422d9e8
R8 =0x00007efee1015380, R9 =0x00007efe8f5e5708, R10=0x00007efee1018c0d, R11=0x00007efeeb5ac940
R12=0x0000000000000000, R13=0x000000077feb5548, R14=0x00007efe8f5e5470, R15=0x00007efee422d800
RIP=0x00007efed5cefba0, EFLAGS=0x0000000000010287, CSGSFS=0x0000000000000033, ERR=0x0000000000000004
  TRAPNO=0x000000000000000e

Top of Stack: (sp=0x00007efe8f5e53d8)
0x00007efe8f5e53d8:   00007efee1018c39 0000000000000003
0x00007efe8f5e53e8:   00000007d7032cc0 00000007d7033b08
0x00007efe8f5e53f8:   00000007d7033b08 00007efe8f5e5400
0x00007efe8f5e5408:   0000000000000000 00007efe8f5e5470
0x00007efe8f5e5418:   000000077feb85c0 0000000000000000
0x00007efe8f5e5428:   000000077feb5548 0000000000000000
0x00007efe8f5e5438:   00007efe8f5e5460 00007efe8f5e54b8
0x00007efe8f5e5448:   00007efee1006137 0000000000000000
0x00007efe8f5e5458:   00007efee1012f3a 0000000000000000
0x00007efe8f5e5468:   00000007d7032050 00000007d7032050
0x00007efe8f5e5478:   00007efe8f5e5478 000000077feb60d5
0x00007efe8f5e5488:   00007efe8f5e54c8 000000077feb85c0
0x00007efe8f5e5498:   0000000000000000 000000077feb60e0
0x00007efe8f5e54a8:   00007efe8f5e5460 00007efe8f5e54c8
0x00007efe8f5e54b8:   00007efe8f5e5510 00007efee1006137
0x00007efe8f5e54c8:   00000007d7032050 00007efe8f5e54d0
0x00007efe8f5e54d8:   000000077feb5dd1 00007efe8f5e5528
0x00007efe8f5e54e8:   000000077feb85c0 0000000000000000
0x00007efe8f5e54f8:   000000077feb5e00 00007efe8f5e54c8
0x00007efe8f5e5508:   00007efe8f5e5520 00007efe8f5e5590
0x00007efe8f5e5518:   00007efee10004e7 00000007d70326c0
0x00007efe8f5e5528:   00000007d7032050 00007efe00001fa0
0x00007efe8f5e5538:   00007efe8f5e5870 00007efe8f5e5610
0x00007efe8f5e5548:   00007efe8f5e5700 00007efee422d800
0x00007efe8f5e5558:   00007efea0024f58 00007efe8f5e55d0
0x00007efe8f5e5568:   00007efe8f5e5878 00007efe0000000a
0x00007efe8f5e5578:   000000077feb5e00 00007efee1015380
0x00007efe8f5e5588:   00007efe8f5e5708 00007efe8f5e5680
0x00007efe8f5e5598:   00007efeeb2f90a5 0000000000000002
0x00007efe8f5e55a8:   00007efee422d800 00007efe8f5e5610
0x00007efe8f5e55b8:   00007efe8f5e55d0 00007efee1015380
0x00007efe8f5e55c8:   000000000000000a 00007efee422d800 

Instructions: (pc=0x00007efed5cefba0)
0x00007efed5cefb80:   24 1f e8 69 fd ff ff 48 89 ef e8 31 91 ff ff 48
0x00007efed5cefb90:   89 c5 48 8b 1d 37 51 29 00 eb d4 0f 1f 44 00 00
0x00007efed5cefba0:   f2 0f 10 42 08 c3 66 2e 0f 1f 84 00 00 00 00 00
0x00007efed5cefbb0:   f2 0f 10 42 10 c3 66 2e 0f 1f 84 00 00 00 00 00 

Register to memory mapping:

RAX=0x00007efed5cefba0: Java_com_gams_utility_Position_jni_1getX+0 in /home/jazen/gams/libGAMS.so.6.3.0 at 0x00007efed5cb8000
RBX=0x000000077feb5548 is an oop
{method} 
 - klass: {other class}
RCX=0x0000000000000031 is an unknown value
RDX=0x0000000000000000 is an unknown value
RSP=0x00007efe8f5e53d8 is pointing into the stack for thread: 0x00007efee422d800
RBP=0x00007efe8f5e5440 is pointing into the stack for thread: 0x00007efee422d800
RSI=0x00007efe8f5e5470 is pointing into the stack for thread: 0x00007efee422d800
RDI=0x00007efee422d9e8 is an unknown value
R8 =0x00007efee1015380 is at code_begin+0 in an Interpreter codelet
method entry point (kind = zerolocals)  [0x00007efee1015380, 0x00007efee1015900]  1408 bytes
R9 =0x00007efe8f5e5708 is pointing into the stack for thread: 0x00007efee422d800
R10=0x00007efee1018c0d is at code_begin+1197 in an Interpreter codelet
method entry point (kind = native)  [0x00007efee1018760, 0x00007efee1019560]  3584 bytes
R11=0x00007efeeb5ac940: <offset 0x8b5940> in /usr/lib/jvm/java-7-oracle/jre/lib/amd64/server/libjvm.so at 0x00007efeeacf7000
R12=0x0000000000000000 is an unknown value
R13=0x000000077feb5548 is an oop
{method} 
 - klass: {other class}
R14=0x00007efe8f5e5470 is pointing into the stack for thread: 0x00007efee422d800
R15=0x00007efee422d800 is a thread


Stack: [0x00007efe8f4e7000,0x00007efe8f5e8000],  sp=0x00007efe8f5e53d8,  free space=1016k
Native frames: (J=compiled Java code, j=interpreted, Vv=VM code, C=native code)
C  [libGAMS.so.6.3.0+0x37ba0]  Java_com_gams_utility_Position_jni_1getX+0x0
j  com.gams.utility.Position.getX()D+5
j  com.gams.utility.Position.equals(Lcom/gams/utility/Position;)Z+1
v  ~StubRoutines::call_stub
V  [libjvm.so+0x6020a5]  JavaCalls::call_helper(JavaValue*, methodHandle*, JavaCallArguments*, Thread*)+0x365
V  [libjvm.so+0x600b08]  JavaCalls::call(JavaValue*, methodHandle, JavaCallArguments*, Thread*)+0x28
V  [libjvm.so+0x63b684]  jni_invoke_nonstatic(JNIEnv_*, JavaValue*, _jobject*, JNICallType, _jmethodID*, JNI_ArgumentPusher*, Thread*)+0x2b4
V  [libjvm.so+0x64da79]  jni_CallBooleanMethodA+0xe9
C  [libjdwp.so+0x1baed]  invoker_doInvoke+0x87d
C  [libjdwp.so+0x14f55]  reportEvents+0xc5
C  [libjdwp.so+0x152e2]  event_callback+0x1c2
C  [libjdwp.so+0x18247]  cbBreakpoint+0xb7
V  [libjvm.so+0x6fb737]  JvmtiExport::post_raw_breakpoint(JavaThread*, methodOopDesc*, unsigned char*)+0x1c7
V  [libjvm.so+0x5f8c51]  InterpreterRuntime::_breakpoint(JavaThread*, methodOopDesc*, unsigned char*)+0x21
j  vrepSim.LutraPlatform.move(Lcom/gams/utility/Position;D)I+0
v  ~StubRoutines::call_stub
V  [libjvm.so+0x6020a5]  JavaCalls::call_helper(JavaValue*, methodHandle*, JavaCallArguments*, Thread*)+0x365
V  [libjvm.so+0x600b08]  JavaCalls::call(JavaValue*, methodHandle, JavaCallArguments*, Thread*)+0x28
V  [libjvm.so+0x63b684]  jni_invoke_nonstatic(JNIEnv_*, JavaValue*, _jobject*, JNICallType, _jmethodID*, JNI_ArgumentPusher*, Thread*)+0x2b4
V  [libjvm.so+0x64bd29]  jni_CallIntMethodV+0xe9

Java frames: (J=compiled Java code, j=interpreted, Vv=VM code)
j  com.gams.utility.Position.jni_getX(J)D+0
j  com.gams.utility.Position.getX()D+5
j  com.gams.utility.Position.equals(Lcom/gams/utility/Position;)Z+1
v  ~StubRoutines::call_stub
j  vrepSim.LutraPlatform.move(Lcom/gams/utility/Position;D)I+0
v  ~StubRoutines::call_stub
j  com.gams.controllers.BaseController.jni_run(JDD)J+0
j  com.gams.controllers.BaseController.run(DD)J+7
j  vrepSim.LutraGAMS$1.run()V+13
j  java.lang.Thread.run()V+11
v  ~StubRoutines::call_stub

---------------  P R O C E S S  ---------------

Java Threads: ( => current thread )
  0x00007efe70003000 JavaThread "Thread-7" [_thread_in_native, id=5745, stack(0x00007efe8d4e3000,0x00007efe8dce4000)]
  0x00007efe74003000 JavaThread "Thread-6" [_thread_in_native, id=5746, stack(0x00007efe8cce2000,0x00007efe8d4e3000)]
  0x00007efe7c003000 JavaThread "Thread-5" [_thread_in_native, id=5744, stack(0x00007efe8dce4000,0x00007efe8e4e5000)]
  0x00007efe78003000 JavaThread "Thread-4" [_thread_in_native, id=5743, stack(0x00007efe8e4e5000,0x00007efe8ece6000)]
=>0x00007efee422d800 JavaThread "Thread-3" [_thread_in_native, id=5741, stack(0x00007efe8f4e7000,0x00007efe8f5e8000)]
  0x00007efe88003000 JavaThread "Thread-2" [_thread_in_native, id=5740, stack(0x00007efe8f5e8000,0x00007efe8fde9000)]
  0x00007efe94003000 JavaThread "Thread-1" [_thread_in_native, id=5739, stack(0x00007efed4344000,0x00007efed4b45000)]
  0x00007efe90003000 JavaThread "Thread-0" [_thread_in_native, id=5738, stack(0x00007efed4bc0000,0x00007efed53c1000)]
  0x00007efee40ab800 JavaThread "Service Thread" daemon [_thread_blocked, id=5735, stack(0x00007efed6fee000,0x00007efed70ef000)]
  0x00007efee40a9800 JavaThread "C2 CompilerThread1" daemon [_thread_blocked, id=5734, stack(0x00007efed70ef000,0x00007efed71f0000)]
  0x00007efee40a6800 JavaThread "C2 CompilerThread0" daemon [_thread_blocked, id=5733, stack(0x00007efed71f0000,0x00007efed72f1000)]
  0x00007efeb0001000 JavaThread "JDWP Command Reader" daemon [_thread_in_native, id=5727, stack(0x00007efed72f1000,0x00007efed73f2000)]
  0x00007efee40a4000 JavaThread "JDWP Event Helper Thread" daemon [_thread_blocked, id=5726, stack(0x00007efed73f2000,0x00007efed74f3000)]
  0x00007efee40a0800 JavaThread "JDWP Transport Listener: dt_socket" daemon [_thread_blocked, id=5725, stack(0x00007efed74f3000,0x00007efed75f4000)]
  0x00007efee4093000 JavaThread "Signal Dispatcher" daemon [_thread_blocked, id=5724, stack(0x00007efed77f8000,0x00007efed78f9000)]
  0x00007efee4073000 JavaThread "Finalizer" daemon [_thread_blocked, id=5721, stack(0x00007efed78f9000,0x00007efed79fa000)]
  0x00007efee4071000 JavaThread "Reference Handler" daemon [_thread_blocked, id=5720, stack(0x00007efed79fa000,0x00007efed7afb000)]
  0x00007efee400c800 JavaThread "main" [_thread_in_Java, id=5711, stack(0x00007efeec653000,0x00007efeec754000)]

Other Threads:
  0x00007efee406c800 VMThread [stack: 0x00007efed7afb000,0x00007efed7bfc000] [id=5719]
  0x00007efee40be800 WatcherThread [stack: 0x00007efed6eed000,0x00007efed6fee000] [id=5736]

VM state:not at safepoint (normal execution)

VM Mutex/Monitor currently owned by a thread: None

Heap
 PSYoungGen      total 36864K, used 12367K [0x00000007d6f00000, 0x00000007d9800000, 0x0000000800000000)
  eden space 31744K, 36% used [0x00000007d6f00000,0x00000007d7a3be78,0x00000007d8e00000)
  from space 5120K, 16% used [0x00000007d9300000,0x00000007d93d8000,0x00000007d9800000)
  to   space 5120K, 0% used [0x00000007d8e00000,0x00000007d8e00000,0x00000007d9300000)
 ParOldGen       total 83968K, used 16K [0x0000000784e00000, 0x000000078a000000, 0x00000007d6f00000)
  object space 83968K, 0% used [0x0000000784e00000,0x0000000784e04000,0x000000078a000000)
 PSPermGen       total 21504K, used 5575K [0x000000077fc00000, 0x0000000781100000, 0x0000000784e00000)
  object space 21504K, 25% used [0x000000077fc00000,0x0000000780171fb0,0x0000000781100000)

Card table byte_map: [0x00007efee8a39000,0x00007efee8e3c000] byte_map_base: 0x00007efee4e3b000

Polling page: 0x00007efeec78c000

Code Cache  [0x00007efee1000000, 0x00007efee1270000, 0x00007efee4000000)
 total_blobs=458 nmethods=191 adapters=228 free_code_cache=48061Kb largest_free_block=49061376

Compilation events (10 events):
Event: 56.306 Thread 0x00007efee40a9800  197             java.util.Formatter::ensureOpen (16 bytes)
Event: 56.306 Thread 0x00007efee40a9800 nmethod 197 0x00007efee10e4010 code [0x00007efee10e4140, 0x00007efee10e41b8]
Event: 56.525 Thread 0x00007efee40a9800  198             java.nio.charset.CoderResult::isUnderflow (13 bytes)
Event: 56.525 Thread 0x00007efee40a9800 nmethod 198 0x00007efee10e3dd0 code [0x00007efee10e3f00, 0x00007efee10e3f78]
Event: 56.707 Thread 0x00007efee40a9800  200             java.io.BufferedWriter::ensureOpen (18 bytes)
Event: 56.707 Thread 0x00007efee40a6800  201             java.io.PrintStream::ensureOpen (18 bytes)
Event: 56.708 Thread 0x00007efee40a9800 nmethod 200 0x00007efee10e3b50 code [0x00007efee10e3c80, 0x00007efee10e3cf8]
Event: 56.708 Thread 0x00007efee40a9800  202   !         java.io.BufferedWriter::write (117 bytes)
Event: 56.710 Thread 0x00007efee40a6800 nmethod 201 0x00007efee1084250 code [0x00007efee1084380, 0x00007efee10843f8]
Event: 56.719 Thread 0x00007efee40a9800 nmethod 202 0x00007efee110d850 code [0x00007efee110d9c0, 0x00007efee110e4b8]

GC Heap History (4 events):
Event: 19.376 GC heap before
{Heap before GC invocations=1 (full 0):
 PSYoungGen      total 36864K, used 31744K [0x00000007d6f00000, 0x00000007d9800000, 0x0000000800000000)
  eden space 31744K, 100% used [0x00000007d6f00000,0x00000007d8e00000,0x00000007d8e00000)
  from space 5120K, 0% used [0x00000007d9300000,0x00000007d9300000,0x00000007d9800000)
  to   space 5120K, 0% used [0x00000007d8e00000,0x00000007d8e00000,0x00000007d9300000)
 ParOldGen       total 83968K, used 0K [0x0000000784e00000, 0x000000078a000000, 0x00000007d6f00000)
  object space 83968K, 0% used [0x0000000784e00000,0x0000000784e00000,0x000000078a000000)
 PSPermGen       total 21504K, used 5497K [0x000000077fc00000, 0x0000000781100000, 0x0000000784e00000)
  object space 21504K, 25% used [0x000000077fc00000,0x000000078015e6e8,0x0000000781100000)
Event: 19.383 GC heap after
Heap after GC invocations=1 (full 0):
 PSYoungGen      total 36864K, used 1661K [0x00000007d6f00000, 0x00000007d9800000, 0x0000000800000000)
  eden space 31744K, 0% used [0x00000007d6f00000,0x00000007d6f00000,0x00000007d8e00000)
  from space 5120K, 32% used [0x00000007d8e00000,0x00000007d8f9f668,0x00000007d9300000)
  to   space 5120K, 0% used [0x00000007d9300000,0x00000007d9300000,0x00000007d9800000)
 ParOldGen       total 83968K, used 8K [0x0000000784e00000, 0x000000078a000000, 0x00000007d6f00000)
  object space 83968K, 0% used [0x0000000784e00000,0x0000000784e02000,0x000000078a000000)
 PSPermGen       total 21504K, used 5497K [0x000000077fc00000, 0x0000000781100000, 0x0000000784e00000)
  object space 21504K, 25% used [0x000000077fc00000,0x000000078015e6e8,0x0000000781100000)
}
Event: 47.100 GC heap before
{Heap before GC invocations=2 (full 0):
 PSYoungGen      total 36864K, used 33405K [0x00000007d6f00000, 0x00000007d9800000, 0x0000000800000000)
  eden space 31744K, 100% used [0x00000007d6f00000,0x00000007d8e00000,0x00000007d8e00000)
  from space 5120K, 32% used [0x00000007d8e00000,0x00000007d8f9f668,0x00000007d9300000)
  to   space 5120K, 0% used [0x00000007d9300000,0x00000007d9300000,0x00000007d9800000)
 ParOldGen       total 83968K, used 8K [0x0000000784e00000, 0x000000078a000000, 0x00000007d6f00000)
  object space 83968K, 0% used [0x0000000784e00000,0x0000000784e02000,0x000000078a000000)
 PSPermGen       total 21504K, used 5542K [0x000000077fc00000, 0x0000000781100000, 0x0000000784e00000)
  object space 21504K, 25% used [0x000000077fc00000,0x00000007801699c8,0x0000000781100000)
Event: 47.111 GC heap after
Heap after GC invocations=2 (full 0):
 PSYoungGen      total 36864K, used 864K [0x00000007d6f00000, 0x00000007d9800000, 0x0000000800000000)
  eden space 31744K, 0% used [0x00000007d6f00000,0x00000007d6f00000,0x00000007d8e00000)
  from space 5120K, 16% used [0x00000007d9300000,0x00000007d93d8000,0x00000007d9800000)
  to   space 5120K, 0% used [0x00000007d8e00000,0x00000007d8e00000,0x00000007d9300000)
 ParOldGen       total 83968K, used 16K [0x0000000784e00000, 0x000000078a000000, 0x00000007d6f00000)
  object space 83968K, 0% used [0x0000000784e00000,0x0000000784e04000,0x000000078a000000)
 PSPermGen       total 21504K, used 5542K [0x000000077fc00000, 0x0000000781100000, 0x0000000784e00000)
  object space 21504K, 25% used [0x000000077fc00000,0x00000007801699c8,0x0000000781100000)
}

Deoptimization events (10 events):
Event: 43.653 Thread 0x00007efe70003000 Uncommon trap: reason=unstable_if action=reinterpret pc=0x00007efee10931bc method=sun.misc.FDBigInt.cmp(Lsun/misc/FDBigInt;)I @ 123
Event: 65.642 Thread 0x00007efe88003000 Uncommon trap: reason=unstable_if action=reinterpret pc=0x00007efee10f15dc method=java.util.Formatter$FormatSpecifier.width(Ljava/lang/String;)I @ 6
Event: 65.642 Thread 0x00007efe88003000 Uncommon trap: reason=unstable_if action=reinterpret pc=0x00007efee10f9298 method=sun.misc.FormattedFloatingDecimal.getChars([C)I @ 561
Event: 65.642 Thread 0x00007efe88003000 Uncommon trap: reason=unstable_if action=reinterpret pc=0x00007efee110ae18 method=java.util.Formatter$FormatSpecifier.print(Ljava/lang/StringBuilder;DLjava/util/Locale;Ljava/util/Formatter$Flags;CIZ)V @ 140
Event: 65.642 Thread 0x00007efe88003000 Uncommon trap: reason=unstable_if action=reinterpret pc=0x00007efee108dfb8 method=java.util.Formatter$FormatSpecifier.localizedMagnitude(Ljava/lang/StringBuilder;[CLjava/util/Formatter$Flags;ILjava/util/Locale;)Ljava/lang/StringBuilder; @ 284
Event: 65.642 Thread 0x00007efe88003000 Uncommon trap: reason=unstable_if action=reinterpret pc=0x00007efee10fb688 method=java.util.Formatter$FormatSpecifier.justify(Ljava/lang/String;)Ljava/lang/String; @ 5
Event: 65.643 Thread 0x00007efe88003000 Uncommon trap: reason=unstable_if action=reinterpret pc=0x00007efee10cc11c method=java.util.Formatter$FormatSpecifier.width(Ljava/lang/String;)I @ 6
Event: 65.643 Thread 0x00007efe88003000 Uncommon trap: reason=unstable_if action=reinterpret pc=0x00007efee10f7820 method=java.util.Formatter$FormatSpecifier.justify(Ljava/lang/String;)Ljava/lang/String; @ 5
Event: 65.648 Thread 0x00007efe88003000 Uncommon trap: reason=unstable_if action=reinterpret pc=0x00007efee10cc35c method=java.util.Formatter$FormatSpecifier.justify(Ljava/lang/String;)Ljava/lang/String; @ 5
Event: 65.648 Thread 0x00007efe88003000 Uncommon trap: reason=unstable_if action=reinterpret pc=0x00007efee107aee8 method=java.util.Formatter$FormatSpecifier.addZeros([CI)[C @ 5

Internal exceptions (10 events):
Event: 1.213 Thread 0x00007efe70003000 Threw 0x00000007d78f05d8 at /HUDSON/workspace/7u-2-build-linux-amd64/jdk7u80/2329/hotspot/src/share/vm/prims/jvm.cpp:1319
Event: 1.230 Thread 0x00007efe70003000 Threw 0x00000007d78f5ae0 at /HUDSON/workspace/7u-2-build-linux-amd64/jdk7u80/2329/hotspot/src/share/vm/prims/jvm.cpp:1319
Event: 1.231 Thread 0x00007efe70003000 Threw 0x00000007d78f8f38 at /HUDSON/workspace/7u-2-build-linux-amd64/jdk7u80/2329/hotspot/src/share/vm/prims/jvm.cpp:1319
Event: 1.232 Thread 0x00007efe70003000 Threw 0x00000007d78fcf20 at /HUDSON/workspace/7u-2-build-linux-amd64/jdk7u80/2329/hotspot/src/share/vm/prims/jvm.cpp:1319
Event: 1.238 Thread 0x00007efe70003000 Threw 0x00000007d79024a8 at /HUDSON/workspace/7u-2-build-linux-amd64/jdk7u80/2329/hotspot/src/share/vm/prims/jvm.cpp:1319
Event: 1.239 Thread 0x00007efe70003000 Threw 0x00000007d7904e30 at /HUDSON/workspace/7u-2-build-linux-amd64/jdk7u80/2329/hotspot/src/share/vm/prims/jvm.cpp:1319
Event: 1.240 Thread 0x00007efe70003000 Threw 0x00000007d79079e0 at /HUDSON/workspace/7u-2-build-linux-amd64/jdk7u80/2329/hotspot/src/share/vm/prims/jvm.cpp:1319
Event: 1.286 Thread 0x00007efee422d800 Threw 0x00000007d76e6758 at /HUDSON/workspace/7u-2-build-linux-amd64/jdk7u80/2329/hotspot/src/share/vm/prims/jvm.cpp:1319
Event: 1.393 Thread 0x00007efe70003000 Threw 0x00000007d7a720b0 at /HUDSON/workspace/7u-2-build-linux-amd64/jdk7u80/2329/hotspot/src/share/vm/prims/jvm.cpp:1319
Event: 1.394 Thread 0x00007efe70003000 Threw 0x00000007d7a780b8 at /HUDSON/workspace/7u-2-build-linux-amd64/jdk7u80/2329/hotspot/src/share/vm/prims/jvm.cpp:1319

Events (10 events):
Event: 69.938 loading class 0x00007efeac095050
Event: 69.938 loading class 0x00007efeac095050 done
Event: 70.946 Executing VM operation: GetOrSetLocal
Event: 70.946 Executing VM operation: GetOrSetLocal done
Event: 74.688 Executing VM operation: GetOrSetLocal
Event: 74.695 Executing VM operation: GetOrSetLocal done
Event: 86.290 Executing VM operation: GetOrSetLocal
Event: 86.296 Executing VM operation: GetOrSetLocal done
Event: 97.223 Executing VM operation: GetOrSetLocal
Event: 97.224 Executing VM operation: GetOrSetLocal done


Dynamic libraries:
00400000-00401000 r-xp 00000000 08:02 1365019                            /usr/lib/jvm/java-7-oracle/bin/java
00600000-00601000 rw-p 00000000 08:02 1365019                            /usr/lib/jvm/java-7-oracle/bin/java
02409000-0242a000 rw-p 00000000 00:00 0                                  [heap]
77fc00000-781100000 rw-p 00000000 00:00 0 
781100000-784e00000 rw-p 00000000 00:00 0 
784e00000-78a000000 rw-p 00000000 00:00 0 
78a000000-7d6f00000 rw-p 00000000 00:00 0 
7d6f00000-7d9800000 rw-p 00000000 00:00 0 
7d9800000-800000000 rw-p 00000000 00:00 0 
7efe70000000-7efe700e6000 rw-p 00000000 00:00 0 
7efe700e6000-7efe74000000 ---p 00000000 00:00 0 
7efe74000000-7efe74022000 rw-p 00000000 00:00 0 
7efe74022000-7efe78000000 ---p 00000000 00:00 0 
7efe78000000-7efe78022000 rw-p 00000000 00:00 0 
7efe78022000-7efe7c000000 ---p 00000000 00:00 0 
7efe7c000000-7efe7c022000 rw-p 00000000 00:00 0 
7efe7c022000-7efe80000000 ---p 00000000 00:00 0 
7efe80000000-7efe80286000 rw-p 00000000 00:00 0 
7efe80286000-7efe84000000 ---p 00000000 00:00 0 
7efe84000000-7efe84021000 rw-p 00000000 00:00 0 
7efe84021000-7efe88000000 ---p 00000000 00:00 0 
7efe88000000-7efe88255000 rw-p 00000000 00:00 0 
7efe88255000-7efe8c000000 ---p 00000000 00:00 0 
7efe8cce2000-7efe8cce5000 ---p 00000000 00:00 0 
7efe8cce5000-7efe8d4e3000 rw-p 00000000 00:00 0                          [stack:5746]
7efe8d4e3000-7efe8d4e6000 ---p 00000000 00:00 0 
7efe8d4e6000-7efe8dce4000 rw-p 00000000 00:00 0                          [stack:5745]
7efe8dce4000-7efe8dce7000 ---p 00000000 00:00 0 
7efe8dce7000-7efe8e4e5000 rw-p 00000000 00:00 0                          [stack:5744]
7efe8e4e5000-7efe8e4e8000 ---p 00000000 00:00 0 
7efe8e4e8000-7efe8ece6000 rw-p 00000000 00:00 0                          [stack:5743]
7efe8ece6000-7efe8ece7000 ---p 00000000 00:00 0 
7efe8ece7000-7efe8f4e7000 rw-p 00000000 00:00 0                          [stack:5742]
7efe8f4e7000-7efe8f4ea000 ---p 00000000 00:00 0 
7efe8f4ea000-7efe8f5e8000 rw-p 00000000 00:00 0                          [stack:5741]
7efe8f5e8000-7efe8f5eb000 ---p 00000000 00:00 0 
7efe8f5eb000-7efe8fde9000 rw-p 00000000 00:00 0                          [stack:5740]
7efe8fde9000-7efe8fe00000 r-xp 00000000 08:02 1318420                    /usr/lib/jvm/java-7-oracle/jre/lib/amd64/libnet.so
7efe8fe00000-7efe8ffff000 ---p 00017000 08:02 1318420                    /usr/lib/jvm/java-7-oracle/jre/lib/amd64/libnet.so
7efe8ffff000-7efe90000000 rw-p 00016000 08:02 1318420                    /usr/lib/jvm/java-7-oracle/jre/lib/amd64/libnet.so
7efe90000000-7efe90022000 rw-p 00000000 00:00 0 
7efe90022000-7efe94000000 ---p 00000000 00:00 0 
7efe94000000-7efe94022000 rw-p 00000000 00:00 0 
7efe94022000-7efe98000000 ---p 00000000 00:00 0 
7efe98000000-7efe98021000 rw-p 00000000 00:00 0 
7efe98021000-7efe9c000000 ---p 00000000 00:00 0 
7efe9c000000-7efe9c021000 rw-p 00000000 00:00 0 
7efe9c021000-7efea0000000 ---p 00000000 00:00 0 
7efea0000000-7efea2741000 rw-p 00000000 00:00 0 
7efea2741000-7efea4000000 ---p 00000000 00:00 0 
7efea4000000-7efea4021000 rw-p 00000000 00:00 0 
7efea4021000-7efea8000000 ---p 00000000 00:00 0 
7efea8000000-7efea8021000 rw-p 00000000 00:00 0 
7efea8021000-7efeac000000 ---p 00000000 00:00 0 
7efeac000000-7efeac846000 rw-p 00000000 00:00 0 
7efeac846000-7efeb0000000 ---p 00000000 00:00 0 
7efeb0000000-7efeb0021000 rw-p 00000000 00:00 0 
7efeb0021000-7efeb4000000 ---p 00000000 00:00 0 
7efeb4000000-7efeb4021000 rw-p 00000000 00:00 0 
7efeb4021000-7efeb8000000 ---p 00000000 00:00 0 
7efeb8000000-7efeb8021000 rw-p 00000000 00:00 0 
7efeb8021000-7efebc000000 ---p 00000000 00:00 0 
7efebc000000-7efebc021000 rw-p 00000000 00:00 0 
7efebc021000-7efec0000000 ---p 00000000 00:00 0 
7efec0000000-7efec0021000 rw-p 00000000 00:00 0 
7efec0021000-7efec4000000 ---p 00000000 00:00 0 
7efec4000000-7efec4021000 rw-p 00000000 00:00 0 
7efec4021000-7efec8000000 ---p 00000000 00:00 0 
7efec8000000-7efec8021000 rw-p 00000000 00:00 0 
7efec8021000-7efecc000000 ---p 00000000 00:00 0 
7efecc000000-7efecc021000 rw-p 00000000 00:00 0 
7efecc021000-7efed0000000 ---p 00000000 00:00 0 
7efed0000000-7efed0021000 rw-p 00000000 00:00 0 
7efed0021000-7efed4000000 ---p 00000000 00:00 0 
7efed40b8000-7efed40c8000 r-xp 00000000 08:02 1318421                    /usr/lib/jvm/java-7-oracle/jre/lib/amd64/libnio.so
7efed40c8000-7efed42c8000 ---p 00010000 08:02 1318421                    /usr/lib/jvm/java-7-oracle/jre/lib/amd64/libnio.so
7efed42c8000-7efed42c9000 rw-p 00010000 08:02 1318421                    /usr/lib/jvm/java-7-oracle/jre/lib/amd64/libnio.so
7efed42c9000-7efed4344000 rw-p 00000000 00:00 0 
7efed4344000-7efed4347000 ---p 00000000 00:00 0 
7efed4347000-7efed4bc0000 rw-p 00000000 00:00 0                          [stack:5739]
7efed4bc0000-7efed4bc3000 ---p 00000000 00:00 0 
7efed4bc3000-7efed54b7000 rw-p 00000000 00:00 0                          [stack:5738]
7efed54b7000-7efed54b8000 ---p 00000000 00:00 0 
7efed54b8000-7efed5cb8000 rw-p 00000000 00:00 0                          [stack:5737]
7efed5cb8000-7efed5d82000 r-xp 00000000 08:02 1859401                    /home/jazen/gams/libGAMS.so.6.3.0
7efed5d82000-7efed5f82000 ---p 000ca000 08:02 1859401                    /home/jazen/gams/libGAMS.so.6.3.0
7efed5f82000-7efed5f85000 r--p 000ca000 08:02 1859401                    /home/jazen/gams/libGAMS.so.6.3.0
7efed5f85000-7efed5f87000 rw-p 000cd000 08:02 1859401                    /home/jazen/gams/libGAMS.so.6.3.0
7efed5f87000-7efed6174000 r-xp 00000000 08:02 1859117                    /home/jazen/madara/libMADARA.so.6.3.0
7efed6174000-7efed6373000 ---p 001ed000 08:02 1859117                    /home/jazen/madara/libMADARA.so.6.3.0
7efed6373000-7efed637a000 r--p 001ec000 08:02 1859117                    /home/jazen/madara/libMADARA.so.6.3.0
7efed637a000-7efed637d000 rw-p 001f3000 08:02 1859117                    /home/jazen/madara/libMADARA.so.6.3.0
7efed637d000-7efed650c000 r-xp 00000000 08:02 1705810                    /home/jazen/ace/ACE_wrappers/ace/libACE.so.6.3.0
7efed650c000-7efed670b000 ---p 0018f000 08:02 1705810                    /home/jazen/ace/ACE_wrappers/ace/libACE.so.6.3.0
7efed670b000-7efed671e000 r--p 0018e000 08:02 1705810                    /home/jazen/ace/ACE_wrappers/ace/libACE.so.6.3.0
7efed671e000-7efed6722000 rw-p 001a1000 08:02 1705810                    /home/jazen/ace/ACE_wrappers/ace/libACE.so.6.3.0
7efed6722000-7efed6724000 rw-p 00000000 00:00 0 
7efed6724000-7efed673a000 r-xp 00000000 08:02 5004209                    /lib/x86_64-linux-gnu/libgcc_s.so.1
7efed673a000-7efed6939000 ---p 00016000 08:02 5004209                    /lib/x86_64-linux-gnu/libgcc_s.so.1
7efed6939000-7efed693a000 r--p 00015000 08:02 5004209                    /lib/x86_64-linux-gnu/libgcc_s.so.1
7efed693a000-7efed693b000 rw-p 00016000 08:02 5004209                    /lib/x86_64-linux-gnu/libgcc_s.so.1
7efed693b000-7efed6aa8000 r-xp 00000000 08:02 1246485                    /usr/lib/x86_64-linux-gnu/libstdc++.so.6.0.21
7efed6aa8000-7efed6ca7000 ---p 0016d000 08:02 1246485                    /usr/lib/x86_64-linux-gnu/libstdc++.so.6.0.21
7efed6ca7000-7efed6cb1000 r--p 0016c000 08:02 1246485                    /usr/lib/x86_64-linux-gnu/libstdc++.so.6.0.21
7efed6cb1000-7efed6cb3000 rw-p 00176000 08:02 1246485                    /usr/lib/x86_64-linux-gnu/libstdc++.so.6.0.21
7efed6cb3000-7efed6cb7000 rw-p 00000000 00:00 0 
7efed6cb7000-7efed6cd6000 r-xp 00000000 08:02 1788256                    /home/jazen/v_rep/programming/remoteApiBindings/java/lib/64Bit/libremoteApiJava.so
7efed6cd6000-7efed6ed6000 ---p 0001f000 08:02 1788256                    /home/jazen/v_rep/programming/remoteApiBindings/java/lib/64Bit/libremoteApiJava.so
7efed6ed6000-7efed6ed7000 r--p 0001f000 08:02 1788256                    /home/jazen/v_rep/programming/remoteApiBindings/java/lib/64Bit/libremoteApiJava.so
7efed6ed7000-7efed6ed8000 rw-p 00020000 08:02 1788256                    /home/jazen/v_rep/programming/remoteApiBindings/java/lib/64Bit/libremoteApiJava.so
7efed6ed8000-7efed6eed000 rw-p 00000000 00:00 0 
7efed6eed000-7efed6eee000 ---p 00000000 00:00 0 
7efed6eee000-7efed6fee000 rw-p 00000000 00:00 0                          [stack:5736]
7efed6fee000-7efed6ff1000 ---p 00000000 00:00 0 
7efed6ff1000-7efed70ef000 rw-p 00000000 00:00 0                          [stack:5735]
7efed70ef000-7efed70f2000 ---p 00000000 00:00 0 
7efed70f2000-7efed71f0000 rw-p 00000000 00:00 0                          [stack:5734]
7efed71f0000-7efed71f3000 ---p 00000000 00:00 0 
7efed71f3000-7efed72f1000 rw-p 00000000 00:00 0                          [stack:5733]
7efed72f1000-7efed72f4000 ---p 00000000 00:00 0 
7efed72f4000-7efed73f2000 rw-p 00000000 00:00 0                          [stack:5727]
7efed73f2000-7efed73f5000 ---p 00000000 00:00 0 
7efed73f5000-7efed74f3000 rw-p 00000000 00:00 0                          [stack:5726]
7efed74f3000-7efed74f6000 ---p 00000000 00:00 0 
7efed74f6000-7efed75f4000 rw-p 00000000 00:00 0                          [stack:5725]
7efed75f4000-7efed75f8000 r-xp 00000000 08:02 1318397                    /usr/lib/jvm/java-7-oracle/jre/lib/amd64/libdt_socket.so
7efed75f8000-7efed77f7000 ---p 00004000 08:02 1318397                    /usr/lib/jvm/java-7-oracle/jre/lib/amd64/libdt_socket.so
7efed77f7000-7efed77f8000 rw-p 00003000 08:02 1318397                    /usr/lib/jvm/java-7-oracle/jre/lib/amd64/libdt_socket.so
7efed77f8000-7efed77fb000 ---p 00000000 00:00 0 
7efed77fb000-7efed78f9000 rw-p 00000000 00:00 0                          [stack:5724]
7efed78f9000-7efed78fc000 ---p 00000000 00:00 0 
7efed78fc000-7efed79fa000 rw-p 00000000 00:00 0                          [stack:5721]
7efed79fa000-7efed79fd000 ---p 00000000 00:00 0 
7efed79fd000-7efed7afb000 rw-p 00000000 00:00 0                          [stack:5720]
7efed7afb000-7efed7afc000 ---p 00000000 00:00 0 
7efed7afc000-7efed8000000 rw-p 00000000 00:00 0                          [stack:5719]
7efed8000000-7efed8021000 rw-p 00000000 00:00 0 
7efed8021000-7efedc000000 ---p 00000000 00:00 0 
7efedc055000-7efedc07e000 r--s 001da000 08:02 4244827                    /home/jazen/Documents/Research/Platypus_Software/MyForks/VREP-Boat-Simulator/VrepSimulation/lib/crwlib_core.jar
7efedc07e000-7efedc091000 r--s 000df000 08:02 4244826                    /home/jazen/Documents/Research/Platypus_Software/MyForks/VREP-Boat-Simulator/VrepSimulation/lib/commons-math-2.2.jar
7efedc091000-7efee1000000 rw-p 00000000 00:00 0 
7efee1000000-7efee1270000 rwxp 00000000 00:00 0 
7efee1270000-7efee4234000 rw-p 00000000 00:00 0 
7efee4234000-7efee8000000 ---p 00000000 00:00 0 
7efee8000000-7efee8001000 rw-p 00000000 00:00 0 
7efee8001000-7efee8010000 r--s 00098000 08:02 4244888                    /home/jazen/Documents/Research/Platypus_Software/MyForks/VREP-Boat-Simulator/VrepSimulation/lib/jscience-4.3.jar
7efee8010000-7efee8014000 r--s 0003c000 08:02 4244883                    /home/jazen/Documents/Research/Platypus_Software/MyForks/VREP-Boat-Simulator/VrepSimulation/lib/madara.jar
7efee8014000-7efee80c2000 rw-p 00000000 00:00 0 
7efee80c2000-7efee8282000 r--s 039fb000 08:02 1360694                    /usr/lib/jvm/java-7-oracle/jre/lib/rt.jar
7efee8282000-7efee83a4000 rw-p 00000000 00:00 0 
7efee83a4000-7efee83a5000 ---p 00000000 00:00 0 
7efee83a5000-7efee84a5000 rw-p 00000000 00:00 0                          [stack:5718]
7efee84a5000-7efee84a6000 ---p 00000000 00:00 0 
7efee84a6000-7efee85a6000 rw-p 00000000 00:00 0                          [stack:5717]
7efee85a6000-7efee85a7000 ---p 00000000 00:00 0 
7efee85a7000-7efee86a7000 rw-p 00000000 00:00 0                          [stack:5716]
7efee86a7000-7efee86a8000 ---p 00000000 00:00 0 
7efee86a8000-7efee87d1000 rw-p 00000000 00:00 0                          [stack:5715]
7efee87d1000-7efee8a39000 rw-p 00000000 00:00 0 
7efee8a39000-7efee8a44000 rw-p 00000000 00:00 0 
7efee8a44000-7efee8a62000 rw-p 00000000 00:00 0 
7efee8a62000-7efee8a8b000 rw-p 00000000 00:00 0 
7efee8a8b000-7efee8cf2000 rw-p 00000000 00:00 0 
7efee8cf2000-7efee8d07000 rw-p 00000000 00:00 0 
7efee8d07000-7efee8e3b000 rw-p 00000000 00:00 0 
7efee8e3b000-7efee8e3c000 rw-p 00000000 00:00 0 
7efee8e3c000-7efee8e53000 r-xp 00000000 08:02 1318427                    /usr/lib/jvm/java-7-oracle/jre/lib/amd64/libzip.so
7efee8e53000-7efee9053000 ---p 00017000 08:02 1318427                    /usr/lib/jvm/java-7-oracle/jre/lib/amd64/libzip.so
7efee9053000-7efee9054000 rw-p 00017000 08:02 1318427                    /usr/lib/jvm/java-7-oracle/jre/lib/amd64/libzip.so
7efee9054000-7efee905f000 r-xp 00000000 08:02 4980826                    /lib/x86_64-linux-gnu/libnss_files-2.19.so
7efee905f000-7efee925e000 ---p 0000b000 08:02 4980826                    /lib/x86_64-linux-gnu/libnss_files-2.19.so
7efee925e000-7efee925f000 r--p 0000a000 08:02 4980826                    /lib/x86_64-linux-gnu/libnss_files-2.19.so
7efee925f000-7efee9260000 rw-p 0000b000 08:02 4980826                    /lib/x86_64-linux-gnu/libnss_files-2.19.so
7efee9260000-7efee926b000 r-xp 00000000 08:02 4987156                    /lib/x86_64-linux-gnu/libnss_nis-2.19.so
7efee926b000-7efee946a000 ---p 0000b000 08:02 4987156                    /lib/x86_64-linux-gnu/libnss_nis-2.19.so
7efee946a000-7efee946b000 r--p 0000a000 08:02 4987156                    /lib/x86_64-linux-gnu/libnss_nis-2.19.so
7efee946b000-7efee946c000 rw-p 0000b000 08:02 4987156                    /lib/x86_64-linux-gnu/libnss_nis-2.19.so
7efee946c000-7efee9483000 r-xp 00000000 08:02 4980835                    /lib/x86_64-linux-gnu/libnsl-2.19.so
7efee9483000-7efee9682000 ---p 00017000 08:02 4980835                    /lib/x86_64-linux-gnu/libnsl-2.19.so
7efee9682000-7efee9683000 r--p 00016000 08:02 4980835                    /lib/x86_64-linux-gnu/libnsl-2.19.so
7efee9683000-7efee9684000 rw-p 00017000 08:02 4980835                    /lib/x86_64-linux-gnu/libnsl-2.19.so
7efee9684000-7efee9686000 rw-p 00000000 00:00 0 
7efee9686000-7efee968f000 r-xp 00000000 08:02 4980834                    /lib/x86_64-linux-gnu/libnss_compat-2.19.so
7efee968f000-7efee988e000 ---p 00009000 08:02 4980834                    /lib/x86_64-linux-gnu/libnss_compat-2.19.so
7efee988e000-7efee988f000 r--p 00008000 08:02 4980834                    /lib/x86_64-linux-gnu/libnss_compat-2.19.so
7efee988f000-7efee9890000 rw-p 00009000 08:02 4980834                    /lib/x86_64-linux-gnu/libnss_compat-2.19.so
7efee9890000-7efee9f72000 r--p 00000000 08:02 1186808                    /usr/lib/locale/locale-archive
7efee9f72000-7efee9f74000 r-xp 00000000 08:02 1318419                    /usr/lib/jvm/java-7-oracle/jre/lib/amd64/libnpt.so
7efee9f74000-7efeea174000 ---p 00002000 08:02 1318419                    /usr/lib/jvm/java-7-oracle/jre/lib/amd64/libnpt.so
7efeea174000-7efeea175000 rw-p 00002000 08:02 1318419                    /usr/lib/jvm/java-7-oracle/jre/lib/amd64/libnpt.so
7efeea175000-7efeea1ae000 r-xp 00000000 08:02 1318431                    /usr/lib/jvm/java-7-oracle/jre/lib/amd64/libjdwp.so
7efeea1ae000-7efeea3ae000 ---p 00039000 08:02 1318431                    /usr/lib/jvm/java-7-oracle/jre/lib/amd64/libjdwp.so
7efeea3ae000-7efeea3af000 rw-p 00039000 08:02 1318431                    /usr/lib/jvm/java-7-oracle/jre/lib/amd64/libjdwp.so
7efeea3af000-7efeea3b0000 rw-p 00000000 00:00 0 
7efeea3b0000-7efeea3d9000 r-xp 00000000 08:02 1318400                    /usr/lib/jvm/java-7-oracle/jre/lib/amd64/libjava.so
7efeea3d9000-7efeea5d9000 ---p 00029000 08:02 1318400                    /usr/lib/jvm/java-7-oracle/jre/lib/amd64/libjava.so
7efeea5d9000-7efeea5db000 rw-p 00029000 08:02 1318400                    /usr/lib/jvm/java-7-oracle/jre/lib/amd64/libjava.so
7efeea5db000-7efeea5e8000 r-xp 00000000 08:02 1318438                    /usr/lib/jvm/java-7-oracle/jre/lib/amd64/libverify.so
7efeea5e8000-7efeea7e7000 ---p 0000d000 08:02 1318438                    /usr/lib/jvm/java-7-oracle/jre/lib/amd64/libverify.so
7efeea7e7000-7efeea7e9000 rw-p 0000c000 08:02 1318438                    /usr/lib/jvm/java-7-oracle/jre/lib/amd64/libverify.so
7efeea7e9000-7efeea7f0000 r-xp 00000000 08:02 4984752                    /lib/x86_64-linux-gnu/librt-2.19.so
7efeea7f0000-7efeea9ef000 ---p 00007000 08:02 4984752                    /lib/x86_64-linux-gnu/librt-2.19.so
7efeea9ef000-7efeea9f0000 r--p 00006000 08:02 4984752                    /lib/x86_64-linux-gnu/librt-2.19.so
7efeea9f0000-7efeea9f1000 rw-p 00007000 08:02 4984752                    /lib/x86_64-linux-gnu/librt-2.19.so
7efeea9f1000-7efeeaaf6000 r-xp 00000000 08:02 4980825                    /lib/x86_64-linux-gnu/libm-2.19.so
7efeeaaf6000-7efeeacf5000 ---p 00105000 08:02 4980825                    /lib/x86_64-linux-gnu/libm-2.19.so
7efeeacf5000-7efeeacf6000 r--p 00104000 08:02 4980825                    /lib/x86_64-linux-gnu/libm-2.19.so
7efeeacf6000-7efeeacf7000 rw-p 00105000 08:02 4980825                    /lib/x86_64-linux-gnu/libm-2.19.so
7efeeacf7000-7efeeb86d000 r-xp 00000000 08:02 1318388                    /usr/lib/jvm/java-7-oracle/jre/lib/amd64/server/libjvm.so
7efeeb86d000-7efeeba6c000 ---p 00b76000 08:02 1318388                    /usr/lib/jvm/java-7-oracle/jre/lib/amd64/server/libjvm.so
7efeeba6c000-7efeebb30000 rw-p 00b75000 08:02 1318388                    /usr/lib/jvm/java-7-oracle/jre/lib/amd64/server/libjvm.so
7efeebb30000-7efeebb71000 rw-p 00000000 00:00 0 
7efeebb71000-7efeebd2c000 r-xp 00000000 08:02 4980840                    /lib/x86_64-linux-gnu/libc-2.19.so
7efeebd2c000-7efeebf2b000 ---p 001bb000 08:02 4980840                    /lib/x86_64-linux-gnu/libc-2.19.so
7efeebf2b000-7efeebf2f000 r--p 001ba000 08:02 4980840                    /lib/x86_64-linux-gnu/libc-2.19.so
7efeebf2f000-7efeebf31000 rw-p 001be000 08:02 4980840                    /lib/x86_64-linux-gnu/libc-2.19.so
7efeebf31000-7efeebf36000 rw-p 00000000 00:00 0 
7efeebf36000-7efeebf39000 r-xp 00000000 08:02 4980829                    /lib/x86_64-linux-gnu/libdl-2.19.so
7efeebf39000-7efeec138000 ---p 00003000 08:02 4980829                    /lib/x86_64-linux-gnu/libdl-2.19.so
7efeec138000-7efeec139000 r--p 00002000 08:02 4980829                    /lib/x86_64-linux-gnu/libdl-2.19.so
7efeec139000-7efeec13a000 rw-p 00003000 08:02 4980829                    /lib/x86_64-linux-gnu/libdl-2.19.so
7efeec13a000-7efeec14f000 r-xp 00000000 08:02 1364427                    /usr/lib/jvm/java-7-oracle/lib/amd64/jli/libjli.so
7efeec14f000-7efeec34e000 ---p 00015000 08:02 1364427                    /usr/lib/jvm/java-7-oracle/lib/amd64/jli/libjli.so
7efeec34e000-7efeec34f000 rw-p 00014000 08:02 1364427                    /usr/lib/jvm/java-7-oracle/lib/amd64/jli/libjli.so
7efeec34f000-7efeec368000 r-xp 00000000 08:02 4984658                    /lib/x86_64-linux-gnu/libpthread-2.19.so
7efeec368000-7efeec567000 ---p 00019000 08:02 4984658                    /lib/x86_64-linux-gnu/libpthread-2.19.so
7efeec567000-7efeec568000 r--p 00018000 08:02 4984658                    /lib/x86_64-linux-gnu/libpthread-2.19.so
7efeec568000-7efeec569000 rw-p 00019000 08:02 4984658                    /lib/x86_64-linux-gnu/libpthread-2.19.so
7efeec569000-7efeec56d000 rw-p 00000000 00:00 0 
7efeec56d000-7efeec590000 r-xp 00000000 08:02 4980837                    /lib/x86_64-linux-gnu/ld-2.19.so
7efeec590000-7efeec593000 r--s 0001f000 08:02 4244884                    /home/jazen/Documents/Research/Platypus_Software/MyForks/VREP-Boat-Simulator/VrepSimulation/lib/gams.jar
7efeec593000-7efeec59d000 rw-p 00000000 00:00 0 
7efeec59d000-7efeec653000 rw-p 00000000 00:00 0 
7efeec653000-7efeec656000 ---p 00000000 00:00 0 
7efeec656000-7efeec759000 rw-p 00000000 00:00 0                          [stack:5711]
7efeec759000-7efeec75a000 r--s 00008000 08:02 4244887                    /home/jazen/Documents/Research/Platypus_Software/MyForks/VREP-Boat-Simulator/VrepSimulation/lib/Jama-1.0.3.jar
7efeec75a000-7efeec765000 rw-p 00000000 00:00 0 
7efeec765000-7efeec783000 rw-p 00000000 00:00 0 
7efeec783000-7efeec78b000 rw-s 00000000 08:02 5129616                    /tmp/hsperfdata_jazen/5708
7efeec78b000-7efeec78c000 rw-p 00000000 00:00 0 
7efeec78c000-7efeec78d000 r--p 00000000 00:00 0 
7efeec78d000-7efeec78f000 rw-p 00000000 00:00 0 
7efeec78f000-7efeec790000 r--p 00022000 08:02 4980837                    /lib/x86_64-linux-gnu/ld-2.19.so
7efeec790000-7efeec791000 rw-p 00023000 08:02 4980837                    /lib/x86_64-linux-gnu/ld-2.19.so
7efeec791000-7efeec792000 rw-p 00000000 00:00 0 
7fff6ce12000-7fff6ce34000 rw-p 00000000 00:00 0                          [stack]
7fff6ce93000-7fff6ce95000 r-xp 00000000 00:00 0                          [vdso]
ffffffffff600000-ffffffffff601000 r-xp 00000000 00:00 0                  [vsyscall]

VM Arguments:
jvm_args: -Xdebug -Xrunjdwp:transport=dt_socket,address=localhost:52626 -Dfile.encoding=UTF-8 -Djava.library.path=/home/jazen/v_rep/programming/remoteApiBindings/java/lib/64Bit:/home/jazen/ace/ACE_wrappers/ace:/home/jazen/madara:/home/jazen/gams:/home/jazen/gams/lib
 
java_command: vrepSim.vrepSimMain
Launcher Type: SUN_STANDARD

Environment Variables:
JAVA_HOME=/usr/lib/jvm/java-7-oracle
PATH=/home/jazen/ace/ACE_wrappers/bin:/home/jazen/bin:/opt/ros/indigo/bin:/home/jazen/bin:/usr/local/sbin:/usr/local/bin:/usr/sbin:/usr/bin:/sbin:/bin:/usr/games:/usr/local/games
LD_LIBRARY_PATH=/usr/lib/jvm/java-8-oracle/jre/lib/amd64:/usr/lib/jvm/java-8-oracle/jre/lib/i386:/home/jazen/ace/ACE_wrappers/lib:/home/jazen/madara/lib:/home/jazen/gams/lib:/opt/ros/indigo/lib:/opt/ros/indigo/lib/x86_64-linux-gnu
SHELL=/bin/bash
DISPLAY=:0

Signal Handlers:
SIGSEGV: [libjvm.so+0x9a3b20], sa_mask[0]=0x7ffbfeff, sa_flags=0x10000004
SIGBUS: [libjvm.so+0x9a3b20], sa_mask[0]=0x7ffbfeff, sa_flags=0x10000004
SIGFPE: [libjvm.so+0x81e740], sa_mask[0]=0x7ffbfeff, sa_flags=0x10000004
SIGPIPE: [libjvm.so+0x81e740], sa_mask[0]=0x7ffbfeff, sa_flags=0x10000004
SIGXFSZ: [libjvm.so+0x81e740], sa_mask[0]=0x7ffbfeff, sa_flags=0x10000004
SIGILL: [libjvm.so+0x81e740], sa_mask[0]=0x7ffbfeff, sa_flags=0x10000004
SIGUSR1: SIG_DFL, sa_mask[0]=0x00000000, sa_flags=0x00000000
SIGUSR2: [libjvm.so+0x81ffb0], sa_mask[0]=0x00000004, sa_flags=0x10000004
SIGHUP: [libjvm.so+0x8210d0], sa_mask[0]=0x7ffbfeff, sa_flags=0x10000004
SIGINT: SIG_IGN, sa_mask[0]=0x00000000, sa_flags=0x00000000
SIGTERM: [libjvm.so+0x8210d0], sa_mask[0]=0x7ffbfeff, sa_flags=0x10000004
SIGQUIT: [libjvm.so+0x8210d0], sa_mask[0]=0x7ffbfeff, sa_flags=0x10000004


---------------  S Y S T E M  ---------------

OS:jessie/sid

uname:Linux 3.13.0-62-generic #102-Ubuntu SMP Tue Aug 11 14:29:36 UTC 2015 x86_64
libc:glibc 2.19 NPTL 2.19 
rlimit: STACK 8192k, CORE 0k, NPROC 61293, NOFILE 4096, AS infinity
load average:5.27 2.39 1.73

/proc/meminfo:
MemTotal:        8063700 kB
MemFree:         1947584 kB
Buffers:          115880 kB
Cached:          1986188 kB
SwapCached:            0 kB
Active:          4236740 kB
Inactive:        1641228 kB
Active(anon):    3783444 kB
Inactive(anon):   799316 kB
Active(file):     453296 kB
Inactive(file):   841912 kB
Unevictable:          88 kB
Mlocked:              88 kB
SwapTotal:       8274940 kB
SwapFree:        8274940 kB
Dirty:               212 kB
Writeback:             0 kB
AnonPages:       3776088 kB
Mapped:           547916 kB
Shmem:            806864 kB
Slab:             104272 kB
SReclaimable:      68092 kB
SUnreclaim:        36180 kB
KernelStack:        4960 kB
PageTables:        44584 kB
NFS_Unstable:          0 kB
Bounce:                0 kB
WritebackTmp:          0 kB
CommitLimit:    12306788 kB
Committed_AS:    9456476 kB
VmallocTotal:   34359738367 kB
VmallocUsed:      361720 kB
VmallocChunk:   34359369304 kB
HardwareCorrupted:     0 kB
AnonHugePages:   2160640 kB
HugePages_Total:       0
HugePages_Free:        0
HugePages_Rsvd:        0
HugePages_Surp:        0
Hugepagesize:       2048 kB
DirectMap4k:       71216 kB
DirectMap2M:     1912832 kB
DirectMap1G:     6291456 kB


CPU:total 4 (2 cores per cpu, 2 threads per core) family 6 model 69 stepping 1, cmov, cx8, fxsr, mmx, sse, sse2, sse3, ssse3, sse4.1, sse4.2, popcnt, avx, avx2, aes, erms, ht, tsc, tscinvbit

/proc/cpuinfo:
processor	: 0
vendor_id	: GenuineIntel
cpu family	: 6
model		: 69
model name	: Intel(R) Core(TM) i5-4210U CPU @ 1.70GHz
stepping	: 1
microcode	: 0x17
cpu MHz		: 1700.000
cache size	: 3072 KB
physical id	: 0
siblings	: 4
core id		: 0
cpu cores	: 2
apicid		: 0
initial apicid	: 0
fpu		: yes
fpu_exception	: yes
cpuid level	: 13
wp		: yes
flags		: fpu vme de pse tsc msr pae mce cx8 apic sep mtrr pge mca cmov pat pse36 clflush dts acpi mmx fxsr sse sse2 ss ht tm pbe syscall nx pdpe1gb rdtscp lm constant_tsc arch_perfmon pebs bts rep_good nopl xtopology nonstop_tsc aperfmperf eagerfpu pni pclmulqdq dtes64 monitor ds_cpl vmx est tm2 ssse3 fma cx16 xtpr pdcm pcid sse4_1 sse4_2 movbe popcnt tsc_deadline_timer aes xsave avx f16c rdrand lahf_lm abm ida arat epb xsaveopt pln pts dtherm tpr_shadow vnmi flexpriority ept vpid fsgsbase tsc_adjust bmi1 avx2 smep bmi2 erms invpcid
bogomips	: 4788.85
clflush size	: 64
cache_alignment	: 64
address sizes	: 39 bits physical, 48 bits virtual
power management:

processor	: 1
vendor_id	: GenuineIntel
cpu family	: 6
model		: 69
model name	: Intel(R) Core(TM) i5-4210U CPU @ 1.70GHz
stepping	: 1
microcode	: 0x17
cpu MHz		: 1700.000
cache size	: 3072 KB
physical id	: 0
siblings	: 4
core id		: 1
cpu cores	: 2
apicid		: 2
initial apicid	: 2
fpu		: yes
fpu_exception	: yes
cpuid level	: 13
wp		: yes
flags		: fpu vme de pse tsc msr pae mce cx8 apic sep mtrr pge mca cmov pat pse36 clflush dts acpi mmx fxsr sse sse2 ss ht tm pbe syscall nx pdpe1gb rdtscp lm constant_tsc arch_perfmon pebs bts rep_good nopl xtopology nonstop_tsc aperfmperf eagerfpu pni pclmulqdq dtes64 monitor ds_cpl vmx est tm2 ssse3 fma cx16 xtpr pdcm pcid sse4_1 sse4_2 movbe popcnt tsc_deadline_timer aes xsave avx f16c rdrand lahf_lm abm ida arat epb xsaveopt pln pts dtherm tpr_shadow vnmi flexpriority ept vpid fsgsbase tsc_adjust bmi1 avx2 smep bmi2 erms invpcid
bogomips	: 4788.85
clflush size	: 64
cache_alignment	: 64
address sizes	: 39 bits physical, 48 bits virtual
power management:

processor	: 2
vendor_id	: GenuineIntel
cpu family	: 6
model		: 69
model name	: Intel(R) Core(TM) i5-4210U CPU @ 1.70GHz
stepping	: 1
microcode	: 0x17
cpu MHz		: 1700.000
cache size	: 3072 KB
physical id	: 0
siblings	: 4
core id		: 0
cpu cores	: 2
apicid		: 1
initial apicid	: 1
fpu		: yes
fpu_exception	: yes
cpuid level	: 13
wp		: yes
flags		: fpu vme de pse tsc msr pae mce cx8 apic sep mtrr pge mca cmov pat pse36 clflush dts acpi mmx fxsr sse sse2 ss ht tm pbe syscall nx pdpe1gb rdtscp lm constant_tsc arch_perfmon pebs bts rep_good nopl xtopology nonstop_tsc aperfmperf eagerfpu pni pclmulqdq dtes64 monitor ds_cpl vmx est tm2 ssse3 fma cx16 xtpr pdcm pcid sse4_1 sse4_2 movbe popcnt tsc_deadline_timer aes xsave avx f16c rdrand lahf_lm abm ida arat epb xsaveopt pln pts dtherm tpr_shadow vnmi flexpriority ept vpid fsgsbase tsc_adjust bmi1 avx2 smep bmi2 erms invpcid
bogomips	: 4788.85
clflush size	: 64
cache_alignment	: 64
address sizes	: 39 bits physical, 48 bits virtual
power management:

processor	: 3
vendor_id	: GenuineIntel
cpu family	: 6
model		: 69
model name	: Intel(R) Core(TM) i5-4210U CPU @ 1.70GHz
stepping	: 1
microcode	: 0x17
cpu MHz		: 1700.000
cache size	: 3072 KB
physical id	: 0
siblings	: 4
core id		: 1
cpu cores	: 2
apicid		: 3
initial apicid	: 3
fpu		: yes
fpu_exception	: yes
cpuid level	: 13
wp		: yes
flags		: fpu vme de pse tsc msr pae mce cx8 apic sep mtrr pge mca cmov pat pse36 clflush dts acpi mmx fxsr sse sse2 ss ht tm pbe syscall nx pdpe1gb rdtscp lm constant_tsc arch_perfmon pebs bts rep_good nopl xtopology nonstop_tsc aperfmperf eagerfpu pni pclmulqdq dtes64 monitor ds_cpl vmx est tm2 ssse3 fma cx16 xtpr pdcm pcid sse4_1 sse4_2 movbe popcnt tsc_deadline_timer aes xsave avx f16c rdrand lahf_lm abm ida arat epb xsaveopt pln pts dtherm tpr_shadow vnmi flexpriority ept vpid fsgsbase tsc_adjust bmi1 avx2 smep bmi2 erms invpcid
bogomips	: 4788.85
clflush size	: 64
cache_alignment	: 64
address sizes	: 39 bits physical, 48 bits virtual
power management:



Memory: 4k page, physical 8063700k(1947584k free), swap 8274940k(8274940k free)

vm_info: Java HotSpot(TM) 64-Bit Server VM (24.80-b11) for linux-amd64 JRE (1.7.0_80-b15), built on Apr 10 2015 19:53:14 by "java_re" with gcc 4.3.0 20080428 (Red Hat 4.3.0-8)

time: Tue Aug 18 23:05:20 2015
elapsed time: 97 seconds

