#
# A fatal error has been detected by the Java Runtime Environment:
#
#  SIGSEGV (0xb) at pc=0x00007f9d299deba0, pid=15212, tid=140312810075904
#
# JRE version: Java(TM) SE Runtime Environment (7.0_80-b15) (build 1.7.0_80-b15)
# Java VM: Java HotSpot(TM) 64-Bit Server VM (24.80-b11 mixed mode linux-amd64 compressed oops)
# Problematic frame:
# C  [libGAMS.so.6.3.0+0x37ba0]  Java_com_gams_utility_Position_jni_1getX+0x0
#
# Failed to write core dump. Core dumps have been disabled. To enable core dumping, try "ulimit -c unlimited" before starting Java again
#
# If you would like to submit a bug report, please visit:
#   http://bugreport.java.com/bugreport/crash.jsp
# The crash happened outside the Java Virtual Machine in native code.
# See problematic frame for where to report the bug.
#

---------------  T H R E A D  ---------------

Current thread (0x00007f9d3c20d000):  JavaThread "Thread-3" [_thread_in_native, id=15234, stack(0x00007f9d1f23b000,0x00007f9d1f33c000)]

siginfo:si_signo=SIGSEGV: si_errno=0, si_code=1 (SEGV_MAPERR), si_addr=0x0000000000000008

Registers:
RAX=0x00007f9d299deba0, RBX=0x000000077feac4d0, RCX=0x0000000000000021, RDX=0x0000000000000000
RSP=0x00007f9d1f339ca8, RBP=0x00007f9d1f339d08, RSI=0x00007f9d1f339d38, RDI=0x00007f9d3c20d1e8
R8 =0x00007f9d39010360, R9 =0x00007f9d1f33a048, R10=0x00007f9d39012d6c, R11=0x00007f9d42954940
R12=0x0000000000000000, R13=0x000000077feac4d0, R14=0x00007f9d1f339d38, R15=0x00007f9d3c20d000
RIP=0x00007f9d299deba0, EFLAGS=0x0000000000010287, CSGSFS=0x0000000000000033, ERR=0x0000000000000004
  TRAPNO=0x000000000000000e

Top of Stack: (sp=0x00007f9d1f339ca8)
0x00007f9d1f339ca8:   00007f9d39012d98 00007f9d1f339d88
0x00007f9d1f339cb8:   00007f9d2a6b7f18 000000077feac260
0x00007f9d1f339cc8:   00007f9d1f339cc8 0000000000000000
0x00007f9d1f339cd8:   00007f9d1f339d38 000000077feaf418
0x00007f9d1f339ce8:   0000000000000000 000000077feac4d0
0x00007f9d1f339cf8:   0000000000000000 00007f9d1f339d28
0x00007f9d1f339d08:   00007f9d1f339d80 00007f9d390060b7
0x00007f9d1f339d18:   0000000000000000 00007f9d3900ecda
0x00007f9d1f339d28:   0000000000000000 00000007d70cd6d8
0x00007f9d1f339d38:   00000007d70cd6d8 00007f9d1f339d40
0x00007f9d1f339d48:   000000077fead05d 00007f9d1f339d90
0x00007f9d1f339d58:   000000077feaf418 0000000000000000
0x00007f9d1f339d68:   000000077fead068 00007f9d1f339d28
0x00007f9d1f339d78:   00007f9d1f339d90 00007f9d1f339dd8
0x00007f9d1f339d88:   00007f9d390060b7 00000007d70cd6d8
0x00007f9d1f339d98:   00007f9d1f339d98 000000077feacd59
0x00007f9d1f339da8:   00007f9d1f339df0 000000077feaf418
0x00007f9d1f339db8:   0000000000000000 000000077feacd88
0x00007f9d1f339dc8:   00007f9d1f339d90 00007f9d1f339de8
0x00007f9d1f339dd8:   00007f9d1f339e38 00007f9d39006350
0x00007f9d1f339de8:   00000007d70cf038 00000007d70cd6d8
0x00007f9d1f339df8:   00007f9d1f339df8 000000077fef4a4d
0x00007f9d1f339e08:   00007f9d1f339e68 000000077ff5a3a0
0x00007f9d1f339e18:   0000000000000000 000000077fef4b08
0x00007f9d1f339e28:   00007f9d1f339de8 00007f9d1f339e50
0x00007f9d1f339e38:   00007f9d1f339ed0 00007f9d390004e7
0x00007f9d1f339e48:   0000000000000000 3fb999999999999a
0x00007f9d1f339e58:   404437ef3b5c38f2 00000007d70cf038
0x00007f9d1f339e68:   00000007d8e081f8 00007f9d00001fa0
0x00007f9d1f339e78:   00007f9d1f33a1c0 00007f9d1f339f50
0x00007f9d1f339e88:   00007f9d1f33a040 00007f9d3c20d000
0x00007f9d1f339e98:   00007f9d0c009b30 00007f9d1f339f10 

Instructions: (pc=0x00007f9d299deba0)
0x00007f9d299deb80:   24 1f e8 69 fd ff ff 48 89 ef e8 31 91 ff ff 48
0x00007f9d299deb90:   89 c5 48 8b 1d 37 51 29 00 eb d4 0f 1f 44 00 00
0x00007f9d299deba0:   f2 0f 10 42 08 c3 66 2e 0f 1f 84 00 00 00 00 00
0x00007f9d299debb0:   f2 0f 10 42 10 c3 66 2e 0f 1f 84 00 00 00 00 00 

Register to memory mapping:

RAX=0x00007f9d299deba0: Java_com_gams_utility_Position_jni_1getX+0 in /home/jazen/gams/libGAMS.so.6.3.0 at 0x00007f9d299a7000
RBX=0x000000077feac4d0 is an oop
{method} 
 - klass: {other class}
RCX=0x0000000000000021 is an unknown value
RDX=0x0000000000000000 is an unknown value
RSP=0x00007f9d1f339ca8 is pointing into the stack for thread: 0x00007f9d3c20d000
RBP=0x00007f9d1f339d08 is pointing into the stack for thread: 0x00007f9d3c20d000
RSI=0x00007f9d1f339d38 is pointing into the stack for thread: 0x00007f9d3c20d000
RDI=0x00007f9d3c20d1e8 is an unknown value
R8 =0x00007f9d39010360 is at code_begin+0 in an Interpreter codelet
method entry point (kind = zerolocals)  [0x00007f9d39010360, 0x00007f9d390106a0]  832 bytes
R9 =0x00007f9d1f33a048 is pointing into the stack for thread: 0x00007f9d3c20d000
R10=0x00007f9d39012d6c is at code_begin+620 in an Interpreter codelet
method entry point (kind = native)  [0x00007f9d39012b00, 0x00007f9d39013360]  2144 bytes
R11=0x00007f9d42954940: <offset 0x8b5940> in /usr/lib/jvm/java-7-oracle/jre/lib/amd64/server/libjvm.so at 0x00007f9d4209f000
R12=0x0000000000000000 is an unknown value
R13=0x000000077feac4d0 is an oop
{method} 
 - klass: {other class}
R14=0x00007f9d1f339d38 is pointing into the stack for thread: 0x00007f9d3c20d000
R15=0x00007f9d3c20d000 is a thread


Stack: [0x00007f9d1f23b000,0x00007f9d1f33c000],  sp=0x00007f9d1f339ca8,  free space=1019k
Native frames: (J=compiled Java code, j=interpreted, Vv=VM code, C=native code)
C  [libGAMS.so.6.3.0+0x37ba0]  Java_com_gams_utility_Position_jni_1getX+0x0
j  com.gams.utility.Position.getX()D+5
j  com.gams.utility.Position.equals(Lcom/gams/utility/Position;)Z+1
j  vrepSim.LutraPlatform.move(Lcom/gams/utility/Position;D)I+5
v  ~StubRoutines::call_stub
V  [libjvm.so+0x6020a5]  JavaCalls::call_helper(JavaValue*, methodHandle*, JavaCallArguments*, Thread*)+0x365
V  [libjvm.so+0x600b08]  JavaCalls::call(JavaValue*, methodHandle, JavaCallArguments*, Thread*)+0x28
V  [libjvm.so+0x63b684]  jni_invoke_nonstatic(JNIEnv_*, JavaValue*, _jobject*, JNICallType, _jmethodID*, JNI_ArgumentPusher*, Thread*)+0x2b4
V  [libjvm.so+0x64bd29]  jni_CallIntMethodV+0xe9

Java frames: (J=compiled Java code, j=interpreted, Vv=VM code)
j  com.gams.utility.Position.jni_getX(J)D+0
j  com.gams.utility.Position.getX()D+5
j  com.gams.utility.Position.equals(Lcom/gams/utility/Position;)Z+1
j  vrepSim.LutraPlatform.move(Lcom/gams/utility/Position;D)I+5
v  ~StubRoutines::call_stub
j  com.gams.controllers.BaseController.jni_run(JDD)J+0
j  com.gams.controllers.BaseController.run(DD)J+7
j  vrepSim.LutraGAMS$1.run()V+13
j  java.lang.Thread.run()V+11
v  ~StubRoutines::call_stub

---------------  P R O C E S S  ---------------

Java Threads: ( => current thread )
  0x00007f9cd0003000 JavaThread "Thread-7" [_thread_in_native, id=15239, stack(0x00007f9d1ca36000,0x00007f9d1d237000)]
  0x00007f9cdc003000 JavaThread "Thread-6" [_thread_in_native, id=15238, stack(0x00007f9d1d237000,0x00007f9d1da38000)]
  0x00007f9cd8003000 JavaThread "Thread-5" [_thread_in_native, id=15237, stack(0x00007f9d1da38000,0x00007f9d1e239000)]
  0x00007f9ce4003000 JavaThread "Thread-4" [_thread_in_native, id=15236, stack(0x00007f9d1e239000,0x00007f9d1ea3a000)]
=>0x00007f9d3c20d000 JavaThread "Thread-3" [_thread_in_native, id=15234, stack(0x00007f9d1f23b000,0x00007f9d1f33c000)]
  0x00007f9ce8003000 JavaThread "Thread-2" [_thread_in_native, id=15233, stack(0x00007f9d1f33c000,0x00007f9d1fb3d000)]
  0x00007f9cf4003000 JavaThread "Thread-1" [_thread_in_native, id=15232, stack(0x00007f9d28033000,0x00007f9d28834000)]
  0x00007f9cf0003000 JavaThread "Thread-0" [_thread_in_native, id=15231, stack(0x00007f9d288af000,0x00007f9d290b0000)]
  0x00007f9d3c099000 JavaThread "Service Thread" daemon [_thread_blocked, id=15228, stack(0x00007f9d2ad12000,0x00007f9d2ae13000)]
  0x00007f9d3c097000 JavaThread "C2 CompilerThread1" daemon [_thread_blocked, id=15227, stack(0x00007f9d2ae13000,0x00007f9d2af14000)]
  0x00007f9d3c094000 JavaThread "C2 CompilerThread0" daemon [_thread_blocked, id=15226, stack(0x00007f9d2af14000,0x00007f9d2b015000)]
  0x00007f9d3c091800 JavaThread "Signal Dispatcher" daemon [_thread_blocked, id=15225, stack(0x00007f9d2b015000,0x00007f9d2b116000)]
  0x00007f9d3c070800 JavaThread "Finalizer" daemon [_thread_blocked, id=15224, stack(0x00007f9d2b7f8000,0x00007f9d2b8f9000)]
  0x00007f9d3c06e800 JavaThread "Reference Handler" daemon [_thread_blocked, id=15223, stack(0x00007f9d2b8f9000,0x00007f9d2b9fa000)]
  0x00007f9d3c00a800 JavaThread "main" [_thread_in_Java, id=15216, stack(0x00007f9d439fb000,0x00007f9d43afc000)]

Other Threads:
  0x00007f9d3c06a000 VMThread [stack: 0x00007f9d2b9fa000,0x00007f9d2bafb000] [id=15222]
  0x00007f9d3c0ac000 WatcherThread [stack: 0x00007f9d2ac11000,0x00007f9d2ad12000] [id=15229]

VM state:not at safepoint (normal execution)

VM Mutex/Monitor currently owned by a thread: None

Heap
 PSYoungGen      total 36864K, used 7501K [0x00000007d6f00000, 0x00000007d9800000, 0x0000000800000000)
  eden space 31744K, 18% used [0x00000007d6f00000,0x00000007d74a9528,0x00000007d8e00000)
  from space 5120K, 33% used [0x00000007d8e00000,0x00000007d8faa2d0,0x00000007d9300000)
  to   space 5120K, 0% used [0x00000007d9300000,0x00000007d9300000,0x00000007d9800000)
 ParOldGen       total 83968K, used 8K [0x0000000784e00000, 0x000000078a000000, 0x00000007d6f00000)
  object space 83968K, 0% used [0x0000000784e00000,0x0000000784e02000,0x000000078a000000)
 PSPermGen       total 21504K, used 5456K [0x000000077fc00000, 0x0000000781100000, 0x0000000784e00000)
  object space 21504K, 25% used [0x000000077fc00000,0x0000000780154250,0x0000000781100000)

Card table byte_map: [0x00007f9d40901000,0x00007f9d40d04000] byte_map_base: 0x00007f9d3cd03000

Polling page: 0x00007f9d43b34000

Code Cache  [0x00007f9d39000000, 0x00007f9d39270000, 0x00007f9d3c000000)
 total_blobs=390 nmethods=115 adapters=228 free_code_cache=48317Kb largest_free_block=49443200

Compilation events (10 events):
Event: 20.259 Thread 0x00007f9d3c094000  120             java.util.Formatter$Conversion::isFloat (72 bytes)
Event: 20.260 Thread 0x00007f9d3c094000 nmethod 120 0x00007f9d390ba650 code [0x00007f9d390ba920, 0x00007f9d390ba998]
Event: 20.338 Thread 0x00007f9d3c097000  121             java.util.regex.ASCII::isType (15 bytes)
Event: 20.339 Thread 0x00007f9d3c097000 nmethod 121 0x00007f9d390ba390 code [0x00007f9d390ba4e0, 0x00007f9d390ba578]
Event: 20.339 Thread 0x00007f9d3c097000  122             java.util.regex.ASCII::getType (17 bytes)
Event: 20.339 Thread 0x00007f9d3c097000 nmethod 122 0x00007f9d3909e550 code [0x00007f9d3909e6a0, 0x00007f9d3909e738]
Event: 20.498 Thread 0x00007f9d3c097000  123             sun.misc.FormattedFloatingDecimal::dtoa (1451 bytes)
Event: 20.978 Thread 0x00007f9d3c094000  124             org.apache.commons.math.linear.LUDecompositionImpl::<init> (499 bytes)
Event: 21.038 Thread 0x00007f9d3c094000 nmethod 124 0x00007f9d390bbad0 code [0x00007f9d390bbce0, 0x00007f9d390bc6e8]
Event: 21.070 Thread 0x00007f9d3c097000 nmethod 123 0x00007f9d390cf290 code [0x00007f9d390cf780, 0x00007f9d390d3c38]

GC Heap History (2 events):
Event: 18.952 GC heap before
{Heap before GC invocations=1 (full 0):
 PSYoungGen      total 36864K, used 31744K [0x00000007d6f00000, 0x00000007d9800000, 0x0000000800000000)
  eden space 31744K, 100% used [0x00000007d6f00000,0x00000007d8e00000,0x00000007d8e00000)
  from space 5120K, 0% used [0x00000007d9300000,0x00000007d9300000,0x00000007d9800000)
  to   space 5120K, 0% used [0x00000007d8e00000,0x00000007d8e00000,0x00000007d9300000)
 ParOldGen       total 83968K, used 0K [0x0000000784e00000, 0x000000078a000000, 0x00000007d6f00000)
  object space 83968K, 0% used [0x0000000784e00000,0x0000000784e00000,0x000000078a000000)
 PSPermGen       total 21504K, used 5435K [0x000000077fc00000, 0x0000000781100000, 0x0000000784e00000)
  object space 21504K, 25% used [0x000000077fc00000,0x000000078014ec08,0x0000000781100000)
Event: 18.960 GC heap after
Heap after GC invocations=1 (full 0):
 PSYoungGen      total 36864K, used 1704K [0x00000007d6f00000, 0x00000007d9800000, 0x0000000800000000)
  eden space 31744K, 0% used [0x00000007d6f00000,0x00000007d6f00000,0x00000007d8e00000)
  from space 5120K, 33% used [0x00000007d8e00000,0x00000007d8faa2d0,0x00000007d9300000)
  to   space 5120K, 0% used [0x00000007d9300000,0x00000007d9300000,0x00000007d9800000)
 ParOldGen       total 83968K, used 8K [0x0000000784e00000, 0x000000078a000000, 0x00000007d6f00000)
  object space 83968K, 0% used [0x0000000784e00000,0x0000000784e02000,0x000000078a000000)
 PSPermGen       total 21504K, used 5435K [0x000000077fc00000, 0x0000000781100000, 0x0000000784e00000)
  object space 21504K, 25% used [0x000000077fc00000,0x000000078014ec08,0x0000000781100000)
}

Deoptimization events (10 events):
Event: 0.921 Thread 0x00007f9cdc003000 Uncommon trap: reason=uninitialized action=reinterpret pc=0x00007f9d39073fc4 method=org.apache.commons.math.util.FastMath.slowexp(D[D)D @ 67
Event: 0.947 Thread 0x00007f9cdc003000 Uncommon trap: reason=uninitialized action=reinterpret pc=0x00007f9d39077304 method=org.apache.commons.math.util.FastMath.slowLog(D)[D @ 84
Event: 3.499 Thread 0x00007f9ce8003000 Uncommon trap: reason=unstable_if action=reinterpret pc=0x00007f9d3907e144 method=sun.misc.FDBigInt.add(Lsun/misc/FDBigInt;)Lsun/misc/FDBigInt; @ 134
Event: 4.539 Thread 0x00007f9ce8003000 Uncommon trap: reason=unstable_if action=reinterpret pc=0x00007f9d3907fc10 method=sun.misc.FormattedFloatingDecimal.applyPrecision(I)[C @ 55
Event: 4.899 Thread 0x00007f9ce8003000 Uncommon trap: reason=unstable_if action=reinterpret pc=0x00007f9d3909627c method=sun.misc.FormattedFloatingDecimal.dtoa(IJI)V @ 365
Event: 8.535 Thread 0x00007f9cdc003000 Uncommon trap: reason=unstable_if action=reinterpret pc=0x00007f9d3908e36c method=sun.misc.FormattedFloatingDecimal.applyPrecision(I)[C @ 66
Event: 10.501 Thread 0x00007f9ce8003000 Uncommon trap: reason=unstable_if action=reinterpret pc=0x00007f9d390a84e8 method=sun.misc.FormattedFloatingDecimal.dtoa(IJI)V @ 954
Event: 17.130 Thread 0x00007f9cdc003000 Uncommon trap: reason=unstable_if action=reinterpret pc=0x00007f9d390c2868 method=sun.misc.FormattedFloatingDecimal.dtoa(IJI)V @ 27
Event: 22.179 Thread 0x00007f9ce8003000 Uncommon trap: reason=unstable_if action=reinterpret pc=0x00007f9d390895f0 method=java.util.Formatter$FormatSpecifier.localizedMagnitude(Ljava/lang/StringBuilder;[CLjava/util/Formatter$Flags;ILjava/util/Locale;)Ljava/lang/StringBuilder; @ 284
Event: 22.179 Thread 0x00007f9ce8003000 Uncommon trap: reason=unstable_if action=reinterpret pc=0x00007f9d3906bcfc method=java.util.Formatter$FormatSpecifier.addZeros([CI)[C @ 5

Internal exceptions (10 events):
Event: 0.834 Thread 0x00007f9cd8003000 Threw 0x00000007d7710d48 at /HUDSON/workspace/7u-2-build-linux-amd64/jdk7u80/2329/hotspot/src/share/vm/prims/jvm.cpp:1319
Event: 0.836 Thread 0x00007f9ce4003000 Threw 0x00000007d7673f18 at /HUDSON/workspace/7u-2-build-linux-amd64/jdk7u80/2329/hotspot/src/share/vm/prims/jvm.cpp:1319
Event: 0.843 Thread 0x00007f9cdc003000 Threw 0x00000007d77b19a0 at /HUDSON/workspace/7u-2-build-linux-amd64/jdk7u80/2329/hotspot/src/share/vm/prims/jvm.cpp:1319
Event: 0.843 Thread 0x00007f9cdc003000 Threw 0x00000007d77b4df8 at /HUDSON/workspace/7u-2-build-linux-amd64/jdk7u80/2329/hotspot/src/share/vm/prims/jvm.cpp:1319
Event: 0.844 Thread 0x00007f9cdc003000 Threw 0x00000007d77b8de0 at /HUDSON/workspace/7u-2-build-linux-amd64/jdk7u80/2329/hotspot/src/share/vm/prims/jvm.cpp:1319
Event: 0.848 Thread 0x00007f9cdc003000 Threw 0x00000007d77be368 at /HUDSON/workspace/7u-2-build-linux-amd64/jdk7u80/2329/hotspot/src/share/vm/prims/jvm.cpp:1319
Event: 0.849 Thread 0x00007f9cdc003000 Threw 0x00000007d77c0cf0 at /HUDSON/workspace/7u-2-build-linux-amd64/jdk7u80/2329/hotspot/src/share/vm/prims/jvm.cpp:1319
Event: 0.850 Thread 0x00007f9cdc003000 Threw 0x00000007d77c38a0 at /HUDSON/workspace/7u-2-build-linux-amd64/jdk7u80/2329/hotspot/src/share/vm/prims/jvm.cpp:1319
Event: 0.951 Thread 0x00007f9cdc003000 Threw 0x00000007d79ccb50 at /HUDSON/workspace/7u-2-build-linux-amd64/jdk7u80/2329/hotspot/src/share/vm/prims/jvm.cpp:1319
Event: 0.952 Thread 0x00007f9cdc003000 Threw 0x00000007d79d2b58 at /HUDSON/workspace/7u-2-build-linux-amd64/jdk7u80/2329/hotspot/src/share/vm/prims/jvm.cpp:1319

Events (10 events):
Event: 18.975 Executing VM operation: RevokeBias done
Event: 18.975 Executing VM operation: BulkRevokeBias
Event: 18.975 Executing VM operation: BulkRevokeBias done
Event: 20.339 Thread 0x00007f9d3c097000 flushing nmethod 0x00007f9d3907dbd0
Event: 22.179 Thread 0x00007f9ce8003000 Uncommon trap: trap_request=0xffffff75 fr.pc=0x00007f9d390895f0
Event: 22.179 Thread 0x00007f9ce8003000 DEOPT PACKING pc=0x00007f9d390895f0 sp=0x00007f9d1fb3b0e0
Event: 22.179 Thread 0x00007f9ce8003000 DEOPT UNPACKING pc=0x00007f9d39039445 sp=0x00007f9d1fb3b0b8 mode 2
Event: 22.179 Thread 0x00007f9ce8003000 Uncommon trap: trap_request=0xffffff75 fr.pc=0x00007f9d3906bcfc
Event: 22.179 Thread 0x00007f9ce8003000 DEOPT PACKING pc=0x00007f9d3906bcfc sp=0x00007f9d1fb3b130
Event: 22.179 Thread 0x00007f9ce8003000 DEOPT UNPACKING pc=0x00007f9d39039445 sp=0x00007f9d1fb3b0f0 mode 2


Dynamic libraries:
00400000-00401000 r-xp 00000000 08:02 1365019                            /usr/lib/jvm/java-7-oracle/bin/java
00600000-00601000 rw-p 00000000 08:02 1365019                            /usr/lib/jvm/java-7-oracle/bin/java
00cb5000-00cd6000 rw-p 00000000 00:00 0                                  [heap]
77fc00000-781100000 rw-p 00000000 00:00 0 
781100000-784e00000 rw-p 00000000 00:00 0 
784e00000-78a000000 rw-p 00000000 00:00 0 
78a000000-7d6f00000 rw-p 00000000 00:00 0 
7d6f00000-7d9800000 rw-p 00000000 00:00 0 
7d9800000-800000000 rw-p 00000000 00:00 0 
7f9cd0000000-7f9cd0022000 rw-p 00000000 00:00 0 
7f9cd0022000-7f9cd4000000 ---p 00000000 00:00 0 
7f9cd8000000-7f9cd8022000 rw-p 00000000 00:00 0 
7f9cd8022000-7f9cdc000000 ---p 00000000 00:00 0 
7f9cdc000000-7f9cdc0e9000 rw-p 00000000 00:00 0 
7f9cdc0e9000-7f9ce0000000 ---p 00000000 00:00 0 
7f9ce0000000-7f9ce0021000 rw-p 00000000 00:00 0 
7f9ce0021000-7f9ce4000000 ---p 00000000 00:00 0 
7f9ce4000000-7f9ce4022000 rw-p 00000000 00:00 0 
7f9ce4022000-7f9ce8000000 ---p 00000000 00:00 0 
7f9ce8000000-7f9ce8022000 rw-p 00000000 00:00 0 
7f9ce8022000-7f9cec000000 ---p 00000000 00:00 0 
7f9cec000000-7f9cec119000 rw-p 00000000 00:00 0 
7f9cec119000-7f9cf0000000 ---p 00000000 00:00 0 
7f9cf0000000-7f9cf0022000 rw-p 00000000 00:00 0 
7f9cf0022000-7f9cf4000000 ---p 00000000 00:00 0 
7f9cf4000000-7f9cf4022000 rw-p 00000000 00:00 0 
7f9cf4022000-7f9cf8000000 ---p 00000000 00:00 0 
7f9cf8000000-7f9cf8021000 rw-p 00000000 00:00 0 
7f9cf8021000-7f9cfc000000 ---p 00000000 00:00 0 
7f9cfc000000-7f9cfc021000 rw-p 00000000 00:00 0 
7f9cfc021000-7f9d00000000 ---p 00000000 00:00 0 
7f9d00000000-7f9d00ad9000 rw-p 00000000 00:00 0 
7f9d00ad9000-7f9d04000000 ---p 00000000 00:00 0 
7f9d04000000-7f9d04021000 rw-p 00000000 00:00 0 
7f9d04021000-7f9d08000000 ---p 00000000 00:00 0 
7f9d08000000-7f9d08021000 rw-p 00000000 00:00 0 
7f9d08021000-7f9d0c000000 ---p 00000000 00:00 0 
7f9d0c000000-7f9d0cda7000 rw-p 00000000 00:00 0 
7f9d0cda7000-7f9d10000000 ---p 00000000 00:00 0 
7f9d10000000-7f9d10021000 rw-p 00000000 00:00 0 
7f9d10021000-7f9d14000000 ---p 00000000 00:00 0 
7f9d14000000-7f9d14021000 rw-p 00000000 00:00 0 
7f9d14021000-7f9d18000000 ---p 00000000 00:00 0 
7f9d18000000-7f9d18021000 rw-p 00000000 00:00 0 
7f9d18021000-7f9d1c000000 ---p 00000000 00:00 0 
7f9d1c8c9000-7f9d1ca36000 rw-p 00000000 00:00 0 
7f9d1ca36000-7f9d1ca39000 ---p 00000000 00:00 0 
7f9d1ca39000-7f9d1d237000 rw-p 00000000 00:00 0                          [stack:15239]
7f9d1d237000-7f9d1d23a000 ---p 00000000 00:00 0 
7f9d1d23a000-7f9d1da38000 rw-p 00000000 00:00 0                          [stack:15238]
7f9d1da38000-7f9d1da3b000 ---p 00000000 00:00 0 
7f9d1da3b000-7f9d1e239000 rw-p 00000000 00:00 0                          [stack:15237]
7f9d1e239000-7f9d1e23c000 ---p 00000000 00:00 0 
7f9d1e23c000-7f9d1ea3a000 rw-p 00000000 00:00 0                          [stack:15236]
7f9d1ea3a000-7f9d1ea3b000 ---p 00000000 00:00 0 
7f9d1ea3b000-7f9d1f23b000 rw-p 00000000 00:00 0                          [stack:15235]
7f9d1f23b000-7f9d1f23e000 ---p 00000000 00:00 0 
7f9d1f23e000-7f9d1f33c000 rw-p 00000000 00:00 0                          [stack:15234]
7f9d1f33c000-7f9d1f33f000 ---p 00000000 00:00 0 
7f9d1f33f000-7f9d1fb3d000 rw-p 00000000 00:00 0                          [stack:15233]
7f9d1fb3d000-7f9d1fb54000 r-xp 00000000 08:02 1318420                    /usr/lib/jvm/java-7-oracle/jre/lib/amd64/libnet.so
7f9d1fb54000-7f9d1fd53000 ---p 00017000 08:02 1318420                    /usr/lib/jvm/java-7-oracle/jre/lib/amd64/libnet.so
7f9d1fd53000-7f9d1fd54000 rw-p 00016000 08:02 1318420                    /usr/lib/jvm/java-7-oracle/jre/lib/amd64/libnet.so
7f9d1fd54000-7f9d1fd64000 r-xp 00000000 08:02 1318421                    /usr/lib/jvm/java-7-oracle/jre/lib/amd64/libnio.so
7f9d1fd64000-7f9d1ff64000 ---p 00010000 08:02 1318421                    /usr/lib/jvm/java-7-oracle/jre/lib/amd64/libnio.so
7f9d1ff64000-7f9d1ff65000 rw-p 00010000 08:02 1318421                    /usr/lib/jvm/java-7-oracle/jre/lib/amd64/libnio.so
7f9d1ff65000-7f9d24000000 rw-p 00000000 00:00 0 
7f9d24000000-7f9d24021000 rw-p 00000000 00:00 0 
7f9d24021000-7f9d28000000 ---p 00000000 00:00 0 
7f9d28033000-7f9d28036000 ---p 00000000 00:00 0 
7f9d28036000-7f9d288af000 rw-p 00000000 00:00 0                          [stack:15232]
7f9d288af000-7f9d288b2000 ---p 00000000 00:00 0 
7f9d288b2000-7f9d291a6000 rw-p 00000000 00:00 0                          [stack:15231]
7f9d291a6000-7f9d291a7000 ---p 00000000 00:00 0 
7f9d291a7000-7f9d299a7000 rw-p 00000000 00:00 0                          [stack:15230]
7f9d299a7000-7f9d29a71000 r-xp 00000000 08:02 1859401                    /home/jazen/gams/libGAMS.so.6.3.0
7f9d29a71000-7f9d29c71000 ---p 000ca000 08:02 1859401                    /home/jazen/gams/libGAMS.so.6.3.0
7f9d29c71000-7f9d29c74000 r--p 000ca000 08:02 1859401                    /home/jazen/gams/libGAMS.so.6.3.0
7f9d29c74000-7f9d29c76000 rw-p 000cd000 08:02 1859401                    /home/jazen/gams/libGAMS.so.6.3.0
7f9d29c76000-7f9d29e63000 r-xp 00000000 08:02 1859117                    /home/jazen/madara/libMADARA.so.6.3.0
7f9d29e63000-7f9d2a062000 ---p 001ed000 08:02 1859117                    /home/jazen/madara/libMADARA.so.6.3.0
7f9d2a062000-7f9d2a069000 r--p 001ec000 08:02 1859117                    /home/jazen/madara/libMADARA.so.6.3.0
7f9d2a069000-7f9d2a06c000 rw-p 001f3000 08:02 1859117                    /home/jazen/madara/libMADARA.so.6.3.0
7f9d2a06c000-7f9d2a1fb000 r-xp 00000000 08:02 1705810                    /home/jazen/ace/ACE_wrappers/ace/libACE.so.6.3.0
7f9d2a1fb000-7f9d2a3fa000 ---p 0018f000 08:02 1705810                    /home/jazen/ace/ACE_wrappers/ace/libACE.so.6.3.0
7f9d2a3fa000-7f9d2a40d000 r--p 0018e000 08:02 1705810                    /home/jazen/ace/ACE_wrappers/ace/libACE.so.6.3.0
7f9d2a40d000-7f9d2a411000 rw-p 001a1000 08:02 1705810                    /home/jazen/ace/ACE_wrappers/ace/libACE.so.6.3.0
7f9d2a411000-7f9d2a413000 rw-p 00000000 00:00 0 
7f9d2a413000-7f9d2a429000 r-xp 00000000 08:02 5004209                    /lib/x86_64-linux-gnu/libgcc_s.so.1
7f9d2a429000-7f9d2a628000 ---p 00016000 08:02 5004209                    /lib/x86_64-linux-gnu/libgcc_s.so.1
7f9d2a628000-7f9d2a629000 r--p 00015000 08:02 5004209                    /lib/x86_64-linux-gnu/libgcc_s.so.1
7f9d2a629000-7f9d2a62a000 rw-p 00016000 08:02 5004209                    /lib/x86_64-linux-gnu/libgcc_s.so.1
7f9d2a62a000-7f9d2a797000 r-xp 00000000 08:02 1246485                    /usr/lib/x86_64-linux-gnu/libstdc++.so.6.0.21
7f9d2a797000-7f9d2a996000 ---p 0016d000 08:02 1246485                    /usr/lib/x86_64-linux-gnu/libstdc++.so.6.0.21
7f9d2a996000-7f9d2a9a0000 r--p 0016c000 08:02 1246485                    /usr/lib/x86_64-linux-gnu/libstdc++.so.6.0.21
7f9d2a9a0000-7f9d2a9a2000 rw-p 00176000 08:02 1246485                    /usr/lib/x86_64-linux-gnu/libstdc++.so.6.0.21
7f9d2a9a2000-7f9d2a9a6000 rw-p 00000000 00:00 0 
7f9d2a9db000-7f9d2a9fa000 r-xp 00000000 08:02 1788256                    /home/jazen/v_rep/programming/remoteApiBindings/java/lib/64Bit/libremoteApiJava.so
7f9d2a9fa000-7f9d2abfa000 ---p 0001f000 08:02 1788256                    /home/jazen/v_rep/programming/remoteApiBindings/java/lib/64Bit/libremoteApiJava.so
7f9d2abfa000-7f9d2abfb000 r--p 0001f000 08:02 1788256                    /home/jazen/v_rep/programming/remoteApiBindings/java/lib/64Bit/libremoteApiJava.so
7f9d2abfb000-7f9d2abfc000 rw-p 00020000 08:02 1788256                    /home/jazen/v_rep/programming/remoteApiBindings/java/lib/64Bit/libremoteApiJava.so
7f9d2abfc000-7f9d2ac11000 rw-p 00000000 00:00 0 
7f9d2ac11000-7f9d2ac12000 ---p 00000000 00:00 0 
7f9d2ac12000-7f9d2ad12000 rw-p 00000000 00:00 0                          [stack:15229]
7f9d2ad12000-7f9d2ad15000 ---p 00000000 00:00 0 
7f9d2ad15000-7f9d2ae13000 rw-p 00000000 00:00 0                          [stack:15228]
7f9d2ae13000-7f9d2ae16000 ---p 00000000 00:00 0 
7f9d2ae16000-7f9d2af14000 rw-p 00000000 00:00 0                          [stack:15227]
7f9d2af14000-7f9d2af17000 ---p 00000000 00:00 0 
7f9d2af17000-7f9d2b015000 rw-p 00000000 00:00 0                          [stack:15226]
7f9d2b015000-7f9d2b018000 ---p 00000000 00:00 0 
7f9d2b018000-7f9d2b116000 rw-p 00000000 00:00 0                          [stack:15225]
7f9d2b116000-7f9d2b7f8000 r--p 00000000 08:02 1186808                    /usr/lib/locale/locale-archive
7f9d2b7f8000-7f9d2b7fb000 ---p 00000000 00:00 0 
7f9d2b7fb000-7f9d2b8f9000 rw-p 00000000 00:00 0                          [stack:15224]
7f9d2b8f9000-7f9d2b8fc000 ---p 00000000 00:00 0 
7f9d2b8fc000-7f9d2b9fa000 rw-p 00000000 00:00 0                          [stack:15223]
7f9d2b9fa000-7f9d2b9fb000 ---p 00000000 00:00 0 
7f9d2b9fb000-7f9d2c000000 rw-p 00000000 00:00 0                          [stack:15222]
7f9d2c000000-7f9d2c021000 rw-p 00000000 00:00 0 
7f9d2c021000-7f9d30000000 ---p 00000000 00:00 0 
7f9d30000000-7f9d30021000 rw-p 00000000 00:00 0 
7f9d30021000-7f9d34000000 ---p 00000000 00:00 0 
7f9d34000000-7f9d34021000 rw-p 00000000 00:00 0 
7f9d34021000-7f9d38000000 ---p 00000000 00:00 0 
7f9d38034000-7f9d38a3e000 rw-p 00000000 00:00 0 
7f9d38a3e000-7f9d38bfe000 r--s 039fb000 08:02 1360694                    /usr/lib/jvm/java-7-oracle/jre/lib/rt.jar
7f9d38bfe000-7f9d39000000 rw-p 00000000 00:00 0 
7f9d39000000-7f9d39270000 rwxp 00000000 00:00 0 
7f9d39270000-7f9d3c213000 rw-p 00000000 00:00 0 
7f9d3c213000-7f9d40000000 ---p 00000000 00:00 0 
7f9d4000b000-7f9d40034000 r--s 001da000 08:02 4244827                    /home/jazen/Documents/Research/Platypus_Software/MyForks/VREP-Boat-Simulator/VrepSimulation/lib/crwlib_core.jar
7f9d40034000-7f9d40047000 r--s 000df000 08:02 4244826                    /home/jazen/Documents/Research/Platypus_Software/MyForks/VREP-Boat-Simulator/VrepSimulation/lib/commons-math-2.2.jar
7f9d40047000-7f9d40056000 r--s 00098000 08:02 4244888                    /home/jazen/Documents/Research/Platypus_Software/MyForks/VREP-Boat-Simulator/VrepSimulation/lib/jscience-4.3.jar
7f9d40056000-7f9d4005a000 r--s 0003c000 08:02 4244883                    /home/jazen/Documents/Research/Platypus_Software/MyForks/VREP-Boat-Simulator/VrepSimulation/lib/madara.jar
7f9d4005a000-7f9d4026c000 rw-p 00000000 00:00 0 
7f9d4026c000-7f9d4026d000 ---p 00000000 00:00 0 
7f9d4026d000-7f9d4036d000 rw-p 00000000 00:00 0                          [stack:15221]
7f9d4036d000-7f9d4036e000 ---p 00000000 00:00 0 
7f9d4036e000-7f9d4046e000 rw-p 00000000 00:00 0                          [stack:15220]
7f9d4046e000-7f9d4046f000 ---p 00000000 00:00 0 
7f9d4046f000-7f9d4056f000 rw-p 00000000 00:00 0                          [stack:15219]
7f9d4056f000-7f9d40570000 ---p 00000000 00:00 0 
7f9d40570000-7f9d40699000 rw-p 00000000 00:00 0                          [stack:15218]
7f9d40699000-7f9d40901000 rw-p 00000000 00:00 0 
7f9d40901000-7f9d4090c000 rw-p 00000000 00:00 0 
7f9d4090c000-7f9d4092a000 rw-p 00000000 00:00 0 
7f9d4092a000-7f9d40953000 rw-p 00000000 00:00 0 
7f9d40953000-7f9d40bba000 rw-p 00000000 00:00 0 
7f9d40bba000-7f9d40bcf000 rw-p 00000000 00:00 0 
7f9d40bcf000-7f9d40d03000 rw-p 00000000 00:00 0 
7f9d40d03000-7f9d40d04000 rw-p 00000000 00:00 0 
7f9d40d04000-7f9d40d1b000 r-xp 00000000 08:02 1318427                    /usr/lib/jvm/java-7-oracle/jre/lib/amd64/libzip.so
7f9d40d1b000-7f9d40f1b000 ---p 00017000 08:02 1318427                    /usr/lib/jvm/java-7-oracle/jre/lib/amd64/libzip.so
7f9d40f1b000-7f9d40f1c000 rw-p 00017000 08:02 1318427                    /usr/lib/jvm/java-7-oracle/jre/lib/amd64/libzip.so
7f9d40f1c000-7f9d40f27000 r-xp 00000000 08:02 4980826                    /lib/x86_64-linux-gnu/libnss_files-2.19.so
7f9d40f27000-7f9d41126000 ---p 0000b000 08:02 4980826                    /lib/x86_64-linux-gnu/libnss_files-2.19.so
7f9d41126000-7f9d41127000 r--p 0000a000 08:02 4980826                    /lib/x86_64-linux-gnu/libnss_files-2.19.so
7f9d41127000-7f9d41128000 rw-p 0000b000 08:02 4980826                    /lib/x86_64-linux-gnu/libnss_files-2.19.so
7f9d41128000-7f9d41133000 r-xp 00000000 08:02 4987156                    /lib/x86_64-linux-gnu/libnss_nis-2.19.so
7f9d41133000-7f9d41332000 ---p 0000b000 08:02 4987156                    /lib/x86_64-linux-gnu/libnss_nis-2.19.so
7f9d41332000-7f9d41333000 r--p 0000a000 08:02 4987156                    /lib/x86_64-linux-gnu/libnss_nis-2.19.so
7f9d41333000-7f9d41334000 rw-p 0000b000 08:02 4987156                    /lib/x86_64-linux-gnu/libnss_nis-2.19.so
7f9d41334000-7f9d4134b000 r-xp 00000000 08:02 4980835                    /lib/x86_64-linux-gnu/libnsl-2.19.so
7f9d4134b000-7f9d4154a000 ---p 00017000 08:02 4980835                    /lib/x86_64-linux-gnu/libnsl-2.19.so
7f9d4154a000-7f9d4154b000 r--p 00016000 08:02 4980835                    /lib/x86_64-linux-gnu/libnsl-2.19.so
7f9d4154b000-7f9d4154c000 rw-p 00017000 08:02 4980835                    /lib/x86_64-linux-gnu/libnsl-2.19.so
7f9d4154c000-7f9d4154e000 rw-p 00000000 00:00 0 
7f9d4154e000-7f9d41557000 r-xp 00000000 08:02 4980834                    /lib/x86_64-linux-gnu/libnss_compat-2.19.so
7f9d41557000-7f9d41756000 ---p 00009000 08:02 4980834                    /lib/x86_64-linux-gnu/libnss_compat-2.19.so
7f9d41756000-7f9d41757000 r--p 00008000 08:02 4980834                    /lib/x86_64-linux-gnu/libnss_compat-2.19.so
7f9d41757000-7f9d41758000 rw-p 00009000 08:02 4980834                    /lib/x86_64-linux-gnu/libnss_compat-2.19.so
7f9d41758000-7f9d41781000 r-xp 00000000 08:02 1318400                    /usr/lib/jvm/java-7-oracle/jre/lib/amd64/libjava.so
7f9d41781000-7f9d41981000 ---p 00029000 08:02 1318400                    /usr/lib/jvm/java-7-oracle/jre/lib/amd64/libjava.so
7f9d41981000-7f9d41983000 rw-p 00029000 08:02 1318400                    /usr/lib/jvm/java-7-oracle/jre/lib/amd64/libjava.so
7f9d41983000-7f9d41990000 r-xp 00000000 08:02 1318438                    /usr/lib/jvm/java-7-oracle/jre/lib/amd64/libverify.so
7f9d41990000-7f9d41b8f000 ---p 0000d000 08:02 1318438                    /usr/lib/jvm/java-7-oracle/jre/lib/amd64/libverify.so
7f9d41b8f000-7f9d41b91000 rw-p 0000c000 08:02 1318438                    /usr/lib/jvm/java-7-oracle/jre/lib/amd64/libverify.so
7f9d41b91000-7f9d41b98000 r-xp 00000000 08:02 4984752                    /lib/x86_64-linux-gnu/librt-2.19.so
7f9d41b98000-7f9d41d97000 ---p 00007000 08:02 4984752                    /lib/x86_64-linux-gnu/librt-2.19.so
7f9d41d97000-7f9d41d98000 r--p 00006000 08:02 4984752                    /lib/x86_64-linux-gnu/librt-2.19.so
7f9d41d98000-7f9d41d99000 rw-p 00007000 08:02 4984752                    /lib/x86_64-linux-gnu/librt-2.19.so
7f9d41d99000-7f9d41e9e000 r-xp 00000000 08:02 4980825                    /lib/x86_64-linux-gnu/libm-2.19.so
7f9d41e9e000-7f9d4209d000 ---p 00105000 08:02 4980825                    /lib/x86_64-linux-gnu/libm-2.19.so
7f9d4209d000-7f9d4209e000 r--p 00104000 08:02 4980825                    /lib/x86_64-linux-gnu/libm-2.19.so
7f9d4209e000-7f9d4209f000 rw-p 00105000 08:02 4980825                    /lib/x86_64-linux-gnu/libm-2.19.so
7f9d4209f000-7f9d42c15000 r-xp 00000000 08:02 1318388                    /usr/lib/jvm/java-7-oracle/jre/lib/amd64/server/libjvm.so
7f9d42c15000-7f9d42e14000 ---p 00b76000 08:02 1318388                    /usr/lib/jvm/java-7-oracle/jre/lib/amd64/server/libjvm.so
7f9d42e14000-7f9d42ed8000 rw-p 00b75000 08:02 1318388                    /usr/lib/jvm/java-7-oracle/jre/lib/amd64/server/libjvm.so
7f9d42ed8000-7f9d42f19000 rw-p 00000000 00:00 0 
7f9d42f19000-7f9d430d4000 r-xp 00000000 08:02 4980840                    /lib/x86_64-linux-gnu/libc-2.19.so
7f9d430d4000-7f9d432d3000 ---p 001bb000 08:02 4980840                    /lib/x86_64-linux-gnu/libc-2.19.so
7f9d432d3000-7f9d432d7000 r--p 001ba000 08:02 4980840                    /lib/x86_64-linux-gnu/libc-2.19.so
7f9d432d7000-7f9d432d9000 rw-p 001be000 08:02 4980840                    /lib/x86_64-linux-gnu/libc-2.19.so
7f9d432d9000-7f9d432de000 rw-p 00000000 00:00 0 
7f9d432de000-7f9d432e1000 r-xp 00000000 08:02 4980829                    /lib/x86_64-linux-gnu/libdl-2.19.so
7f9d432e1000-7f9d434e0000 ---p 00003000 08:02 4980829                    /lib/x86_64-linux-gnu/libdl-2.19.so
7f9d434e0000-7f9d434e1000 r--p 00002000 08:02 4980829                    /lib/x86_64-linux-gnu/libdl-2.19.so
7f9d434e1000-7f9d434e2000 rw-p 00003000 08:02 4980829                    /lib/x86_64-linux-gnu/libdl-2.19.so
7f9d434e2000-7f9d434f7000 r-xp 00000000 08:02 1364427                    /usr/lib/jvm/java-7-oracle/lib/amd64/jli/libjli.so
7f9d434f7000-7f9d436f6000 ---p 00015000 08:02 1364427                    /usr/lib/jvm/java-7-oracle/lib/amd64/jli/libjli.so
7f9d436f6000-7f9d436f7000 rw-p 00014000 08:02 1364427                    /usr/lib/jvm/java-7-oracle/lib/amd64/jli/libjli.so
7f9d436f7000-7f9d43710000 r-xp 00000000 08:02 4984658                    /lib/x86_64-linux-gnu/libpthread-2.19.so
7f9d43710000-7f9d4390f000 ---p 00019000 08:02 4984658                    /lib/x86_64-linux-gnu/libpthread-2.19.so
7f9d4390f000-7f9d43910000 r--p 00018000 08:02 4984658                    /lib/x86_64-linux-gnu/libpthread-2.19.so
7f9d43910000-7f9d43911000 rw-p 00019000 08:02 4984658                    /lib/x86_64-linux-gnu/libpthread-2.19.so
7f9d43911000-7f9d43915000 rw-p 00000000 00:00 0 
7f9d43915000-7f9d43938000 r-xp 00000000 08:02 4980837                    /lib/x86_64-linux-gnu/ld-2.19.so
7f9d43938000-7f9d4393b000 r--s 0001f000 08:02 4244884                    /home/jazen/Documents/Research/Platypus_Software/MyForks/VREP-Boat-Simulator/VrepSimulation/lib/gams.jar
7f9d4393b000-7f9d43945000 rw-p 00000000 00:00 0 
7f9d43945000-7f9d439fb000 rw-p 00000000 00:00 0 
7f9d439fb000-7f9d439fe000 ---p 00000000 00:00 0 
7f9d439fe000-7f9d43b01000 rw-p 00000000 00:00 0                          [stack:15216]
7f9d43b01000-7f9d43b02000 r--s 00008000 08:02 4244887                    /home/jazen/Documents/Research/Platypus_Software/MyForks/VREP-Boat-Simulator/VrepSimulation/lib/Jama-1.0.3.jar
7f9d43b02000-7f9d43b0d000 rw-p 00000000 00:00 0 
7f9d43b0d000-7f9d43b2b000 rw-p 00000000 00:00 0 
7f9d43b2b000-7f9d43b33000 rw-s 00000000 08:02 5129610                    /tmp/hsperfdata_jazen/15212
7f9d43b33000-7f9d43b34000 rw-p 00000000 00:00 0 
7f9d43b34000-7f9d43b35000 r--p 00000000 00:00 0 
7f9d43b35000-7f9d43b37000 rw-p 00000000 00:00 0 
7f9d43b37000-7f9d43b38000 r--p 00022000 08:02 4980837                    /lib/x86_64-linux-gnu/ld-2.19.so
7f9d43b38000-7f9d43b39000 rw-p 00023000 08:02 4980837                    /lib/x86_64-linux-gnu/ld-2.19.so
7f9d43b39000-7f9d43b3a000 rw-p 00000000 00:00 0 
7ffe01ba0000-7ffe01bc2000 rw-p 00000000 00:00 0                          [stack]
7ffe01bc8000-7ffe01bca000 r-xp 00000000 00:00 0                          [vdso]
ffffffffff600000-ffffffffff601000 r-xp 00000000 00:00 0                  [vsyscall]

VM Arguments:
jvm_args: -Dfile.encoding=UTF-8 -Djava.library.path=/home/jazen/v_rep/programming/remoteApiBindings/java/lib/64Bit:/home/jazen/ace/ACE_wrappers/ace:/home/jazen/madara:/home/jazen/gams:/home/jazen/gams/lib
 
java_command: vrepSim.vrepSimMain
Launcher Type: SUN_STANDARD

Environment Variables:
JAVA_HOME=/usr/lib/jvm/java-7-oracle
PATH=/home/jazen/ace/ACE_wrappers/bin:/home/jazen/bin:/opt/ros/indigo/bin:/home/jazen/bin:/usr/local/sbin:/usr/local/bin:/usr/sbin:/usr/bin:/sbin:/bin:/usr/games:/usr/local/games
LD_LIBRARY_PATH=/usr/lib/jvm/java-8-oracle/jre/lib/amd64:/usr/lib/jvm/java-8-oracle/jre/lib/i386:/home/jazen/ace/ACE_wrappers/lib:/home/jazen/madara/lib:/home/jazen/gams/lib:/opt/ros/indigo/lib:/opt/ros/indigo/lib/x86_64-linux-gnu
SHELL=/bin/bash
DISPLAY=:0

Signal Handlers:
SIGSEGV: [libjvm.so+0x9a3b20], sa_mask[0]=0x7ffbfeff, sa_flags=0x10000004
SIGBUS: [libjvm.so+0x9a3b20], sa_mask[0]=0x7ffbfeff, sa_flags=0x10000004
SIGFPE: [libjvm.so+0x81e740], sa_mask[0]=0x7ffbfeff, sa_flags=0x10000004
SIGPIPE: [libjvm.so+0x81e740], sa_mask[0]=0x7ffbfeff, sa_flags=0x10000004
SIGXFSZ: [libjvm.so+0x81e740], sa_mask[0]=0x7ffbfeff, sa_flags=0x10000004
SIGILL: [libjvm.so+0x81e740], sa_mask[0]=0x7ffbfeff, sa_flags=0x10000004
SIGUSR1: SIG_DFL, sa_mask[0]=0x00000000, sa_flags=0x00000000
SIGUSR2: [libjvm.so+0x81ffb0], sa_mask[0]=0x00000004, sa_flags=0x10000004
SIGHUP: [libjvm.so+0x8210d0], sa_mask[0]=0x7ffbfeff, sa_flags=0x10000004
SIGINT: SIG_IGN, sa_mask[0]=0x00000000, sa_flags=0x00000000
SIGTERM: [libjvm.so+0x8210d0], sa_mask[0]=0x7ffbfeff, sa_flags=0x10000004
SIGQUIT: [libjvm.so+0x8210d0], sa_mask[0]=0x7ffbfeff, sa_flags=0x10000004


---------------  S Y S T E M  ---------------

OS:jessie/sid

uname:Linux 3.13.0-61-generic #100-Ubuntu SMP Wed Jul 29 11:21:34 UTC 2015 x86_64
libc:glibc 2.19 NPTL 2.19 
rlimit: STACK 8192k, CORE 0k, NPROC 61293, NOFILE 4096, AS infinity
load average:2.72 2.03 1.84

/proc/meminfo:
MemTotal:        8063704 kB
MemFree:          548572 kB
Buffers:          221508 kB
Cached:          2291696 kB
SwapCached:           16 kB
Active:          4891092 kB
Inactive:        2005956 kB
Active(anon):    4202240 kB
Inactive(anon):  1389012 kB
Active(file):     688852 kB
Inactive(file):   616944 kB
Unevictable:         104 kB
Mlocked:             104 kB
SwapTotal:       8274940 kB
SwapFree:        8264000 kB
Dirty:              2364 kB
Writeback:             0 kB
AnonPages:       4383804 kB
Mapped:           966128 kB
Shmem:           1207408 kB
Slab:             465532 kB
SReclaimable:     419420 kB
SUnreclaim:        46112 kB
KernelStack:        5608 kB
PageTables:        53532 kB
NFS_Unstable:          0 kB
Bounce:                0 kB
WritebackTmp:          0 kB
CommitLimit:    12306792 kB
Committed_AS:   11317940 kB
VmallocTotal:   34359738367 kB
VmallocUsed:      367664 kB
VmallocChunk:   34359284192 kB
HardwareCorrupted:     0 kB
AnonHugePages:   1904640 kB
HugePages_Total:       0
HugePages_Free:        0
HugePages_Rsvd:        0
HugePages_Surp:        0
Hugepagesize:       2048 kB
DirectMap4k:      136752 kB
DirectMap2M:     8138752 kB
DirectMap1G:           0 kB


CPU:total 4 (2 cores per cpu, 2 threads per core) family 6 model 69 stepping 1, cmov, cx8, fxsr, mmx, sse, sse2, sse3, ssse3, sse4.1, sse4.2, popcnt, avx, avx2, aes, erms, ht, tsc, tscinvbit

/proc/cpuinfo:
processor	: 0
vendor_id	: GenuineIntel
cpu family	: 6
model		: 69
model name	: Intel(R) Core(TM) i5-4210U CPU @ 1.70GHz
stepping	: 1
microcode	: 0x17
cpu MHz		: 1700.000
cache size	: 3072 KB
physical id	: 0
siblings	: 4
core id		: 0
cpu cores	: 2
apicid		: 0
initial apicid	: 0
fpu		: yes
fpu_exception	: yes
cpuid level	: 13
wp		: yes
flags		: fpu vme de pse tsc msr pae mce cx8 apic sep mtrr pge mca cmov pat pse36 clflush dts acpi mmx fxsr sse sse2 ss ht tm pbe syscall nx pdpe1gb rdtscp lm constant_tsc arch_perfmon pebs bts rep_good nopl xtopology nonstop_tsc aperfmperf eagerfpu pni pclmulqdq dtes64 monitor ds_cpl vmx est tm2 ssse3 fma cx16 xtpr pdcm pcid sse4_1 sse4_2 movbe popcnt tsc_deadline_timer aes xsave avx f16c rdrand lahf_lm abm ida arat epb xsaveopt pln pts dtherm tpr_shadow vnmi flexpriority ept vpid fsgsbase tsc_adjust bmi1 avx2 smep bmi2 erms invpcid
bogomips	: 4789.14
clflush size	: 64
cache_alignment	: 64
address sizes	: 39 bits physical, 48 bits virtual
power management:

processor	: 1
vendor_id	: GenuineIntel
cpu family	: 6
model		: 69
model name	: Intel(R) Core(TM) i5-4210U CPU @ 1.70GHz
stepping	: 1
microcode	: 0x17
cpu MHz		: 1700.000
cache size	: 3072 KB
physical id	: 0
siblings	: 4
core id		: 1
cpu cores	: 2
apicid		: 2
initial apicid	: 2
fpu		: yes
fpu_exception	: yes
cpuid level	: 13
wp		: yes
flags		: fpu vme de pse tsc msr pae mce cx8 apic sep mtrr pge mca cmov pat pse36 clflush dts acpi mmx fxsr sse sse2 ss ht tm pbe syscall nx pdpe1gb rdtscp lm constant_tsc arch_perfmon pebs bts rep_good nopl xtopology nonstop_tsc aperfmperf eagerfpu pni pclmulqdq dtes64 monitor ds_cpl vmx est tm2 ssse3 fma cx16 xtpr pdcm pcid sse4_1 sse4_2 movbe popcnt tsc_deadline_timer aes xsave avx f16c rdrand lahf_lm abm ida arat epb xsaveopt pln pts dtherm tpr_shadow vnmi flexpriority ept vpid fsgsbase tsc_adjust bmi1 avx2 smep bmi2 erms invpcid
bogomips	: 4789.14
clflush size	: 64
cache_alignment	: 64
address sizes	: 39 bits physical, 48 bits virtual
power management:

processor	: 2
vendor_id	: GenuineIntel
cpu family	: 6
model		: 69
model name	: Intel(R) Core(TM) i5-4210U CPU @ 1.70GHz
stepping	: 1
microcode	: 0x17
cpu MHz		: 1700.000
cache size	: 3072 KB
physical id	: 0
siblings	: 4
core id		: 0
cpu cores	: 2
apicid		: 1
initial apicid	: 1
fpu		: yes
fpu_exception	: yes
cpuid level	: 13
wp		: yes
flags		: fpu vme de pse tsc msr pae mce cx8 apic sep mtrr pge mca cmov pat pse36 clflush dts acpi mmx fxsr sse sse2 ss ht tm pbe syscall nx pdpe1gb rdtscp lm constant_tsc arch_perfmon pebs bts rep_good nopl xtopology nonstop_tsc aperfmperf eagerfpu pni pclmulqdq dtes64 monitor ds_cpl vmx est tm2 ssse3 fma cx16 xtpr pdcm pcid sse4_1 sse4_2 movbe popcnt tsc_deadline_timer aes xsave avx f16c rdrand lahf_lm abm ida arat epb xsaveopt pln pts dtherm tpr_shadow vnmi flexpriority ept vpid fsgsbase tsc_adjust bmi1 avx2 smep bmi2 erms invpcid
bogomips	: 4789.14
clflush size	: 64
cache_alignment	: 64
address sizes	: 39 bits physical, 48 bits virtual
power management:

processor	: 3
vendor_id	: GenuineIntel
cpu family	: 6
model		: 69
model name	: Intel(R) Core(TM) i5-4210U CPU @ 1.70GHz
stepping	: 1
microcode	: 0x17
cpu MHz		: 1700.000
cache size	: 3072 KB
physical id	: 0
siblings	: 4
core id		: 1
cpu cores	: 2
apicid		: 3
initial apicid	: 3
fpu		: yes
fpu_exception	: yes
cpuid level	: 13
wp		: yes
flags		: fpu vme de pse tsc msr pae mce cx8 apic sep mtrr pge mca cmov pat pse36 clflush dts acpi mmx fxsr sse sse2 ss ht tm pbe syscall nx pdpe1gb rdtscp lm constant_tsc arch_perfmon pebs bts rep_good nopl xtopology nonstop_tsc aperfmperf eagerfpu pni pclmulqdq dtes64 monitor ds_cpl vmx est tm2 ssse3 fma cx16 xtpr pdcm pcid sse4_1 sse4_2 movbe popcnt tsc_deadline_timer aes xsave avx f16c rdrand lahf_lm abm ida arat epb xsaveopt pln pts dtherm tpr_shadow vnmi flexpriority ept vpid fsgsbase tsc_adjust bmi1 avx2 smep bmi2 erms invpcid
bogomips	: 4789.14
clflush size	: 64
cache_alignment	: 64
address sizes	: 39 bits physical, 48 bits virtual
power management:



Memory: 4k page, physical 8063704k(548572k free), swap 8274940k(8264000k free)

vm_info: Java HotSpot(TM) 64-Bit Server VM (24.80-b11) for linux-amd64 JRE (1.7.0_80-b15), built on Apr 10 2015 19:53:14 by "java_re" with gcc 4.3.0 20080428 (Red Hat 4.3.0-8)

time: Tue Aug 18 18:50:51 2015
elapsed time: 22 seconds

