#
# A fatal error has been detected by the Java Runtime Environment:
#
#  SIGSEGV (0xb) at pc=0x00007fed4058eba0, pid=7686, tid=140656959133440
#
# JRE version: Java(TM) SE Runtime Environment (7.0_80-b15) (build 1.7.0_80-b15)
# Java VM: Java HotSpot(TM) 64-Bit Server VM (24.80-b11 mixed mode linux-amd64 compressed oops)
# Problematic frame:
# C  [libGAMS.so.6.3.0+0x37ba0]  Java_com_gams_utility_Position_jni_1getX+0x0
#
# Failed to write core dump. Core dumps have been disabled. To enable core dumping, try "ulimit -c unlimited" before starting Java again
#
# If you would like to submit a bug report, please visit:
#   http://bugreport.java.com/bugreport/crash.jsp
# The crash happened outside the Java Virtual Machine in native code.
# See problematic frame for where to report the bug.
#

---------------  T H R E A D  ---------------

Current thread (0x00007fed481fd000):  JavaThread "Thread-3" [_thread_in_native, id=7709, stack(0x00007fed40059000,0x00007fed4015a000)]

siginfo:si_signo=SIGSEGV: si_errno=0, si_code=1 (SEGV_MAPERR), si_addr=0x0000000000000008

Registers:
RAX=0x00007fed4058eba0, RBX=0x000000077feac480, RCX=0x00000000000100d1, RDX=0x0000000000000000
RSP=0x00007fed40157ba8, RBP=0x00007fed40157c08, RSI=0x00007fed40157c38, RDI=0x00007fed481fd1e8
R8 =0x00007fed447c6360, R9 =0x00007fed40157f48, R10=0x00007fed447c8d6c, R11=0x00007fed4d4c6940
R12=0x0000000000000000, R13=0x000000077feac480, R14=0x00007fed40157c38, R15=0x00007fed481fd000
RIP=0x00007fed4058eba0, EFLAGS=0x0000000000010287, CSGSFS=0x0000000000000033, ERR=0x0000000000000004
  TRAPNO=0x000000000000000e

Top of Stack: (sp=0x00007fed40157ba8)
0x00007fed40157ba8:   00007fed447c8d98 00007fed40157c88
0x00007fed40157bb8:   00007fed41267f18 000000077feac210
0x00007fed40157bc8:   00007fed40157bc8 0000000000000000
0x00007fed40157bd8:   00007fed40157c38 000000077feaf3c8
0x00007fed40157be8:   0000000000000000 000000077feac480
0x00007fed40157bf8:   0000000000000000 00007fed40157c28
0x00007fed40157c08:   00007fed40157c80 00007fed447bc0b7
0x00007fed40157c18:   0000000000000000 00007fed447c4cda
0x00007fed40157c28:   0000000000000000 00000007d7e19090
0x00007fed40157c38:   00000007d7e19090 00007fed40157c40
0x00007fed40157c48:   000000077fead00d 00007fed40157c90
0x00007fed40157c58:   000000077feaf3c8 000000078015cde0
0x00007fed40157c68:   000000077fead018 00007fed40157c28
0x00007fed40157c78:   00007fed40157c90 00007fed40157cd8
0x00007fed40157c88:   00007fed447bc0b7 00000007d7e19090
0x00007fed40157c98:   00007fed40157c98 000000077feacd09
0x00007fed40157ca8:   00007fed40157cf0 000000077feaf3c8
0x00007fed40157cb8:   0000000000000000 000000077feacd38
0x00007fed40157cc8:   00007fed40157c90 00007fed40157ce8
0x00007fed40157cd8:   00007fed40157d38 00007fed447bc350
0x00007fed40157ce8:   00000007d8cd8e30 00000007d7e19090
0x00007fed40157cf8:   00007fed40157cf8 000000077fef4a25
0x00007fed40157d08:   00007fed40157d68 000000077ff5a378
0x00007fed40157d18:   0000000000000000 000000077fef4ae0
0x00007fed40157d28:   00007fed40157ce8 00007fed40157d50
0x00007fed40157d38:   00007fed40157dd0 00007fed447b64e7
0x00007fed40157d48:   0000000000000000 3fb999999999999a
0x00007fed40157d58:   404437eb402f6125 00000007d8cd8e30
0x00007fed40157d68:   00000007d91acc18 00007fed00001fa0
0x00007fed40157d78:   00007fed401580c0 00007fed40157e50
0x00007fed40157d88:   00007fed40157f40 00007fed481fd000
0x00007fed40157d98:   00007fed08000fa0 00007fed40157e10 

Instructions: (pc=0x00007fed4058eba0)
0x00007fed4058eb80:   24 1f e8 69 fd ff ff 48 89 ef e8 31 91 ff ff 48
0x00007fed4058eb90:   89 c5 48 8b 1d 37 51 29 00 eb d4 0f 1f 44 00 00
0x00007fed4058eba0:   f2 0f 10 42 08 c3 66 2e 0f 1f 84 00 00 00 00 00
0x00007fed4058ebb0:   f2 0f 10 42 10 c3 66 2e 0f 1f 84 00 00 00 00 00 

Register to memory mapping:

RAX=0x00007fed4058eba0: Java_com_gams_utility_Position_jni_1getX+0 in /home/jazen/gams/libGAMS.so.6.3.0 at 0x00007fed40557000
RBX=0x000000077feac480 is an oop
{method} 
 - klass: {other class}
RCX=0x00000000000100d1 is an unknown value
RDX=0x0000000000000000 is an unknown value
RSP=0x00007fed40157ba8 is pointing into the stack for thread: 0x00007fed481fd000
RBP=0x00007fed40157c08 is pointing into the stack for thread: 0x00007fed481fd000
RSI=0x00007fed40157c38 is pointing into the stack for thread: 0x00007fed481fd000
RDI=0x00007fed481fd1e8 is an unknown value
R8 =0x00007fed447c6360 is at code_begin+0 in an Interpreter codelet
method entry point (kind = zerolocals)  [0x00007fed447c6360, 0x00007fed447c66a0]  832 bytes
R9 =0x00007fed40157f48 is pointing into the stack for thread: 0x00007fed481fd000
R10=0x00007fed447c8d6c is at code_begin+620 in an Interpreter codelet
method entry point (kind = native)  [0x00007fed447c8b00, 0x00007fed447c9360]  2144 bytes
R11=0x00007fed4d4c6940: <offset 0x8b5940> in /usr/lib/jvm/java-7-oracle/jre/lib/amd64/server/libjvm.so at 0x00007fed4cc11000
R12=0x0000000000000000 is an unknown value
R13=0x000000077feac480 is an oop
{method} 
 - klass: {other class}
R14=0x00007fed40157c38 is pointing into the stack for thread: 0x00007fed481fd000
R15=0x00007fed481fd000 is a thread


Stack: [0x00007fed40059000,0x00007fed4015a000],  sp=0x00007fed40157ba8,  free space=1018k
Native frames: (J=compiled Java code, j=interpreted, Vv=VM code, C=native code)
C  [libGAMS.so.6.3.0+0x37ba0]  Java_com_gams_utility_Position_jni_1getX+0x0
j  com.gams.utility.Position.getX()D+5
j  com.gams.utility.Position.equals(Lcom/gams/utility/Position;)Z+1
j  vrepSim.LutraPlatform.move(Lcom/gams/utility/Position;D)I+5
v  ~StubRoutines::call_stub
V  [libjvm.so+0x6020a5]  JavaCalls::call_helper(JavaValue*, methodHandle*, JavaCallArguments*, Thread*)+0x365
V  [libjvm.so+0x600b08]  JavaCalls::call(JavaValue*, methodHandle, JavaCallArguments*, Thread*)+0x28
V  [libjvm.so+0x63b684]  jni_invoke_nonstatic(JNIEnv_*, JavaValue*, _jobject*, JNICallType, _jmethodID*, JNI_ArgumentPusher*, Thread*)+0x2b4
V  [libjvm.so+0x64bd29]  jni_CallIntMethodV+0xe9

Java frames: (J=compiled Java code, j=interpreted, Vv=VM code)
j  com.gams.utility.Position.jni_getX(J)D+0
j  com.gams.utility.Position.getX()D+5
j  com.gams.utility.Position.equals(Lcom/gams/utility/Position;)Z+1
j  vrepSim.LutraPlatform.move(Lcom/gams/utility/Position;D)I+5
v  ~StubRoutines::call_stub
j  com.gams.controllers.BaseController.jni_run(JDD)J+0
j  com.gams.controllers.BaseController.run(DD)J+7
j  vrepSim.LutraGAMS$1.run()V+13
j  java.lang.Thread.run()V+11
v  ~StubRoutines::call_stub

---------------  P R O C E S S  ---------------

Java Threads: ( => current thread )
  0x00007fecd8003000 JavaThread "Thread-7" [_thread_in_native, id=7714, stack(0x00007fed26fde000,0x00007fed277df000)]
  0x00007fece4003000 JavaThread "Thread-6" [_thread_in_native, id=7713, stack(0x00007fed277df000,0x00007fed27fe0000)]
  0x00007fece0003000 JavaThread "Thread-5" [_thread_in_native, id=7712, stack(0x00007fed385e2000,0x00007fed38de3000)]
  0x00007fecec003000 JavaThread "Thread-4" [_thread_in_native, id=7711, stack(0x00007fed38de3000,0x00007fed395e4000)]
=>0x00007fed481fd000 JavaThread "Thread-3" [_thread_in_native, id=7709, stack(0x00007fed40059000,0x00007fed4015a000)]
  0x00007fecf0003000 JavaThread "Thread-2" [_thread_in_native, id=7708, stack(0x00007fed39de5000,0x00007fed3a5e6000)]
  0x00007fecfc003000 JavaThread "Thread-1" [_thread_in_native, id=7707, stack(0x00007fed3a7fd000,0x00007fed3affe000)]
  0x00007fecf8003000 JavaThread "Thread-0" [_thread_in_native, id=7706, stack(0x00007fed3affe000,0x00007fed3b7ff000)]
  0x00007fed48099000 JavaThread "Service Thread" daemon [_thread_blocked, id=7702, stack(0x00007fed418fe000,0x00007fed419ff000)]
  0x00007fed48097000 JavaThread "C2 CompilerThread1" daemon [_thread_blocked, id=7701, stack(0x00007fed419ff000,0x00007fed41b00000)]
  0x00007fed48094000 JavaThread "C2 CompilerThread0" daemon [_thread_blocked, id=7700, stack(0x00007fed41b00000,0x00007fed41c01000)]
  0x00007fed48091800 JavaThread "Signal Dispatcher" daemon [_thread_blocked, id=7699, stack(0x00007fed41c01000,0x00007fed41d02000)]
  0x00007fed48070800 JavaThread "Finalizer" daemon [_thread_blocked, id=7698, stack(0x00007fed423e4000,0x00007fed424e5000)]
  0x00007fed4806e800 JavaThread "Reference Handler" daemon [_thread_blocked, id=7697, stack(0x00007fed424e5000,0x00007fed425e6000)]
  0x00007fed4800a800 JavaThread "main" [_thread_in_Java, id=7691, stack(0x00007fed4e56d000,0x00007fed4e66e000)]

Other Threads:
  0x00007fed4806a000 VMThread [stack: 0x00007fed425e6000,0x00007fed426e7000] [id=7696]
  0x00007fed480ac000 WatcherThread [stack: 0x00007fed417fd000,0x00007fed418fe000] [id=7703]

VM state:not at safepoint (normal execution)

VM Mutex/Monitor currently owned by a thread: None

Heap
 PSYoungGen      total 31744K, used 31560K [0x00000007d6f00000, 0x00000007d9280000, 0x0000000800000000)
  eden space 30720K, 99% used [0x00000007d6f00000,0x00000007d8ce21c8,0x00000007d8d00000)
  from space 1024K, 93% used [0x00000007d9180000,0x00000007d9270020,0x00000007d9280000)
  to   space 2048K, 0% used [0x00000007d8e80000,0x00000007d8e80000,0x00000007d9080000)
 ParOldGen       total 83968K, used 40K [0x0000000784e00000, 0x000000078a000000, 0x00000007d6f00000)
  object space 83968K, 0% used [0x0000000784e00000,0x0000000784e0a000,0x000000078a000000)
 PSPermGen       total 21504K, used 5532K [0x000000077fc00000, 0x0000000781100000, 0x0000000784e00000)
  object space 21504K, 25% used [0x000000077fc00000,0x00000007801670b8,0x0000000781100000)

Card table byte_map: [0x00007fed443b3000,0x00007fed447b6000] byte_map_base: 0x00007fed407b5000

Polling page: 0x00007fed4e6a6000

Code Cache  [0x00007fed447b6000, 0x00007fed44a26000, 0x00007fed477b6000)
 total_blobs=563 nmethods=288 adapters=228 free_code_cache=47972Kb largest_free_block=49072768

Compilation events (10 events):
Event: 143.710 Thread 0x00007fed48097000  290  s          vrepSim.BoatEKF::predict (440 bytes)
Event: 143.715 Thread 0x00007fed48094000  291  s          vrepSim.BoatEKF::timeStep (32 bytes)
Event: 143.727 Thread 0x00007fed48094000 nmethod 291 0x00007fed448cc890 code [0x00007fed448cca00, 0x00007fed448cce58]
Event: 143.842 Thread 0x00007fed48097000 nmethod 290 0x00007fed448dc110 code [0x00007fed448dc580, 0x00007fed448de718]
Event: 145.545 Thread 0x00007fed48094000  292             com.madara.containers.DoubleVector::get (10 bytes)
Event: 145.545 Thread 0x00007fed48094000 nmethod 292 0x00007fed44885f10 code [0x00007fed44886060, 0x00007fed448860e8]
Event: 152.946 Thread 0x00007fed48097000  293  s          sun.misc.FormattedFloatingDecimal::big5pow (215 bytes)
Event: 152.983 Thread 0x00007fed48097000 nmethod 293 0x00007fed448e1050 code [0x00007fed448e1260, 0x00007fed448e21d0]
Event: 182.706 Thread 0x00007fed48094000  296             vrepSim.Datum::zString (126 bytes)
Event: 182.794 Thread 0x00007fed48094000 nmethod 296 0x00007fed448e5bd0 code [0x00007fed448e5e60, 0x00007fed448e7a78]

GC Heap History (10 events):
Event: 48.944 GC heap before
{Heap before GC invocations=2 (full 0):
 PSYoungGen      total 36864K, used 33594K [0x00000007d6f00000, 0x00000007d9800000, 0x0000000800000000)
  eden space 31744K, 100% used [0x00000007d6f00000,0x00000007d8e00000,0x00000007d8e00000)
  from space 5120K, 36% used [0x00000007d8e00000,0x00000007d8fce9e0,0x00000007d9300000)
  to   space 5120K, 0% used [0x00000007d9300000,0x00000007d9300000,0x00000007d9800000)
 ParOldGen       total 83968K, used 8K [0x0000000784e00000, 0x000000078a000000, 0x00000007d6f00000)
  object space 83968K, 0% used [0x0000000784e00000,0x0000000784e02000,0x000000078a000000)
 PSPermGen       total 21504K, used 5474K [0x000000077fc00000, 0x0000000781100000, 0x0000000784e00000)
  object space 21504K, 25% used [0x000000077fc00000,0x0000000780158ad0,0x0000000781100000)
Event: 48.949 GC heap after
Heap after GC invocations=2 (full 0):
 PSYoungGen      total 36864K, used 992K [0x00000007d6f00000, 0x00000007d9800000, 0x0000000800000000)
  eden space 31744K, 0% used [0x00000007d6f00000,0x00000007d6f00000,0x00000007d8e00000)
  from space 5120K, 19% used [0x00000007d9300000,0x00000007d93f8020,0x00000007d9800000)
  to   space 5120K, 0% used [0x00000007d8e00000,0x00000007d8e00000,0x00000007d9300000)
 ParOldGen       total 83968K, used 16K [0x0000000784e00000, 0x000000078a000000, 0x00000007d6f00000)
  object space 83968K, 0% used [0x0000000784e00000,0x0000000784e04000,0x000000078a000000)
 PSPermGen       total 21504K, used 5474K [0x000000077fc00000, 0x0000000781100000, 0x0000000784e00000)
  object space 21504K, 25% used [0x000000077fc00000,0x0000000780158ad0,0x0000000781100000)
}
Event: 75.664 GC heap before
{Heap before GC invocations=3 (full 0):
 PSYoungGen      total 36864K, used 32736K [0x00000007d6f00000, 0x00000007d9800000, 0x0000000800000000)
  eden space 31744K, 100% used [0x00000007d6f00000,0x00000007d8e00000,0x00000007d8e00000)
  from space 5120K, 19% used [0x00000007d9300000,0x00000007d93f8020,0x00000007d9800000)
  to   space 5120K, 0% used [0x00000007d8e00000,0x00000007d8e00000,0x00000007d9300000)
 ParOldGen       total 83968K, used 16K [0x0000000784e00000, 0x000000078a000000, 0x00000007d6f00000)
  object space 83968K, 0% used [0x0000000784e00000,0x0000000784e04000,0x000000078a000000)
 PSPermGen       total 21504K, used 5495K [0x000000077fc00000, 0x0000000781100000, 0x0000000784e00000)
  object space 21504K, 25% used [0x000000077fc00000,0x000000078015df08,0x0000000781100000)
Event: 75.667 GC heap after
Heap after GC invocations=3 (full 0):
 PSYoungGen      total 36864K, used 944K [0x00000007d6f00000, 0x00000007d9800000, 0x0000000800000000)
  eden space 31744K, 0% used [0x00000007d6f00000,0x00000007d6f00000,0x00000007d8e00000)
  from space 5120K, 18% used [0x00000007d8e00000,0x00000007d8eec010,0x00000007d9300000)
  to   space 5120K, 0% used [0x00000007d9300000,0x00000007d9300000,0x00000007d9800000)
 ParOldGen       total 83968K, used 24K [0x0000000784e00000, 0x000000078a000000, 0x00000007d6f00000)
  object space 83968K, 0% used [0x0000000784e00000,0x0000000784e06000,0x000000078a000000)
 PSPermGen       total 21504K, used 5495K [0x000000077fc00000, 0x0000000781100000, 0x0000000784e00000)
  object space 21504K, 25% used [0x000000077fc00000,0x000000078015df08,0x0000000781100000)
}
Event: 102.326 GC heap before
{Heap before GC invocations=4 (full 0):
 PSYoungGen      total 36864K, used 32688K [0x00000007d6f00000, 0x00000007d9800000, 0x0000000800000000)
  eden space 31744K, 100% used [0x00000007d6f00000,0x00000007d8e00000,0x00000007d8e00000)
  from space 5120K, 18% used [0x00000007d8e00000,0x00000007d8eec010,0x00000007d9300000)
  to   space 5120K, 0% used [0x00000007d9300000,0x00000007d9300000,0x00000007d9800000)
 ParOldGen       total 83968K, used 24K [0x0000000784e00000, 0x000000078a000000, 0x00000007d6f00000)
  object space 83968K, 0% used [0x0000000784e00000,0x0000000784e06000,0x000000078a000000)
 PSPermGen       total 21504K, used 5511K [0x000000077fc00000, 0x0000000781100000, 0x0000000784e00000)
  object space 21504K, 25% used [0x000000077fc00000,0x0000000780161d18,0x0000000781100000)
Event: 102.329 GC heap after
Heap after GC invocations=4 (full 0):
 PSYoungGen      total 36864K, used 960K [0x00000007d6f00000, 0x00000007d9800000, 0x0000000800000000)
  eden space 31744K, 0% used [0x00000007d6f00000,0x00000007d6f00000,0x00000007d8e00000)
  from space 5120K, 18% used [0x00000007d9300000,0x00000007d93f0000,0x00000007d9800000)
  to   space 5120K, 0% used [0x00000007d8e00000,0x00000007d8e00000,0x00000007d9300000)
 ParOldGen       total 83968K, used 32K [0x0000000784e00000, 0x000000078a000000, 0x00000007d6f00000)
  object space 83968K, 0% used [0x0000000784e00000,0x0000000784e08000,0x000000078a000000)
 PSPermGen       total 21504K, used 5511K [0x000000077fc00000, 0x0000000781100000, 0x0000000784e00000)
  object space 21504K, 25% used [0x000000077fc00000,0x0000000780161d18,0x0000000781100000)
}
Event: 129.291 GC heap before
{Heap before GC invocations=5 (full 0):
 PSYoungGen      total 36864K, used 32704K [0x00000007d6f00000, 0x00000007d9800000, 0x0000000800000000)
  eden space 31744K, 100% used [0x00000007d6f00000,0x00000007d8e00000,0x00000007d8e00000)
  from space 5120K, 18% used [0x00000007d9300000,0x00000007d93f0000,0x00000007d9800000)
  to   space 5120K, 0% used [0x00000007d8e00000,0x00000007d8e00000,0x00000007d9300000)
 ParOldGen       total 83968K, used 32K [0x0000000784e00000, 0x000000078a000000, 0x00000007d6f00000)
  object space 83968K, 0% used [0x0000000784e00000,0x0000000784e08000,0x000000078a000000)
 PSPermGen       total 21504K, used 5518K [0x000000077fc00000, 0x0000000781100000, 0x0000000784e00000)
  object space 21504K, 25% used [0x000000077fc00000,0x0000000780163820,0x0000000781100000)
Event: 129.297 GC heap after
Heap after GC invocations=5 (full 0):
 PSYoungGen      total 32256K, used 944K [0x00000007d6f00000, 0x00000007d9380000, 0x0000000800000000)
  eden space 31232K, 0% used [0x00000007d6f00000,0x00000007d6f00000,0x00000007d8d80000)
  from space 1024K, 92% used [0x00000007d8e00000,0x00000007d8eec010,0x00000007d8f00000)
  to   space 2048K, 0% used [0x00000007d9180000,0x00000007d9180000,0x00000007d9380000)
 ParOldGen       total 83968K, used 32K [0x0000000784e00000, 0x000000078a000000, 0x00000007d6f00000)
  object space 83968K, 0% used [0x0000000784e00000,0x0000000784e08000,0x000000078a000000)
 PSPermGen       total 21504K, used 5518K [0x000000077fc00000, 0x0000000781100000, 0x0000000784e00000)
  object space 21504K, 25% used [0x000000077fc00000,0x0000000780163820,0x0000000781100000)
}
Event: 157.624 GC heap before
{Heap before GC invocations=6 (full 0):
 PSYoungGen      total 32256K, used 32176K [0x00000007d6f00000, 0x00000007d9380000, 0x0000000800000000)
  eden space 31232K, 100% used [0x00000007d6f00000,0x00000007d8d80000,0x00000007d8d80000)
  from space 1024K, 92% used [0x00000007d8e00000,0x00000007d8eec010,0x00000007d8f00000)
  to   space 2048K, 0% used [0x00000007d9180000,0x00000007d9180000,0x00000007d9380000)
 ParOldGen       total 83968K, used 32K [0x0000000784e00000, 0x000000078a000000, 0x00000007d6f00000)
  object space 83968K, 0% used [0x0000000784e00000,0x0000000784e08000,0x000000078a000000)
 PSPermGen       total 21504K, used 5529K [0x000000077fc00000, 0x0000000781100000, 0x0000000784e00000)
  object space 21504K, 25% used [0x000000077fc00000,0x0000000780166740,0x0000000781100000)
Event: 157.634 GC heap after
Heap after GC invocations=6 (full 0):
 PSYoungGen      total 31744K, used 960K [0x00000007d6f00000, 0x00000007d9280000, 0x0000000800000000)
  eden space 30720K, 0% used [0x00000007d6f00000,0x00000007d6f00000,0x00000007d8d00000)
  from space 1024K, 93% used [0x00000007d9180000,0x00000007d9270020,0x00000007d9280000)
  to   space 2048K, 0% used [0x00000007d8e80000,0x00000007d8e80000,0x00000007d9080000)
 ParOldGen       total 83968K, used 40K [0x0000000784e00000, 0x000000078a000000, 0x00000007d6f00000)
  object space 83968K, 0% used [0x0000000784e00000,0x0000000784e0a000,0x000000078a000000)
 PSPermGen       total 21504K, used 5529K [0x000000077fc00000, 0x0000000781100000, 0x0000000784e00000)
  object space 21504K, 25% used [0x000000077fc00000,0x0000000780166740,0x0000000781100000)
}

Deoptimization events (10 events):
Event: 157.635 Thread 0x00007fed4806e800 Uncommon trap: reason=unstable_if action=reinterpret pc=0x00007fed4485d390 method=sun.misc.VM.addFinalRefCount(I)V @ 14
Event: 183.026 Thread 0x00007fecf0003000 Uncommon trap: reason=unstable_if action=reinterpret pc=0x00007fed4486ad18 method=java.util.Formatter$FormatSpecifier.checkNumeric()V @ 5
Event: 183.026 Thread 0x00007fecf0003000 Uncommon trap: reason=unstable_if action=reinterpret pc=0x00007fed44882480 method=sun.misc.FormattedFloatingDecimal.getChars([C)I @ 561
Event: 183.026 Thread 0x00007fecf0003000 Uncommon trap: reason=unstable_if action=reinterpret pc=0x00007fed44889598 method=java.util.Formatter$FormatSpecifier.print(Ljava/lang/StringBuilder;DLjava/util/Locale;Ljava/util/Formatter$Flags;CIZ)V @ 140
Event: 183.026 Thread 0x00007fecf0003000 Uncommon trap: reason=unstable_if action=reinterpret pc=0x00007fed4483d130 method=java.util.Formatter$FormatSpecifier.localizedMagnitude(Ljava/lang/StringBuilder;[CLjava/util/Formatter$Flags;ILjava/util/Locale;)Ljava/lang/StringBuilder; @ 284
Event: 183.026 Thread 0x00007fecf0003000 Uncommon trap: reason=unstable_if action=reinterpret pc=0x00007fed4487d24c method=java.util.Formatter$FormatSpecifier.justify(Ljava/lang/String;)Ljava/lang/String; @ 5
Event: 183.026 Thread 0x00007fecf0003000 Uncommon trap: reason=unstable_if action=reinterpret pc=0x00007fed44873438 method=java.util.Formatter$FormatSpecifier.justify(Ljava/lang/String;)Ljava/lang/String; @ 5
Event: 183.026 Thread 0x00007fecf0003000 Uncommon trap: reason=unstable_if action=reinterpret pc=0x00007fed44859fdc method=java.util.Formatter$FormatSpecifier.justify(Ljava/lang/String;)Ljava/lang/String; @ 5
Event: 183.026 Thread 0x00007fecf0003000 Uncommon trap: reason=unstable_if action=reinterpret pc=0x00007fed448491c0 method=java.util.Formatter$FormatSpecifier.addZeros([CI)[C @ 5
Event: 183.027 Thread 0x00007fecf0003000 Uncommon trap: reason=unstable_if action=reinterpret pc=0x00007fed44886be4 method=java.io.PrintStream.write(Ljava/lang/String;)V @ 43

Internal exceptions (10 events):
Event: 0.796 Thread 0x00007fece4003000 Threw 0x00000007d77b1d40 at /HUDSON/workspace/7u-2-build-linux-amd64/jdk7u80/2329/hotspot/src/share/vm/prims/jvm.cpp:1319
Event: 0.797 Thread 0x00007fece4003000 Threw 0x00000007d77b5198 at /HUDSON/workspace/7u-2-build-linux-amd64/jdk7u80/2329/hotspot/src/share/vm/prims/jvm.cpp:1319
Event: 0.797 Thread 0x00007fece4003000 Threw 0x00000007d77b9180 at /HUDSON/workspace/7u-2-build-linux-amd64/jdk7u80/2329/hotspot/src/share/vm/prims/jvm.cpp:1319
Event: 0.797 Thread 0x00007fece4003000 Threw 0x00000007d77be708 at /HUDSON/workspace/7u-2-build-linux-amd64/jdk7u80/2329/hotspot/src/share/vm/prims/jvm.cpp:1319
Event: 0.798 Thread 0x00007fece4003000 Threw 0x00000007d77c1090 at /HUDSON/workspace/7u-2-build-linux-amd64/jdk7u80/2329/hotspot/src/share/vm/prims/jvm.cpp:1319
Event: 0.799 Thread 0x00007fece4003000 Threw 0x00000007d77c3c40 at /HUDSON/workspace/7u-2-build-linux-amd64/jdk7u80/2329/hotspot/src/share/vm/prims/jvm.cpp:1319
Event: 0.884 Thread 0x00007fece4003000 Threw 0x00000007d79ccf08 at /HUDSON/workspace/7u-2-build-linux-amd64/jdk7u80/2329/hotspot/src/share/vm/prims/jvm.cpp:1319
Event: 0.885 Thread 0x00007fece4003000 Threw 0x00000007d79d2f10 at /HUDSON/workspace/7u-2-build-linux-amd64/jdk7u80/2329/hotspot/src/share/vm/prims/jvm.cpp:1319
Event: 113.544 Thread 0x00007fecf0003000 Threw 0x00000007d7c9a658 at /HUDSON/workspace/7u-2-build-linux-amd64/jdk7u80/2329/hotspot/src/share/vm/prims/jvm.cpp:1319
Event: 156.747 Thread 0x00007fed481fd000 Threw 0x00000007d85a50a0 at /HUDSON/workspace/7u-2-build-linux-amd64/jdk7u80/2329/hotspot/src/share/vm/prims/jvm.cpp:1319

Events (10 events):
Event: 183.026 Thread 0x00007fecf0003000 DEOPT UNPACKING pc=0x00007fed447ef445 sp=0x00007fed3a5e4268 mode 2
Event: 183.026 Thread 0x00007fecf0003000 Uncommon trap: trap_request=0xffffff75 fr.pc=0x00007fed44859fdc
Event: 183.026 Thread 0x00007fecf0003000 DEOPT PACKING pc=0x00007fed44859fdc sp=0x00007fed3a5e42c0
Event: 183.026 Thread 0x00007fecf0003000 DEOPT UNPACKING pc=0x00007fed447ef445 sp=0x00007fed3a5e4260 mode 2
Event: 183.026 Thread 0x00007fecf0003000 Uncommon trap: trap_request=0xffffff75 fr.pc=0x00007fed448491c0
Event: 183.026 Thread 0x00007fecf0003000 DEOPT PACKING pc=0x00007fed448491c0 sp=0x00007fed3a5e41b0
Event: 183.026 Thread 0x00007fecf0003000 DEOPT UNPACKING pc=0x00007fed447ef445 sp=0x00007fed3a5e4170 mode 2
Event: 183.027 Thread 0x00007fecf0003000 Uncommon trap: trap_request=0xffffff75 fr.pc=0x00007fed44886be4
Event: 183.027 Thread 0x00007fecf0003000 DEOPT PACKING pc=0x00007fed44886be4 sp=0x00007fed3a5e4500
Event: 183.027 Thread 0x00007fecf0003000 DEOPT UNPACKING pc=0x00007fed447ef445 sp=0x00007fed3a5e44a8 mode 2


Dynamic libraries:
00400000-00401000 r-xp 00000000 08:02 1365019                            /usr/lib/jvm/java-7-oracle/bin/java
00600000-00601000 rw-p 00000000 08:02 1365019                            /usr/lib/jvm/java-7-oracle/bin/java
02585000-025a6000 rw-p 00000000 00:00 0                                  [heap]
77fc00000-781100000 rw-p 00000000 00:00 0 
781100000-784e00000 rw-p 00000000 00:00 0 
784e00000-78a000000 rw-p 00000000 00:00 0 
78a000000-7d6f00000 rw-p 00000000 00:00 0 
7d6f00000-7d9280000 rw-p 00000000 00:00 0 
7d9280000-7d9800000 ---p 00000000 00:00 0 
7d9800000-800000000 rw-p 00000000 00:00 0 
7fecd8000000-7fecd8022000 rw-p 00000000 00:00 0 
7fecd8022000-7fecdc000000 ---p 00000000 00:00 0 
7fece0000000-7fece0022000 rw-p 00000000 00:00 0 
7fece0022000-7fece4000000 ---p 00000000 00:00 0 
7fece4000000-7fece4260000 rw-p 00000000 00:00 0 
7fece4260000-7fece8000000 ---p 00000000 00:00 0 
7fece8000000-7fece8021000 rw-p 00000000 00:00 0 
7fece8021000-7fecec000000 ---p 00000000 00:00 0 
7fecec000000-7fecec022000 rw-p 00000000 00:00 0 
7fecec022000-7fecf0000000 ---p 00000000 00:00 0 
7fecf0000000-7fecf00b0000 rw-p 00000000 00:00 0 
7fecf00b0000-7fecf4000000 ---p 00000000 00:00 0 
7fecf4000000-7fecf427e000 rw-p 00000000 00:00 0 
7fecf427e000-7fecf8000000 ---p 00000000 00:00 0 
7fecf8000000-7fecf8022000 rw-p 00000000 00:00 0 
7fecf8022000-7fecfc000000 ---p 00000000 00:00 0 
7fecfc000000-7fecfc022000 rw-p 00000000 00:00 0 
7fecfc022000-7fed00000000 ---p 00000000 00:00 0 
7fed00000000-7fed00021000 rw-p 00000000 00:00 0 
7fed00021000-7fed04000000 ---p 00000000 00:00 0 
7fed04000000-7fed04021000 rw-p 00000000 00:00 0 
7fed04021000-7fed08000000 ---p 00000000 00:00 0 
7fed08000000-7fed08a41000 rw-p 00000000 00:00 0 
7fed08a41000-7fed0c000000 ---p 00000000 00:00 0 
7fed0c000000-7fed0c021000 rw-p 00000000 00:00 0 
7fed0c021000-7fed10000000 ---p 00000000 00:00 0 
7fed10000000-7fed10021000 rw-p 00000000 00:00 0 
7fed10021000-7fed14000000 ---p 00000000 00:00 0 
7fed14000000-7fed149e1000 rw-p 00000000 00:00 0 
7fed149e1000-7fed18000000 ---p 00000000 00:00 0 
7fed18000000-7fed18021000 rw-p 00000000 00:00 0 
7fed18021000-7fed1c000000 ---p 00000000 00:00 0 
7fed1c000000-7fed1c021000 rw-p 00000000 00:00 0 
7fed1c021000-7fed20000000 ---p 00000000 00:00 0 
7fed20000000-7fed20021000 rw-p 00000000 00:00 0 
7fed20021000-7fed24000000 ---p 00000000 00:00 0 
7fed26fde000-7fed26fe1000 ---p 00000000 00:00 0 
7fed26fe1000-7fed277df000 rw-p 00000000 00:00 0                          [stack:7714]
7fed277df000-7fed277e2000 ---p 00000000 00:00 0 
7fed277e2000-7fed2c000000 rw-p 00000000 00:00 0                          [stack:7713]
7fed2c000000-7fed2c021000 rw-p 00000000 00:00 0 
7fed2c021000-7fed30000000 ---p 00000000 00:00 0 
7fed30000000-7fed30021000 rw-p 00000000 00:00 0 
7fed30021000-7fed34000000 ---p 00000000 00:00 0 
7fed34000000-7fed34021000 rw-p 00000000 00:00 0 
7fed34021000-7fed38000000 ---p 00000000 00:00 0 
7fed385e2000-7fed385e5000 ---p 00000000 00:00 0 
7fed385e5000-7fed38de3000 rw-p 00000000 00:00 0                          [stack:7712]
7fed38de3000-7fed38de6000 ---p 00000000 00:00 0 
7fed38de6000-7fed395e4000 rw-p 00000000 00:00 0                          [stack:7711]
7fed395e4000-7fed395e5000 ---p 00000000 00:00 0 
7fed395e5000-7fed39de5000 rw-p 00000000 00:00 0                          [stack:7710]
7fed39de5000-7fed39de8000 ---p 00000000 00:00 0 
7fed39de8000-7fed3a5e6000 rw-p 00000000 00:00 0                          [stack:7708]
7fed3a5e6000-7fed3a5fd000 r-xp 00000000 08:02 1318420                    /usr/lib/jvm/java-7-oracle/jre/lib/amd64/libnet.so
7fed3a5fd000-7fed3a7fc000 ---p 00017000 08:02 1318420                    /usr/lib/jvm/java-7-oracle/jre/lib/amd64/libnet.so
7fed3a7fc000-7fed3a7fd000 rw-p 00016000 08:02 1318420                    /usr/lib/jvm/java-7-oracle/jre/lib/amd64/libnet.so
7fed3a7fd000-7fed3a800000 ---p 00000000 00:00 0 
7fed3a800000-7fed3affe000 rw-p 00000000 00:00 0                          [stack:7707]
7fed3affe000-7fed3b001000 ---p 00000000 00:00 0 
7fed3b001000-7fed3b7ff000 rw-p 00000000 00:00 0                          [stack:7706]
7fed3b7ff000-7fed3b800000 ---p 00000000 00:00 0 
7fed3b800000-7fed3c000000 rw-p 00000000 00:00 0                          [stack:7705]
7fed3c000000-7fed3c021000 rw-p 00000000 00:00 0 
7fed3c021000-7fed40000000 ---p 00000000 00:00 0 
7fed40059000-7fed4005c000 ---p 00000000 00:00 0 
7fed4005c000-7fed4015a000 rw-p 00000000 00:00 0                          [stack:7709]
7fed4015a000-7fed4016a000 r-xp 00000000 08:02 1318421                    /usr/lib/jvm/java-7-oracle/jre/lib/amd64/libnio.so
7fed4016a000-7fed4036a000 ---p 00010000 08:02 1318421                    /usr/lib/jvm/java-7-oracle/jre/lib/amd64/libnio.so
7fed4036a000-7fed4036b000 rw-p 00010000 08:02 1318421                    /usr/lib/jvm/java-7-oracle/jre/lib/amd64/libnio.so
7fed4036b000-7fed40557000 rw-p 00000000 00:00 0 
7fed40557000-7fed40621000 r-xp 00000000 08:02 1859401                    /home/jazen/gams/libGAMS.so.6.3.0
7fed40621000-7fed40821000 ---p 000ca000 08:02 1859401                    /home/jazen/gams/libGAMS.so.6.3.0
7fed40821000-7fed40824000 r--p 000ca000 08:02 1859401                    /home/jazen/gams/libGAMS.so.6.3.0
7fed40824000-7fed40826000 rw-p 000cd000 08:02 1859401                    /home/jazen/gams/libGAMS.so.6.3.0
7fed40826000-7fed40a13000 r-xp 00000000 08:02 1859117                    /home/jazen/madara/libMADARA.so.6.3.0
7fed40a13000-7fed40c12000 ---p 001ed000 08:02 1859117                    /home/jazen/madara/libMADARA.so.6.3.0
7fed40c12000-7fed40c19000 r--p 001ec000 08:02 1859117                    /home/jazen/madara/libMADARA.so.6.3.0
7fed40c19000-7fed40c1c000 rw-p 001f3000 08:02 1859117                    /home/jazen/madara/libMADARA.so.6.3.0
7fed40c1c000-7fed40dab000 r-xp 00000000 08:02 1705810                    /home/jazen/ace/ACE_wrappers/ace/libACE.so.6.3.0
7fed40dab000-7fed40faa000 ---p 0018f000 08:02 1705810                    /home/jazen/ace/ACE_wrappers/ace/libACE.so.6.3.0
7fed40faa000-7fed40fbd000 r--p 0018e000 08:02 1705810                    /home/jazen/ace/ACE_wrappers/ace/libACE.so.6.3.0
7fed40fbd000-7fed40fc1000 rw-p 001a1000 08:02 1705810                    /home/jazen/ace/ACE_wrappers/ace/libACE.so.6.3.0
7fed40fc1000-7fed40fc3000 rw-p 00000000 00:00 0 
7fed40fc3000-7fed40fd9000 r-xp 00000000 08:02 5004209                    /lib/x86_64-linux-gnu/libgcc_s.so.1
7fed40fd9000-7fed411d8000 ---p 00016000 08:02 5004209                    /lib/x86_64-linux-gnu/libgcc_s.so.1
7fed411d8000-7fed411d9000 r--p 00015000 08:02 5004209                    /lib/x86_64-linux-gnu/libgcc_s.so.1
7fed411d9000-7fed411da000 rw-p 00016000 08:02 5004209                    /lib/x86_64-linux-gnu/libgcc_s.so.1
7fed411da000-7fed41347000 r-xp 00000000 08:02 1246485                    /usr/lib/x86_64-linux-gnu/libstdc++.so.6.0.21
7fed41347000-7fed41546000 ---p 0016d000 08:02 1246485                    /usr/lib/x86_64-linux-gnu/libstdc++.so.6.0.21
7fed41546000-7fed41550000 r--p 0016c000 08:02 1246485                    /usr/lib/x86_64-linux-gnu/libstdc++.so.6.0.21
7fed41550000-7fed41552000 rw-p 00176000 08:02 1246485                    /usr/lib/x86_64-linux-gnu/libstdc++.so.6.0.21
7fed41552000-7fed41556000 rw-p 00000000 00:00 0 
7fed4158b000-7fed415aa000 r-xp 00000000 08:02 1788256                    /home/jazen/v_rep/programming/remoteApiBindings/java/lib/64Bit/libremoteApiJava.so
7fed415aa000-7fed417aa000 ---p 0001f000 08:02 1788256                    /home/jazen/v_rep/programming/remoteApiBindings/java/lib/64Bit/libremoteApiJava.so
7fed417aa000-7fed417ab000 r--p 0001f000 08:02 1788256                    /home/jazen/v_rep/programming/remoteApiBindings/java/lib/64Bit/libremoteApiJava.so
7fed417ab000-7fed417ac000 rw-p 00020000 08:02 1788256                    /home/jazen/v_rep/programming/remoteApiBindings/java/lib/64Bit/libremoteApiJava.so
7fed417ac000-7fed417c1000 rw-p 00000000 00:00 0 
7fed417c1000-7fed417ea000 r--s 001da000 08:02 4244827                    /home/jazen/Documents/Research/Platypus_Software/MyForks/VREP-Boat-Simulator/VrepSimulation/lib/crwlib_core.jar
7fed417ea000-7fed417fd000 r--s 000df000 08:02 4244826                    /home/jazen/Documents/Research/Platypus_Software/MyForks/VREP-Boat-Simulator/VrepSimulation/lib/commons-math-2.2.jar
7fed417fd000-7fed417fe000 ---p 00000000 00:00 0 
7fed417fe000-7fed418fe000 rw-p 00000000 00:00 0                          [stack:7703]
7fed418fe000-7fed41901000 ---p 00000000 00:00 0 
7fed41901000-7fed419ff000 rw-p 00000000 00:00 0                          [stack:7702]
7fed419ff000-7fed41a02000 ---p 00000000 00:00 0 
7fed41a02000-7fed41b00000 rw-p 00000000 00:00 0                          [stack:7701]
7fed41b00000-7fed41b03000 ---p 00000000 00:00 0 
7fed41b03000-7fed41c01000 rw-p 00000000 00:00 0                          [stack:7700]
7fed41c01000-7fed41c04000 ---p 00000000 00:00 0 
7fed41c04000-7fed41d02000 rw-p 00000000 00:00 0                          [stack:7699]
7fed41d02000-7fed423e4000 r--p 00000000 08:02 1186808                    /usr/lib/locale/locale-archive
7fed423e4000-7fed423e7000 ---p 00000000 00:00 0 
7fed423e7000-7fed424e5000 rw-p 00000000 00:00 0                          [stack:7698]
7fed424e5000-7fed424e8000 ---p 00000000 00:00 0 
7fed424e8000-7fed425e6000 rw-p 00000000 00:00 0                          [stack:7697]
7fed425e6000-7fed425e7000 ---p 00000000 00:00 0 
7fed425e7000-7fed436e6000 rw-p 00000000 00:00 0                          [stack:7696]
7fed436e6000-7fed438a6000 r--s 039fb000 08:02 1360694                    /usr/lib/jvm/java-7-oracle/jre/lib/rt.jar
7fed438a6000-7fed43d1e000 rw-p 00000000 00:00 0 
7fed43d1e000-7fed43d1f000 ---p 00000000 00:00 0 
7fed43d1f000-7fed43e1f000 rw-p 00000000 00:00 0                          [stack:7695]
7fed43e1f000-7fed43e20000 ---p 00000000 00:00 0 
7fed43e20000-7fed43f20000 rw-p 00000000 00:00 0                          [stack:7694]
7fed43f20000-7fed43f21000 ---p 00000000 00:00 0 
7fed43f21000-7fed44021000 rw-p 00000000 00:00 0                          [stack:7693]
7fed44021000-7fed44022000 ---p 00000000 00:00 0 
7fed44022000-7fed4414b000 rw-p 00000000 00:00 0                          [stack:7692]
7fed4414b000-7fed443b3000 rw-p 00000000 00:00 0 
7fed443b3000-7fed443be000 rw-p 00000000 00:00 0 
7fed443be000-7fed443dc000 rw-p 00000000 00:00 0 
7fed443dc000-7fed44405000 rw-p 00000000 00:00 0 
7fed44405000-7fed4466c000 rw-p 00000000 00:00 0 
7fed4466c000-7fed4467f000 rw-p 00000000 00:00 0 
7fed4467f000-7fed44681000 ---p 00000000 00:00 0 
7fed44681000-7fed447b5000 rw-p 00000000 00:00 0 
7fed447b5000-7fed447b6000 rw-p 00000000 00:00 0 
7fed447b6000-7fed44a26000 rwxp 00000000 00:00 0 
7fed44a26000-7fed477b6000 rw-p 00000000 00:00 0 
7fed477b6000-7fed477cd000 r-xp 00000000 08:02 1318427                    /usr/lib/jvm/java-7-oracle/jre/lib/amd64/libzip.so
7fed477cd000-7fed479cd000 ---p 00017000 08:02 1318427                    /usr/lib/jvm/java-7-oracle/jre/lib/amd64/libzip.so
7fed479cd000-7fed479ce000 rw-p 00017000 08:02 1318427                    /usr/lib/jvm/java-7-oracle/jre/lib/amd64/libzip.so
7fed479ce000-7fed479d9000 r-xp 00000000 08:02 4980826                    /lib/x86_64-linux-gnu/libnss_files-2.19.so
7fed479d9000-7fed47bd8000 ---p 0000b000 08:02 4980826                    /lib/x86_64-linux-gnu/libnss_files-2.19.so
7fed47bd8000-7fed47bd9000 r--p 0000a000 08:02 4980826                    /lib/x86_64-linux-gnu/libnss_files-2.19.so
7fed47bd9000-7fed47bda000 rw-p 0000b000 08:02 4980826                    /lib/x86_64-linux-gnu/libnss_files-2.19.so
7fed47bda000-7fed47be5000 r-xp 00000000 08:02 4987156                    /lib/x86_64-linux-gnu/libnss_nis-2.19.so
7fed47be5000-7fed47de4000 ---p 0000b000 08:02 4987156                    /lib/x86_64-linux-gnu/libnss_nis-2.19.so
7fed47de4000-7fed47de5000 r--p 0000a000 08:02 4987156                    /lib/x86_64-linux-gnu/libnss_nis-2.19.so
7fed47de5000-7fed47de6000 rw-p 0000b000 08:02 4987156                    /lib/x86_64-linux-gnu/libnss_nis-2.19.so
7fed47de6000-7fed47dfd000 r-xp 00000000 08:02 4980835                    /lib/x86_64-linux-gnu/libnsl-2.19.so
7fed47dfd000-7fed47ffc000 ---p 00017000 08:02 4980835                    /lib/x86_64-linux-gnu/libnsl-2.19.so
7fed47ffc000-7fed47ffd000 r--p 00016000 08:02 4980835                    /lib/x86_64-linux-gnu/libnsl-2.19.so
7fed47ffd000-7fed47ffe000 rw-p 00017000 08:02 4980835                    /lib/x86_64-linux-gnu/libnsl-2.19.so
7fed47ffe000-7fed48000000 rw-p 00000000 00:00 0 
7fed48000000-7fed48203000 rw-p 00000000 00:00 0 
7fed48203000-7fed4c000000 ---p 00000000 00:00 0 
7fed4c001000-7fed4c010000 r--s 00098000 08:02 4244888                    /home/jazen/Documents/Research/Platypus_Software/MyForks/VREP-Boat-Simulator/VrepSimulation/lib/jscience-4.3.jar
7fed4c010000-7fed4c014000 r--s 0003c000 08:02 4244883                    /home/jazen/Documents/Research/Platypus_Software/MyForks/VREP-Boat-Simulator/VrepSimulation/lib/madara.jar
7fed4c014000-7fed4c0c0000 rw-p 00000000 00:00 0 
7fed4c0c0000-7fed4c0c9000 r-xp 00000000 08:02 4980834                    /lib/x86_64-linux-gnu/libnss_compat-2.19.so
7fed4c0c9000-7fed4c2c8000 ---p 00009000 08:02 4980834                    /lib/x86_64-linux-gnu/libnss_compat-2.19.so
7fed4c2c8000-7fed4c2c9000 r--p 00008000 08:02 4980834                    /lib/x86_64-linux-gnu/libnss_compat-2.19.so
7fed4c2c9000-7fed4c2ca000 rw-p 00009000 08:02 4980834                    /lib/x86_64-linux-gnu/libnss_compat-2.19.so
7fed4c2ca000-7fed4c2f3000 r-xp 00000000 08:02 1318400                    /usr/lib/jvm/java-7-oracle/jre/lib/amd64/libjava.so
7fed4c2f3000-7fed4c4f3000 ---p 00029000 08:02 1318400                    /usr/lib/jvm/java-7-oracle/jre/lib/amd64/libjava.so
7fed4c4f3000-7fed4c4f5000 rw-p 00029000 08:02 1318400                    /usr/lib/jvm/java-7-oracle/jre/lib/amd64/libjava.so
7fed4c4f5000-7fed4c502000 r-xp 00000000 08:02 1318438                    /usr/lib/jvm/java-7-oracle/jre/lib/amd64/libverify.so
7fed4c502000-7fed4c701000 ---p 0000d000 08:02 1318438                    /usr/lib/jvm/java-7-oracle/jre/lib/amd64/libverify.so
7fed4c701000-7fed4c703000 rw-p 0000c000 08:02 1318438                    /usr/lib/jvm/java-7-oracle/jre/lib/amd64/libverify.so
7fed4c703000-7fed4c70a000 r-xp 00000000 08:02 4984752                    /lib/x86_64-linux-gnu/librt-2.19.so
7fed4c70a000-7fed4c909000 ---p 00007000 08:02 4984752                    /lib/x86_64-linux-gnu/librt-2.19.so
7fed4c909000-7fed4c90a000 r--p 00006000 08:02 4984752                    /lib/x86_64-linux-gnu/librt-2.19.so
7fed4c90a000-7fed4c90b000 rw-p 00007000 08:02 4984752                    /lib/x86_64-linux-gnu/librt-2.19.so
7fed4c90b000-7fed4ca10000 r-xp 00000000 08:02 4980825                    /lib/x86_64-linux-gnu/libm-2.19.so
7fed4ca10000-7fed4cc0f000 ---p 00105000 08:02 4980825                    /lib/x86_64-linux-gnu/libm-2.19.so
7fed4cc0f000-7fed4cc10000 r--p 00104000 08:02 4980825                    /lib/x86_64-linux-gnu/libm-2.19.so
7fed4cc10000-7fed4cc11000 rw-p 00105000 08:02 4980825                    /lib/x86_64-linux-gnu/libm-2.19.so
7fed4cc11000-7fed4d787000 r-xp 00000000 08:02 1318388                    /usr/lib/jvm/java-7-oracle/jre/lib/amd64/server/libjvm.so
7fed4d787000-7fed4d986000 ---p 00b76000 08:02 1318388                    /usr/lib/jvm/java-7-oracle/jre/lib/amd64/server/libjvm.so
7fed4d986000-7fed4da4a000 rw-p 00b75000 08:02 1318388                    /usr/lib/jvm/java-7-oracle/jre/lib/amd64/server/libjvm.so
7fed4da4a000-7fed4da8b000 rw-p 00000000 00:00 0 
7fed4da8b000-7fed4dc46000 r-xp 00000000 08:02 4980840                    /lib/x86_64-linux-gnu/libc-2.19.so
7fed4dc46000-7fed4de45000 ---p 001bb000 08:02 4980840                    /lib/x86_64-linux-gnu/libc-2.19.so
7fed4de45000-7fed4de49000 r--p 001ba000 08:02 4980840                    /lib/x86_64-linux-gnu/libc-2.19.so
7fed4de49000-7fed4de4b000 rw-p 001be000 08:02 4980840                    /lib/x86_64-linux-gnu/libc-2.19.so
7fed4de4b000-7fed4de50000 rw-p 00000000 00:00 0 
7fed4de50000-7fed4de53000 r-xp 00000000 08:02 4980829                    /lib/x86_64-linux-gnu/libdl-2.19.so
7fed4de53000-7fed4e052000 ---p 00003000 08:02 4980829                    /lib/x86_64-linux-gnu/libdl-2.19.so
7fed4e052000-7fed4e053000 r--p 00002000 08:02 4980829                    /lib/x86_64-linux-gnu/libdl-2.19.so
7fed4e053000-7fed4e054000 rw-p 00003000 08:02 4980829                    /lib/x86_64-linux-gnu/libdl-2.19.so
7fed4e054000-7fed4e069000 r-xp 00000000 08:02 1364427                    /usr/lib/jvm/java-7-oracle/lib/amd64/jli/libjli.so
7fed4e069000-7fed4e268000 ---p 00015000 08:02 1364427                    /usr/lib/jvm/java-7-oracle/lib/amd64/jli/libjli.so
7fed4e268000-7fed4e269000 rw-p 00014000 08:02 1364427                    /usr/lib/jvm/java-7-oracle/lib/amd64/jli/libjli.so
7fed4e269000-7fed4e282000 r-xp 00000000 08:02 4984658                    /lib/x86_64-linux-gnu/libpthread-2.19.so
7fed4e282000-7fed4e481000 ---p 00019000 08:02 4984658                    /lib/x86_64-linux-gnu/libpthread-2.19.so
7fed4e481000-7fed4e482000 r--p 00018000 08:02 4984658                    /lib/x86_64-linux-gnu/libpthread-2.19.so
7fed4e482000-7fed4e483000 rw-p 00019000 08:02 4984658                    /lib/x86_64-linux-gnu/libpthread-2.19.so
7fed4e483000-7fed4e487000 rw-p 00000000 00:00 0 
7fed4e487000-7fed4e4aa000 r-xp 00000000 08:02 4980837                    /lib/x86_64-linux-gnu/ld-2.19.so
7fed4e4aa000-7fed4e4ad000 r--s 0001f000 08:02 4244884                    /home/jazen/Documents/Research/Platypus_Software/MyForks/VREP-Boat-Simulator/VrepSimulation/lib/gams.jar
7fed4e4ad000-7fed4e4b7000 rw-p 00000000 00:00 0 
7fed4e4b7000-7fed4e56d000 rw-p 00000000 00:00 0 
7fed4e56d000-7fed4e570000 ---p 00000000 00:00 0 
7fed4e570000-7fed4e673000 rw-p 00000000 00:00 0                          [stack:7691]
7fed4e673000-7fed4e674000 r--s 00008000 08:02 4244887                    /home/jazen/Documents/Research/Platypus_Software/MyForks/VREP-Boat-Simulator/VrepSimulation/lib/Jama-1.0.3.jar
7fed4e674000-7fed4e67f000 rw-p 00000000 00:00 0 
7fed4e67f000-7fed4e69d000 rw-p 00000000 00:00 0 
7fed4e69d000-7fed4e6a5000 rw-s 00000000 08:02 5129621                    /tmp/hsperfdata_jazen/7686
7fed4e6a5000-7fed4e6a6000 rw-p 00000000 00:00 0 
7fed4e6a6000-7fed4e6a7000 r--p 00000000 00:00 0 
7fed4e6a7000-7fed4e6a9000 rw-p 00000000 00:00 0 
7fed4e6a9000-7fed4e6aa000 r--p 00022000 08:02 4980837                    /lib/x86_64-linux-gnu/ld-2.19.so
7fed4e6aa000-7fed4e6ab000 rw-p 00023000 08:02 4980837                    /lib/x86_64-linux-gnu/ld-2.19.so
7fed4e6ab000-7fed4e6ac000 rw-p 00000000 00:00 0 
7ffc4426c000-7ffc4428e000 rw-p 00000000 00:00 0                          [stack]
7ffc44381000-7ffc44383000 r-xp 00000000 00:00 0                          [vdso]
ffffffffff600000-ffffffffff601000 r-xp 00000000 00:00 0                  [vsyscall]

VM Arguments:
jvm_args: -Dfile.encoding=UTF-8 -Djava.library.path=/home/jazen/v_rep/programming/remoteApiBindings/java/lib/64Bit:/home/jazen/ace/ACE_wrappers/ace:/home/jazen/madara:/home/jazen/gams:/home/jazen/gams/lib
 
java_command: vrepSim.vrepSimMain
Launcher Type: SUN_STANDARD

Environment Variables:
JAVA_HOME=/usr/lib/jvm/java-7-oracle
PATH=/home/jazen/ace/ACE_wrappers/bin:/home/jazen/bin:/opt/ros/indigo/bin:/home/jazen/bin:/usr/local/sbin:/usr/local/bin:/usr/sbin:/usr/bin:/sbin:/bin:/usr/games:/usr/local/games
LD_LIBRARY_PATH=/usr/lib/jvm/java-8-oracle/jre/lib/amd64:/usr/lib/jvm/java-8-oracle/jre/lib/i386:/home/jazen/ace/ACE_wrappers/lib:/home/jazen/madara/lib:/home/jazen/gams/lib:/opt/ros/indigo/lib:/opt/ros/indigo/lib/x86_64-linux-gnu
SHELL=/bin/bash
DISPLAY=:0

Signal Handlers:
SIGSEGV: [libjvm.so+0x9a3b20], sa_mask[0]=0x7ffbfeff, sa_flags=0x10000004
SIGBUS: [libjvm.so+0x9a3b20], sa_mask[0]=0x7ffbfeff, sa_flags=0x10000004
SIGFPE: [libjvm.so+0x81e740], sa_mask[0]=0x7ffbfeff, sa_flags=0x10000004
SIGPIPE: [libjvm.so+0x81e740], sa_mask[0]=0x7ffbfeff, sa_flags=0x10000004
SIGXFSZ: [libjvm.so+0x81e740], sa_mask[0]=0x7ffbfeff, sa_flags=0x10000004
SIGILL: [libjvm.so+0x81e740], sa_mask[0]=0x7ffbfeff, sa_flags=0x10000004
SIGUSR1: SIG_DFL, sa_mask[0]=0x00000000, sa_flags=0x00000000
SIGUSR2: [libjvm.so+0x81ffb0], sa_mask[0]=0x00000004, sa_flags=0x10000004
SIGHUP: [libjvm.so+0x8210d0], sa_mask[0]=0x7ffbfeff, sa_flags=0x10000004
SIGINT: SIG_IGN, sa_mask[0]=0x00000000, sa_flags=0x00000000
SIGTERM: [libjvm.so+0x8210d0], sa_mask[0]=0x7ffbfeff, sa_flags=0x10000004
SIGQUIT: [libjvm.so+0x8210d0], sa_mask[0]=0x7ffbfeff, sa_flags=0x10000004


---------------  S Y S T E M  ---------------

OS:jessie/sid

uname:Linux 3.13.0-61-generic #100-Ubuntu SMP Wed Jul 29 11:21:34 UTC 2015 x86_64
libc:glibc 2.19 NPTL 2.19 
rlimit: STACK 8192k, CORE 0k, NPROC 61293, NOFILE 4096, AS infinity
load average:3.63 2.21 1.57

/proc/meminfo:
MemTotal:        8063704 kB
MemFree:          167752 kB
Buffers:          397812 kB
Cached:          2284788 kB
SwapCached:          336 kB
Active:          5239560 kB
Inactive:        2026452 kB
Active(anon):    4364400 kB
Inactive(anon):  1152492 kB
Active(file):     875160 kB
Inactive(file):   873960 kB
Unevictable:         104 kB
Mlocked:             104 kB
SwapTotal:       8274940 kB
SwapFree:        8272368 kB
Dirty:               248 kB
Writeback:             0 kB
AnonPages:       4583288 kB
Mapped:           551000 kB
Shmem:            933484 kB
Slab:             478344 kB
SReclaimable:     431728 kB
SUnreclaim:        46616 kB
KernelStack:        5864 kB
PageTables:        51072 kB
NFS_Unstable:          0 kB
Bounce:                0 kB
WritebackTmp:          0 kB
CommitLimit:    12306792 kB
Committed_AS:   11006544 kB
VmallocTotal:   34359738367 kB
VmallocUsed:      367696 kB
VmallocChunk:   34359284192 kB
HardwareCorrupted:     0 kB
AnonHugePages:   2109440 kB
HugePages_Total:       0
HugePages_Free:        0
HugePages_Rsvd:        0
HugePages_Surp:        0
Hugepagesize:       2048 kB
DirectMap4k:      136752 kB
DirectMap2M:     8138752 kB
DirectMap1G:           0 kB


CPU:total 4 (2 cores per cpu, 2 threads per core) family 6 model 69 stepping 1, cmov, cx8, fxsr, mmx, sse, sse2, sse3, ssse3, sse4.1, sse4.2, popcnt, avx, avx2, aes, erms, ht, tsc, tscinvbit

/proc/cpuinfo:
processor	: 0
vendor_id	: GenuineIntel
cpu family	: 6
model		: 69
model name	: Intel(R) Core(TM) i5-4210U CPU @ 1.70GHz
stepping	: 1
microcode	: 0x17
cpu MHz		: 1700.000
cache size	: 3072 KB
physical id	: 0
siblings	: 4
core id		: 0
cpu cores	: 2
apicid		: 0
initial apicid	: 0
fpu		: yes
fpu_exception	: yes
cpuid level	: 13
wp		: yes
flags		: fpu vme de pse tsc msr pae mce cx8 apic sep mtrr pge mca cmov pat pse36 clflush dts acpi mmx fxsr sse sse2 ss ht tm pbe syscall nx pdpe1gb rdtscp lm constant_tsc arch_perfmon pebs bts rep_good nopl xtopology nonstop_tsc aperfmperf eagerfpu pni pclmulqdq dtes64 monitor ds_cpl vmx est tm2 ssse3 fma cx16 xtpr pdcm pcid sse4_1 sse4_2 movbe popcnt tsc_deadline_timer aes xsave avx f16c rdrand lahf_lm abm ida arat epb xsaveopt pln pts dtherm tpr_shadow vnmi flexpriority ept vpid fsgsbase tsc_adjust bmi1 avx2 smep bmi2 erms invpcid
bogomips	: 4789.14
clflush size	: 64
cache_alignment	: 64
address sizes	: 39 bits physical, 48 bits virtual
power management:

processor	: 1
vendor_id	: GenuineIntel
cpu family	: 6
model		: 69
model name	: Intel(R) Core(TM) i5-4210U CPU @ 1.70GHz
stepping	: 1
microcode	: 0x17
cpu MHz		: 1700.000
cache size	: 3072 KB
physical id	: 0
siblings	: 4
core id		: 1
cpu cores	: 2
apicid		: 2
initial apicid	: 2
fpu		: yes
fpu_exception	: yes
cpuid level	: 13
wp		: yes
flags		: fpu vme de pse tsc msr pae mce cx8 apic sep mtrr pge mca cmov pat pse36 clflush dts acpi mmx fxsr sse sse2 ss ht tm pbe syscall nx pdpe1gb rdtscp lm constant_tsc arch_perfmon pebs bts rep_good nopl xtopology nonstop_tsc aperfmperf eagerfpu pni pclmulqdq dtes64 monitor ds_cpl vmx est tm2 ssse3 fma cx16 xtpr pdcm pcid sse4_1 sse4_2 movbe popcnt tsc_deadline_timer aes xsave avx f16c rdrand lahf_lm abm ida arat epb xsaveopt pln pts dtherm tpr_shadow vnmi flexpriority ept vpid fsgsbase tsc_adjust bmi1 avx2 smep bmi2 erms invpcid
bogomips	: 4789.14
clflush size	: 64
cache_alignment	: 64
address sizes	: 39 bits physical, 48 bits virtual
power management:

processor	: 2
vendor_id	: GenuineIntel
cpu family	: 6
model		: 69
model name	: Intel(R) Core(TM) i5-4210U CPU @ 1.70GHz
stepping	: 1
microcode	: 0x17
cpu MHz		: 1700.000
cache size	: 3072 KB
physical id	: 0
siblings	: 4
core id		: 0
cpu cores	: 2
apicid		: 1
initial apicid	: 1
fpu		: yes
fpu_exception	: yes
cpuid level	: 13
wp		: yes
flags		: fpu vme de pse tsc msr pae mce cx8 apic sep mtrr pge mca cmov pat pse36 clflush dts acpi mmx fxsr sse sse2 ss ht tm pbe syscall nx pdpe1gb rdtscp lm constant_tsc arch_perfmon pebs bts rep_good nopl xtopology nonstop_tsc aperfmperf eagerfpu pni pclmulqdq dtes64 monitor ds_cpl vmx est tm2 ssse3 fma cx16 xtpr pdcm pcid sse4_1 sse4_2 movbe popcnt tsc_deadline_timer aes xsave avx f16c rdrand lahf_lm abm ida arat epb xsaveopt pln pts dtherm tpr_shadow vnmi flexpriority ept vpid fsgsbase tsc_adjust bmi1 avx2 smep bmi2 erms invpcid
bogomips	: 4789.14
clflush size	: 64
cache_alignment	: 64
address sizes	: 39 bits physical, 48 bits virtual
power management:

processor	: 3
vendor_id	: GenuineIntel
cpu family	: 6
model		: 69
model name	: Intel(R) Core(TM) i5-4210U CPU @ 1.70GHz
stepping	: 1
microcode	: 0x17
cpu MHz		: 1700.000
cache size	: 3072 KB
physical id	: 0
siblings	: 4
core id		: 1
cpu cores	: 2
apicid		: 3
initial apicid	: 3
fpu		: yes
fpu_exception	: yes
cpuid level	: 13
wp		: yes
flags		: fpu vme de pse tsc msr pae mce cx8 apic sep mtrr pge mca cmov pat pse36 clflush dts acpi mmx fxsr sse sse2 ss ht tm pbe syscall nx pdpe1gb rdtscp lm constant_tsc arch_perfmon pebs bts rep_good nopl xtopology nonstop_tsc aperfmperf eagerfpu pni pclmulqdq dtes64 monitor ds_cpl vmx est tm2 ssse3 fma cx16 xtpr pdcm pcid sse4_1 sse4_2 movbe popcnt tsc_deadline_timer aes xsave avx f16c rdrand lahf_lm abm ida arat epb xsaveopt pln pts dtherm tpr_shadow vnmi flexpriority ept vpid fsgsbase tsc_adjust bmi1 avx2 smep bmi2 erms invpcid
bogomips	: 4789.14
clflush size	: 64
cache_alignment	: 64
address sizes	: 39 bits physical, 48 bits virtual
power management:



Memory: 4k page, physical 8063704k(167752k free), swap 8274940k(8272368k free)

vm_info: Java HotSpot(TM) 64-Bit Server VM (24.80-b11) for linux-amd64 JRE (1.7.0_80-b15), built on Apr 10 2015 19:53:14 by "java_re" with gcc 4.3.0 20080428 (Red Hat 4.3.0-8)

time: Tue Aug 18 12:30:51 2015
elapsed time: 183 seconds

